                        i    after_glass(i)                        after_hirata(i)
 TESTING TRANPOSE TYPE 3412
 ===================
 The compilation flags were:
 -O3
 ===================
 Hirata Reference =  0.13600799999999999 seconds
 KGlass Reference =  5.60039999999999982E-2 seconds
     Algorithm        Jeff        Speedup     Best      Best Speedup
     1 Loop 4321      0.11201     1.21428     0.11201     1.21428
     2 Loop 4312      0.11601     1.17241     0.11201     1.21428
     3 Loop 4231      0.12401     1.09678     0.11201     1.21428
     4 Loop 4132      0.11601     1.17241     0.11201     1.21428
     5 Loop 4213      0.12401     1.09677     0.11201     1.21428
     6 Loop 4123      0.10801     1.25925     0.10801     1.25925
     7 Loop 3421      0.05600     2.42854     0.05600     2.42854
     8 Loop 3412      0.05200     2.61539     0.05200     2.61539
     9 Loop 2431      0.12401     1.09677     0.05200     2.61539
    10 Loop 1432      0.05600     2.42854     0.05200     2.61539
    11 Loop 2413      0.12401     1.09677     0.05200     2.61539
    12 Loop 1423      0.04800     2.83332     0.04800     2.83332
    13 Loop 3241      0.04800     2.83332     0.04800     2.83332
    14 Loop 3142      0.04000     3.39995     0.04000     3.39995
    15 Loop 2341      0.10801     1.25925     0.04000     3.39995
    16 Loop 1342      0.04800     2.83332     0.04000     3.39995
    17 Loop 2143      0.12401     1.09677     0.04000     3.39995
    18 Loop 1243      0.05600     2.42854     0.04000     3.39995
    19 Loop 3214      0.05600     2.42858     0.04000     3.39995
    20 Loop 3124      0.04400     3.09095     0.04000     3.39995
    21 Loop 2314      0.11601     1.17241     0.04000     3.39995
    22 Loop 1324      0.04000     3.39995     0.04000     3.39995
    23 Loop 2134      0.11201     1.21428     0.04000     3.39995
    24 Loop 1234      0.05200     2.61539     0.04000     3.39995
        The best loop order is:        1324
              The best time is:     0.04000
           The best speedup is:     3.39995
Application 11715117 resources: utime ~2s, stime ~0s
                        i    after_glass(i)                        after_hirata(i)
 TESTING TRANPOSE TYPE 4321
 ===================
 The compilation flags were:
 -O3
 ===================
 Hirata Reference =  0.148009 seconds
 KGlass Reference =  0.11600699999999997 seconds
     Algorithm        Jeff        Speedup     Best      Best Speedup
     1 Loop 4321      0.11601     1.27585     0.11601     1.27585
     2 Loop 4312      0.11601     1.27586     0.11601     1.27586
     3 Loop 4231      0.11601     1.27586     0.11601     1.27586
     4 Loop 4132      0.14401     1.02778     0.11601     1.27586
     5 Loop 4213      0.11201     1.32143     0.11201     1.32143
     6 Loop 4123      0.14001     1.05714     0.11201     1.32143
     7 Loop 3421      0.06400     2.31250     0.06400     2.31250
     8 Loop 3412      0.05600     2.64283     0.05600     2.64283
     9 Loop 2431      0.05200     2.84616     0.05200     2.84616
    10 Loop 1432      0.14001     1.05714     0.05200     2.84616
    11 Loop 2413      0.04400     3.36361     0.04400     3.36361
    12 Loop 1423      0.14001     1.05714     0.04400     3.36361
    13 Loop 3241      0.04000     3.69995     0.04000     3.69995
    14 Loop 3142      0.04800     3.08333     0.04000     3.69995
    15 Loop 2341      0.05200     2.84616     0.04000     3.69995
    16 Loop 1342      0.09601     1.54166     0.04000     3.69995
    17 Loop 2143      0.05600     2.64283     0.04000     3.69995
    18 Loop 1243      0.09601     1.54166     0.04000     3.69995
    19 Loop 3214      0.04400     3.36361     0.04000     3.69995
    20 Loop 3124      0.04800     3.08333     0.04000     3.69995
    21 Loop 2314      0.04000     3.70004     0.04000     3.70004
    22 Loop 1324      0.10401     1.42307     0.04000     3.70004
    23 Loop 2134      0.05200     2.84616     0.04000     3.70004
    24 Loop 1234      0.10401     1.42308     0.04000     3.70004
        The best loop order is:        2314
              The best time is:     0.04000
           The best speedup is:     3.70004
Application 11715118 resources: utime ~3s, stime ~0s
 TESTING TRANPOSE TYPE 4312
 ===================
 The compilation flags were:
 -O3
 ===================
 Hirata Reference =  0.14000799999999999 seconds
     Algorithm        Jeff        Speedup     Best      Best Speedup
     1 Loop 4321      0.11601     1.20689     0.11601     1.20689
     2 Loop 4312      0.12001     1.16666     0.11601     1.20689
     3 Loop 4231      0.14001     0.99999     0.11601     1.20689
     4 Loop 4132      0.12401     1.12902     0.11601     1.20689
     5 Loop 4213      0.14401     0.97222     0.11601     1.20689
     6 Loop 4123      0.11601     1.20689     0.11601     1.20689
     7 Loop 3421      0.05600     2.49996     0.05600     2.49996
     8 Loop 3412      0.05600     2.50001     0.05600     2.50001
     9 Loop 2431      0.12401     1.12903     0.05600     2.50001
    10 Loop 1432      0.06000     2.33335     0.05600     2.50001
    11 Loop 2413      0.12001     1.16667     0.05600     2.50001
    12 Loop 1423      0.04800     2.91665     0.04800     2.91665
    13 Loop 3241      0.04400     3.18186     0.04400     3.18186
    14 Loop 3142      0.04000     3.50002     0.04000     3.50002
    15 Loop 2341      0.10001     1.39998     0.04000     3.50002
    16 Loop 1342      0.05200     2.69231     0.04000     3.50002
    17 Loop 2143      0.10001     1.40000     0.04000     3.50002
    18 Loop 1243      0.05600     2.49996     0.04000     3.50002
    19 Loop 3214      0.04800     2.91665     0.04000     3.50002
    20 Loop 3124      0.04800     2.91665     0.04000     3.50002
    21 Loop 2314      0.10001     1.39998     0.04000     3.50002
    22 Loop 1324      0.04400     3.18178     0.04000     3.50002
    23 Loop 2134      0.12001     1.16667     0.04000     3.50002
    24 Loop 1234      0.05600     2.49996     0.04000     3.50002
        The best loop order is:        3142
              The best time is:     0.04000
           The best speedup is:     3.50002
Application 11715119 resources: utime ~2s, stime ~0s
                        i    after_glass(i)                        after_hirata(i)
 TESTING TRANPOSE TYPE 4231
 ===================
 The compilation flags were:
 -O3
 ===================
 Hirata Reference =  0.144009 seconds
 KGlass Reference =  0.12000699999999997 seconds
     Algorithm        Jeff        Speedup     Best      Best Speedup
     1 Loop 4321      0.12001     1.20000     0.12001     1.20000
     2 Loop 4312      0.11601     1.24138     0.11601     1.24138
     3 Loop 4231      0.11201     1.28571     0.11201     1.28571
     4 Loop 4132      0.14401     1.00000     0.11201     1.28571
     5 Loop 4213      0.11601     1.24138     0.11201     1.28571
     6 Loop 4123      0.14401     1.00000     0.11201     1.28571
     7 Loop 3421      0.07200     2.00001     0.07200     2.00001
     8 Loop 3412      0.06801     2.11762     0.06801     2.11762
     9 Loop 2431      0.04000     3.60004     0.04000     3.60004
    10 Loop 1432      0.14001     1.02857     0.04000     3.60004
    11 Loop 2413      0.04400     3.27271     0.04000     3.60004
    12 Loop 1423      0.14001     1.02857     0.04000     3.60004
    13 Loop 3241      0.05200     2.76924     0.04000     3.60004
    14 Loop 3142      0.06400     2.25000     0.04000     3.60004
    15 Loop 2341      0.03600     4.00003     0.03600     4.00003
    16 Loop 1342      0.10001     1.43999     0.03600     4.00003
    17 Loop 2143      0.04400     3.27271     0.03600     4.00003
    18 Loop 1243      0.09601     1.50000     0.03600     4.00003
    19 Loop 3214      0.05200     2.76924     0.03600     4.00003
    20 Loop 3124      0.07200     2.00001     0.03600     4.00003
    21 Loop 2314      0.04000     3.59996     0.03600     4.00003
    22 Loop 1324      0.12001     1.20000     0.03600     4.00003
    23 Loop 2134      0.03600     4.00003     0.03600     4.00003
    24 Loop 1234      0.08801     1.63635     0.03600     4.00003
        The best loop order is:        2134
              The best time is:     0.03600
           The best speedup is:     4.00003
Application 11715120 resources: utime ~3s, stime ~0s
 TESTING TRANPOSE TYPE 4132
 ===================
 The compilation flags were:
 -O3
 ===================
 Hirata Reference =  0.13600799999999999 seconds
     Algorithm        Jeff        Speedup     Best      Best Speedup
     1 Loop 4321      0.11201     1.21428     0.11201     1.21428
     2 Loop 4312      0.12401     1.09678     0.11201     1.21428
     3 Loop 4231      0.14401     0.94444     0.11201     1.21428
     4 Loop 4132      0.12001     1.13333     0.11201     1.21428
     5 Loop 4213      0.14801     0.91892     0.11201     1.21428
     6 Loop 4123      0.11601     1.17241     0.11201     1.21428
     7 Loop 3421      0.06400     2.12499     0.06400     2.12499
     8 Loop 3412      0.07600     1.78946     0.06400     2.12499
     9 Loop 2431      0.12801     1.06250     0.06400     2.12499
    10 Loop 1432      0.04400     3.09088     0.04400     3.09088
    11 Loop 2413      0.12801     1.06250     0.04400     3.09088
    12 Loop 1423      0.04400     3.09088     0.04400     3.09088
    13 Loop 3241      0.06400     2.12499     0.04400     3.09088
    14 Loop 3142      0.05600     2.42854     0.04400     3.09088
    15 Loop 2341      0.10001     1.36000     0.04400     3.09088
    16 Loop 1342      0.04000     3.39995     0.04000     3.39995
    17 Loop 2143      0.10001     1.36000     0.04000     3.39995
    18 Loop 1243      0.04400     3.09088     0.04000     3.39995
    19 Loop 3214      0.07601     1.78946     0.04000     3.39995
    20 Loop 3124      0.05200     2.61539     0.04000     3.39995
    21 Loop 2314      0.12001     1.13332     0.04000     3.39995
    22 Loop 1324      0.04000     3.39995     0.04000     3.39995
    23 Loop 2134      0.10001     1.36000     0.04000     3.39995
    24 Loop 1234      0.04000     3.39995     0.04000     3.39995
        The best loop order is:        1234
              The best time is:     0.04000
           The best speedup is:     3.39995
Application 11715122 resources: utime ~2s, stime ~0s
 TESTING TRANPOSE TYPE 4213
 ===================
 The compilation flags were:
 -O3
 ===================
 Hirata Reference =  0.148009 seconds
     Algorithm        Jeff        Speedup     Best      Best Speedup
     1 Loop 4321      0.14001     1.05714     0.14001     1.05714
     2 Loop 4312      0.14401     1.02778     0.14001     1.05714
     3 Loop 4231      0.11601     1.27586     0.11601     1.27586
     4 Loop 4132      0.11201     1.32143     0.11201     1.32143
     5 Loop 4213      0.11601     1.27586     0.11201     1.32143
     6 Loop 4123      0.11601     1.27586     0.11201     1.32143
     7 Loop 3421      0.14401     1.02778     0.11201     1.32143
     8 Loop 3412      0.14401     1.02778     0.11201     1.32143
     9 Loop 2431      0.04400     3.36361     0.04400     3.36361
    10 Loop 1432      0.04800     3.08333     0.04400     3.36361
    11 Loop 2413      0.04000     3.69995     0.04000     3.69995
    12 Loop 1423      0.06000     2.46665     0.04000     3.69995
    13 Loop 3241      0.10801     1.37036     0.04000     3.69995
    14 Loop 3142      0.11601     1.27586     0.04000     3.69995
    15 Loop 2341      0.04800     3.08333     0.04000     3.69995
    16 Loop 1342      0.05600     2.64283     0.04000     3.69995
    17 Loop 2143      0.04000     3.70004     0.04000     3.70004
    18 Loop 1243      0.05200     2.84611     0.04000     3.70004
    19 Loop 3214      0.16801     0.88095     0.04000     3.70004
    20 Loop 3124      0.17601     0.84091     0.04000     3.70004
    21 Loop 2314      0.04000     3.70004     0.04000     3.70004
    22 Loop 1324      0.06000     2.46665     0.04000     3.70004
    23 Loop 2134      0.03600     4.11113     0.03600     4.11113
    24 Loop 1234      0.04400     3.36361     0.03600     4.11113
        The best loop order is:        2134
              The best time is:     0.03600
           The best speedup is:     4.11113
Application 11715124 resources: utime ~3s, stime ~0s
 TESTING TRANPOSE TYPE 4123
 ===================
 The compilation flags were:
 -O3
 ===================
 Hirata Reference =  0.148009 seconds
     Algorithm        Jeff        Speedup     Best      Best Speedup
     1 Loop 4321      0.14001     1.05714     0.14001     1.05714
     2 Loop 4312      0.14401     1.02778     0.14001     1.05714
     3 Loop 4231      0.11201     1.32143     0.11201     1.32143
     4 Loop 4132      0.11201     1.32143     0.11201     1.32143
     5 Loop 4213      0.11601     1.27586     0.11201     1.32143
     6 Loop 4123      0.11201     1.32143     0.11201     1.32143
     7 Loop 3421      0.14401     1.02778     0.11201     1.32143
     8 Loop 3412      0.14401     1.02778     0.11201     1.32143
     9 Loop 2431      0.04800     3.08333     0.04800     3.08333
    10 Loop 1432      0.04400     3.36361     0.04400     3.36361
    11 Loop 2413      0.05200     2.84616     0.04400     3.36361
    12 Loop 1423      0.04000     3.69995     0.04000     3.69995
    13 Loop 3241      0.11601     1.27586     0.04000     3.69995
    14 Loop 3142      0.10801     1.37038     0.04000     3.69995
    15 Loop 2341      0.05600     2.64288     0.04000     3.69995
    16 Loop 1342      0.04800     3.08333     0.04000     3.69995
    17 Loop 2143      0.05200     2.84616     0.04000     3.69995
    18 Loop 1243      0.04000     3.69995     0.04000     3.69995
    19 Loop 3214      0.17601     0.84091     0.04000     3.69995
    20 Loop 3124      0.17201     0.86046     0.04000     3.69995
    21 Loop 2314      0.06000     2.46665     0.04000     3.69995
    22 Loop 1324      0.04000     3.70004     0.04000     3.70004
    23 Loop 2134      0.03600     4.11113     0.03600     4.11113
    24 Loop 1234      0.03600     4.11113     0.03600     4.11113
        The best loop order is:        1234
              The best time is:     0.03600
           The best speedup is:     4.11113
Application 11715126 resources: utime ~3s, stime ~0s
 TESTING TRANPOSE TYPE 3421
 ===================
 The compilation flags were:
 -O3
 ===================
 Hirata Reference =  0.144009 seconds
     Algorithm        Jeff        Speedup     Best      Best Speedup
     1 Loop 4321      0.11601     1.24138     0.11601     1.24138
     2 Loop 4312      0.11201     1.28571     0.11201     1.28571
     3 Loop 4231      0.11601     1.24138     0.11201     1.28571
     4 Loop 4132      0.13201     1.09091     0.11201     1.28571
     5 Loop 4213      0.11201     1.28571     0.11201     1.28571
     6 Loop 4123      0.13201     1.09091     0.11201     1.28571
     7 Loop 3421      0.05200     2.76919     0.05200     2.76919
     8 Loop 3412      0.05200     2.76924     0.05200     2.76924
     9 Loop 2431      0.05200     2.76919     0.05200     2.76924
    10 Loop 1432      0.14001     1.02857     0.05200     2.76924
    11 Loop 2413      0.04800     3.00000     0.04800     3.00000
    12 Loop 1423      0.14001     1.02857     0.04800     3.00000
    13 Loop 3241      0.04000     3.59996     0.04000     3.59996
    14 Loop 3142      0.04800     3.00000     0.04000     3.59996
    15 Loop 2341      0.04800     3.00000     0.04000     3.59996
    16 Loop 1342      0.11201     1.28571     0.04000     3.59996
    17 Loop 2143      0.06000     2.39999     0.04000     3.59996
    18 Loop 1243      0.12401     1.16129     0.04000     3.59996
    19 Loop 3214      0.04800     3.00000     0.04000     3.59996
    20 Loop 3124      0.05600     2.57145     0.04000     3.59996
    21 Loop 2314      0.04000     3.60004     0.04000     3.60004
    22 Loop 1324      0.11601     1.24137     0.04000     3.60004
    23 Loop 2134      0.05200     2.76924     0.04000     3.60004
    24 Loop 1234      0.09601     1.50000     0.04000     3.60004
        The best loop order is:        2314
              The best time is:     0.04000
           The best speedup is:     3.60004
Application 11715127 resources: utime ~2s, stime ~0s
 TESTING TRANPOSE TYPE 2431
 ===================
 The compilation flags were:
 -O3
 ===================
 Hirata Reference =  0.144009 seconds
     Algorithm        Jeff        Speedup     Best      Best Speedup
     1 Loop 4321      0.11601     1.24138     0.11601     1.24138
     2 Loop 4312      0.11201     1.28571     0.11201     1.28571
     3 Loop 4231      0.11601     1.24137     0.11201     1.28571
     4 Loop 4132      0.12801     1.12500     0.11201     1.28571
     5 Loop 4213      0.11201     1.28571     0.11201     1.28571
     6 Loop 4123      0.12801     1.12500     0.11201     1.28571
     7 Loop 3421      0.07200     1.99999     0.07200     1.99999
     8 Loop 3412      0.06800     2.11765     0.06800     2.11765
     9 Loop 2431      0.04000     3.59996     0.04000     3.59996
    10 Loop 1432      0.14401     1.00000     0.04000     3.59996
    11 Loop 2413      0.04000     3.59996     0.04000     3.59996
    12 Loop 1423      0.14801     0.97297     0.04000     3.59996
    13 Loop 3241      0.05600     2.57141     0.04000     3.59996
    14 Loop 3142      0.06800     2.11765     0.04000     3.59996
    15 Loop 2341      0.04000     3.59996     0.04000     3.59996
    16 Loop 1342      0.13601     1.05883     0.04000     3.59996
    17 Loop 2143      0.04800     3.00000     0.04000     3.59996
    18 Loop 1243      0.10801     1.33334     0.04000     3.59996
    19 Loop 3214      0.04800     3.00000     0.04000     3.59996
    20 Loop 3124      0.07200     2.00001     0.04000     3.59996
    21 Loop 2314      0.03600     4.00003     0.03600     4.00003
    22 Loop 1324      0.12401     1.16129     0.03600     4.00003
    23 Loop 2134      0.04000     3.59996     0.03600     4.00003
    24 Loop 1234      0.10001     1.44000     0.03600     4.00003
        The best loop order is:        2314
              The best time is:     0.03600
           The best speedup is:     4.00003
Application 11715128 resources: utime ~2s, stime ~0s
 TESTING TRANPOSE TYPE 1432
 ===================
 The compilation flags were:
 -O3
 ===================
 Hirata Reference =  0.13600799999999999 seconds
     Algorithm        Jeff        Speedup     Best      Best Speedup
     1 Loop 4321      0.11601     1.17241     0.11601     1.17241
     2 Loop 4312      0.12001     1.13332     0.11601     1.17241
     3 Loop 4231      0.12401     1.09677     0.11601     1.17241
     4 Loop 4132      0.11601     1.17241     0.11601     1.17241
     5 Loop 4213      0.12401     1.09677     0.11601     1.17241
     6 Loop 4123      0.11201     1.21428     0.11201     1.21428
     7 Loop 3421      0.06800     2.00000     0.06800     2.00000
     8 Loop 3412      0.07200     1.88887     0.06800     2.00000
     9 Loop 2431      0.12801     1.06250     0.06800     2.00000
    10 Loop 1432      0.04000     3.40003     0.04000     3.40003
    11 Loop 2413      0.12801     1.06250     0.04000     3.40003
    12 Loop 1423      0.04800     2.83332     0.04000     3.40003
    13 Loop 3241      0.07200     1.88890     0.04000     3.40003
    14 Loop 3142      0.05600     2.42854     0.04000     3.40003
    15 Loop 2341      0.12801     1.06250     0.04000     3.40003
    16 Loop 1342      0.03600     3.77779     0.03600     3.77779
    17 Loop 2143      0.10001     1.35998     0.03600     3.77779
    18 Loop 1243      0.04800     2.83332     0.03600     3.77779
    19 Loop 3214      0.07200     1.88890     0.03600     3.77779
    20 Loop 3124      0.05200     2.61539     0.03600     3.77779
    21 Loop 2314      0.11601     1.17241     0.03600     3.77779
    22 Loop 1324      0.04000     3.39995     0.03600     3.77779
    23 Loop 2134      0.10001     1.36000     0.03600     3.77779
    24 Loop 1234      0.04400     3.09095     0.03600     3.77779
        The best loop order is:        1342
              The best time is:     0.03600
           The best speedup is:     3.77779
Application 11715129 resources: utime ~2s, stime ~0s
                        i    after_glass(i)                        after_hirata(i)
 TESTING TRANPOSE TYPE 2413
 ===================
 The compilation flags were:
 -O3
 ===================
 Hirata Reference =  0.15200900000000001 seconds
 KGlass Reference =  3.60019999999999785E-2 seconds
     Algorithm        Jeff        Speedup     Best      Best Speedup
     1 Loop 4321      0.13601     1.11765     0.13601     1.11765
     2 Loop 4312      0.13201     1.15150     0.13201     1.15150
     3 Loop 4231      0.11201     1.35714     0.11201     1.35714
     4 Loop 4132      0.11201     1.35714     0.11201     1.35714
     5 Loop 4213      0.11201     1.35714     0.11201     1.35714
     6 Loop 4123      0.12001     1.26667     0.11201     1.35714
     7 Loop 3421      0.15601     0.97435     0.11201     1.35714
     8 Loop 3412      0.15201     0.99999     0.11201     1.35714
     9 Loop 2431      0.04000     3.80003     0.04000     3.80003
    10 Loop 1432      0.04800     3.16666     0.04000     3.80003
    11 Loop 2413      0.04000     3.80003     0.04000     3.80003
    12 Loop 1423      0.06000     2.53331     0.04000     3.80003
    13 Loop 3241      0.11601     1.31033     0.04000     3.80003
    14 Loop 3142      0.13201     1.15151     0.04000     3.80003
    15 Loop 2341      0.04400     3.45451     0.04000     3.80003
    16 Loop 1342      0.05600     2.71425     0.04000     3.80003
    17 Loop 2143      0.03600     4.22224     0.03600     4.22224
    18 Loop 1243      0.04800     3.16666     0.03600     4.22224
    19 Loop 3214      0.16401     0.92683     0.03600     4.22224
    20 Loop 3124      0.16401     0.92682     0.03600     4.22224
    21 Loop 2314      0.04400     3.45451     0.03600     4.22224
    22 Loop 1324      0.06000     2.53331     0.03600     4.22224
    23 Loop 2134      0.03200     4.74998     0.03200     4.74998
    24 Loop 1234      0.04000     3.79994     0.03200     4.74998
        The best loop order is:        2134
              The best time is:     0.03200
           The best speedup is:     4.74998
Application 11715130 resources: utime ~3s, stime ~0s
 TESTING TRANPOSE TYPE 1423
 ===================
 The compilation flags were:
 -O3
 ===================
 Hirata Reference =  0.148009 seconds
     Algorithm        Jeff        Speedup     Best      Best Speedup
     1 Loop 4321      0.13201     1.12121     0.13201     1.12121
     2 Loop 4312      0.13201     1.12121     0.13201     1.12121
     3 Loop 4231      0.11201     1.32143     0.11201     1.32143
     4 Loop 4132      0.11201     1.32143     0.11201     1.32143
     5 Loop 4213      0.11601     1.27586     0.11201     1.32143
     6 Loop 4123      0.11601     1.27586     0.11201     1.32143
     7 Loop 3421      0.15201     0.97369     0.11201     1.32143
     8 Loop 3412      0.15601     0.94871     0.11201     1.32143
     9 Loop 2431      0.04800     3.08333     0.04800     3.08333
    10 Loop 1432      0.04400     3.36369     0.04400     3.36369
    11 Loop 2413      0.05200     2.84616     0.04400     3.36369
    12 Loop 1423      0.03600     4.11113     0.03600     4.11113
    13 Loop 3241      0.13601     1.08824     0.03600     4.11113
    14 Loop 3142      0.10801     1.37036     0.03600     4.11113
    15 Loop 2341      0.05600     2.64283     0.03600     4.11113
    16 Loop 1342      0.04400     3.36361     0.03600     4.11113
    17 Loop 2143      0.05200     2.84616     0.03600     4.11113
    18 Loop 1243      0.04000     3.69995     0.03600     4.11113
    19 Loop 3214      0.16401     0.90244     0.03600     4.11113
    20 Loop 3124      0.15201     0.97369     0.03600     4.11113
    21 Loop 2314      0.06000     2.46665     0.03600     4.11113
    22 Loop 1324      0.04400     3.36361     0.03600     4.11113
    23 Loop 2134      0.03600     4.11113     0.03600     4.11113
    24 Loop 1234      0.03600     4.11113     0.03600     4.11113
        The best loop order is:        1423
              The best time is:     0.03600
           The best speedup is:     4.11113
Application 11715132 resources: utime ~3s, stime ~0s
 TESTING TRANPOSE TYPE 3241
 ===================
 The compilation flags were:
 -O3
 ===================
 Hirata Reference =  0.15200900000000001 seconds
     Algorithm        Jeff        Speedup     Best      Best Speedup
     1 Loop 4321      0.16801     0.90476     0.16801     0.90476
     2 Loop 4312      0.12401     1.22580     0.12401     1.22580
     3 Loop 4231      0.16801     0.90476     0.12401     1.22580
     4 Loop 4132      0.15201     1.00000     0.12401     1.22580
     5 Loop 4213      0.12401     1.22580     0.12401     1.22580
     6 Loop 4123      0.15201     0.99999     0.12401     1.22580
     7 Loop 3421      0.06000     2.53331     0.06000     2.53331
     8 Loop 3412      0.05600     2.71430     0.05600     2.71430
     9 Loop 2431      0.04000     3.80003     0.04000     3.80003
    10 Loop 1432      0.14401     1.05555     0.04000     3.80003
    11 Loop 2413      0.04400     3.45451     0.04000     3.80003
    12 Loop 1423      0.16001     0.95000     0.04000     3.80003
    13 Loop 3241      0.04000     3.79994     0.04000     3.80003
    14 Loop 3142      0.04800     3.16666     0.04000     3.80003
    15 Loop 2341      0.04000     3.79994     0.04000     3.80003
    16 Loop 1342      0.09601     1.58333     0.04000     3.80003
    17 Loop 2143      0.04400     3.45451     0.04000     3.80003
    18 Loop 1243      0.09601     1.58333     0.04000     3.80003
    19 Loop 3214      0.04400     3.45459     0.04000     3.80003
    20 Loop 3124      0.05600     2.71430     0.04000     3.80003
    21 Loop 2314      0.04000     3.79994     0.04000     3.80003
    22 Loop 1324      0.11201     1.35714     0.04000     3.80003
    23 Loop 2134      0.03600     4.22224     0.03600     4.22224
    24 Loop 1234      0.08400     1.80952     0.03600     4.22224
        The best loop order is:        2134
              The best time is:     0.03600
           The best speedup is:     4.22224
Application 11715137 resources: utime ~3s, stime ~0s
                        i    after_glass(i)                        after_hirata(i)
 TESTING TRANPOSE TYPE 3142
 ===================
 The compilation flags were:
 -O3
 ===================
 Hirata Reference =  0.13600799999999999 seconds
 KGlass Reference =  3.60020000000000062E-2 seconds
     Algorithm        Jeff        Speedup     Best      Best Speedup
     1 Loop 4321      0.12401     1.09677     0.12401     1.09677
     2 Loop 4312      0.16801     0.80952     0.12401     1.09677
     3 Loop 4231      0.15201     0.89473     0.12401     1.09677
     4 Loop 4132      0.16801     0.80952     0.12401     1.09677
     5 Loop 4213      0.16001     0.85000     0.12401     1.09677
     6 Loop 4123      0.12001     1.13333     0.12001     1.13333
     7 Loop 3421      0.05600     2.42854     0.05600     2.42854
     8 Loop 3412      0.06000     2.26665     0.05600     2.42854
     9 Loop 2431      0.12801     1.06250     0.05600     2.42854
    10 Loop 1432      0.04400     3.09088     0.04400     3.09088
    11 Loop 2413      0.15201     0.89473     0.04400     3.09088
    12 Loop 1423      0.04400     3.09088     0.04400     3.09088
    13 Loop 3241      0.04800     2.83332     0.04400     3.09088
    14 Loop 3142      0.04000     3.39995     0.04000     3.39995
    15 Loop 2341      0.09601     1.41666     0.04000     3.39995
    16 Loop 1342      0.04000     3.39995     0.04000     3.39995
    17 Loop 2143      0.09601     1.41666     0.04000     3.39995
    18 Loop 1243      0.04400     3.09088     0.04000     3.39995
    19 Loop 3214      0.05600     2.42858     0.04000     3.39995
    20 Loop 3124      0.04800     2.83332     0.04000     3.39995
    21 Loop 2314      0.10801     1.25926     0.04000     3.39995
    22 Loop 1324      0.03600     3.77779     0.03600     3.77779
    23 Loop 2134      0.10001     1.36000     0.03600     3.77779
    24 Loop 1234      0.04000     3.39995     0.03600     3.77779
        The best loop order is:        1324
              The best time is:     0.03600
           The best speedup is:     3.77779
Application 11715143 resources: utime ~3s, stime ~0s
 TESTING TRANPOSE TYPE 2341
 ===================
 The compilation flags were:
 -O3
 ===================
 Hirata Reference =  0.15200900000000001 seconds
     Algorithm        Jeff        Speedup     Best      Best Speedup
     1 Loop 4321      0.16801     0.90476     0.16801     0.90476
     2 Loop 4312      0.12801     1.18750     0.12801     1.18750
     3 Loop 4231      0.16801     0.90476     0.12801     1.18750
     4 Loop 4132      0.15601     0.97435     0.12801     1.18750
     5 Loop 4213      0.12001     1.26666     0.12001     1.26666
     6 Loop 4123      0.15201     1.00000     0.12001     1.26666
     7 Loop 3421      0.06400     2.37499     0.06400     2.37499
     8 Loop 3412      0.06000     2.53331     0.06000     2.53331
     9 Loop 2431      0.04400     3.45451     0.04400     3.45451
    10 Loop 1432      0.16001     0.95000     0.04400     3.45451
    11 Loop 2413      0.04400     3.45451     0.04400     3.45451
    12 Loop 1423      0.14801     1.02703     0.04400     3.45451
    13 Loop 3241      0.04400     3.45451     0.04400     3.45451
    14 Loop 3142      0.04800     3.16666     0.04400     3.45451
    15 Loop 2341      0.03600     4.22224     0.03600     4.22224
    16 Loop 1342      0.11201     1.35714     0.03600     4.22224
    17 Loop 2143      0.04800     3.16666     0.03600     4.22224
    18 Loop 1243      0.11201     1.35714     0.03600     4.22224
    19 Loop 3214      0.04800     3.16666     0.03600     4.22224
    20 Loop 3124      0.05200     2.92308     0.03600     4.22224
    21 Loop 2314      0.04000     3.79994     0.03600     4.22224
    22 Loop 1324      0.12001     1.26667     0.03600     4.22224
    23 Loop 2134      0.04000     3.79994     0.03600     4.22224
    24 Loop 1234      0.09601     1.58333     0.03600     4.22224
        The best loop order is:        2341
              The best time is:     0.03600
           The best speedup is:     4.22224
Application 11715146 resources: utime ~3s, stime ~0s
 TESTING TRANPOSE TYPE 1342
 ===================
 The compilation flags were:
 -O3
 ===================
 Hirata Reference =  0.144009 seconds
     Algorithm        Jeff        Speedup     Best      Best Speedup
     1 Loop 4321      0.12801     1.12500     0.12801     1.12500
     2 Loop 4312      0.16401     0.87805     0.12801     1.12500
     3 Loop 4231      0.15601     0.92308     0.12801     1.12500
     4 Loop 4132      0.16401     0.87805     0.12801     1.12500
     5 Loop 4213      0.15601     0.92308     0.12801     1.12500
     6 Loop 4123      0.12001     1.20000     0.12001     1.20000
     7 Loop 3421      0.05600     2.57141     0.05600     2.57141
     8 Loop 3412      0.06000     2.39999     0.05600     2.57141
     9 Loop 2431      0.15201     0.94737     0.05600     2.57141
    10 Loop 1432      0.04400     3.27271     0.04400     3.27271
    11 Loop 2413      0.13201     1.09091     0.04400     3.27271
    12 Loop 1423      0.04400     3.27271     0.04400     3.27271
    13 Loop 3241      0.04800     3.00000     0.04400     3.27271
    14 Loop 3142      0.04000     3.60004     0.04000     3.60004
    15 Loop 2341      0.10801     1.33333     0.04000     3.60004
    16 Loop 1342      0.03600     3.99992     0.03600     3.99992
    17 Loop 2143      0.11201     1.28571     0.03600     3.99992
    18 Loop 1243      0.04400     3.27271     0.03600     3.99992
    19 Loop 3214      0.04800     3.00000     0.03600     3.99992
    20 Loop 3124      0.04800     3.00000     0.03600     3.99992
    21 Loop 2314      0.12001     1.20000     0.03600     3.99992
    22 Loop 1324      0.04000     3.60004     0.03600     3.99992
    23 Loop 2134      0.11201     1.28571     0.03600     3.99992
    24 Loop 1234      0.04000     3.60004     0.03600     3.99992
        The best loop order is:        1342
              The best time is:     0.03600
           The best speedup is:     3.99992
Application 11715149 resources: utime ~3s, stime ~0s
                        i    after_glass(i)                        after_hirata(i)
 TESTING TRANPOSE TYPE 2143
 ===================
 The compilation flags were:
 -O3
 ===================
 Hirata Reference =  0.15200900000000001 seconds
 KGlass Reference =  4.0002999999999983E-2 seconds
     Algorithm        Jeff        Speedup     Best      Best Speedup
     1 Loop 4321      0.23201     0.65517     0.23201     0.65517
     2 Loop 4312      0.23601     0.64407     0.23201     0.65517
     3 Loop 4231      0.12401     1.22581     0.12401     1.22581
     4 Loop 4132      0.12401     1.22580     0.12401     1.22581
     5 Loop 4213      0.16801     0.90476     0.12401     1.22581
     6 Loop 4123      0.16401     0.92683     0.12401     1.22581
     7 Loop 3421      0.23601     0.64407     0.12401     1.22581
     8 Loop 3412      0.24002     0.63333     0.12401     1.22581
     9 Loop 2431      0.04400     3.45451     0.04400     3.45451
    10 Loop 1432      0.04400     3.45451     0.04400     3.45451
    11 Loop 2413      0.04000     3.80003     0.04000     3.80003
    12 Loop 1423      0.04400     3.45459     0.04000     3.80003
    13 Loop 3241      0.11201     1.35714     0.04000     3.80003
    14 Loop 3142      0.10801     1.40741     0.04000     3.80003
    15 Loop 2341      0.04400     3.45459     0.04000     3.80003
    16 Loop 1342      0.04400     3.45459     0.04000     3.80003
    17 Loop 2143      0.04000     3.80003     0.04000     3.80003
    18 Loop 1243      0.04000     3.79994     0.04000     3.80003
    19 Loop 3214      0.16801     0.90476     0.04000     3.80003
    20 Loop 3124      0.17201     0.88372     0.04000     3.80003
    21 Loop 2314      0.04400     3.45459     0.04000     3.80003
    22 Loop 1324      0.04000     3.80003     0.04000     3.80003
    23 Loop 2134      0.03600     4.22212     0.03600     4.22212
    24 Loop 1234      0.03600     4.22224     0.03600     4.22224
        The best loop order is:        1234
              The best time is:     0.03600
           The best speedup is:     4.22224
Application 11715152 resources: utime ~3s, stime ~0s
 TESTING TRANPOSE TYPE 1243
 ===================
 The compilation flags were:
 -O3
 ===================
 Hirata Reference =  0.15200900000000001 seconds
     Algorithm        Jeff        Speedup     Best      Best Speedup
     1 Loop 4321      0.23602     0.64406     0.23602     0.64406
     2 Loop 4312      0.24402     0.62295     0.23602     0.64406
     3 Loop 4231      0.12401     1.22580     0.12401     1.22580
     4 Loop 4132      0.12001     1.26667     0.12001     1.26667
     5 Loop 4213      0.16001     0.95000     0.12001     1.26667
     6 Loop 4123      0.16401     0.92683     0.12001     1.26667
     7 Loop 3421      0.24402     0.62295     0.12001     1.26667
     8 Loop 3412      0.24402     0.62295     0.12001     1.26667
     9 Loop 2431      0.04400     3.45451     0.04400     3.45451
    10 Loop 1432      0.04800     3.16666     0.04400     3.45451
    11 Loop 2413      0.04000     3.79994     0.04000     3.79994
    12 Loop 1423      0.04800     3.16666     0.04000     3.79994
    13 Loop 3241      0.12401     1.22580     0.04000     3.79994
    14 Loop 3142      0.12401     1.22581     0.04000     3.79994
    15 Loop 2341      0.04800     3.16666     0.04000     3.79994
    16 Loop 1342      0.04800     3.16666     0.04000     3.79994
    17 Loop 2143      0.04000     3.80003     0.04000     3.80003
    18 Loop 1243      0.03600     4.22212     0.03600     4.22212
    19 Loop 3214      0.16401     0.92683     0.03600     4.22212
    20 Loop 3124      0.16001     0.95000     0.03600     4.22212
    21 Loop 2314      0.04000     3.80003     0.03600     4.22212
    22 Loop 1324      0.04400     3.45451     0.03600     4.22212
    23 Loop 2134      0.03600     4.22224     0.03600     4.22224
    24 Loop 1234      0.03600     4.22224     0.03600     4.22224
        The best loop order is:        2134
              The best time is:     0.03600
           The best speedup is:     4.22224
Application 11715154 resources: utime ~3s, stime ~0s
 TESTING TRANPOSE TYPE 3214
 ===================
 The compilation flags were:
 -O3
 ===================
 Hirata Reference =  0.14000799999999999 seconds
     Algorithm        Jeff        Speedup     Best      Best Speedup
     1 Loop 4321      0.26802     0.52238     0.26802     0.52238
     2 Loop 4312      0.26802     0.52238     0.26802     0.52238
     3 Loop 4231      0.26402     0.53030     0.26402     0.53030
     4 Loop 4132      0.27202     0.51470     0.26402     0.53030
     5 Loop 4213      0.26402     0.53030     0.26402     0.53030
     6 Loop 4123      0.27602     0.50724     0.26402     0.53030
     7 Loop 3421      0.08800     1.59091     0.08800     1.59091
     8 Loop 3412      0.08801     1.59089     0.08800     1.59091
     9 Loop 2431      0.05200     2.69231     0.05200     2.69231
    10 Loop 1432      0.08800     1.59091     0.05200     2.69231
    11 Loop 2413      0.05200     2.69225     0.05200     2.69231
    12 Loop 1423      0.09201     1.52173     0.05200     2.69231
    13 Loop 3241      0.04400     3.18178     0.04400     3.18178
    14 Loop 3142      0.04800     2.91665     0.04400     3.18178
    15 Loop 2341      0.04400     3.18178     0.04400     3.18178
    16 Loop 1342      0.04800     2.91665     0.04400     3.18178
    17 Loop 2143      0.04400     3.18178     0.04400     3.18178
    18 Loop 1243      0.04800     2.91665     0.04400     3.18178
    19 Loop 3214      0.04800     2.91665     0.04400     3.18178
    20 Loop 3124      0.04800     2.91665     0.04400     3.18178
    21 Loop 2314      0.03200     4.37498     0.03200     4.37498
    22 Loop 1324      0.05200     2.69231     0.03200     4.37498
    23 Loop 2134      0.03600     3.88879     0.03200     4.37498
    24 Loop 1234      0.04400     3.18186     0.03200     4.37498
        The best loop order is:        2314
              The best time is:     0.03200
           The best speedup is:     4.37498
Application 11715157 resources: utime ~3s, stime ~0s
 TESTING TRANPOSE TYPE 3124
 ===================
 The compilation flags were:
 -O3
 ===================
 Hirata Reference =  0.13600799999999999 seconds
     Algorithm        Jeff        Speedup     Best      Best Speedup
     1 Loop 4321      0.26402     0.51515     0.26402     0.51515
     2 Loop 4312      0.26402     0.51515     0.26402     0.51515
     3 Loop 4231      0.26402     0.51515     0.26402     0.51515
     4 Loop 4132      0.26402     0.51515     0.26402     0.51515
     5 Loop 4213      0.27202     0.50000     0.26402     0.51515
     6 Loop 4123      0.26402     0.51515     0.26402     0.51515
     7 Loop 3421      0.08401     1.61903     0.08401     1.61903
     8 Loop 3412      0.08800     1.54546     0.08401     1.61903
     9 Loop 2431      0.08400     1.61905     0.08400     1.61905
    10 Loop 1432      0.06800     2.00000     0.06800     2.00000
    11 Loop 2413      0.09200     1.47827     0.06800     2.00000
    12 Loop 1423      0.06800     2.00000     0.06800     2.00000
    13 Loop 3241      0.04800     2.83332     0.04800     2.83332
    14 Loop 3142      0.04400     3.09088     0.04400     3.09088
    15 Loop 2341      0.04800     2.83332     0.04400     3.09088
    16 Loop 1342      0.04400     3.09095     0.04400     3.09095
    17 Loop 2143      0.04800     2.83332     0.04400     3.09095
    18 Loop 1243      0.04400     3.09095     0.04400     3.09095
    19 Loop 3214      0.05200     2.61539     0.04400     3.09095
    20 Loop 3124      0.04800     2.83332     0.04400     3.09095
    21 Loop 2314      0.05200     2.61539     0.04400     3.09095
    22 Loop 1324      0.03600     3.77769     0.03600     3.77769
    23 Loop 2134      0.04800     2.83332     0.03600     3.77769
    24 Loop 1234      0.02800     4.85708     0.02800     4.85708
        The best loop order is:        1234
              The best time is:     0.02800
           The best speedup is:     4.85708
Application 11715159 resources: utime ~3s, stime ~0s
 TESTING TRANPOSE TYPE 2314
 ===================
 The compilation flags were:
 -O3
 ===================
 Hirata Reference =  0.14000799999999999 seconds
     Algorithm        Jeff        Speedup     Best      Best Speedup
     1 Loop 4321      0.26802     0.52238     0.26802     0.52238
     2 Loop 4312      0.26402     0.53030     0.26402     0.53030
     3 Loop 4231      0.26002     0.53846     0.26002     0.53846
     4 Loop 4132      0.27602     0.50724     0.26002     0.53846
     5 Loop 4213      0.26402     0.53030     0.26002     0.53846
     6 Loop 4123      0.26402     0.53030     0.26002     0.53846
     7 Loop 3421      0.08401     1.66664     0.08401     1.66664
     8 Loop 3412      0.08800     1.59091     0.08401     1.66664
     9 Loop 2431      0.07201     1.94442     0.07201     1.94442
    10 Loop 1432      0.09201     1.52173     0.07201     1.94442
    11 Loop 2413      0.06800     2.05882     0.06800     2.05882
    12 Loop 1423      0.08801     1.59089     0.06800     2.05882
    13 Loop 3241      0.04800     2.91665     0.04800     2.91665
    14 Loop 3142      0.04800     2.91665     0.04800     2.91665
    15 Loop 2341      0.04400     3.18178     0.04400     3.18178
    16 Loop 1342      0.04800     2.91665     0.04400     3.18178
    17 Loop 2143      0.04400     3.18186     0.04400     3.18186
    18 Loop 1243      0.04400     3.18186     0.04400     3.18186
    19 Loop 3214      0.05200     2.69231     0.04400     3.18186
    20 Loop 3124      0.05200     2.69231     0.04400     3.18186
    21 Loop 2314      0.03200     4.37498     0.03200     4.37498
    22 Loop 1324      0.05200     2.69225     0.03200     4.37498
    23 Loop 2134      0.03200     4.37498     0.03200     4.37498
    24 Loop 1234      0.04400     3.18178     0.03200     4.37498
        The best loop order is:        2134
              The best time is:     0.03200
           The best speedup is:     4.37498
Application 11715161 resources: utime ~3s, stime ~0s
