 TESTING TRANPOSE TYPE 4312
 ===================
 The compilation flags were:
 -O3
 ===================
 Hirata Reference =  1.040065 seconds
     Algorithm        Jeff        Speedup     Best      Best Speedup
     1 Loop 4321      1.36809     0.76023     1.36809     0.76023
     2 Loop 4312      1.36409     0.76246     1.36409     0.76246
     3 Loop 4231      1.06407     0.97744     1.06407     0.97744
     4 Loop 4132      0.86805     1.19816     0.86805     1.19816
     5 Loop 4213      1.06007     0.98113     0.86805     1.19816
     6 Loop 4123      0.81205     1.28079     0.81205     1.28079
     7 Loop 3421      1.26408     0.82278     0.81205     1.28079
     8 Loop 3412      1.23608     0.84142     0.81205     1.28079
     9 Loop 2431      1.05207     0.98859     0.81205     1.28079
    10 Loop 1432      0.56804     1.83099     0.56804     1.83099
    11 Loop 2413      1.06407     0.97744     0.56804     1.83099
    12 Loop 1423      0.53603     1.94030     0.53603     1.94030
    13 Loop 3241      0.45203     2.30089     0.45203     2.30089
    14 Loop 3142      0.40003     2.60000     0.40003     2.60000
    15 Loop 2341      0.80805     1.28713     0.40003     2.60000
    16 Loop 1342      0.42403     2.45283     0.40003     2.60000
    17 Loop 2143      1.72811     0.60185     0.40003     2.60000
    18 Loop 1243      1.67610     0.62052     0.40003     2.60000
    19 Loop 3214      0.52003     2.00000     0.40003     2.60000
    20 Loop 3124      0.39202     2.65306     0.39202     2.65306
    21 Loop 2314      0.84005     1.23810     0.39202     2.65306
    22 Loop 1324      0.38002     2.73685     0.38002     2.73685
    23 Loop 2134      1.72411     0.60325     0.38002     2.73685
    24 Loop 1234      1.50009     0.69333     0.38002     2.73685
 The best loop order for 4312 i        1324
              The best time is:     0.38002
           The best speedup is:     2.73685
Application 11765561 resources: utime ~24s, stime ~0s
