 TESTING TRANPOSE TYPE 1423
 ===================
 The compilation flags were:
 -O3
 ===================
 Hirata Reference =  0.85205399999999998 seconds
     Algorithm        Jeff        Speedup     Best      Best Speedup
     1 Loop 4321      1.82411     0.46711     1.82411     0.46711
     2 Loop 4312      1.69611     0.50236     1.69611     0.50236
     3 Loop 4231      0.87206     0.97706     0.87206     0.97706
     4 Loop 4132      0.84805     1.00472     0.84805     1.00472
     5 Loop 4213      0.86005     0.99070     0.84805     1.00472
     6 Loop 4123      0.82005     1.03903     0.82005     1.03903
     7 Loop 3421      1.82812     0.46608     0.82005     1.03903
     8 Loop 3412      1.76011     0.48409     0.82005     1.03903
     9 Loop 2431      0.60004     1.42000     0.60004     1.42000
    10 Loop 1432      0.48003     1.77500     0.48003     1.77500
    11 Loop 2413      0.54003     1.57778     0.48003     1.77500
    12 Loop 1423      0.42403     2.00944     0.42403     2.00944
    13 Loop 3241      1.96812     0.43293     0.42403     2.00944
    14 Loop 3142      0.86005     0.99070     0.42403     2.00944
    15 Loop 2341      1.72411     0.49420     0.42403     2.00944
    16 Loop 1342      0.46403     1.83621     0.42403     2.00944
    17 Loop 2143      0.44803     1.90179     0.42403     2.00944
    18 Loop 1243      0.38802     2.19588     0.38802     2.19588
    19 Loop 3214      1.87212     0.45513     0.38802     2.19588
    20 Loop 3124      0.94406     0.90254     0.38802     2.19588
    21 Loop 2314      1.78811     0.47651     0.38802     2.19588
    22 Loop 1324      0.47603     1.78992     0.38802     2.19588
    23 Loop 2134      0.36802     2.31522     0.36802     2.31522
    24 Loop 1234      0.26402     3.22727     0.26402     3.22727
 The best loop order for 1423 i        1234
              The best time is:     0.26402
           The best speedup is:     3.22727
Application 11765654 resources: utime ~25s, stime ~0s
