 TESTING TRANPOSE TYPE 4213
 ===================
 The compilation flags were:
 -O3
 ===================
 Hirata Reference =  0.89605599999999996 seconds
     Algorithm        Jeff        Speedup     Best      Best Speedup
     1 Loop 4321      1.61610     0.55446     1.61610     0.55446
     2 Loop 4312      1.73611     0.51613     1.61610     0.55446
     3 Loop 4231      0.82805     1.08213     0.82805     1.08213
     4 Loop 4132      0.86405     1.03704     0.82805     1.08213
     5 Loop 4213      0.81605     1.09804     0.81605     1.09804
     6 Loop 4123      0.83205     1.07692     0.81605     1.09804
     7 Loop 3421      1.68410     0.53207     0.81605     1.09804
     8 Loop 3412      1.81611     0.49339     0.81605     1.09804
     9 Loop 2431      0.42803     2.09346     0.42803     2.09346
    10 Loop 1432      0.59604     1.50336     0.42803     2.09346
    11 Loop 2413      0.41203     2.17476     0.41203     2.17476
    12 Loop 1423      0.56404     1.58865     0.41203     2.17476
    13 Loop 3241      0.85205     1.05164     0.41203     2.17476
    14 Loop 3142      1.96412     0.45621     0.41203     2.17476
    15 Loop 2341      0.40402     2.21782     0.40402     2.21782
    16 Loop 1342      1.83611     0.48802     0.40402     2.21782
    17 Loop 2143      0.37602     2.38298     0.37602     2.38298
    18 Loop 1243      0.43203     2.07407     0.37602     2.38298
    19 Loop 3214      0.91606     0.97817     0.37602     2.38298
    20 Loop 3124      1.84811     0.48485     0.37602     2.38298
    21 Loop 2314      0.44003     2.03637     0.37602     2.38298
    22 Loop 1324      1.66010     0.53976     0.37602     2.38298
    23 Loop 2134      0.29602     3.02703     0.29602     3.02703
    24 Loop 1234      0.29202     3.06850     0.29202     3.06850
 The best loop order for 4213 i        1234
              The best time is:     0.29202
           The best speedup is:     3.06850
Application 11765592 resources: utime ~25s, stime ~0s
