 TESTING TRANPOSE TYPE 2341
 ===================
 The compilation flags were:
 -O3
 ===================
 Hirata Reference =  1.0560660000000002 seconds
     Algorithm        Jeff        Speedup     Best      Best Speedup
     1 Loop 4321      1.51609     0.69657     1.51609     0.69657
     2 Loop 4312      1.66010     0.63614     1.51609     0.69657
     3 Loop 4231      0.94006     1.12340     0.94006     1.12340
     4 Loop 4132      2.12013     0.49811     0.94006     1.12340
     5 Loop 4213      0.88806     1.18919     0.88806     1.18919
     6 Loop 4123      2.04413     0.51663     0.88806     1.18919
     7 Loop 3421      1.36409     0.77419     0.88806     1.18919
     8 Loop 3412      1.44409     0.73130     0.88806     1.18919
     9 Loop 2431      0.46003     2.29565     0.46003     2.29565
    10 Loop 1432      2.06013     0.51262     0.46003     2.29565
    11 Loop 2413      0.46403     2.27586     0.46003     2.29565
    12 Loop 1423      2.00412     0.52695     0.46003     2.29565
    13 Loop 3241      0.35602     2.96629     0.35602     2.96629
    14 Loop 3142      0.59204     1.78378     0.35602     2.96629
    15 Loop 2341      0.30802     3.42856     0.30802     3.42856
    16 Loop 1342      0.84005     1.25714     0.30802     3.42856
    17 Loop 2143      0.50403     2.09524     0.30802     3.42856
    18 Loop 1243      0.84805     1.24528     0.30802     3.42856
    19 Loop 3214      0.40803     2.58823     0.30802     3.42856
    20 Loop 3124      0.52803     2.00000     0.30802     3.42856
    21 Loop 2314      0.34402     3.06976     0.30802     3.42856
    22 Loop 1324      0.84405     1.25118     0.30802     3.42856
    23 Loop 2134      0.41203     2.56311     0.30802     3.42856
    24 Loop 1234      0.77205     1.36788     0.30802     3.42856
 The best loop order for 2341 i        2341
              The best time is:     0.30802
           The best speedup is:     3.42856
Application 11765672 resources: utime ~25s, stime ~0s
