 TESTING TRANPOSE TYPE 4321
 ===================
 The compilation flags were:
 -O3
 ===================
 Hirata Reference =  1.0840670000000001 seconds
 KGlass Reference =  1.3720859999999997 seconds
     Algorithm        Jeff        Speedup     Best      Best Speedup
     1 Loop 4321      1.36809     0.79240     1.36809     0.79240
     2 Loop 4312      1.38809     0.78098     1.36809     0.79240
     3 Loop 4231      0.86005     1.26046     0.86005     1.26046
     4 Loop 4132      1.06807     1.01498     0.86005     1.26046
     5 Loop 4213      0.82805     1.30918     0.82805     1.30918
     6 Loop 4123      1.05207     1.03042     0.82805     1.30918
     7 Loop 3421      1.26008     0.86032     0.82805     1.30918
     8 Loop 3412      1.25208     0.86581     0.82805     1.30918
     9 Loop 2431      0.53203     2.03759     0.53203     2.03759
    10 Loop 1432      1.06007     1.02264     0.53203     2.03759
    11 Loop 2413      0.52003     2.08462     0.52003     2.08462
    12 Loop 1423      1.08007     1.00370     0.52003     2.08462
    13 Loop 3241      0.37602     2.88298     0.37602     2.88298
    14 Loop 3142      0.48003     2.25833     0.37602     2.88298
    15 Loop 2341      0.40002     2.71000     0.37602     2.88298
    16 Loop 1342      0.81205     1.33497     0.37602     2.88298
    17 Loop 2143      1.68411     0.64371     0.37602     2.88298
    18 Loop 1243      1.72011     0.63023     0.37602     2.88298
    19 Loop 3214      0.40002     2.71000     0.37602     2.88298
    20 Loop 3124      0.52003     2.08461     0.37602     2.88298
    21 Loop 2314      0.38002     2.85263     0.37602     2.88298
    22 Loop 1324      0.84405     1.28436     0.37602     2.88298
    23 Loop 2134      1.54810     0.70026     0.37602     2.88298
    24 Loop 1234      1.68811     0.64218     0.37602     2.88298
 The best loop order for 4321 i        3241
              The best time is:     0.37602
           The best speedup is:     2.88298
Application 11765556 resources: utime ~26s, stime ~0s
