 TESTING TRANSACCU TYPE 326154
 Hirata Reference =    7.052441     seconds
 Algorithm         Jeff           Speedup          Best
       1 Loop 123456      5.65635     1.24682     5.65635     1.24682
       2 Loop 123465      2.90018     2.43172     2.90018     2.43172
       3 Loop 123546      5.11232     1.37950     2.90018     2.43172
       4 Loop 123645      2.62016     2.69160     2.62016     2.69160
       5 Loop 123564      2.36815     2.97804     2.36815     2.97804
       6 Loop 123654      2.40815     2.92857     2.36815     2.97804
       7 Loop 124356      5.57235     1.26561     2.36815     2.97804
       8 Loop 124365      3.09219     2.28072     2.36815     2.97804
       9 Loop 125346      5.47634     1.28780     2.36815     2.97804
      10 Loop 126345      3.04019     2.31974     2.36815     2.97804
      11 Loop 125364      2.54816     2.76766     2.36815     2.97804
      12 Loop 126354      2.79617     2.52218     2.36815     2.97804
      13 Loop 124536      6.67642     1.05632     2.36815     2.97804
      14 Loop 124635      3.74423     1.88355     2.36815     2.97804
      15 Loop 125436      6.42840     1.09708     2.36815     2.97804
      16 Loop 126435      3.76023     1.87553     2.36815     2.97804
      17 Loop 125634      2.79617     2.52218     2.36815     2.97804
      18 Loop 126534      2.84418     2.47961     2.36815     2.97804
      19 Loop 124563      9.31258     0.75730     2.36815     2.97804
      20 Loop 124653      9.18858     0.76752     2.36815     2.97804
      21 Loop 125463      9.69661     0.72731     2.36815     2.97804
      22 Loop 126453      9.27658     0.76024     2.36815     2.97804
      23 Loop 125643      9.69660     0.72731     2.36815     2.97804
      24 Loop 126543      9.64861     0.73093     2.36815     2.97804
      25 Loop 132456      5.85236     1.20506     2.36815     2.97804
      26 Loop 132465      2.96819     2.37601     2.36815     2.97804
      27 Loop 132546      5.27634     1.33662     2.36815     2.97804
      28 Loop 132645      2.65616     2.65513     2.36815     2.97804
      29 Loop 132564      2.42816     2.90444     2.36815     2.97804
      30 Loop 132654      2.41615     2.91887     2.36815     2.97804
      31 Loop 142356     19.91725     0.35409     2.36815     2.97804
      32 Loop 142365     14.48891     0.48675     2.36815     2.97804
      33 Loop 152346      7.69649     0.91632     2.36815     2.97804
      34 Loop 162345      6.19640     1.13815     2.36815     2.97804
      35 Loop 152364      4.92032     1.43333     2.36815     2.97804
      36 Loop 162354      7.37646     0.95607     2.36815     2.97804
      37 Loop 142536     21.53334     0.32751     2.36815     2.97804
      38 Loop 142635     14.63692     0.48183     2.36815     2.97804
      39 Loop 152436      7.80850     0.90317     2.36815     2.97804
      40 Loop 162435      6.96045     1.01322     2.36815     2.97804
      41 Loop 152634      5.02029     1.40479     2.36815     2.97804
      42 Loop 162534      7.07245     0.99717     2.36815     2.97804
      43 Loop 142563     22.94943     0.30730     2.36815     2.97804
      44 Loop 142653     20.43329     0.34514     2.36815     2.97804
      45 Loop 152463     10.45264     0.67470     2.36815     2.97804
      46 Loop 162453     10.77267     0.65466     2.36815     2.97804
      47 Loop 152643     10.48065     0.67290     2.36815     2.97804
      48 Loop 162543     11.31271     0.62341     2.36815     2.97804
      49 Loop 134256      5.53635     1.27384     2.36815     2.97804
      50 Loop 134265      3.29221     2.14216     2.36815     2.97804
      51 Loop 135246      5.17233     1.36349     2.36815     2.97804
      52 Loop 136245      2.96017     2.38244     2.36815     2.97804
      53 Loop 135264      2.45215     2.87603     2.36815     2.97804
      54 Loop 136254      2.61215     2.69986     2.36815     2.97804
      55 Loop 143256     19.55322     0.36068     2.36815     2.97804
      56 Loop 143265     14.30490     0.49301     2.36815     2.97804
      57 Loop 153246      7.80450     0.90364     2.36815     2.97804
      58 Loop 163245      6.18839     1.13963     2.36815     2.97804
      59 Loop 153264      4.94031     1.42753     2.36815     2.97804
      60 Loop 163254      7.28445     0.96815     2.36815     2.97804
      61 Loop 145236     21.74136     0.32438     2.36815     2.97804
      62 Loop 146235     16.25702     0.43381     2.36815     2.97804
      63 Loop 154236     22.66541     0.31115     2.36815     2.97804
      64 Loop 164235      8.06049     0.87494     2.36815     2.97804
      65 Loop 156234      8.55658     0.82421     2.36815     2.97804
      66 Loop 165234      7.82849     0.90087     2.36815     2.97804
      67 Loop 145263     23.40546     0.30132     2.36815     2.97804
      68 Loop 146253     24.69757     0.28555     2.36815     2.97804
      69 Loop 154263     23.50146     0.30009     2.36815     2.97804
      70 Loop 164253     12.71680     0.55458     2.36815     2.97804
      71 Loop 156243     12.53680     0.56254     2.36815     2.97804
      72 Loop 165243     11.71277     0.60212     2.36815     2.97804
      73 Loop 134526      6.46039     1.09164     2.36815     2.97804
      74 Loop 134625      3.87225     1.82128     2.36815     2.97804
      75 Loop 135426      6.50037     1.08493     2.36815     2.97804
      76 Loop 136425      3.83624     1.83837     2.36815     2.97804
      77 Loop 135624      2.97620     2.36962     2.36815     2.97804
      78 Loop 136524      3.01617     2.33821     2.36815     2.97804
      79 Loop 143526     22.22137     0.31737     2.36815     2.97804
      80 Loop 143625     14.89288     0.47354     2.36815     2.97804
      81 Loop 153426      8.03253     0.87798     2.36815     2.97804
      82 Loop 163425      7.02844     1.00341     2.36815     2.97804
      83 Loop 153624      5.16028     1.36668     2.36815     2.97804
      84 Loop 163524      7.80048     0.90410     2.36815     2.97804
      85 Loop 145326     22.26135     0.31680     2.36815     2.97804
      86 Loop 146325     15.77301     0.44712     2.36815     2.97804
      87 Loop 154326     22.40942     0.31471     2.36815     2.97804
      88 Loop 164325      8.07654     0.87320     2.36815     2.97804
      89 Loop 156324      8.57257     0.82268     2.36815     2.97804
      90 Loop 165324      7.75250     0.90970     2.36815     2.97804
      91 Loop 145623     23.93347     0.29467     2.36815     2.97804
      92 Loop 146523     24.69354     0.28560     2.36815     2.97804
      93 Loop 154623     24.16150     0.29189     2.36815     2.97804
      94 Loop 164523     12.77283     0.55214     2.36815     2.97804
      95 Loop 156423     12.24072     0.57615     2.36815     2.97804
      96 Loop 165423     11.38470     0.61947     2.36815     2.97804
      97 Loop 134562      7.91650     0.89085     2.36815     2.97804
      98 Loop 134652      7.63245     0.92401     2.36815     2.97804
      99 Loop 135462      7.79248     0.90503     2.36815     2.97804
     100 Loop 136452      7.56848     0.93182     2.36815     2.97804
     101 Loop 135642      7.78046     0.90643     2.36815     2.97804
     102 Loop 136542      7.64050     0.92303     2.36815     2.97804
     103 Loop 143562     23.00140     0.30661     2.36815     2.97804
     104 Loop 143652     20.48932     0.34420     2.36815     2.97804
     105 Loop 153462      9.15247     0.77055     2.36815     2.97804
     106 Loop 163452      9.85254     0.71580     2.36815     2.97804
     107 Loop 153642      9.27258     0.76057     2.36815     2.97804
     108 Loop 163542      9.75659     0.72284     2.36815     2.97804
     109 Loop 145362     22.54541     0.31281     2.36815     2.97804
     110 Loop 146352     23.41748     0.30116     2.36815     2.97804
     111 Loop 154362     22.81738     0.30908     2.36815     2.97804
     112 Loop 164352     11.69678     0.60294     2.36815     2.97804
     113 Loop 156342     11.16077     0.63190     2.36815     2.97804
     114 Loop 165342     10.44861     0.67496     2.36815     2.97804
     115 Loop 145632     24.03748     0.29339     2.36815     2.97804
     116 Loop 146532     25.02161     0.28185     2.36815     2.97804
     117 Loop 154632     24.20154     0.29140     2.36815     2.97804
     118 Loop 164532     12.31677     0.57259     2.36815     2.97804
     119 Loop 156432     11.56067     0.61004     2.36815     2.97804
     120 Loop 165432     10.64075     0.66278     2.36815     2.97804
     121 Loop 213456      5.35229     1.31765     2.36815     2.97804
     122 Loop 213465      2.90417     2.42838     2.36815     2.97804
     123 Loop 213546      4.88831     1.44272     2.36815     2.97804
     124 Loop 213645      2.72815     2.58506     2.36815     2.97804
     125 Loop 213564      2.23621     3.15375     2.23621     3.15375
     126 Loop 213654      2.32019     3.03960     2.23621     3.15375
     127 Loop 214356      5.48035     1.28686     2.23621     3.15375
     128 Loop 214365      3.12024     2.26022     2.23621     3.15375
     129 Loop 215346      5.35229     1.31765     2.23621     3.15375
     130 Loop 216345      2.86816     2.45887     2.23621     3.15375
     131 Loop 215364      2.42419     2.90919     2.23621     3.15375
     132 Loop 216354      2.63623     2.67520     2.23621     3.15375
     133 Loop 214536      6.51233     1.08294     2.23621     3.15375
     134 Loop 214635      3.56824     1.97645     2.23621     3.15375
     135 Loop 215436      6.36035     1.10881     2.23621     3.15375
     136 Loop 216435      3.68030     1.91627     2.23621     3.15375
     137 Loop 215634      2.56018     2.75467     2.23621     3.15375
     138 Loop 216534      2.71216     2.60031     2.23621     3.15375
     139 Loop 214563      9.32458     0.75633     2.23621     3.15375
     140 Loop 214653      8.87256     0.79486     2.23621     3.15375
     141 Loop 215463      8.97656     0.78565     2.23621     3.15375
     142 Loop 216453      8.87256     0.79486     2.23621     3.15375
     143 Loop 215643      9.22852     0.76420     2.23621     3.15375
     144 Loop 216543      9.68860     0.72791     2.23621     3.15375
     145 Loop 312456      5.63232     1.25214     2.23621     3.15375
     146 Loop 312465      2.92822     2.40844     2.23621     3.15375
     147 Loop 312546      4.97229     1.41835     2.23621     3.15375
     148 Loop 312645      2.52808     2.78965     2.23621     3.15375
     149 Loop 312564      2.06812     3.41008     2.06812     3.41008
     150 Loop 312654      2.27612     3.09844     2.06812     3.41008
     151 Loop 412356     19.67725     0.35841     2.06812     3.41008
     152 Loop 412365     14.50488     0.48621     2.06812     3.41008
     153 Loop 512346      8.00452     0.88106     2.06812     3.41008
     154 Loop 612345      6.60437     1.06784     2.06812     3.41008
     155 Loop 512364      5.09631     1.38383     2.06812     3.41008
     156 Loop 612354      7.60840     0.92693     2.06812     3.41008
     157 Loop 412536     21.45337     0.32873     2.06812     3.41008
     158 Loop 412635     14.59290     0.48328     2.06812     3.41008
     159 Loop 512436      7.94446     0.88772     2.06812     3.41008
     160 Loop 612435      7.42041     0.95041     2.06812     3.41008
     161 Loop 512634      5.09229     1.38493     2.06812     3.41008
     162 Loop 612534      7.40845     0.95195     2.06812     3.41008
     163 Loop 412563     23.14551     0.30470     2.06812     3.41008
     164 Loop 412653     20.63318     0.34180     2.06812     3.41008
     165 Loop 512463     10.46863     0.67367     2.06812     3.41008
     166 Loop 612453     11.39673     0.61881     2.06812     3.41008
     167 Loop 512643     10.53271     0.66957     2.06812     3.41008
     168 Loop 612543     11.84070     0.59561     2.06812     3.41008
     169 Loop 314256      5.46838     1.28968     2.06812     3.41008
     170 Loop 314265      3.03210     2.32592     2.06812     3.41008
     171 Loop 315246      5.08423     1.38712     2.06812     3.41008
     172 Loop 316245      2.82825     2.49357     2.06812     3.41008
     173 Loop 315264      2.37207     2.97312     2.06812     3.41008
     174 Loop 316254      2.57214     2.74185     2.06812     3.41008
     175 Loop 413256     19.81726     0.35587     2.06812     3.41008
     176 Loop 413265     14.54492     0.48487     2.06812     3.41008
     177 Loop 513246      7.94849     0.88727     2.06812     3.41008
     178 Loop 613245      6.74438     1.04568     2.06812     3.41008
     179 Loop 513264      5.22034     1.35096     2.06812     3.41008
     180 Loop 613254      7.74841     0.91018     2.06812     3.41008
     181 Loop 415236     21.79736     0.32355     2.06812     3.41008
     182 Loop 416235     16.10498     0.43790     2.06812     3.41008
     183 Loop 514236     22.65344     0.31132     2.06812     3.41008
     184 Loop 614235      8.36853     0.84273     2.06812     3.41008
     185 Loop 516234      8.76855     0.80429     2.06812     3.41008
     186 Loop 615234      8.09253     0.87148     2.06812     3.41008
     187 Loop 415263     23.71741     0.29735     2.06812     3.41008
     188 Loop 416253     25.22961     0.27953     2.06812     3.41008
     189 Loop 514263     23.77747     0.29660     2.06812     3.41008
     190 Loop 614253     13.17285     0.53538     2.06812     3.41008
     191 Loop 516243     12.77283     0.55214     2.06812     3.41008
     192 Loop 615243     12.31677     0.57259     2.06812     3.41008
     193 Loop 314526      6.72034     1.04942     2.06812     3.41008
     194 Loop 314625      3.62817     1.94380     2.06812     3.41008
     195 Loop 315426      6.32434     1.11513     2.06812     3.41008
     196 Loop 316425      3.64832     1.93307     2.06812     3.41008
     197 Loop 315624      2.67224     2.63915     2.06812     3.41008
     198 Loop 316524      2.78809     2.52949     2.06812     3.41008
     199 Loop 413526     22.21338     0.31749     2.06812     3.41008
     200 Loop 413625     15.10095     0.46702     2.06812     3.41008
     201 Loop 513426      8.27649     0.85211     2.06812     3.41008
     202 Loop 613425      7.83655     0.89994     2.06812     3.41008
     203 Loop 513624      5.18030     1.36140     2.06812     3.41008
     204 Loop 613524      8.11243     0.86934     2.06812     3.41008
     205 Loop 415326     22.04932     0.31985     2.06812     3.41008
     206 Loop 416325     15.97290     0.44153     2.06812     3.41008
     207 Loop 514326     22.42139     0.31454     2.06812     3.41008
     208 Loop 614325      8.43652     0.83594     2.06812     3.41008
     209 Loop 516324      8.74438     0.80651     2.06812     3.41008
     210 Loop 615324      8.14453     0.86591     2.06812     3.41008
     211 Loop 415623     24.19751     0.29145     2.06812     3.41008
     212 Loop 416523     24.72534     0.28523     2.06812     3.41008
     213 Loop 514623     23.94946     0.29447     2.06812     3.41008
     214 Loop 614523     13.44482     0.52455     2.06812     3.41008
     215 Loop 516423     12.61670     0.55898     2.06812     3.41008
     216 Loop 615423     11.84082     0.59560     2.06812     3.41008
     217 Loop 314562      8.04468     0.87666     2.06812     3.41008
     218 Loop 314652      7.88452     0.89447     2.06812     3.41008
     219 Loop 315462      7.89648     0.89311     2.06812     3.41008
     220 Loop 316452      7.53638     0.93579     2.06812     3.41008
     221 Loop 315642      7.66431     0.92017     2.06812     3.41008
     222 Loop 316542      7.48047     0.94278     2.06812     3.41008
     223 Loop 413562     23.48145     0.30034     2.06812     3.41008
     224 Loop 413652     20.66528     0.34127     2.06812     3.41008
     225 Loop 513462      9.92456     0.71060     2.06812     3.41008
     226 Loop 613452     10.44873     0.67496     2.06812     3.41008
     227 Loop 513642      9.36865     0.75277     2.06812     3.41008
     228 Loop 613542     10.20459     0.69110     2.06812     3.41008
     229 Loop 415362     22.66528     0.31116     2.06812     3.41008
     230 Loop 416352     23.37329     0.30173     2.06812     3.41008
     231 Loop 514362     23.02148     0.30634     2.06812     3.41008
     232 Loop 614352     12.37671     0.56982     2.06812     3.41008
     233 Loop 516342     11.18457     0.63055     2.06812     3.41008
     234 Loop 615342     10.49268     0.67213     2.06812     3.41008
     235 Loop 415632     23.88159     0.29531     2.06812     3.41008
     236 Loop 416532     25.03369     0.28172     2.06812     3.41008
     237 Loop 514632     24.08936     0.29276     2.06812     3.41008
     238 Loop 614532     13.26074     0.53183     2.06812     3.41008
     239 Loop 516432     12.02466     0.58650     2.06812     3.41008
     240 Loop 615432     11.08862     0.63601     2.06812     3.41008
     241 Loop 231456      5.32837     1.32356     2.06812     3.41008
     242 Loop 231465      2.79614     2.52220     2.06812     3.41008
     243 Loop 231546      5.02832     1.40254     2.06812     3.41008
     244 Loop 231645      2.43213     2.89970     2.06812     3.41008
     245 Loop 231564      2.09204     3.37108     2.06812     3.41008
     246 Loop 231654      2.19214     3.21715     2.06812     3.41008
     247 Loop 241356     18.24902     0.38646     2.06812     3.41008
     248 Loop 241365     13.16479     0.53570     2.06812     3.41008
     249 Loop 251346      7.40039     0.95298     2.06812     3.41008
     250 Loop 261345      6.25220     1.12799     2.06812     3.41008
     251 Loop 251364      4.66431     1.51200     2.06812     3.41008
     252 Loop 261354      7.16040     0.98492     2.06812     3.41008
     253 Loop 241536     19.69727     0.35804     2.06812     3.41008
     254 Loop 241635     13.26074     0.53183     2.06812     3.41008
     255 Loop 251436      7.76050     0.90876     2.06812     3.41008
     256 Loop 261435      7.03247     1.00284     2.06812     3.41008
     257 Loop 251634      4.62427     1.52509     2.06812     3.41008
     258 Loop 261534      7.14038     0.98768     2.06812     3.41008
     259 Loop 241563     22.01733     0.32031     2.06812     3.41008
     260 Loop 241653     18.77710     0.37559     2.06812     3.41008
     261 Loop 251463     10.13672     0.69573     2.06812     3.41008
     262 Loop 261453     10.72461     0.65759     2.06812     3.41008
     263 Loop 251643     10.53662     0.66933     2.06812     3.41008
     264 Loop 261543     11.48462     0.61408     2.06812     3.41008
     265 Loop 321456      5.32446     1.32454     2.06812     3.41008
     266 Loop 321465      2.82422     2.49713     2.06812     3.41008
     267 Loop 321546      5.06836     1.39146     2.06812     3.41008
     268 Loop 321645      2.57227     2.74172     2.06812     3.41008
     269 Loop 321564      2.18408     3.22902     2.06812     3.41008
     270 Loop 321654      2.12012     3.32644     2.06812     3.41008
     271 Loop 421356     19.61328     0.35957     2.06812     3.41008
     272 Loop 421365     14.33691     0.49191     2.06812     3.41008
     273 Loop 521346      8.13257     0.86718     2.06812     3.41008
     274 Loop 621345      6.66846     1.05758     2.06812     3.41008
     275 Loop 521364      5.08032     1.38819     2.06812     3.41008
     276 Loop 621354      7.52856     0.93676     2.06812     3.41008
     277 Loop 421536     21.52954     0.32757     2.06812     3.41008
     278 Loop 421635     14.43286     0.48864     2.06812     3.41008
     279 Loop 521436      8.39258     0.84032     2.06812     3.41008
     280 Loop 621435      7.42847     0.94938     2.06812     3.41008
     281 Loop 521634      5.11621     1.37845     2.06812     3.41008
     282 Loop 621534      7.33252     0.96180     2.06812     3.41008
     283 Loop 421563     22.80933     0.30919     2.06812     3.41008
     284 Loop 421653     20.44141     0.34501     2.06812     3.41008
     285 Loop 521463     10.40063     0.67808     2.06812     3.41008
     286 Loop 621453     11.34082     0.62186     2.06812     3.41008
     287 Loop 521643     11.26465     0.62607     2.06812     3.41008
     288 Loop 621543     11.95679     0.58983     2.06812     3.41008
     289 Loop 341256     17.93726     0.39317     2.06812     3.41008
     290 Loop 341265     13.25269     0.53215     2.06812     3.41008
     291 Loop 351246      7.57642     0.93084     2.06812     3.41008
     292 Loop 361245      6.52441     1.08093     2.06812     3.41008
     293 Loop 351264      4.66016     1.51335     2.06812     3.41008
     294 Loop 361254      7.30835     0.96498     2.06812     3.41008
     295 Loop 431256     19.99731     0.35267     2.06812     3.41008
     296 Loop 431265     14.47705     0.48715     2.06812     3.41008
     297 Loop 531246      8.14868     0.86547     2.06812     3.41008
     298 Loop 631245      6.86450     1.02738     2.06812     3.41008
     299 Loop 531264      5.13232     1.37412     2.06812     3.41008
     300 Loop 631254      8.00464     0.88104     2.06812     3.41008
     301 Loop 451236     22.90552     0.30789     2.06812     3.41008
     302 Loop 461235     17.64917     0.39959     2.06812     3.41008
     303 Loop 541236     22.81738     0.30908     2.06812     3.41008
     304 Loop 641235     17.06494     0.41327     2.06812     3.41008
     305 Loop 561234      9.44043     0.74705     2.06812     3.41008
     306 Loop 651234      9.46851     0.74483     2.06812     3.41008
     307 Loop 451263     24.25757     0.29073     2.06812     3.41008
     308 Loop 461253     30.72583     0.22953     2.06812     3.41008
     309 Loop 541263     24.53345     0.28746     2.06812     3.41008
     310 Loop 641253     30.26587     0.23302     2.06812     3.41008
     311 Loop 561243     13.51685     0.52175     2.06812     3.41008
     312 Loop 651243     13.95288     0.50545     2.06812     3.41008
     313 Loop 341526     20.58911     0.34253     2.06812     3.41008
     314 Loop 341625     13.20874     0.53392     2.06812     3.41008
     315 Loop 351426      7.63232     0.92402     2.06812     3.41008
     316 Loop 361425      7.16040     0.98492     2.06812     3.41008
     317 Loop 351624      4.68823     1.50429     2.06812     3.41008
     318 Loop 361524      7.78833     0.90551     2.06812     3.41008
     319 Loop 431526     22.01343     0.32037     2.06812     3.41008
     320 Loop 431625     15.04492     0.46876     2.06812     3.41008
     321 Loop 531426      8.42847     0.83674     2.06812     3.41008
     322 Loop 631425      7.66455     0.92014     2.06812     3.41008
     323 Loop 531624      5.18018     1.36143     2.06812     3.41008
     324 Loop 631524      8.35645     0.84395     2.06812     3.41008
     325 Loop 451326     22.96558     0.30709     2.06812     3.41008
     326 Loop 461325     17.52100     0.40251     2.06812     3.41008
     327 Loop 541326     23.04150     0.30608     2.06812     3.41008
     328 Loop 641325     17.24512     0.40895     2.06812     3.41008
     329 Loop 561324      9.65259     0.73063     2.06812     3.41008
     330 Loop 651324      9.34448     0.75472     2.06812     3.41008
     331 Loop 451623     24.65747     0.28602     2.06812     3.41008
     332 Loop 461523     28.98560     0.24331     2.06812     3.41008
     333 Loop 541623     24.58154     0.28690     2.06812     3.41008
     334 Loop 641523     28.63379     0.24630     2.06812     3.41008
     335 Loop 561423     12.91284     0.54616     2.06812     3.41008
     336 Loop 651423     13.19678     0.53441     2.06812     3.41008
     337 Loop 341562     21.48145     0.32830     2.06812     3.41008
     338 Loop 341652     18.90112     0.37312     2.06812     3.41008
     339 Loop 351462      8.96851     0.78636     2.06812     3.41008
     340 Loop 361452      9.94067     0.70945     2.06812     3.41008
     341 Loop 351642      9.39258     0.75085     2.06812     3.41008
     342 Loop 361542     10.10864     0.69766     2.06812     3.41008
     343 Loop 431562     23.51343     0.29993     2.06812     3.41008
     344 Loop 431652     20.48145     0.34433     2.06812     3.41008
     345 Loop 531462      9.69238     0.72763     2.06812     3.41008
     346 Loop 631452     10.50073     0.67161     2.06812     3.41008
     347 Loop 531642      9.29272     0.75892     2.06812     3.41008
     348 Loop 631542     10.52466     0.67009     2.06812     3.41008
     349 Loop 451362     23.01343     0.30645     2.06812     3.41008
     350 Loop 461352     27.68579     0.25473     2.06812     3.41008
     351 Loop 541362     23.49731     0.30014     2.06812     3.41008
     352 Loop 641352     27.04150     0.26080     2.06812     3.41008
     353 Loop 561342     12.22485     0.57689     2.06812     3.41008
     354 Loop 651342     11.91260     0.59202     2.06812     3.41008
     355 Loop 451632     24.59766     0.28671     2.06812     3.41008
     356 Loop 461532     29.56177     0.23857     2.06812     3.41008
     357 Loop 541632     24.04150     0.29334     2.06812     3.41008
     358 Loop 641532     28.98584     0.24331     2.06812     3.41008
     359 Loop 561432     12.43311     0.56723     2.06812     3.41008
     360 Loop 651432     12.43701     0.56705     2.06812     3.41008
     361 Loop 234156      5.41992     1.30121     2.06812     3.41008
     362 Loop 234165      2.88428     2.44513     2.06812     3.41008
     363 Loop 235146      5.11621     1.37845     2.06812     3.41008
     364 Loop 236145      2.90820     2.42502     2.06812     3.41008
     365 Loop 235164      2.31641     3.04456     2.06812     3.41008
     366 Loop 236154      2.34033     3.01344     2.06812     3.41008
     367 Loop 243156     17.94922     0.39291     2.06812     3.41008
     368 Loop 243165     13.24072     0.53263     2.06812     3.41008
     369 Loop 253146      7.66846     0.91967     2.06812     3.41008
     370 Loop 263145      6.48438     1.08761     2.06812     3.41008
     371 Loop 253164      4.72412     1.49286     2.06812     3.41008
     372 Loop 263154      7.26807     0.97033     2.06812     3.41008
     373 Loop 245136     20.27734     0.34780     2.06812     3.41008
     374 Loop 246135     13.98877     0.50415     2.06812     3.41008
     375 Loop 254136     20.14893     0.35002     2.06812     3.41008
     376 Loop 264135      7.69678     0.91628     2.06812     3.41008
     377 Loop 256134      8.54443     0.82538     2.06812     3.41008
     378 Loop 265134      7.90088     0.89261     2.06812     3.41008
     379 Loop 245163     22.05762     0.31973     2.06812     3.41008
     380 Loop 246153     20.62939     0.34186     2.06812     3.41008
     381 Loop 254163     21.94141     0.32142     2.06812     3.41008
     382 Loop 264153     12.14062     0.58090     2.06812     3.41008
     383 Loop 256143     12.72070     0.55441     2.06812     3.41008
     384 Loop 265143     11.75293     0.60006     2.06812     3.41008
     385 Loop 324156      5.39258     1.30780     2.06812     3.41008
     386 Loop 324165      2.86426     2.46222     2.06812     3.41008
     387 Loop 325146      5.21631     1.35200     2.06812     3.41008
     388 Loop 326145      2.76807     2.54779     2.06812     3.41008
     389 Loop 325164      2.37988     2.96336     2.06812     3.41008
     390 Loop 326154      2.30811     3.05551     2.06812     3.41008
     391 Loop 423156     19.68896     0.35819     2.06812     3.41008
     392 Loop 423165     14.12891     0.49915     2.06812     3.41008
     393 Loop 523146      7.90479     0.89217     2.06812     3.41008
     394 Loop 623145      6.48047     1.08826     2.06812     3.41008
     395 Loop 523164      5.00049     1.41035     2.06812     3.41008
     396 Loop 623154      7.52441     0.93727     2.06812     3.41008
     397 Loop 425136     21.36914     0.33003     2.06812     3.41008
     398 Loop 426135     15.23682     0.46286     2.06812     3.41008
     399 Loop 524136     20.34912     0.34657     2.06812     3.41008
     400 Loop 624135      8.14844     0.86550     2.06812     3.41008
     401 Loop 526134      8.66846     0.81358     2.06812     3.41008
     402 Loop 625134      8.04443     0.87669     2.06812     3.41008
     403 Loop 425163     22.94922     0.30731     2.06812     3.41008
     404 Loop 426153     22.74951     0.31000     2.06812     3.41008
     405 Loop 524163     22.56152     0.31259     2.06812     3.41008
     406 Loop 624153     12.78076     0.55180     2.06812     3.41008
     407 Loop 526143     12.82080     0.55008     2.06812     3.41008
     408 Loop 625143     12.04883     0.58532     2.06812     3.41008
     409 Loop 342156     18.04932     0.39073     2.06812     3.41008
     410 Loop 342165     12.99268     0.54280     2.06812     3.41008
     411 Loop 352146      7.62012     0.92550     2.06812     3.41008
     412 Loop 362145      6.37646     1.10601     2.06812     3.41008
     413 Loop 352164      4.77637     1.47653     2.06812     3.41008
     414 Loop 362154      7.55615     0.93334     2.06812     3.41008
     415 Loop 432156     20.19727     0.34918     2.06812     3.41008
     416 Loop 432165     14.79297     0.47674     2.06812     3.41008
     417 Loop 532146      7.88086     0.89488     2.06812     3.41008
     418 Loop 632145      6.43262     1.09636     2.06812     3.41008
     419 Loop 532164      5.02441     1.40363     2.06812     3.41008
     420 Loop 632154      7.83643     0.89996     2.06812     3.41008
     421 Loop 452136     22.82520     0.30898     2.06812     3.41008
     422 Loop 462135     17.80078     0.39619     2.06812     3.41008
     423 Loop 542136     22.83740     0.30881     2.06812     3.41008
     424 Loop 642135     17.37305     0.40594     2.06812     3.41008
     425 Loop 562134      9.56494     0.73732     2.06812     3.41008
     426 Loop 652134      9.32861     0.75600     2.06812     3.41008
     427 Loop 452163     24.01758     0.29364     2.06812     3.41008
     428 Loop 462153     31.19385     0.22608     2.06812     3.41008
     429 Loop 542163     24.35742     0.28954     2.06812     3.41008
     430 Loop 642153     30.65381     0.23007     2.06812     3.41008
     431 Loop 562143     13.66504     0.51609     2.06812     3.41008
     432 Loop 652143     13.27295     0.53134     2.06812     3.41008
     433 Loop 345126     20.29688     0.34746     2.06812     3.41008
     434 Loop 346125     14.29688     0.49329     2.06812     3.41008
     435 Loop 354126     20.82129     0.33871     2.06812     3.41008
     436 Loop 364125      7.89258     0.89355     2.06812     3.41008
     437 Loop 356124      8.91260     0.79129     2.06812     3.41008
     438 Loop 365124      8.07617     0.87324     2.06812     3.41008
     439 Loop 435126     21.80957     0.32336     2.06812     3.41008
     440 Loop 436125     14.77295     0.47739     2.06812     3.41008
     441 Loop 534126     20.74951     0.33988     2.06812     3.41008
     442 Loop 634125      8.21240     0.85875     2.06812     3.41008
     443 Loop 536124      8.85254     0.79666     2.06812     3.41008
     444 Loop 635124      8.22852     0.85707     2.06812     3.41008
     445 Loop 453126     22.91748     0.30773     2.06812     3.41008
     446 Loop 463125     17.29688     0.40773     2.06812     3.41008
     447 Loop 543126     22.79736     0.30935     2.06812     3.41008
     448 Loop 643125     17.04102     0.41385     2.06812     3.41008
     449 Loop 563124      9.74072     0.72402     2.06812     3.41008
     450 Loop 653124      9.40088     0.75019     2.06812     3.41008
     451 Loop 456123     28.42578     0.24810     2.06812     3.41008
     452 Loop 465123     28.30957     0.24912     2.06812     3.41008
     453 Loop 546123     28.16602     0.25039     2.06812     3.41008
     454 Loop 645123     27.65381     0.25503     2.06812     3.41008
     455 Loop 564123     26.38135     0.26733     2.06812     3.41008
     456 Loop 654123     26.28564     0.26830     2.06812     3.41008
     457 Loop 345162     21.52539     0.32763     2.06812     3.41008
     458 Loop 346152     20.07715     0.35127     2.06812     3.41008
     459 Loop 354162     21.48145     0.32830     2.06812     3.41008
     460 Loop 364152     11.08887     0.63599     2.06812     3.41008
     461 Loop 356142     11.60449     0.60773     2.06812     3.41008
     462 Loop 365142      9.96436     0.70777     2.06812     3.41008
     463 Loop 435162     23.04541     0.30602     2.06812     3.41008
     464 Loop 436152     21.52148     0.32769     2.06812     3.41008
     465 Loop 534162     21.94922     0.32131     2.06812     3.41008
     466 Loop 634152     11.86475     0.59440     2.06812     3.41008
     467 Loop 536142     11.22852     0.62808     2.06812     3.41008
     468 Loop 635142     10.56494     0.66753     2.06812     3.41008
     469 Loop 453162     23.50146     0.30009     2.06812     3.41008
     470 Loop 463152     26.85742     0.26259     2.06812     3.41008
     471 Loop 543162     23.92578     0.29476     2.06812     3.41008
     472 Loop 643152     26.39746     0.26716     2.06812     3.41008
     473 Loop 563142     11.94482     0.59042     2.06812     3.41008
     474 Loop 653142     11.94873     0.59023     2.06812     3.41008
     475 Loop 456132     28.68164     0.24589     2.06812     3.41008
     476 Loop 465132     29.15771     0.24187     2.06812     3.41008
     477 Loop 546132     28.64551     0.24620     2.06812     3.41008
     478 Loop 645132     28.28174     0.24936     2.06812     3.41008
     479 Loop 564132     26.75342     0.26361     2.06812     3.41008
     480 Loop 654132     26.42578     0.26688     2.06812     3.41008
     481 Loop 234516      5.43262     1.29817     2.06812     3.41008
     482 Loop 234615      3.47998     2.02657     2.06812     3.41008
     483 Loop 235416      5.34033     1.32060     2.06812     3.41008
     484 Loop 236415      3.17627     2.22035     2.06812     3.41008
     485 Loop 235614      2.81641     2.50406     2.06812     3.41008
     486 Loop 236514      2.85986     2.46601     2.06812     3.41008
     487 Loop 243516     17.38916     0.40557     2.06812     3.41008
     488 Loop 243615     12.80908     0.55058     2.06812     3.41008
     489 Loop 253416      6.82080     1.03396     2.06812     3.41008
     490 Loop 263415      6.62842     1.06397     2.06812     3.41008
     491 Loop 253614      4.68018     1.50688     2.06812     3.41008
     492 Loop 263514      7.82471     0.90130     2.06812     3.41008
     493 Loop 245316     17.40479     0.40520     2.06812     3.41008
     494 Loop 246315     13.50098     0.52237     2.06812     3.41008
     495 Loop 254316     18.20117     0.38747     2.06812     3.41008
     496 Loop 264315      7.40430     0.95248     2.06812     3.41008
     497 Loop 256314      8.71631     0.80911     2.06812     3.41008
     498 Loop 265314      7.94434     0.88773     2.06812     3.41008
     499 Loop 245613     17.95703     0.39274     2.06812     3.41008
     500 Loop 246513     19.34521     0.36456     2.06812     3.41008
     501 Loop 254613     17.84912     0.39511     2.06812     3.41008
     502 Loop 264513     12.62109     0.55878     2.06812     3.41008
     503 Loop 256413     12.45264     0.56634     2.06812     3.41008
     504 Loop 265413     11.76074     0.59966     2.06812     3.41008
     505 Loop 324516      5.36816     1.31375     2.06812     3.41008
     506 Loop 324615      3.44824     2.04523     2.06812     3.41008
     507 Loop 325416      5.36426     1.31471     2.06812     3.41008
     508 Loop 326415      3.22021     2.19005     2.06812     3.41008
     509 Loop 325614      2.81592     2.50449     2.06812     3.41008
     510 Loop 326514      2.99219     2.35695     2.06812     3.41008
     511 Loop 423516     18.99316     0.37131     2.06812     3.41008
     512 Loop 423615     14.63330     0.48194     2.06812     3.41008
     513 Loop 523416      7.32080     0.96334     2.06812     3.41008
     514 Loop 623415      7.10840     0.99213     2.06812     3.41008
     515 Loop 523614      5.06055     1.39361     2.06812     3.41008
     516 Loop 623514      8.13672     0.86674     2.06812     3.41008
     517 Loop 425316     19.24121     0.36653     2.06812     3.41008
     518 Loop 426315     14.71680     0.47921     2.06812     3.41008
     519 Loop 524316     18.35742     0.38417     2.06812     3.41008
     520 Loop 624315      7.92432     0.88997     2.06812     3.41008
     521 Loop 526314      8.82422     0.79921     2.06812     3.41008
     522 Loop 625314      8.23633     0.85626     2.06812     3.41008
     523 Loop 425613     19.34521     0.36456     2.06812     3.41008
     524 Loop 426513     20.81689     0.33878     2.06812     3.41008
     525 Loop 524613     18.11328     0.38935     2.06812     3.41008
     526 Loop 624513     12.99316     0.54278     2.06812     3.41008
     527 Loop 526413     12.74072     0.55354     2.06812     3.41008
     528 Loop 625413     11.98486     0.58845     2.06812     3.41008
     529 Loop 342516     17.49316     0.40315     2.06812     3.41008
     530 Loop 342615     13.08057     0.53915     2.06812     3.41008
     531 Loop 352416      6.78027     1.04014     2.06812     3.41008
     532 Loop 362415      6.75244     1.04443     2.06812     3.41008
     533 Loop 352614      4.78027     1.47532     2.06812     3.41008
     534 Loop 362514      8.08887     0.87187     2.06812     3.41008
     535 Loop 432516     18.84131     0.37431     2.06812     3.41008
     536 Loop 432615     14.44482     0.48823     2.06812     3.41008
     537 Loop 532416      7.17627     0.98274     2.06812     3.41008
     538 Loop 632415      7.30029     0.96605     2.06812     3.41008
     539 Loop 532614      4.98828     1.41380     2.06812     3.41008
     540 Loop 632514      8.20020     0.86003     2.06812     3.41008
     541 Loop 452316     20.38135     0.34602     2.06812     3.41008
     542 Loop 462315     17.22900     0.40934     2.06812     3.41008
     543 Loop 542316     20.31348     0.34718     2.06812     3.41008
     544 Loop 642315     16.64941     0.42358     2.06812     3.41008
     545 Loop 562314      9.37646     0.75214     2.06812     3.41008
     546 Loop 652314      8.74854     0.80613     2.06812     3.41008
     547 Loop 452613     18.17334     0.38807     2.06812     3.41008
     548 Loop 462513     24.53760     0.28741     2.06812     3.41008
     549 Loop 542613     18.00146     0.39177     2.06812     3.41008
     550 Loop 642513     24.15381     0.29198     2.06812     3.41008
     551 Loop 562413     12.24902     0.57576     2.06812     3.41008
     552 Loop 652413     12.20898     0.57764     2.06812     3.41008
     553 Loop 345216     15.98926     0.44107     2.06812     3.41008
     554 Loop 346215     11.96875     0.58924     2.06812     3.41008
     555 Loop 354216     16.93311     0.41649     2.06812     3.41008
     556 Loop 364215      6.80029     1.03708     2.06812     3.41008
     557 Loop 356214      8.17236     0.86296     2.06812     3.41008
     558 Loop 365214      7.41650     0.95091     2.06812     3.41008
     559 Loop 435216     17.73291     0.39770     2.06812     3.41008
     560 Loop 436215     13.27246     0.53136     2.06812     3.41008
     561 Loop 534216     17.03320     0.41404     2.06812     3.41008
     562 Loop 634215      7.13623     0.98826     2.06812     3.41008
     563 Loop 536214      8.36865     0.84272     2.06812     3.41008
     564 Loop 635214      7.74463     0.91062     2.06812     3.41008
     565 Loop 453216     18.88086     0.37352     2.06812     3.41008
     566 Loop 463215     15.39307     0.45816     2.06812     3.41008
     567 Loop 543216     18.87744     0.37359     2.06812     3.41008
     568 Loop 643215     14.92480     0.47253     2.06812     3.41008
     569 Loop 563214      8.86426     0.79560     2.06812     3.41008
     570 Loop 653214      8.78027     0.80321     2.06812     3.41008
     571 Loop 456213     24.22559     0.29112     2.06812     3.41008
     572 Loop 465213     24.66162     0.28597     2.06812     3.41008
     573 Loop 546213     24.18555     0.29160     2.06812     3.41008
     574 Loop 645213     23.94141     0.29457     2.06812     3.41008
     575 Loop 564213     22.76953     0.30973     2.06812     3.41008
     576 Loop 654213     22.77344     0.30968     2.06812     3.41008
     577 Loop 345612     16.60107     0.42482     2.06812     3.41008
     578 Loop 346512     17.44531     0.40426     2.06812     3.41008
     579 Loop 354612     16.56104     0.42585     2.06812     3.41008
     580 Loop 364512     10.63672     0.66303     2.06812     3.41008
     581 Loop 356412     10.50879     0.67110     2.06812     3.41008
     582 Loop 365412      9.65674     0.73031     2.06812     3.41008
     583 Loop 435612     18.40088     0.38327     2.06812     3.41008
     584 Loop 436512     19.14502     0.36837     2.06812     3.41008
     585 Loop 534612     16.88477     0.41768     2.06812     3.41008
     586 Loop 634512     11.28857     0.62474     2.06812     3.41008
     587 Loop 536412     10.80859     0.65248     2.06812     3.41008
     588 Loop 635412     10.08496     0.69930     2.06812     3.41008
     589 Loop 453612     18.82129     0.37471     2.06812     3.41008
     590 Loop 463512     24.76953     0.28472     2.06812     3.41008
     591 Loop 543612     19.05322     0.37014     2.06812     3.41008
     592 Loop 643512     24.42920     0.28869     2.06812     3.41008
     593 Loop 563412     11.23242     0.62786     2.06812     3.41008
     594 Loop 653412     11.13672     0.63326     2.06812     3.41008
     595 Loop 456312     24.63770     0.28625     2.06812     3.41008
     596 Loop 465312     25.44922     0.27712     2.06812     3.41008
     597 Loop 546312     24.68945     0.28565     2.06812     3.41008
     598 Loop 645312     24.28516     0.29040     2.06812     3.41008
     599 Loop 564312     23.15723     0.30455     2.06812     3.41008
     600 Loop 654312     23.09326     0.30539     2.06812     3.41008
     601 Loop 234561      4.85205     1.45350     2.06812     3.41008
     602 Loop 234651      4.83203     1.45952     2.06812     3.41008
     603 Loop 235461      4.86035     1.45101     2.06812     3.41008
     604 Loop 236451      4.72021     1.49409     2.06812     3.41008
     605 Loop 235641      4.68799     1.50436     2.06812     3.41008
     606 Loop 236541      4.72021     1.49409     2.06812     3.41008
     607 Loop 243561     15.00049     0.47015     2.06812     3.41008
     608 Loop 243651     14.71289     0.47934     2.06812     3.41008
     609 Loop 253461      5.82861     1.20997     2.06812     3.41008
     610 Loop 263451      7.26074     0.97131     2.06812     3.41008
     611 Loop 253641      5.76855     1.22257     2.06812     3.41008
     612 Loop 263541      7.42432     0.94991     2.06812     3.41008
     613 Loop 245361     14.92090     0.47266     2.06812     3.41008
     614 Loop 246351     15.57275     0.45287     2.06812     3.41008
     615 Loop 254361     14.92090     0.47266     2.06812     3.41008
     616 Loop 264351      8.31689     0.84797     2.06812     3.41008
     617 Loop 256341      8.02881     0.87839     2.06812     3.41008
     618 Loop 265341      7.43262     0.94885     2.06812     3.41008
     619 Loop 245631     15.38525     0.45839     2.06812     3.41008
     620 Loop 246531     16.25293     0.43392     2.06812     3.41008
     621 Loop 254631     15.36084     0.45912     2.06812     3.41008
     622 Loop 264531      8.87256     0.79486     2.06812     3.41008
     623 Loop 256431      8.62842     0.81735     2.06812     3.41008
     624 Loop 265431      8.04834     0.87626     2.06812     3.41008
     625 Loop 324561      4.85645     1.45218     2.06812     3.41008
     626 Loop 324651      4.84033     1.45702     2.06812     3.41008
     627 Loop 325461      4.92041     1.43330     2.06812     3.41008
     628 Loop 326451      4.78418     1.47412     2.06812     3.41008
     629 Loop 325641      4.76074     1.48137     2.06812     3.41008
     630 Loop 326541      4.78857     1.47276     2.06812     3.41008
     631 Loop 423561     16.05713     0.43921     2.06812     3.41008
     632 Loop 423651     15.72510     0.44848     2.06812     3.41008
     633 Loop 523461      6.04004     1.16762     2.06812     3.41008
     634 Loop 623451      7.64404     0.92261     2.06812     3.41008
     635 Loop 523641      5.92432     1.19042     2.06812     3.41008
     636 Loop 623541      7.77246     0.90736     2.06812     3.41008
     637 Loop 425361     16.39697     0.43011     2.06812     3.41008
     638 Loop 426351     16.75342     0.42096     2.06812     3.41008
     639 Loop 524361     15.04102     0.46888     2.06812     3.41008
     640 Loop 624351      8.84082     0.79771     2.06812     3.41008
     641 Loop 526341      8.15283     0.86503     2.06812     3.41008
     642 Loop 625341      7.82080     0.90175     2.06812     3.41008
     643 Loop 425631     17.06934     0.41316     2.06812     3.41008
     644 Loop 426531     17.70508     0.39833     2.06812     3.41008
     645 Loop 524631     15.52881     0.45415     2.06812     3.41008
     646 Loop 624531      9.35645     0.75375     2.06812     3.41008
     647 Loop 526431      8.75293     0.80572     2.06812     3.41008
     648 Loop 625431      8.58447     0.82153     2.06812     3.41008
     649 Loop 342561     15.02881     0.46926     2.06812     3.41008
     650 Loop 342651     14.78467     0.47701     2.06812     3.41008
     651 Loop 352461      5.91211     1.19288     2.06812     3.41008
     652 Loop 362451      7.36426     0.95766     2.06812     3.41008
     653 Loop 352641      5.77246     1.22174     2.06812     3.41008
     654 Loop 362541      7.48828     0.94180     2.06812     3.41008
     655 Loop 432561     16.08105     0.43856     2.06812     3.41008
     656 Loop 432651     15.76514     0.44734     2.06812     3.41008
     657 Loop 532461      6.04492     1.16667     2.06812     3.41008
     658 Loop 632451      7.73242     0.91206     2.06812     3.41008
     659 Loop 532641      5.97656     1.18002     2.06812     3.41008
     660 Loop 632541      7.77246     0.90736     2.06812     3.41008
     661 Loop 452361     17.35645     0.40633     2.06812     3.41008
     662 Loop 462351     20.20508     0.34904     2.06812     3.41008
     663 Loop 542361     17.29297     0.40782     2.06812     3.41008
     664 Loop 642351     19.61719     0.35950     2.06812     3.41008
     665 Loop 562341      8.73242     0.80762     2.06812     3.41008
     666 Loop 652341      8.72461     0.80834     2.06812     3.41008
     667 Loop 452631     17.31738     0.40725     2.06812     3.41008
     668 Loop 462531     21.05762     0.33491     2.06812     3.41008
     669 Loop 542631     17.29688     0.40773     2.06812     3.41008
     670 Loop 642531     21.03809     0.33522     2.06812     3.41008
     671 Loop 562431      9.83691     0.71694     2.06812     3.41008
     672 Loop 652431      9.82031     0.71815     2.06812     3.41008
     673 Loop 345261     16.02148     0.44019     2.06812     3.41008
     674 Loop 346251     16.14160     0.43691     2.06812     3.41008
     675 Loop 354261     15.64941     0.45065     2.06812     3.41008
     676 Loop 364251      8.70117     0.81052     2.06812     3.41008
     677 Loop 356241      8.42090     0.83749     2.06812     3.41008
     678 Loop 365241      7.88086     0.89488     2.06812     3.41008
     679 Loop 435261     17.38086     0.40576     2.06812     3.41008
     680 Loop 436251     16.65332     0.42349     2.06812     3.41008
     681 Loop 534261     15.20508     0.46382     2.06812     3.41008
     682 Loop 634251      8.77637     0.80357     2.06812     3.41008
     683 Loop 536241      8.21289     0.85870     2.06812     3.41008
     684 Loop 635241      7.98438     0.88328     2.06812     3.41008
     685 Loop 453261     17.38184     0.40574     2.06812     3.41008
     686 Loop 463251     20.16113     0.34980     2.06812     3.41008
     687 Loop 543261     17.35742     0.40631     2.06812     3.41008
     688 Loop 643251     19.78516     0.35645     2.06812     3.41008
     689 Loop 563241      9.90527     0.71199     2.06812     3.41008
     690 Loop 653241      9.91699     0.71115     2.06812     3.41008
     691 Loop 456231     22.50098     0.31343     2.06812     3.41008
     692 Loop 465231     23.04590     0.30602     2.06812     3.41008
     693 Loop 546231     23.05273     0.30593     2.06812     3.41008
     694 Loop 645231     20.89746     0.33748     2.06812     3.41008
     695 Loop 564231     20.02539     0.35217     2.06812     3.41008
     696 Loop 654231     19.80566     0.35608     2.06812     3.41008
     697 Loop 345621     15.43652     0.45687     2.06812     3.41008
     698 Loop 346521     16.00488     0.44064     2.06812     3.41008
     699 Loop 354621     15.38477     0.45840     2.06812     3.41008
     700 Loop 364521      8.76074     0.80500     2.06812     3.41008
     701 Loop 356421      8.53613     0.82619     2.06812     3.41008
     702 Loop 365421      7.91309     0.89124     2.06812     3.41008
     703 Loop 435621     17.09277     0.41260     2.06812     3.41008
     704 Loop 436521     17.56152     0.40158     2.06812     3.41008
     705 Loop 534621     15.50488     0.45485     2.06812     3.41008
     706 Loop 634521      9.22070     0.76485     2.06812     3.41008
     707 Loop 536421      8.63281     0.81693     2.06812     3.41008
     708 Loop 635421      8.39258     0.84032     2.06812     3.41008
     709 Loop 453621     17.40527     0.40519     2.06812     3.41008
     710 Loop 463521     21.31348     0.33089     2.06812     3.41008
     711 Loop 543621     17.19727     0.41009     2.06812     3.41008
     712 Loop 643521     20.79785     0.33909     2.06812     3.41008
     713 Loop 563421      9.24023     0.76323     2.06812     3.41008
     714 Loop 653421      9.18066     0.76818     2.06812     3.41008
     715 Loop 456321     21.11328     0.33403     2.06812     3.41008
     716 Loop 465321     21.52148     0.32769     2.06812     3.41008
     717 Loop 546321     21.15332     0.33340     2.06812     3.41008
     718 Loop 645321     20.63379     0.34179     2.06812     3.41008
     719 Loop 564321     19.84961     0.35529     2.06812     3.41008
     720 Loop 654321     19.77344     0.35666     2.06812     3.41008
 The best time is:    2.068115    
 The speedup is:      3.410081    
