 TESTING TRANPOSE TYPE 326154
 Hirata Reference =    2.644164     seconds
 Algorithm         Jeff           Speedup          Best
       1 Loop 123456      1.10407     2.39492     1.10407     2.39492
       2 Loop 123465      1.44809     1.82597     1.10407     2.39492
       3 Loop 123546      1.14007     2.31930     1.10407     2.39492
       4 Loop 123645      1.46809     1.80109     1.10407     2.39492
       5 Loop 123564      1.07607     2.45725     1.07607     2.45725
       6 Loop 123654      1.18407     2.23311     1.07607     2.45725
       7 Loop 124356      1.40009     1.88857     1.07607     2.45725
       8 Loop 124365      1.73211     1.52656     1.07607     2.45725
       9 Loop 125346      1.08407     2.43912     1.07607     2.45725
      10 Loop 126345      1.42409     1.85674     1.07607     2.45725
      11 Loop 125364      1.19208     2.21812     1.07607     2.45725
      12 Loop 126354      1.17207     2.25597     1.07607     2.45725
      13 Loop 124536      1.36408     1.93842     1.07607     2.45725
      14 Loop 124635      1.69211     1.56265     1.07607     2.45725
      15 Loop 125436      1.44009     1.83611     1.07607     2.45725
      16 Loop 126435      1.88012     1.40638     1.07607     2.45725
      17 Loop 125634      0.94806     2.78903     0.94806     2.78903
      18 Loop 126534      1.12007     2.36071     0.94806     2.78903
      19 Loop 124563      1.59210     1.66080     0.94806     2.78903
      20 Loop 124653      1.59610     1.65664     0.94806     2.78903
      21 Loop 125463      1.68811     1.56635     0.94806     2.78903
      22 Loop 126453      1.76411     1.49887     0.94806     2.78903
      23 Loop 125643      1.47609     1.79133     0.94806     2.78903
      24 Loop 126543      1.78811     1.47875     0.94806     2.78903
      25 Loop 132456      0.98006     2.69796     0.94806     2.78903
      26 Loop 132465      1.32008     2.00303     0.94806     2.78903
      27 Loop 132546      1.13607     2.32747     0.94806     2.78903
      28 Loop 132645      1.31208     2.01525     0.94806     2.78903
      29 Loop 132564      1.16407     2.27147     0.94806     2.78903
      30 Loop 132654      1.13607     2.32747     0.94806     2.78903
      31 Loop 142356      2.05613     1.28599     0.94806     2.78903
      32 Loop 142365      2.78017     0.95108     0.94806     2.78903
      33 Loop 152346      1.36808     1.93275     0.94806     2.78903
      34 Loop 162345      2.45615     1.07655     0.94806     2.78903
      35 Loop 152364      1.18407     2.23311     0.94806     2.78903
      36 Loop 162354      2.06013     1.28350     0.94806     2.78903
      37 Loop 142536      1.51210     1.74867     0.94806     2.78903
      38 Loop 142635      2.80817     0.94160     0.94806     2.78903
      39 Loop 152436      1.52410     1.73490     0.94806     2.78903
      40 Loop 162435      2.70817     0.97637     0.94806     2.78903
      41 Loop 152634      1.04807     2.52290     0.94806     2.78903
      42 Loop 162534      2.15614     1.22634     0.94806     2.78903
      43 Loop 142563      1.91212     1.38284     0.94806     2.78903
      44 Loop 142653      1.99612     1.32465     0.94806     2.78903
      45 Loop 152463      1.57610     1.67766     0.94806     2.78903
      46 Loop 162453      2.71217     0.97493     0.94806     2.78903
      47 Loop 152643      1.56810     1.68622     0.94806     2.78903
      48 Loop 162543      2.66417     0.99249     0.94806     2.78903
      49 Loop 134256      1.24007     2.13226     0.94806     2.78903
      50 Loop 134265      1.67611     1.57756     0.94806     2.78903
      51 Loop 135246      1.09607     2.41241     0.94806     2.78903
      52 Loop 136245      1.43609     1.84123     0.94806     2.78903
      53 Loop 135264      1.10407     2.39492     0.94806     2.78903
      54 Loop 136254      1.23608     2.13916     0.94806     2.78903
      55 Loop 143256      1.94012     1.36289     0.94806     2.78903
      56 Loop 143265      2.79217     0.94699     0.94806     2.78903
      57 Loop 153246      1.43609     1.84123     0.94806     2.78903
      58 Loop 163245      2.38415     1.10906     0.94806     2.78903
      59 Loop 153264      1.14008     2.31929     0.94806     2.78903
      60 Loop 163254      2.15214     1.22862     0.94806     2.78903
      61 Loop 145236      2.14014     1.23551     0.94806     2.78903
      62 Loop 146235      3.08419     0.85733     0.94806     2.78903
      63 Loop 154236      1.87611     1.40938     0.94806     2.78903
      64 Loop 164235      3.31621     0.79735     0.94806     2.78903
      65 Loop 156234      1.30808     2.02140     0.94806     2.78903
      66 Loop 165234      2.33615     1.13185     0.94806     2.78903
      67 Loop 145263      2.40415     1.09983     0.94806     2.78903
      68 Loop 146253      2.36414     1.11844     0.94806     2.78903
      69 Loop 154263      2.18814     1.20841     0.94806     2.78903
      70 Loop 164253      3.00819     0.87899     0.94806     2.78903
      71 Loop 156243      1.78812     1.47874     0.94806     2.78903
      72 Loop 165243      2.88419     0.91678     0.94806     2.78903
      73 Loop 134526      1.50409     1.75798     0.94806     2.78903
      74 Loop 134625      2.00813     1.31673     0.94806     2.78903
      75 Loop 135426      1.48410     1.78166     0.94806     2.78903
      76 Loop 136425      1.75212     1.50912     0.94806     2.78903
      77 Loop 135624      1.12007     2.36071     0.94806     2.78903
      78 Loop 136524      1.24008     2.13225     0.94806     2.78903
      79 Loop 143526      1.82413     1.44955     0.94806     2.78903
      80 Loop 143625      2.83218     0.93361     0.94806     2.78903
      81 Loop 153426      1.69211     1.56264     0.94806     2.78903
      82 Loop 163425      2.82817     0.93494     0.94806     2.78903
      83 Loop 153624      1.01205     2.61267     0.94806     2.78903
      84 Loop 163524      2.18013     1.21285     0.94806     2.78903
      85 Loop 145326      1.99612     1.32465     0.94806     2.78903
      86 Loop 146325      3.27621     0.80708     0.94806     2.78903
      87 Loop 154326      1.88013     1.40638     0.94806     2.78903
      88 Loop 164325      3.38821     0.78040     0.94806     2.78903
      89 Loop 156324      1.26407     2.09179     0.94806     2.78903
      90 Loop 165324      2.40816     1.09800     0.94806     2.78903
      91 Loop 145623      2.70418     0.97781     0.94806     2.78903
      92 Loop 146523      2.62418     1.00762     0.94806     2.78903
      93 Loop 154623      2.61617     1.01070     0.94806     2.78903
      94 Loop 164523      3.38020     0.78225     0.94806     2.78903
      95 Loop 156423      2.18013     1.21285     0.94806     2.78903
      96 Loop 165423      3.23621     0.81706     0.94806     2.78903
      97 Loop 134562      1.79211     1.47544     0.94806     2.78903
      98 Loop 134652      1.62010     1.63210     0.94806     2.78903
      99 Loop 135462      1.74811     1.51259     0.94806     2.78903
     100 Loop 136452      1.55209     1.70361     0.94806     2.78903
     101 Loop 135642      1.28407     2.05920     0.94806     2.78903
     102 Loop 136542      1.45209     1.82094     0.94806     2.78903
     103 Loop 143562      2.08812     1.26629     0.94806     2.78903
     104 Loop 143652      2.05212     1.28850     0.94806     2.78903
     105 Loop 153462      1.80011     1.46889     0.94806     2.78903
     106 Loop 163452      2.53616     1.04258     0.94806     2.78903
     107 Loop 153642      1.25208     2.11183     0.94806     2.78903
     108 Loop 163542      2.51215     1.05255     0.94806     2.78903
     109 Loop 145362      2.34015     1.12991     0.94806     2.78903
     110 Loop 146352      2.33615     1.13185     0.94806     2.78903
     111 Loop 154362      2.04013     1.29608     0.94806     2.78903
     112 Loop 164352      2.79619     0.94563     0.94806     2.78903
     113 Loop 156342      1.64410     1.60827     0.94806     2.78903
     114 Loop 165342      2.66415     0.99250     0.94806     2.78903
     115 Loop 145632      2.77217     0.95382     0.94806     2.78903
     116 Loop 146532      2.62016     1.00916     0.94806     2.78903
     117 Loop 154632      2.62416     1.00762     0.94806     2.78903
     118 Loop 164532      3.16020     0.83671     0.94806     2.78903
     119 Loop 156432      2.22014     1.19099     0.94806     2.78903
     120 Loop 165432      3.06819     0.86180     0.94806     2.78903
     121 Loop 213456      0.99207     2.66531     0.94806     2.78903
     122 Loop 213465      1.31207     2.01526     0.94806     2.78903
     123 Loop 213546      0.98405     2.68701     0.94806     2.78903
     124 Loop 213645      1.24408     2.12540     0.94806     2.78903
     125 Loop 213564      1.06407     2.48495     0.94806     2.78903
     126 Loop 213654      1.04007     2.54230     0.94806     2.78903
     127 Loop 214356      1.32007     2.00305     0.94806     2.78903
     128 Loop 214365      1.59210     1.66080     0.94806     2.78903
     129 Loop 215346      1.11208     2.37768     0.94806     2.78903
     130 Loop 216345      1.43210     1.84636     0.94806     2.78903
     131 Loop 215364      1.10406     2.39494     0.94806     2.78903
     132 Loop 216354      1.00406     2.63348     0.94806     2.78903
     133 Loop 214536      1.27608     2.07210     0.94806     2.78903
     134 Loop 214635      1.61211     1.64019     0.94806     2.78903
     135 Loop 215436      1.36807     1.93277     0.94806     2.78903
     136 Loop 216435      1.76811     1.49547     0.94806     2.78903
     137 Loop 215634      0.89606     2.95089     0.89606     2.95089
     138 Loop 216534      1.08008     2.44812     0.89606     2.95089
     139 Loop 214563      1.55609     1.69923     0.89606     2.95089
     140 Loop 214653      1.52411     1.73489     0.89606     2.95089
     141 Loop 215463      1.46008     1.81097     0.89606     2.95089
     142 Loop 216453      1.68408     1.57009     0.89606     2.95089
     143 Loop 215643      1.49609     1.76738     0.89606     2.95089
     144 Loop 216543      1.70010     1.55530     0.89606     2.95089
     145 Loop 312456      1.10007     2.40364     0.89606     2.95089
     146 Loop 312465      1.22406     2.16016     0.89606     2.95089
     147 Loop 312546      1.06406     2.48498     0.89606     2.95089
     148 Loop 312645      1.14008     2.31929     0.89606     2.95089
     149 Loop 312564      1.08408     2.43909     0.89606     2.95089
     150 Loop 312654      0.98804     2.67618     0.89606     2.95089
     151 Loop 412356      6.90442     0.38297     0.89606     2.95089
     152 Loop 412365      7.27646     0.36339     0.89606     2.95089
     153 Loop 512346      2.39615     1.10351     0.89606     2.95089
     154 Loop 612345      3.56821     0.74103     0.89606     2.95089
     155 Loop 512364      1.52811     1.73035     0.89606     2.95089
     156 Loop 612354      3.39621     0.77856     0.89606     2.95089
     157 Loop 412536      6.35239     0.41625     0.89606     2.95089
     158 Loop 412635      7.30847     0.36179     0.89606     2.95089
     159 Loop 512436      2.28015     1.15964     0.89606     2.95089
     160 Loop 612435      3.76825     0.70170     0.89606     2.95089
     161 Loop 512634      1.52411     1.73489     0.89606     2.95089
     162 Loop 612534      3.52420     0.75029     0.89606     2.95089
     163 Loop 412563      6.09238     0.43401     0.89606     2.95089
     164 Loop 412653      6.69644     0.39486     0.89606     2.95089
     165 Loop 512463      2.05212     1.28850     0.89606     2.95089
     166 Loop 612453      4.30426     0.61431     0.89606     2.95089
     167 Loop 512643      1.82812     1.44638     0.89606     2.95089
     168 Loop 612543      4.12827     0.64050     0.89606     2.95089
     169 Loop 314256      1.26810     2.08514     0.89606     2.95089
     170 Loop 314265      1.66809     1.58514     0.89606     2.95089
     171 Loop 315246      1.12006     2.36074     0.89606     2.95089
     172 Loop 316245      1.54810     1.70801     0.89606     2.95089
     173 Loop 315264      1.09607     2.41241     0.89606     2.95089
     174 Loop 316254      1.05206     2.51331     0.89606     2.95089
     175 Loop 413256      7.11246     0.37177     0.89606     2.95089
     176 Loop 413265      7.32846     0.36081     0.89606     2.95089
     177 Loop 513246      2.41214     1.09619     0.89606     2.95089
     178 Loop 613245      3.74023     0.70695     0.89606     2.95089
     179 Loop 513264      1.64011     1.61219     0.89606     2.95089
     180 Loop 613254      3.40823     0.77582     0.89606     2.95089
     181 Loop 415236      6.35641     0.41598     0.89606     2.95089
     182 Loop 416235      7.64850     0.34571     0.89606     2.95089
     183 Loop 514236      2.45615     1.07655     0.89606     2.95089
     184 Loop 614235      4.58429     0.57679     0.89606     2.95089
     185 Loop 516234      1.66010     1.59278     0.89606     2.95089
     186 Loop 615234      3.73624     0.70771     0.89606     2.95089
     187 Loop 415263      6.20438     0.42618     0.89606     2.95089
     188 Loop 416253      6.38840     0.41390     0.89606     2.95089
     189 Loop 514263      2.25613     1.17199     0.89606     2.95089
     190 Loop 614253      4.46429     0.59229     0.89606     2.95089
     191 Loop 516243      2.03613     1.29862     0.89606     2.95089
     192 Loop 615243      4.22824     0.62536     0.89606     2.95089
     193 Loop 314526      1.42407     1.85676     0.89606     2.95089
     194 Loop 314625      1.67612     1.57755     0.89606     2.95089
     195 Loop 315426      1.52411     1.73489     0.89606     2.95089
     196 Loop 316425      1.59210     1.66080     0.89606     2.95089
     197 Loop 315624      0.91208     2.89905     0.89606     2.95089
     198 Loop 316524      1.16406     2.27150     0.89606     2.95089
     199 Loop 413526      6.13638     0.43090     0.89606     2.95089
     200 Loop 413625      7.54846     0.35029     0.89606     2.95089
     201 Loop 513426      2.31616     1.14161     0.89606     2.95089
     202 Loop 613425      4.06024     0.65123     0.89606     2.95089
     203 Loop 513624      1.52008     1.73949     0.89606     2.95089
     204 Loop 613524      3.40424     0.77673     0.89606     2.95089
     205 Loop 415326      6.16837     0.42867     0.89606     2.95089
     206 Loop 416325      7.48846     0.35310     0.89606     2.95089
     207 Loop 514326      2.33215     1.13379     0.89606     2.95089
     208 Loop 614325      4.29227     0.61603     0.89606     2.95089
     209 Loop 516324      1.60410     1.64838     0.89606     2.95089
     210 Loop 615324      3.53223     0.74858     0.89606     2.95089
     211 Loop 415623      6.05637     0.43659     0.89606     2.95089
     212 Loop 416523      6.07236     0.43544     0.89606     2.95089
     213 Loop 514623      2.70016     0.97926     0.89606     2.95089
     214 Loop 614523      4.28827     0.61660     0.89606     2.95089
     215 Loop 516423      2.44818     1.08005     0.89606     2.95089
     216 Loop 615423      4.37628     0.60420     0.89606     2.95089
     217 Loop 314562      1.69611     1.55896     0.89606     2.95089
     218 Loop 314652      1.62811     1.62407     0.89606     2.95089
     219 Loop 315462      1.72809     1.53011     0.89606     2.95089
     220 Loop 316452      1.51605     1.74411     0.89606     2.95089
     221 Loop 315642      1.29608     2.04012     0.89606     2.95089
     222 Loop 316542      1.48407     1.78170     0.89606     2.95089
     223 Loop 413562      6.12836     0.43146     0.89606     2.95089
     224 Loop 413652      6.54437     0.40404     0.89606     2.95089
     225 Loop 513462      2.06415     1.28100     0.89606     2.95089
     226 Loop 613452      4.24030     0.62358     0.89606     2.95089
     227 Loop 513642      1.63611     1.61613     0.89606     2.95089
     228 Loop 613542      4.06427     0.65059     0.89606     2.95089
     229 Loop 415362      6.20441     0.42618     0.89606     2.95089
     230 Loop 416352      6.27637     0.42129     0.89606     2.95089
     231 Loop 514362      2.44012     1.08362     0.89606     2.95089
     232 Loop 614352      4.37225     0.60476     0.89606     2.95089
     233 Loop 516342      1.85614     1.42455     0.89606     2.95089
     234 Loop 615342      4.11627     0.64237     0.89606     2.95089
     235 Loop 415632      6.19238     0.42700     0.89606     2.95089
     236 Loop 416532      6.27240     0.42156     0.89606     2.95089
     237 Loop 514632      3.08820     0.85622     0.89606     2.95089
     238 Loop 614532      4.71631     0.56064     0.89606     2.95089
     239 Loop 516432      2.46814     1.07132     0.89606     2.95089
     240 Loop 615432      4.48022     0.59019     0.89606     2.95089
     241 Loop 231456      1.06409     2.48491     0.89606     2.95089
     242 Loop 231465      1.30011     2.03380     0.89606     2.95089
     243 Loop 231546      1.02008     2.59211     0.89606     2.95089
     244 Loop 231645      1.28809     2.05279     0.89606     2.95089
     245 Loop 231564      1.03607     2.55210     0.89606     2.95089
     246 Loop 231654      1.06409     2.48491     0.89606     2.95089
     247 Loop 241356      1.60413     1.64835     0.89606     2.95089
     248 Loop 241365      2.39215     1.10535     0.89606     2.95089
     249 Loop 251346      1.09607     2.41241     0.89606     2.95089
     250 Loop 261345      1.76813     1.49546     0.89606     2.95089
     251 Loop 251364      1.20404     2.19608     0.89606     2.95089
     252 Loop 261354      1.51605     1.74411     0.89606     2.95089
     253 Loop 241536      1.55615     1.69917     0.89606     2.95089
     254 Loop 241635      2.31213     1.14360     0.89606     2.95089
     255 Loop 251436      1.50409     1.75798     0.89606     2.95089
     256 Loop 261435      2.11212     1.25190     0.89606     2.95089
     257 Loop 251634      1.17609     2.24827     0.89606     2.95089
     258 Loop 261534      1.59210     1.66080     0.89606     2.95089
     259 Loop 241563      1.87213     1.41238     0.89606     2.95089
     260 Loop 241653      1.97614     1.33805     0.89606     2.95089
     261 Loop 251463      1.69214     1.56262     0.89606     2.95089
     262 Loop 261453      2.03613     1.29862     0.89606     2.95089
     263 Loop 251643      1.60010     1.65250     0.89606     2.95089
     264 Loop 261543      2.02808     1.30378     0.89606     2.95089
     265 Loop 321456      1.11206     2.37772     0.89606     2.95089
     266 Loop 321465      1.24011     2.13220     0.89606     2.95089
     267 Loop 321546      1.12012     2.36061     0.89606     2.95089
     268 Loop 321645      1.28406     2.05923     0.89606     2.95089
     269 Loop 321564      0.98401     2.68713     0.89606     2.95089
     270 Loop 321654      1.12006     2.36074     0.89606     2.95089
     271 Loop 421356      6.64447     0.39795     0.89606     2.95089
     272 Loop 421365      6.90039     0.38319     0.89606     2.95089
     273 Loop 521346      2.42017     1.09255     0.89606     2.95089
     274 Loop 621345      3.62024     0.73038     0.89606     2.95089
     275 Loop 521364      1.52014     1.73942     0.89606     2.95089
     276 Loop 621354      3.26416     0.81006     0.89606     2.95089
     277 Loop 421536      6.02838     0.43862     0.89606     2.95089
     278 Loop 421635      6.73242     0.39275     0.89606     2.95089
     279 Loop 521436      2.16010     1.22410     0.89606     2.95089
     280 Loop 621435      3.78424     0.69873     0.89606     2.95089
     281 Loop 521634      1.58411     1.66918     0.89606     2.95089
     282 Loop 621534      3.62018     0.73040     0.89606     2.95089
     283 Loop 421563      6.17236     0.42839     0.89606     2.95089
     284 Loop 421653      6.45239     0.40980     0.89606     2.95089
     285 Loop 521463      2.03613     1.29862     0.89606     2.95089
     286 Loop 621453      4.16425     0.63497     0.89606     2.95089
     287 Loop 521643      1.93213     1.36852     0.89606     2.95089
     288 Loop 621543      4.04028     0.65445     0.89606     2.95089
     289 Loop 341256      1.72406     1.53368     0.89606     2.95089
     290 Loop 341265      2.29614     1.15157     0.89606     2.95089
     291 Loop 351246      1.21210     2.18148     0.89606     2.95089
     292 Loop 361245      1.78412     1.48206     0.89606     2.95089
     293 Loop 351264      1.17609     2.24827     0.89606     2.95089
     294 Loop 361254      1.41211     1.87249     0.89606     2.95089
     295 Loop 431256      6.73242     0.39275     0.89606     2.95089
     296 Loop 431265      7.10443     0.37219     0.89606     2.95089
     297 Loop 531246      2.35217     1.12414     0.89606     2.95089
     298 Loop 631245      3.59625     0.73526     0.89606     2.95089
     299 Loop 531264      1.65210     1.60049     0.89606     2.95089
     300 Loop 631254      3.34424     0.79066     0.89606     2.95089
     301 Loop 451236      6.45642     0.40954     0.89606     2.95089
     302 Loop 461235      9.05255     0.29209     0.89606     2.95089
     303 Loop 541236      3.58020     0.73855     0.89606     2.95089
     304 Loop 641235      6.98041     0.37880     0.89606     2.95089
     305 Loop 561234      2.48016     1.06612     0.89606     2.95089
     306 Loop 651234      3.91229     0.67586     0.89606     2.95089
     307 Loop 451263      6.16840     0.42866     0.89606     2.95089
     308 Loop 461253      7.65649     0.34535     0.89606     2.95089
     309 Loop 541263      2.80414     0.94295     0.89606     2.95089
     310 Loop 641253      5.52429     0.47864     0.89606     2.95089
     311 Loop 561243      2.53619     1.04257     0.89606     2.95089
     312 Loop 651243      4.38428     0.60310     0.89606     2.95089
     313 Loop 341526      1.78009     1.48541     0.89606     2.95089
     314 Loop 341625      2.34814     1.12607     0.89606     2.95089
     315 Loop 351426      1.63611     1.61613     0.89606     2.95089
     316 Loop 361425      2.08014     1.27115     0.89606     2.95089
     317 Loop 351624      1.08807     2.43013     0.89606     2.95089
     318 Loop 361524      1.60413     1.64835     0.89606     2.95089
     319 Loop 431526      6.44440     0.41030     0.89606     2.95089
     320 Loop 431625      7.32050     0.36120     0.89606     2.95089
     321 Loop 531426      2.30414     1.14757     0.89606     2.95089
     322 Loop 631425      3.84021     0.68855     0.89606     2.95089
     323 Loop 531624      1.60809     1.64429     0.89606     2.95089
     324 Loop 631524      3.51227     0.75284     0.89606     2.95089
     325 Loop 451326      6.94440     0.38076     0.89606     2.95089
     326 Loop 461325      8.97260     0.29469     0.89606     2.95089
     327 Loop 541326      3.42023     0.77310     0.89606     2.95089
     328 Loop 641325      7.42847     0.35595     0.89606     2.95089
     329 Loop 561324      2.49213     1.06101     0.89606     2.95089
     330 Loop 651324      3.83624     0.68926     0.89606     2.95089
     331 Loop 451623      6.26837     0.42183     0.89606     2.95089
     332 Loop 461523      7.33246     0.36061     0.89606     2.95089
     333 Loop 541623      3.00018     0.88133     0.89606     2.95089
     334 Loop 641523      5.49634     0.48108     0.89606     2.95089
     335 Loop 561423      2.95221     0.89566     0.89606     2.95089
     336 Loop 651423      4.38831     0.60255     0.89606     2.95089
     337 Loop 341562      1.96814     1.34348     0.89606     2.95089
     338 Loop 341652      2.04010     1.29610     0.89606     2.95089
     339 Loop 351462      1.86407     1.41849     0.89606     2.95089
     340 Loop 361452      1.74817     1.51253     0.89606     2.95089
     341 Loop 351642      1.29608     2.04012     0.89606     2.95089
     342 Loop 361542      1.67615     1.57752     0.89606     2.95089
     343 Loop 431562      6.20038     0.42645     0.89606     2.95089
     344 Loop 431652      6.65247     0.39747     0.89606     2.95089
     345 Loop 531462      2.17615     1.21507     0.89606     2.95089
     346 Loop 631452      4.08826     0.64677     0.89606     2.95089
     347 Loop 531642      1.51611     1.74404     0.89606     2.95089
     348 Loop 631542      3.97626     0.66499     0.89606     2.95089
     349 Loop 451362      6.08038     0.43487     0.89606     2.95089
     350 Loop 461352      7.80853     0.33862     0.89606     2.95089
     351 Loop 541362      2.95221     0.89566     0.89606     2.95089
     352 Loop 641352      5.34033     0.49513     0.89606     2.95089
     353 Loop 561342      2.42816     1.08896     0.89606     2.95089
     354 Loop 651342      4.03625     0.65510     0.89606     2.95089
     355 Loop 451632      6.40436     0.41287     0.89606     2.95089
     356 Loop 461532      7.55646     0.34992     0.89606     2.95089
     357 Loop 541632      3.20422     0.82521     0.89606     2.95089
     358 Loop 641532      5.64038     0.46879     0.89606     2.95089
     359 Loop 561432      2.90021     0.91172     0.89606     2.95089
     360 Loop 651432      4.29224     0.61603     0.89606     2.95089
     361 Loop 234156      1.25208     2.11183     0.89606     2.95089
     362 Loop 234165      1.51208     1.74869     0.89606     2.95089
     363 Loop 235146      1.00006     2.64400     0.89606     2.95089
     364 Loop 236145      1.31207     2.01526     0.89606     2.95089
     365 Loop 235164      1.16803     2.26378     0.89606     2.95089
     366 Loop 236154      1.10004     2.40371     0.89606     2.95089
     367 Loop 243156      1.51611     1.74404     0.89606     2.95089
     368 Loop 243165      2.04816     1.29100     0.89606     2.95089
     369 Loop 253146      1.24414     2.12529     0.89606     2.95089
     370 Loop 263145      1.80408     1.46566     0.89606     2.95089
     371 Loop 253164      1.18408     2.23309     0.89606     2.95089
     372 Loop 263154      1.46802     1.80118     0.89606     2.95089
     373 Loop 245136      1.54419     1.71233     0.89606     2.95089
     374 Loop 246135      2.28809     1.15562     0.89606     2.95089
     375 Loop 254136      1.49609     1.76738     0.89606     2.95089
     376 Loop 264135      2.33215     1.13379     0.89606     2.95089
     377 Loop 256134      1.19202     2.21823     0.89606     2.95089
     378 Loop 265134      1.62817     1.62401     0.89606     2.95089
     379 Loop 245163      1.81616     1.45591     0.89606     2.95089
     380 Loop 246153      2.18408     1.21065     0.89606     2.95089
     381 Loop 254163      1.78418     1.48201     0.89606     2.95089
     382 Loop 264153      2.17212     1.21732     0.89606     2.95089
     383 Loop 256143      1.87207     1.41243     0.89606     2.95089
     384 Loop 265143      2.20007     1.20185     0.89606     2.95089
     385 Loop 324156      1.34009     1.97313     0.89606     2.95089
     386 Loop 324165      1.59216     1.66074     0.89606     2.95089
     387 Loop 325146      0.98401     2.68713     0.89606     2.95089
     388 Loop 326145      1.40002     1.88866     0.89606     2.95089
     389 Loop 325164      1.18408     2.23309     0.89606     2.95089
     390 Loop 326154      1.19604     2.21076     0.89606     2.95089
     391 Loop 423156      6.88843     0.38386     0.89606     2.95089
     392 Loop 423165      6.81641     0.38791     0.89606     2.95089
     393 Loop 523146      2.45618     1.07654     0.89606     2.95089
     394 Loop 623145      3.61218     0.73201     0.89606     2.95089
     395 Loop 523164      1.74805     1.51264     0.89606     2.95089
     396 Loop 623154      3.32019     0.79639     0.89606     2.95089
     397 Loop 425136      6.49646     0.40702     0.89606     2.95089
     398 Loop 426135      6.87244     0.38475     0.89606     2.95089
     399 Loop 524136      2.38416     1.10906     0.89606     2.95089
     400 Loop 624135      4.07227     0.64931     0.89606     2.95089
     401 Loop 526134      1.66003     1.59284     0.89606     2.95089
     402 Loop 625134      3.83630     0.68925     0.89606     2.95089
     403 Loop 425163      6.30432     0.41942     0.89606     2.95089
     404 Loop 426153      6.50439     0.40652     0.89606     2.95089
     405 Loop 524163      2.02002     1.30898     0.89606     2.95089
     406 Loop 624153      4.18018     0.63255     0.89606     2.95089
     407 Loop 526143      2.02808     1.30378     0.89606     2.95089
     408 Loop 625143      4.10815     0.64364     0.89606     2.95089
     409 Loop 342156      1.76013     1.50225     0.89606     2.95089
     410 Loop 342165      2.21216     1.19529     0.89606     2.95089
     411 Loop 352146      1.16003     2.27938     0.89606     2.95089
     412 Loop 362145      1.72412     1.53363     0.89606     2.95089
     413 Loop 352164      1.09607     2.41241     0.89606     2.95089
     414 Loop 362154      1.50012     1.76263     0.89606     2.95089
     415 Loop 432156      6.64844     0.39771     0.89606     2.95089
     416 Loop 432165      6.68835     0.39534     0.89606     2.95089
     417 Loop 532146      2.56421     1.03118     0.89606     2.95089
     418 Loop 632145      3.71619     0.71153     0.89606     2.95089
     419 Loop 532164      1.67200     1.58144     0.89606     2.95089
     420 Loop 632154      3.45630     0.76503     0.89606     2.95089
     421 Loop 452136      6.52039     0.40552     0.89606     2.95089
     422 Loop 462135      8.65259     0.30559     0.89606     2.95089
     423 Loop 542136      3.33618     0.79257     0.89606     2.95089
     424 Loop 642135      7.13647     0.37051     0.89606     2.95089
     425 Loop 562134      2.48413     1.06442     0.89606     2.95089
     426 Loop 652134      3.84424     0.68783     0.89606     2.95089
     427 Loop 452163      6.29236     0.42022     0.89606     2.95089
     428 Loop 462153      7.75256     0.34107     0.89606     2.95089
     429 Loop 542163      2.68018     0.98656     0.89606     2.95089
     430 Loop 642153      5.58032     0.47384     0.89606     2.95089
     431 Loop 562143      2.74011     0.96498     0.89606     2.95089
     432 Loop 652143      4.30823     0.61375     0.89606     2.95089
     433 Loop 345126      1.92017     1.37705     0.89606     2.95089
     434 Loop 346125      2.58813     1.02165     0.89606     2.95089
     435 Loop 354126      1.80823     1.46230     0.89606     2.95089
     436 Loop 364125      2.25610     1.17200     0.89606     2.95089
     437 Loop 356124      1.32019     2.00287     0.89606     2.95089
     438 Loop 365124      1.68811     1.56635     0.89606     2.95089
     439 Loop 435126      6.14441     0.43034     0.89606     2.95089
     440 Loop 436125      6.88440     0.38408     0.89606     2.95089
     441 Loop 534126      2.51624     1.05084     0.89606     2.95089
     442 Loop 634125      4.10425     0.64425     0.89606     2.95089
     443 Loop 536124      1.67212     1.58133     0.89606     2.95089
     444 Loop 635124      3.78418     0.69874     0.89606     2.95089
     445 Loop 453126      6.39648     0.41338     0.89606     2.95089
     446 Loop 463125      8.93652     0.29588     0.89606     2.95089
     447 Loop 543126      3.54822     0.74521     0.89606     2.95089
     448 Loop 643125      7.15637     0.36948     0.89606     2.95089
     449 Loop 563124      2.92419     0.90424     0.89606     2.95089
     450 Loop 653124      4.05615     0.65189     0.89606     2.95089
     451 Loop 456123      6.44836     0.41005     0.89606     2.95089
     452 Loop 465123      8.59253     0.30773     0.89606     2.95089
     453 Loop 546123      3.53223     0.74858     0.89606     2.95089
     454 Loop 645123      6.13635     0.43090     0.89606     2.95089
     455 Loop 564123      3.78015     0.69949     0.89606     2.95089
     456 Loop 654123      4.85229     0.54493     0.89606     2.95089
     457 Loop 345162      2.42017     1.09255     0.89606     2.95089
     458 Loop 346152      2.14014     1.23551     0.89606     2.95089
     459 Loop 354162      1.83203     1.44330     0.89606     2.95089
     460 Loop 364152      2.15613     1.22635     0.89606     2.95089
     461 Loop 356142      1.46411     1.80599     0.89606     2.95089
     462 Loop 365142      2.10022     1.25899     0.89606     2.95089
     463 Loop 435162      6.29639     0.41995     0.89606     2.95089
     464 Loop 436152      6.33240     0.41756     0.89606     2.95089
     465 Loop 534162      2.27612     1.16170     0.89606     2.95089
     466 Loop 634152      3.98828     0.66298     0.89606     2.95089
     467 Loop 536142      1.68408     1.57009     0.89606     2.95089
     468 Loop 635142      3.96423     0.66701     0.89606     2.95089
     469 Loop 453162      6.37244     0.41494     0.89606     2.95089
     470 Loop 463152      7.66443     0.34499     0.89606     2.95089
     471 Loop 543162      2.88428     0.91675     0.89606     2.95089
     472 Loop 643152      5.74426     0.46031     0.89606     2.95089
     473 Loop 563142      2.74011     0.96498     0.89606     2.95089
     474 Loop 653142      4.30835     0.61373     0.89606     2.95089
     475 Loop 456132      6.32434     0.41809     0.89606     2.95089
     476 Loop 465132      7.72046     0.34249     0.89606     2.95089
     477 Loop 546132      3.06812     0.86182     0.89606     2.95089
     478 Loop 645132      5.87231     0.45028     0.89606     2.95089
     479 Loop 564132      3.26819     0.80906     0.89606     2.95089
     480 Loop 654132      4.59619     0.57529     0.89606     2.95089
     481 Loop 234516      1.28418     2.05903     0.89606     2.95089
     482 Loop 234615      1.70410     1.55165     0.89606     2.95089
     483 Loop 235416      1.12402     2.35241     0.89606     2.95089
     484 Loop 236415      1.43604     1.84129     0.89606     2.95089
     485 Loop 235614      1.05603     2.50387     0.89606     2.95089
     486 Loop 236514      1.10400     2.39507     0.89606     2.95089
     487 Loop 243516      1.65613     1.59659     0.89606     2.95089
     488 Loop 243615      2.21216     1.19529     0.89606     2.95089
     489 Loop 253416      1.22815     2.15297     0.89606     2.95089
     490 Loop 263415      1.82019     1.45269     0.89606     2.95089
     491 Loop 253614      1.20410     2.19596     0.89606     2.95089
     492 Loop 263514      1.52014     1.73942     0.89606     2.95089
     493 Loop 245316      1.46399     1.80614     0.89606     2.95089
     494 Loop 246315      2.50024     1.05756     0.89606     2.95089
     495 Loop 254316      1.50806     1.75336     0.89606     2.95089
     496 Loop 264315      2.32825     1.13569     0.89606     2.95089
     497 Loop 256314      1.23608     2.13915     0.89606     2.95089
     498 Loop 265314      1.65210     1.60049     0.89606     2.95089
     499 Loop 245613      2.06421     1.28096     0.89606     2.95089
     500 Loop 246513      2.19617     1.20399     0.89606     2.95089
     501 Loop 254613      1.96008     1.34901     0.89606     2.95089
     502 Loop 264513      2.25610     1.17200     0.89606     2.95089
     503 Loop 256413      1.96411     1.34624     0.89606     2.95089
     504 Loop 265413      2.22815     1.18671     0.89606     2.95089
     505 Loop 324516      1.28015     2.06551     0.89606     2.95089
     506 Loop 324615      1.77209     1.49211     0.89606     2.95089
     507 Loop 325416      1.19617     2.21053     0.89606     2.95089
     508 Loop 326415      1.56006     1.69491     0.89606     2.95089
     509 Loop 325614      1.21997     2.16740     0.89606     2.95089
     510 Loop 326514      1.20398     2.19619     0.89606     2.95089
     511 Loop 423516      6.42041     0.41184     0.89606     2.95089
     512 Loop 423615      6.83240     0.38700     0.89606     2.95089
     513 Loop 523416      2.17615     1.21507     0.89606     2.95089
     514 Loop 623415      3.80420     0.69506     0.89606     2.95089
     515 Loop 523614      1.77209     1.49211     0.89606     2.95089
     516 Loop 623514      3.36816     0.78505     0.89606     2.95089
     517 Loop 425316      6.32031     0.41836     0.89606     2.95089
     518 Loop 426315      7.10840     0.37198     0.89606     2.95089
     519 Loop 524316      2.32019     1.13963     0.89606     2.95089
     520 Loop 624315      4.01624     0.65837     0.89606     2.95089
     521 Loop 526314      1.81616     1.45591     0.89606     2.95089
     522 Loop 625314      3.74817     0.70545     0.89606     2.95089
     523 Loop 425613      6.40845     0.41261     0.89606     2.95089
     524 Loop 426513      6.15637     0.42950     0.89606     2.95089
     525 Loop 524613      2.45215     1.07831     0.89606     2.95089
     526 Loop 624513      4.56030     0.57982     0.89606     2.95089
     527 Loop 526413      2.15613     1.22635     0.89606     2.95089
     528 Loop 625413      4.45227     0.59389     0.89606     2.95089
     529 Loop 342516      1.65210     1.60049     0.89606     2.95089
     530 Loop 342615      2.34021     1.12988     0.89606     2.95089
     531 Loop 352416      1.12402     2.35241     0.89606     2.95089
     532 Loop 362415      1.83215     1.44320     0.89606     2.95089
     533 Loop 352614      1.11609     2.36913     0.89606     2.95089
     534 Loop 362514      1.42017     1.86187     0.89606     2.95089
     535 Loop 432516      6.17639     0.42811     0.89606     2.95089
     536 Loop 432615      6.74438     0.39205     0.89606     2.95089
     537 Loop 532416      2.10010     1.25907     0.89606     2.95089
     538 Loop 632415      3.71216     0.71230     0.89606     2.95089
     539 Loop 532614      1.72021     1.53711     0.89606     2.95089
     540 Loop 632514      3.34814     0.78974     0.89606     2.95089
     541 Loop 452316      6.46436     0.40904     0.89606     2.95089
     542 Loop 462315      8.64062     0.30602     0.89606     2.95089
     543 Loop 542316      3.22815     0.81910     0.89606     2.95089
     544 Loop 642315      6.56433     0.40281     0.89606     2.95089
     545 Loop 562314      2.60022     1.01690     0.89606     2.95089
     546 Loop 652314      3.83228     0.68997     0.89606     2.95089
     547 Loop 452613      6.33643     0.41730     0.89606     2.95089
     548 Loop 462513      7.82446     0.33794     0.89606     2.95089
     549 Loop 542613      2.93225     0.90175     0.89606     2.95089
     550 Loop 642513      5.70435     0.46353     0.89606     2.95089
     551 Loop 562413      2.75220     0.96075     0.89606     2.95089
     552 Loop 652413      4.49622     0.58809     0.89606     2.95089
     553 Loop 345216      1.65210     1.60049     0.89606     2.95089
     554 Loop 346215      2.59619     1.01848     0.89606     2.95089
     555 Loop 354216      1.44812     1.82593     0.89606     2.95089
     556 Loop 364215      2.14819     1.23088     0.89606     2.95089
     557 Loop 356214      1.18005     2.24071     0.89606     2.95089
     558 Loop 365214      1.61609     1.63615     0.89606     2.95089
     559 Loop 435216      6.06445     0.43601     0.89606     2.95089
     560 Loop 436215      6.71643     0.39369     0.89606     2.95089
     561 Loop 534216      2.23218     1.18457     0.89606     2.95089
     562 Loop 634215      3.88831     0.68003     0.89606     2.95089
     563 Loop 536214      1.81213     1.45914     0.89606     2.95089
     564 Loop 635214      3.64026     0.72637     0.89606     2.95089
     565 Loop 453216      6.46851     0.40878     0.89606     2.95089
     566 Loop 463215      8.74451     0.30238     0.89606     2.95089
     567 Loop 543216      3.32019     0.79639     0.89606     2.95089
     568 Loop 643215      6.72046     0.39345     0.89606     2.95089
     569 Loop 563214      2.76416     0.95659     0.89606     2.95089
     570 Loop 653214      3.81628     0.69286     0.89606     2.95089
     571 Loop 456213      6.31641     0.41862     0.89606     2.95089
     572 Loop 465213      7.74048     0.34160     0.89606     2.95089
     573 Loop 546213      3.44824     0.76682     0.89606     2.95089
     574 Loop 645213      5.80042     0.45586     0.89606     2.95089
     575 Loop 564213      3.30420     0.80024     0.89606     2.95089
     576 Loop 654213      4.78430     0.55267     0.89606     2.95089
     577 Loop 345612      2.31213     1.14360     0.89606     2.95089
     578 Loop 346512      2.20410     1.19966     0.89606     2.95089
     579 Loop 354612      1.98010     1.33537     0.89606     2.95089
     580 Loop 364512      2.30811     1.14560     0.89606     2.95089
     581 Loop 356412      1.80420     1.46556     0.89606     2.95089
     582 Loop 365412      2.03210     1.30119     0.89606     2.95089
     583 Loop 435612      6.34436     0.41677     0.89606     2.95089
     584 Loop 436512      6.35242     0.41625     0.89606     2.95089
     585 Loop 534612      2.20410     1.19966     0.89606     2.95089
     586 Loop 634512      4.43225     0.59657     0.89606     2.95089
     587 Loop 536412      1.88818     1.40037     0.89606     2.95089
     588 Loop 635412      4.08423     0.64741     0.89606     2.95089
     589 Loop 453612      6.13647     0.43089     0.89606     2.95089
     590 Loop 463512      7.71643     0.34267     0.89606     2.95089
     591 Loop 543612      2.62024     1.00913     0.89606     2.95089
     592 Loop 643512      5.26038     0.50266     0.89606     2.95089
     593 Loop 563412      2.52808     1.04592     0.89606     2.95089
     594 Loop 653412      4.38025     0.60366     0.89606     2.95089
     595 Loop 456312      6.32434     0.41809     0.89606     2.95089
     596 Loop 465312      7.73242     0.34196     0.89606     2.95089
     597 Loop 546312      3.16016     0.83672     0.89606     2.95089
     598 Loop 645312      5.67627     0.46583     0.89606     2.95089
     599 Loop 564312      3.29626     0.80217     0.89606     2.95089
     600 Loop 654312      4.90027     0.53960     0.89606     2.95089
     601 Loop 234561      1.52808     1.73039     0.89606     2.95089
     602 Loop 234651      1.57605     1.67772     0.89606     2.95089
     603 Loop 235461      1.10010     2.40357     0.89606     2.95089
     604 Loop 236451      1.36401     1.93852     0.89606     2.95089
     605 Loop 235641      1.24805     2.11864     0.89606     2.95089
     606 Loop 236541      1.36804     1.93281     0.89606     2.95089
     607 Loop 243561      1.59216     1.66074     0.89606     2.95089
     608 Loop 243651      1.99609     1.32467     0.89606     2.95089
     609 Loop 253461      1.34009     1.97313     0.89606     2.95089
     610 Loop 263451      1.62012     1.63208     0.89606     2.95089
     611 Loop 253641      1.31213     2.01516     0.89606     2.95089
     612 Loop 263541      1.82800     1.44648     0.89606     2.95089
     613 Loop 245361      1.99207     1.32735     0.89606     2.95089
     614 Loop 246351      2.02417     1.30630     0.89606     2.95089
     615 Loop 254361      1.76819     1.49541     0.89606     2.95089
     616 Loop 264351      2.04016     1.29606     0.89606     2.95089
     617 Loop 256341      1.50806     1.75336     0.89606     2.95089
     618 Loop 265341      1.96008     1.34901     0.89606     2.95089
     619 Loop 245631      2.22803     1.18677     0.89606     2.95089
     620 Loop 246531      2.10010     1.25907     0.89606     2.95089
     621 Loop 254631      1.88818     1.40037     0.89606     2.95089
     622 Loop 264531      2.12817     1.24246     0.89606     2.95089
     623 Loop 256431      1.94006     1.36293     0.89606     2.95089
     624 Loop 265431      2.17212     1.21732     0.89606     2.95089
     625 Loop 324561      1.58411     1.66918     0.89606     2.95089
     626 Loop 324651      1.64014     1.61216     0.89606     2.95089
     627 Loop 325461      1.21606     2.17436     0.89606     2.95089
     628 Loop 326451      1.50806     1.75336     0.89606     2.95089
     629 Loop 325641      1.39209     1.89942     0.89606     2.95089
     630 Loop 326541      1.40405     1.88324     0.89606     2.95089
     631 Loop 423561      5.82837     0.45367     0.89606     2.95089
     632 Loop 423651      6.09229     0.43402     0.89606     2.95089
     633 Loop 523461      1.88013     1.40638     0.89606     2.95089
     634 Loop 623451      3.74023     0.70695     0.89606     2.95089
     635 Loop 523641      1.62805     1.62413     0.89606     2.95089
     636 Loop 623541      3.65222     0.72399     0.89606     2.95089
     637 Loop 425361      5.90430     0.44784     0.89606     2.95089
     638 Loop 426351      6.28833     0.42049     0.89606     2.95089
     639 Loop 524361      2.23621     1.18243     0.89606     2.95089
     640 Loop 624351      4.04028     0.65445     0.89606     2.95089
     641 Loop 526341      1.77209     1.49211     0.89606     2.95089
     642 Loop 625341      3.96826     0.66633     0.89606     2.95089
     643 Loop 425631      5.98035     0.44214     0.89606     2.95089
     644 Loop 426531      6.11243     0.43259     0.89606     2.95089
     645 Loop 524631      2.38818     1.10719     0.89606     2.95089
     646 Loop 624531      4.26025     0.62066     0.89606     2.95089
     647 Loop 526431      2.17212     1.21732     0.89606     2.95089
     648 Loop 625431      4.21228     0.62773     0.89606     2.95089
     649 Loop 342561      1.85217     1.42760     0.89606     2.95089
     650 Loop 342651      1.96008     1.34901     0.89606     2.95089
     651 Loop 352461      1.26416     2.09164     0.89606     2.95089
     652 Loop 362451      1.74414     1.51603     0.89606     2.95089
     653 Loop 352641      1.41211     1.87249     0.89606     2.95089
     654 Loop 362541      1.82019     1.45269     0.89606     2.95089
     655 Loop 432561      6.00037     0.44067     0.89606     2.95089
     656 Loop 432651      6.48840     0.40752     0.89606     2.95089
     657 Loop 532461      1.84412     1.43384     0.89606     2.95089
     658 Loop 632451      3.68433     0.71768     0.89606     2.95089
     659 Loop 532641      1.69202     1.56273     0.89606     2.95089
     660 Loop 632541      3.71631     0.71150     0.89606     2.95089
     661 Loop 452361      6.12036     0.43203     0.89606     2.95089
     662 Loop 462351      8.03247     0.32918     0.89606     2.95089
     663 Loop 542361      3.12415     0.84636     0.89606     2.95089
     664 Loop 642351      6.13245     0.43118     0.89606     2.95089
     665 Loop 562341      2.35620     1.12221     0.89606     2.95089
     666 Loop 652341      3.91626     0.67518     0.89606     2.95089
     667 Loop 452631      5.96033     0.44363     0.89606     2.95089
     668 Loop 462531      7.22437     0.36601     0.89606     2.95089
     669 Loop 542631      2.72021     0.97204     0.89606     2.95089
     670 Loop 642531      5.31250     0.49772     0.89606     2.95089
     671 Loop 562431      2.66821     0.99099     0.89606     2.95089
     672 Loop 652431      4.22827     0.62535     0.89606     2.95089
     673 Loop 345261      1.95190     1.35466     0.89606     2.95089
     674 Loop 346251      2.11621     1.24948     0.89606     2.95089
     675 Loop 354261      1.76392     1.49903     0.89606     2.95089
     676 Loop 364251      1.98413     1.33266     0.89606     2.95089
     677 Loop 356241      1.63599     1.61625     0.89606     2.95089
     678 Loop 365241      2.11621     1.24948     0.89606     2.95089
     679 Loop 435261      6.13647     0.43089     0.89606     2.95089
     680 Loop 436251      6.08032     0.43487     0.89606     2.95089
     681 Loop 534261      2.23999     1.18044     0.89606     2.95089
     682 Loop 634251      3.94043     0.67103     0.89606     2.95089
     683 Loop 536241      1.82812     1.44638     0.89606     2.95089
     684 Loop 635241      3.90430     0.67724     0.89606     2.95089
     685 Loop 453261      6.16040     0.42922     0.89606     2.95089
     686 Loop 463251      7.94849     0.33266     0.89606     2.95089
     687 Loop 543261      3.05225     0.86630     0.89606     2.95089
     688 Loop 643251      5.95630     0.44393     0.89606     2.95089
     689 Loop 563241      2.40405     1.09988     0.89606     2.95089
     690 Loop 653241      3.99243     0.66229     0.89606     2.95089
     691 Loop 456231      6.04028     0.43775     0.89606     2.95089
     692 Loop 465231      7.48853     0.35310     0.89606     2.95089
     693 Loop 546231      3.38013     0.78227     0.89606     2.95089
     694 Loop 645231      5.92432     0.44632     0.89606     2.95089
     695 Loop 564231      3.48413     0.75892     0.89606     2.95089
     696 Loop 654231      4.82031     0.54855     0.89606     2.95089
     697 Loop 345621      2.25220     1.17404     0.89606     2.95089
     698 Loop 346521      2.29614     1.15157     0.89606     2.95089
     699 Loop 354621      1.88428     1.40328     0.89606     2.95089
     700 Loop 364521      2.24805     1.17620     0.89606     2.95089
     701 Loop 356421      1.73218     1.52650     0.89606     2.95089
     702 Loop 365421      2.12817     1.24246     0.89606     2.95089
     703 Loop 435621      5.94043     0.44511     0.89606     2.95089
     704 Loop 436521      5.94434     0.44482     0.89606     2.95089
     705 Loop 534621      1.95605     1.35178     0.89606     2.95089
     706 Loop 634521      4.04028     0.65445     0.89606     2.95089
     707 Loop 536421      2.02808     1.30378     0.89606     2.95089
     708 Loop 635421      4.04028     0.65445     0.89606     2.95089
     709 Loop 453621      6.18433     0.42756     0.89606     2.95089
     710 Loop 463521      7.47656     0.35366     0.89606     2.95089
     711 Loop 543621      2.83228     0.93358     0.89606     2.95089
     712 Loop 643521      5.18848     0.50962     0.89606     2.95089
     713 Loop 563421      2.79224     0.94697     0.89606     2.95089
     714 Loop 653421      4.09229     0.64613     0.89606     2.95089
     715 Loop 456321      6.26831     0.42183     0.89606     2.95089
     716 Loop 465321      7.63647     0.34625     0.89606     2.95089
     717 Loop 546321      3.60815     0.73283     0.89606     2.95089
     718 Loop 645321      6.12451     0.43173     0.89606     2.95089
     719 Loop 564321      3.39233     0.77945     0.89606     2.95089
     720 Loop 654321      4.82422     0.54810     0.89606     2.95089
 The best time is:   0.8960571    
 The speedup is:      2.950888    
