 TESTING TRANPOSE TYPE 326514
 Hirata Reference =    2.948184     seconds
 Algorithm         Jeff           Speedup          Best
       1 Loop 123456      1.08407     2.71956     1.08407     2.71956
       2 Loop 123465      1.35608     2.17404     1.08407     2.71956
       3 Loop 123546      1.48009     1.99189     1.08407     2.71956
       4 Loop 123645      1.33608     2.20659     1.08407     2.71956
       5 Loop 123564      1.57210     1.87532     1.08407     2.71956
       6 Loop 123654      1.76811     1.66742     1.08407     2.71956
       7 Loop 124356      1.55610     1.89460     1.08407     2.71956
       8 Loop 124365      1.84812     1.59524     1.08407     2.71956
       9 Loop 125346      1.39609     2.11175     1.08407     2.71956
      10 Loop 126345      1.57610     1.87056     1.08407     2.71956
      11 Loop 125364      1.44409     2.04155     1.08407     2.71956
      12 Loop 126354      1.52409     1.93439     1.08407     2.71956
      13 Loop 124536      1.46009     2.01918     1.08407     2.71956
      14 Loop 124635      1.90412     1.54832     1.08407     2.71956
      15 Loop 125436      1.49209     1.97587     1.08407     2.71956
      16 Loop 126435      1.82411     1.61623     1.08407     2.71956
      17 Loop 125634      1.40009     2.10571     1.08407     2.71956
      18 Loop 126534      1.45609     2.02473     1.08407     2.71956
      19 Loop 124563      1.92012     1.53542     1.08407     2.71956
      20 Loop 124653      1.67210     1.76316     1.08407     2.71956
      21 Loop 125463      1.72811     1.70602     1.08407     2.71956
      22 Loop 126453      1.91212     1.54184     1.08407     2.71956
      23 Loop 125643      1.72411     1.70998     1.08407     2.71956
      24 Loop 126543      1.96812     1.49797     1.08407     2.71956
      25 Loop 132456      1.12407     2.62278     1.08407     2.71956
      26 Loop 132465      1.41209     2.08782     1.08407     2.71956
      27 Loop 132546      1.45609     2.02473     1.08407     2.71956
      28 Loop 132645      1.40409     2.09972     1.08407     2.71956
      29 Loop 132564      1.45209     2.03031     1.08407     2.71956
      30 Loop 132654      1.62410     1.81527     1.08407     2.71956
      31 Loop 142356      2.08013     1.41731     1.08407     2.71956
      32 Loop 142365      2.53616     1.16246     1.08407     2.71956
      33 Loop 152346      1.95212     1.51025     1.08407     2.71956
      34 Loop 162345      3.52022     0.83750     1.08407     2.71956
      35 Loop 152364      1.65210     1.78450     1.08407     2.71956
      36 Loop 162354      3.42022     0.86199     1.08407     2.71956
      37 Loop 142536      2.36415     1.24704     1.08407     2.71956
      38 Loop 142635      2.61617     1.12691     1.08407     2.71956
      39 Loop 152436      1.75610     1.67882     1.08407     2.71956
      40 Loop 162435      3.85224     0.76532     1.08407     2.71956
      41 Loop 152634      1.49609     1.97059     1.08407     2.71956
      42 Loop 162534      3.16019     0.93291     1.08407     2.71956
      43 Loop 142563      2.51216     1.17356     1.08407     2.71956
      44 Loop 142653      2.48815     1.18489     1.08407     2.71956
      45 Loop 152463      1.86811     1.57816     1.08407     2.71956
      46 Loop 162453      3.81624     0.77254     1.08407     2.71956
      47 Loop 152643      1.82011     1.61978     1.08407     2.71956
      48 Loop 162543      3.69223     0.79848     1.08407     2.71956
      49 Loop 134256      1.43609     2.05293     1.08407     2.71956
      50 Loop 134265      1.90012     1.55158     1.08407     2.71956
      51 Loop 135246      1.41209     2.08781     1.08407     2.71956
      52 Loop 136245      1.54009     1.91429     1.08407     2.71956
      53 Loop 135264      1.44809     2.03591     1.08407     2.71956
      54 Loop 136254      1.52810     1.92931     1.08407     2.71956
      55 Loop 143256      2.21214     1.33273     1.08407     2.71956
      56 Loop 143265      2.58016     1.14264     1.08407     2.71956
      57 Loop 153246      1.93612     1.52273     1.08407     2.71956
      58 Loop 163245      2.82018     1.04539     1.08407     2.71956
      59 Loop 153264      1.30408     2.26074     1.08407     2.71956
      60 Loop 163254      3.00019     0.98267     1.08407     2.71956
      61 Loop 145236      2.57616     1.14441     1.08407     2.71956
      62 Loop 146235      2.88018     1.02361     1.08407     2.71956
      63 Loop 154236      2.14014     1.37757     1.08407     2.71956
      64 Loop 164235      3.73624     0.78908     1.08407     2.71956
      65 Loop 156234      1.54008     1.91430     1.08407     2.71956
      66 Loop 165234      3.45221     0.85400     1.08407     2.71956
      67 Loop 145263      2.79218     1.05587     1.08407     2.71956
      68 Loop 146253      2.71617     1.08542     1.08407     2.71956
      69 Loop 154263      2.14014     1.37757     1.08407     2.71956
      70 Loop 164253      4.11226     0.71693     1.08407     2.71956
      71 Loop 156243      1.99612     1.47695     1.08407     2.71956
      72 Loop 165243      3.84024     0.76771     1.08407     2.71956
      73 Loop 134526      1.60411     1.83789     1.08407     2.71956
      74 Loop 134625      1.78412     1.65246     1.08407     2.71956
      75 Loop 135426      1.74411     1.69037     1.08407     2.71956
      76 Loop 136425      1.68811     1.74644     1.08407     2.71956
      77 Loop 135624      1.42409     2.07023     1.08407     2.71956
      78 Loop 136524      1.45209     2.03031     1.08407     2.71956
      79 Loop 143526      2.50015     1.17920     1.08407     2.71956
      80 Loop 143625      2.45216     1.20228     1.08407     2.71956
      81 Loop 153426      1.93613     1.52272     1.08407     2.71956
      82 Loop 163425      3.60023     0.81889     1.08407     2.71956
      83 Loop 153624      1.30008     2.26770     1.08407     2.71956
      84 Loop 163524      3.10818     0.94852     1.08407     2.71956
      85 Loop 145326      2.51216     1.17356     1.08407     2.71956
      86 Loop 146325      2.90018     1.01655     1.08407     2.71956
      87 Loop 154326      1.98813     1.48289     1.08407     2.71956
      88 Loop 164325      3.80824     0.77416     1.08407     2.71956
      89 Loop 156324      1.48010     1.99188     1.08407     2.71956
      90 Loop 165324      3.34021     0.88263     1.08407     2.71956
      91 Loop 145623      2.91217     1.01237     1.08407     2.71956
      92 Loop 146523      2.99219     0.98529     1.08407     2.71956
      93 Loop 154623      2.54015     1.16064     1.08407     2.71956
      94 Loop 164523      4.08025     0.72255     1.08407     2.71956
      95 Loop 156423      2.21614     1.33032     1.08407     2.71956
      96 Loop 165423      4.00826     0.73553     1.08407     2.71956
      97 Loop 134562      1.93213     1.52587     1.08407     2.71956
      98 Loop 134652      1.69209     1.74233     1.08407     2.71956
      99 Loop 135462      1.90012     1.55158     1.08407     2.71956
     100 Loop 136452      1.69211     1.74231     1.08407     2.71956
     101 Loop 135642      1.46410     2.01365     1.08407     2.71956
     102 Loop 136542      1.54410     1.90932     1.08407     2.71956
     103 Loop 143562      2.56015     1.15157     1.08407     2.71956
     104 Loop 143652      2.59616     1.13559     1.08407     2.71956
     105 Loop 153462      1.88811     1.56145     1.08407     2.71956
     106 Loop 163452      3.90825     0.75435     1.08407     2.71956
     107 Loop 153642      1.53610     1.91926     1.08407     2.71956
     108 Loop 163542      3.56822     0.82623     1.08407     2.71956
     109 Loop 145362      2.81216     1.04837     1.08407     2.71956
     110 Loop 146352      2.50815     1.17544     1.08407     2.71956
     111 Loop 154362      2.20413     1.33757     1.08407     2.71956
     112 Loop 164352      4.14825     0.71070     1.08407     2.71956
     113 Loop 156342      1.69611     1.73821     1.08407     2.71956
     114 Loop 165342      3.80423     0.77498     1.08407     2.71956
     115 Loop 145632      3.13220     0.94125     1.08407     2.71956
     116 Loop 146532      2.97217     0.99193     1.08407     2.71956
     117 Loop 154632      2.72415     1.08224     1.08407     2.71956
     118 Loop 164532      4.38025     0.67306     1.08407     2.71956
     119 Loop 156432      2.23615     1.31842     1.08407     2.71956
     120 Loop 165432      4.12827     0.71415     1.08407     2.71956
     121 Loop 213456      0.94406     3.12287     0.94406     3.12287
     122 Loop 213465      1.30408     2.26074     0.94406     3.12287
     123 Loop 213546      1.06406     2.77070     0.94406     3.12287
     124 Loop 213645      1.23209     2.39284     0.94406     3.12287
     125 Loop 213564      1.12808     2.61345     0.94406     3.12287
     126 Loop 213654      1.05606     2.79168     0.94406     3.12287
     127 Loop 214356      1.34409     2.19345     0.94406     3.12287
     128 Loop 214365      1.67209     1.76317     0.94406     3.12287
     129 Loop 215346      1.04407     2.82375     0.94406     3.12287
     130 Loop 216345      1.32806     2.21991     0.94406     3.12287
     131 Loop 215364      1.16806     2.52400     0.94406     3.12287
     132 Loop 216354      1.12408     2.62274     0.94406     3.12287
     133 Loop 214536      1.44009     2.04722     0.94406     3.12287
     134 Loop 214635      1.73212     1.70207     0.94406     3.12287
     135 Loop 215436      1.40408     2.09972     0.94406     3.12287
     136 Loop 216435      1.76010     1.67501     0.94406     3.12287
     137 Loop 215634      0.98807     2.98379     0.94406     3.12287
     138 Loop 216534      1.14807     2.56795     0.94406     3.12287
     139 Loop 214563      1.79611     1.64143     0.94406     3.12287
     140 Loop 214653      1.59210     1.85176     0.94406     3.12287
     141 Loop 215463      1.77612     1.65990     0.94406     3.12287
     142 Loop 216453      1.82413     1.61622     0.94406     3.12287
     143 Loop 215643      1.56009     1.88975     0.94406     3.12287
     144 Loop 216543      1.77209     1.66367     0.94406     3.12287
     145 Loop 312456      1.09204     2.69970     0.94406     3.12287
     146 Loop 312465      1.32806     2.21991     0.94406     3.12287
     147 Loop 312546      1.14005     2.58602     0.94406     3.12287
     148 Loop 312645      1.28406     2.29599     0.94406     3.12287
     149 Loop 312564      1.06406     2.77070     0.94406     3.12287
     150 Loop 312654      1.10007     2.68000     0.94406     3.12287
     151 Loop 412356      6.32840     0.46587     0.94406     3.12287
     152 Loop 412365      6.30438     0.46764     0.94406     3.12287
     153 Loop 512346      2.17612     1.35479     0.94406     3.12287
     154 Loop 612345      3.74823     0.78655     0.94406     3.12287
     155 Loop 512364      1.18008     2.49828     0.94406     3.12287
     156 Loop 612354      3.60422     0.81798     0.94406     3.12287
     157 Loop 412536      6.23639     0.47274     0.94406     3.12287
     158 Loop 412635      5.89236     0.50034     0.94406     3.12287
     159 Loop 512436      1.95615     1.50714     0.94406     3.12287
     160 Loop 612435      3.92426     0.75127     0.94406     3.12287
     161 Loop 512634      1.12405     2.62281     0.94406     3.12287
     162 Loop 612534      3.39621     0.86808     0.94406     3.12287
     163 Loop 412563      6.22040     0.47395     0.94406     3.12287
     164 Loop 412653      6.23239     0.47304     0.94406     3.12287
     165 Loop 512463      1.78012     1.65617     0.94406     3.12287
     166 Loop 612453      4.18427     0.70459     0.94406     3.12287
     167 Loop 512643      1.68408     1.75062     0.94406     3.12287
     168 Loop 612543      4.10825     0.71763     0.94406     3.12287
     169 Loop 314256      1.35608     2.17405     0.94406     3.12287
     170 Loop 314265      1.74411     1.69037     0.94406     3.12287
     171 Loop 315246      1.16006     2.54140     0.94406     3.12287
     172 Loop 316245      1.36810     2.15494     0.94406     3.12287
     173 Loop 315264      1.12808     2.61345     0.94406     3.12287
     174 Loop 316254      1.12808     2.61345     0.94406     3.12287
     175 Loop 413256      6.01639     0.49003     0.94406     3.12287
     176 Loop 413265      5.88837     0.50068     0.94406     3.12287
     177 Loop 513246      2.03214     1.45078     0.94406     3.12287
     178 Loop 613245      3.61624     0.81526     0.94406     3.12287
     179 Loop 513264      1.27609     2.31032     0.94406     3.12287
     180 Loop 613254      3.49222     0.84422     0.94406     3.12287
     181 Loop 415236      5.90036     0.49966     0.94406     3.12287
     182 Loop 416235      6.10037     0.48328     0.94406     3.12287
     183 Loop 514236      2.29214     1.28621     0.94406     3.12287
     184 Loop 614235      4.02426     0.73260     0.94406     3.12287
     185 Loop 516234      1.41211     2.08779     0.94406     3.12287
     186 Loop 615234      3.67624     0.80196     0.94406     3.12287
     187 Loop 415263      6.22040     0.47395     0.94406     3.12287
     188 Loop 416253      6.17639     0.47733     0.94406     3.12287
     189 Loop 514263      2.22012     1.32794     0.94406     3.12287
     190 Loop 614253      4.43228     0.66516     0.94406     3.12287
     191 Loop 516243      1.88812     1.56144     0.94406     3.12287
     192 Loop 615243      4.42828     0.66576     0.94406     3.12287
     193 Loop 314526      1.67612     1.75894     0.94406     3.12287
     194 Loop 314625      1.79611     1.64143     0.94406     3.12287
     195 Loop 315426      1.58810     1.85642     0.94406     3.12287
     196 Loop 316425      1.52408     1.93440     0.94406     3.12287
     197 Loop 315624      0.95206     3.09665     0.94406     3.12287
     198 Loop 316524      1.21207     2.43236     0.94406     3.12287
     199 Loop 413526      6.18839     0.47641     0.94406     3.12287
     200 Loop 413625      6.27640     0.46973     0.94406     3.12287
     201 Loop 513426      2.15616     1.36733     0.94406     3.12287
     202 Loop 613425      3.86823     0.76215     0.94406     3.12287
     203 Loop 513624      1.11206     2.65110     0.94406     3.12287
     204 Loop 613524      3.50424     0.84132     0.94406     3.12287
     205 Loop 415326      6.38440     0.46178     0.94406     3.12287
     206 Loop 416325      6.44043     0.45776     0.94406     3.12287
     207 Loop 514326      2.33215     1.26415     0.94406     3.12287
     208 Loop 614325      4.13226     0.71346     0.94406     3.12287
     209 Loop 516324      1.32007     2.23336     0.94406     3.12287
     210 Loop 615324      3.84827     0.76611     0.94406     3.12287
     211 Loop 415623      6.18842     0.47640     0.94406     3.12287
     212 Loop 416523      6.44440     0.45748     0.94406     3.12287
     213 Loop 514623      2.83215     1.04097     0.94406     3.12287
     214 Loop 614523      4.70428     0.62670     0.94406     3.12287
     215 Loop 516423      2.37616     1.24073     0.94406     3.12287
     216 Loop 615423      4.52429     0.65163     0.94406     3.12287
     217 Loop 314562      1.81213     1.62691     0.94406     3.12287
     218 Loop 314652      1.70813     1.72597     0.94406     3.12287
     219 Loop 315462      1.90015     1.55156     0.94406     3.12287
     220 Loop 316452      1.58411     1.86110     0.94406     3.12287
     221 Loop 315642      1.25208     2.35464     0.94406     3.12287
     222 Loop 316542      1.40009     2.10572     0.94406     3.12287
     223 Loop 413562      6.12036     0.48170     0.94406     3.12287
     224 Loop 413652      6.35236     0.46411     0.94406     3.12287
     225 Loop 513462      2.03210     1.45080     0.94406     3.12287
     226 Loop 613452      4.40430     0.66939     0.94406     3.12287
     227 Loop 513642      1.48407     1.98655     0.94406     3.12287
     228 Loop 613542      3.91626     0.75281     0.94406     3.12287
     229 Loop 415362      6.08038     0.48487     0.94406     3.12287
     230 Loop 416352      6.08038     0.48487     0.94406     3.12287
     231 Loop 514362      2.09613     1.40649     0.94406     3.12287
     232 Loop 614352      4.52026     0.65222     0.94406     3.12287
     233 Loop 516342      1.64813     1.78880     0.94406     3.12287
     234 Loop 615342      4.24829     0.69397     0.94406     3.12287
     235 Loop 415632      6.12439     0.48138     0.94406     3.12287
     236 Loop 416532      5.98035     0.49298     0.94406     3.12287
     237 Loop 514632      2.68414     1.09837     0.94406     3.12287
     238 Loop 614532      4.68427     0.62938     0.94406     3.12287
     239 Loop 516432      2.27209     1.29756     0.94406     3.12287
     240 Loop 615432      4.22424     0.69792     0.94406     3.12287
     241 Loop 231456      0.93604     3.14965     0.93604     3.14965
     242 Loop 231465      1.22412     2.40841     0.93604     3.14965
     243 Loop 231546      1.04010     2.83452     0.93604     3.14965
     244 Loop 231645      1.22009     2.41636     0.93604     3.14965
     245 Loop 231564      1.02802     2.86784     0.93604     3.14965
     246 Loop 231654      1.04010     2.83452     0.93604     3.14965
     247 Loop 241356      1.50012     1.96530     0.93604     3.14965
     248 Loop 241365      1.85614     1.58834     0.93604     3.14965
     249 Loop 251346      1.15210     2.55897     0.93604     3.14965
     250 Loop 261345      1.79614     1.64140     0.93604     3.14965
     251 Loop 251364      1.12408     2.62274     0.93604     3.14965
     252 Loop 261354      1.51215     1.94967     0.93604     3.14965
     253 Loop 241536      1.46808     2.00819     0.93604     3.14965
     254 Loop 241635      1.91608     1.53866     0.93604     3.14965
     255 Loop 251436      1.37213     2.14862     0.93604     3.14965
     256 Loop 261435      2.13617     1.38013     0.93604     3.14965
     257 Loop 251634      1.01605     2.90161     0.93604     3.14965
     258 Loop 261534      1.42810     2.06441     0.93604     3.14965
     259 Loop 241563      1.75610     1.67882     0.93604     3.14965
     260 Loop 241653      1.95209     1.51027     0.93604     3.14965
     261 Loop 251463      1.56805     1.88015     0.93604     3.14965
     262 Loop 261453      2.10815     1.39847     0.93604     3.14965
     263 Loop 251643      1.48413     1.98647     0.93604     3.14965
     264 Loop 261543      2.11615     1.39318     0.93604     3.14965
     265 Loop 321456      0.93207     3.16306     0.93207     3.16306
     266 Loop 321465      1.12402     2.62288     0.93207     3.16306
     267 Loop 321546      1.08405     2.71961     0.93207     3.16306
     268 Loop 321645      1.27606     2.31038     0.93207     3.16306
     269 Loop 321564      1.08002     2.72976     0.93207     3.16306
     270 Loop 321654      1.05609     2.79160     0.93207     3.16306
     271 Loop 421356      5.90839     0.49898     0.93207     3.16306
     272 Loop 421365      6.01233     0.49036     0.93207     3.16306
     273 Loop 521346      1.94415     1.51644     0.93207     3.16306
     274 Loop 621345      3.51221     0.83941     0.93207     3.16306
     275 Loop 521364      1.20007     2.45667     0.93207     3.16306
     276 Loop 621354      3.36023     0.87738     0.93207     3.16306
     277 Loop 421536      6.10437     0.48296     0.93207     3.16306
     278 Loop 421635      6.03638     0.48840     0.93207     3.16306
     279 Loop 521436      2.02008     1.45944     0.93207     3.16306
     280 Loop 621435      3.86823     0.76215     0.93207     3.16306
     281 Loop 521634      1.24011     2.37735     0.93207     3.16306
     282 Loop 621534      3.38818     0.87014     0.93207     3.16306
     283 Loop 421563      6.22839     0.47335     0.93207     3.16306
     284 Loop 421653      6.42841     0.45862     0.93207     3.16306
     285 Loop 521463      1.85211     1.59180     0.93207     3.16306
     286 Loop 621453      4.21631     0.69923     0.93207     3.16306
     287 Loop 521643      1.62415     1.81522     0.93207     3.16306
     288 Loop 621543      4.14026     0.71208     0.93207     3.16306
     289 Loop 341256      1.64410     1.79319     0.93207     3.16306
     290 Loop 341265      1.88812     1.56144     0.93207     3.16306
     291 Loop 351246      1.21606     2.42437     0.93207     3.16306
     292 Loop 361245      1.99213     1.47992     0.93207     3.16306
     293 Loop 351264      1.08807     2.70954     0.93207     3.16306
     294 Loop 361254      1.70813     1.72597     0.93207     3.16306
     295 Loop 431256      5.94037     0.49630     0.93207     3.16306
     296 Loop 431265      6.31641     0.46675     0.93207     3.16306
     297 Loop 531246      2.14014     1.37757     0.93207     3.16306
     298 Loop 631245      3.72028     0.79246     0.93207     3.16306
     299 Loop 531264      1.35608     2.17405     0.93207     3.16306
     300 Loop 631254      3.37219     0.87426     0.93207     3.16306
     301 Loop 451236      6.48041     0.45494     0.93207     3.16306
     302 Loop 461235      8.07654     0.36503     0.93207     3.16306
     303 Loop 541236      2.96021     0.99594     0.93207     3.16306
     304 Loop 641235      5.88434     0.50102     0.93207     3.16306
     305 Loop 561234      1.95612     1.50716     0.93207     3.16306
     306 Loop 651234      3.57220     0.82531     0.93207     3.16306
     307 Loop 451263      6.07233     0.48551     0.93207     3.16306
     308 Loop 461253      7.67249     0.38425     0.93207     3.16306
     309 Loop 541263      2.49213     1.18300     0.93207     3.16306
     310 Loop 641253      5.36432     0.54959     0.93207     3.16306
     311 Loop 561243      2.48816     1.18489     0.93207     3.16306
     312 Loop 651243      4.12427     0.71484     0.93207     3.16306
     313 Loop 341526      1.92413     1.53221     0.93207     3.16306
     314 Loop 341625      1.88013     1.56808     0.93207     3.16306
     315 Loop 351426      1.46008     2.01919     0.93207     3.16306
     316 Loop 361425      1.82812     1.61268     0.93207     3.16306
     317 Loop 351624      1.07605     2.73982     0.93207     3.16306
     318 Loop 361524      1.47614     1.99723     0.93207     3.16306
     319 Loop 431526      6.24841     0.47183     0.93207     3.16306
     320 Loop 431625      5.81635     0.50688     0.93207     3.16306
     321 Loop 531426      2.12415     1.38794     0.93207     3.16306
     322 Loop 631425      3.80829     0.77415     0.93207     3.16306
     323 Loop 531624      1.12006     2.63218     0.93207     3.16306
     324 Loop 631524      3.25623     0.90540     0.93207     3.16306
     325 Loop 451326      6.44836     0.45720     0.93207     3.16306
     326 Loop 461325      7.68848     0.38345     0.93207     3.16306
     327 Loop 541326      2.75220     1.07121     0.93207     3.16306
     328 Loop 641325      5.93634     0.49663     0.93207     3.16306
     329 Loop 561324      1.89612     1.55485     0.93207     3.16306
     330 Loop 651324      3.61621     0.81527     0.93207     3.16306
     331 Loop 451623      6.42444     0.45890     0.93207     3.16306
     332 Loop 461523      7.61243     0.38729     0.93207     3.16306
     333 Loop 541623      2.96417     0.99461     0.93207     3.16306
     334 Loop 641523      5.65234     0.52159     0.93207     3.16306
     335 Loop 561423      2.98022     0.98925     0.93207     3.16306
     336 Loop 651423      4.31628     0.68304     0.93207     3.16306
     337 Loop 341562      2.10815     1.39847     0.93207     3.16306
     338 Loop 341652      1.93213     1.52587     0.93207     3.16306
     339 Loop 351462      1.76807     1.66746     0.93207     3.16306
     340 Loop 361452      1.92810     1.52906     0.93207     3.16306
     341 Loop 351642      1.20007     2.45667     0.93207     3.16306
     342 Loop 361542      1.79608     1.64145     0.93207     3.16306
     343 Loop 431562      6.05243     0.48711     0.93207     3.16306
     344 Loop 431652      6.07239     0.48551     0.93207     3.16306
     345 Loop 531462      2.04016     1.44507     0.93207     3.16306
     346 Loop 631452      4.33624     0.67989     0.93207     3.16306
     347 Loop 531642      1.30811     2.25378     0.93207     3.16306
     348 Loop 631542      4.04425     0.72898     0.93207     3.16306
     349 Loop 451362      6.31641     0.46675     0.93207     3.16306
     350 Loop 461352      7.64050     0.38586     0.93207     3.16306
     351 Loop 541362      2.64020     1.11665     0.93207     3.16306
     352 Loop 641352      5.54834     0.53136     0.93207     3.16306
     353 Loop 561342      2.31616     1.27287     0.93207     3.16306
     354 Loop 651342      4.24823     0.69398     0.93207     3.16306
     355 Loop 451632      6.40845     0.46005     0.93207     3.16306
     356 Loop 461532      7.81250     0.37737     0.93207     3.16306
     357 Loop 541632      2.84814     1.03512     0.93207     3.16306
     358 Loop 641532      5.87634     0.50170     0.93207     3.16306
     359 Loop 561432      2.99219     0.98529     0.93207     3.16306
     360 Loop 651432      4.48425     0.65745     0.93207     3.16306
     361 Loop 234156      1.27203     2.31769     0.93207     3.16306
     362 Loop 234165      1.42407     2.07025     0.93207     3.16306
     363 Loop 235146      0.87207     3.38067     0.87207     3.38067
     364 Loop 236145      1.30017     2.26754     0.87207     3.38067
     365 Loop 235164      1.14417     2.57671     0.87207     3.38067
     366 Loop 236154      1.13208     2.60422     0.87207     3.38067
     367 Loop 243156      1.55212     1.89945     0.87207     3.38067
     368 Loop 243165      1.58008     1.86585     0.87207     3.38067
     369 Loop 253146      1.05615     2.79144     0.87207     3.38067
     370 Loop 263145      1.66809     1.76740     0.87207     3.38067
     371 Loop 253164      1.10010     2.67993     0.87207     3.38067
     372 Loop 263154      1.55615     1.89453     0.87207     3.38067
     373 Loop 245136      1.61206     1.82883     0.87207     3.38067
     374 Loop 246135      1.95618     1.50712     0.87207     3.38067
     375 Loop 254136      1.36804     2.15504     0.87207     3.38067
     376 Loop 264135      2.16406     1.36234     0.87207     3.38067
     377 Loop 256134      1.13611     2.59498     0.87207     3.38067
     378 Loop 265134      1.63611     1.80195     0.87207     3.38067
     379 Loop 245163      1.77612     1.65990     0.87207     3.38067
     380 Loop 246153      1.91211     1.54185     0.87207     3.38067
     381 Loop 254163      1.56018     1.88964     0.87207     3.38067
     382 Loop 264153      2.34412     1.25770     0.87207     3.38067
     383 Loop 256143      1.68005     1.75482     0.87207     3.38067
     384 Loop 265143      2.26807     1.29987     0.87207     3.38067
     385 Loop 324156      1.12805     2.61352     0.87207     3.38067
     386 Loop 324165      1.45605     2.02478     0.87207     3.38067
     387 Loop 325146      0.96814     3.04521     0.87207     3.38067
     388 Loop 326145      1.27209     2.31758     0.87207     3.38067
     389 Loop 325164      0.98804     2.98388     0.87207     3.38067
     390 Loop 326154      1.13599     2.59526     0.87207     3.38067
     391 Loop 423156      5.92444     0.49763     0.87207     3.38067
     392 Loop 423165      5.87231     0.50205     0.87207     3.38067
     393 Loop 523146      1.96814     1.49795     0.87207     3.38067
     394 Loop 623145      3.57227     0.82530     0.87207     3.38067
     395 Loop 523164      1.30408     2.26074     0.87207     3.38067
     396 Loop 623154      3.33228     0.88474     0.87207     3.38067
     397 Loop 425136      5.86035     0.50307     0.87207     3.38067
     398 Loop 426135      5.93640     0.49663     0.87207     3.38067
     399 Loop 524136      2.16016     1.36480     0.87207     3.38067
     400 Loop 624135      3.89221     0.75746     0.87207     3.38067
     401 Loop 526134      1.24402     2.36989     0.87207     3.38067
     402 Loop 625134      3.52417     0.83656     0.87207     3.38067
     403 Loop 425163      6.15247     0.47919     0.87207     3.38067
     404 Loop 426153      6.13245     0.48075     0.87207     3.38067
     405 Loop 524163      1.74414     1.69034     0.87207     3.38067
     406 Loop 624153      4.25232     0.69331     0.87207     3.38067
     407 Loop 526143      1.87207     1.57483     0.87207     3.38067
     408 Loop 625143      4.02832     0.73186     0.87207     3.38067
     409 Loop 342156      1.59607     1.84715     0.87207     3.38067
     410 Loop 342165      1.72412     1.70996     0.87207     3.38067
     411 Loop 352146      1.10803     2.66074     0.87207     3.38067
     412 Loop 362145      1.75610     1.67882     0.87207     3.38067
     413 Loop 352164      1.18811     2.48141     0.87207     3.38067
     414 Loop 362154      1.47205     2.00278     0.87207     3.38067
     415 Loop 432156      5.89233     0.50034     0.87207     3.38067
     416 Loop 432165      6.06836     0.48583     0.87207     3.38067
     417 Loop 532146      1.99207     1.47996     0.87207     3.38067
     418 Loop 632145      3.56030     0.82807     0.87207     3.38067
     419 Loop 532164      1.32410     2.22656     0.87207     3.38067
     420 Loop 632154      3.34021     0.88263     0.87207     3.38067
     421 Loop 452136      6.37244     0.46265     0.87207     3.38067
     422 Loop 462135      8.14050     0.36216     0.87207     3.38067
     423 Loop 542136      3.05615     0.96467     0.87207     3.38067
     424 Loop 642135      6.08838     0.48423     0.87207     3.38067
     425 Loop 562134      1.84412     1.59870     0.87207     3.38067
     426 Loop 652134      3.71631     0.79331     0.87207     3.38067
     427 Loop 452163      6.41638     0.45948     0.87207     3.38067
     428 Loop 462153      7.70850     0.38246     0.87207     3.38067
     429 Loop 542163      2.35620     1.25124     0.87207     3.38067
     430 Loop 642153      5.73633     0.51395     0.87207     3.38067
     431 Loop 562143      2.50012     1.17922     0.87207     3.38067
     432 Loop 652143      4.28027     0.68878     0.87207     3.38067
     433 Loop 345126      1.70813     1.72597     0.87207     3.38067
     434 Loop 346125      2.08008     1.41734     0.87207     3.38067
     435 Loop 354126      1.54407     1.90936     0.87207     3.38067
     436 Loop 364125      2.12012     1.39058     0.87207     3.38067
     437 Loop 356124      1.18408     2.48985     0.87207     3.38067
     438 Loop 365124      1.66003     1.77598     0.87207     3.38067
     439 Loop 435126      6.26428     0.47063     0.87207     3.38067
     440 Loop 436125      6.16431     0.47827     0.87207     3.38067
     441 Loop 534126      2.30823     1.27725     0.87207     3.38067
     442 Loop 634125      3.94031     0.74821     0.87207     3.38067
     443 Loop 536124      1.34009     2.19999     0.87207     3.38067
     444 Loop 635124      3.69226     0.79848     0.87207     3.38067
     445 Loop 453126      6.44849     0.45719     0.87207     3.38067
     446 Loop 463125      7.92041     0.37223     0.87207     3.38067
     447 Loop 543126      3.09216     0.95344     0.87207     3.38067
     448 Loop 643125      5.90442     0.49932     0.87207     3.38067
     449 Loop 563124      2.12415     1.38794     0.87207     3.38067
     450 Loop 653124      3.69226     0.79848     0.87207     3.38067
     451 Loop 456123      6.10034     0.48328     0.87207     3.38067
     452 Loop 465123      7.62854     0.38647     0.87207     3.38067
     453 Loop 546123      2.85620     1.03220     0.87207     3.38067
     454 Loop 645123      5.77637     0.51039     0.87207     3.38067
     455 Loop 564123      2.80420     1.05135     0.87207     3.38067
     456 Loop 654123      4.44421     0.66338     0.87207     3.38067
     457 Loop 345162      2.02808     1.45369     0.87207     3.38067
     458 Loop 346152      2.06018     1.43103     0.87207     3.38067
     459 Loop 354162      1.83618     1.60561     0.87207     3.38067
     460 Loop 364152      2.03613     1.44793     0.87207     3.38067
     461 Loop 356142      1.64819     1.78874     0.87207     3.38067
     462 Loop 365142      1.96814     1.49795     0.87207     3.38067
     463 Loop 435162      6.01233     0.49036     0.87207     3.38067
     464 Loop 436152      6.18433     0.47672     0.87207     3.38067
     465 Loop 534162      1.96008     1.50411     0.87207     3.38067
     466 Loop 634152      4.18030     0.70526     0.87207     3.38067
     467 Loop 536142      1.62012     1.81974     0.87207     3.38067
     468 Loop 635142      4.12024     0.71554     0.87207     3.38067
     469 Loop 453162      6.10840     0.48264     0.87207     3.38067
     470 Loop 463152      7.55249     0.39036     0.87207     3.38067
     471 Loop 543162      2.46411     1.19645     0.87207     3.38067
     472 Loop 643152      5.38831     0.54714     0.87207     3.38067
     473 Loop 563142      2.28418     1.29070     0.87207     3.38067
     474 Loop 653142      4.21631     0.69923     0.87207     3.38067
     475 Loop 456132      6.12036     0.48170     0.87207     3.38067
     476 Loop 465132      7.48853     0.39369     0.87207     3.38067
     477 Loop 546132      2.86816     1.02790     0.87207     3.38067
     478 Loop 645132      5.59631     0.52681     0.87207     3.38067
     479 Loop 564132      3.02820     0.97358     0.87207     3.38067
     480 Loop 654132      4.66028     0.63262     0.87207     3.38067
     481 Loop 234516      1.28406     2.29599     0.87207     3.38067
     482 Loop 234615      1.62805     1.81087     0.87207     3.38067
     483 Loop 235416      1.04797     2.81322     0.87207     3.38067
     484 Loop 236415      1.46802     2.00828     0.87207     3.38067
     485 Loop 235614      1.01208     2.91298     0.87207     3.38067
     486 Loop 236514      1.07202     2.75012     0.87207     3.38067
     487 Loop 243516      1.71606     1.71799     0.87207     3.38067
     488 Loop 243615      1.99609     1.47698     0.87207     3.38067
     489 Loop 253416      1.07202     2.75012     0.87207     3.38067
     490 Loop 263415      1.92407     1.53226     0.87207     3.38067
     491 Loop 253614      1.07214     2.74980     0.87207     3.38067
     492 Loop 263514      1.54407     1.90936     0.87207     3.38067
     493 Loop 245316      1.69617     1.73814     0.87207     3.38067
     494 Loop 246315      2.07214     1.42277     0.87207     3.38067
     495 Loop 254316      1.44409     2.04155     0.87207     3.38067
     496 Loop 264315      2.11218     1.39580     0.87207     3.38067
     497 Loop 256314      1.19604     2.46494     0.87207     3.38067
     498 Loop 265314      1.56409     1.88492     0.87207     3.38067
     499 Loop 245613      1.95618     1.50712     0.87207     3.38067
     500 Loop 246513      2.18811     1.34737     0.87207     3.38067
     501 Loop 254613      1.78003     1.65626     0.87207     3.38067
     502 Loop 264513      2.28406     1.29077     0.87207     3.38067
     503 Loop 256413      1.87207     1.57483     0.87207     3.38067
     504 Loop 265413      2.21619     1.33030     0.87207     3.38067
     505 Loop 324516      1.23218     2.39266     0.87207     3.38067
     506 Loop 324615      1.64014     1.79752     0.87207     3.38067
     507 Loop 325416      1.09607     2.68978     0.87207     3.38067
     508 Loop 326415      1.46008     2.01919     0.87207     3.38067
     509 Loop 325614      1.02002     2.89032     0.87207     3.38067
     510 Loop 326514      1.11206     2.65110     0.87207     3.38067
     511 Loop 423516      6.58838     0.44748     0.87207     3.38067
     512 Loop 423615      6.42444     0.45890     0.87207     3.38067
     513 Loop 523416      2.10022     1.40375     0.87207     3.38067
     514 Loop 623415      3.82422     0.77092     0.87207     3.38067
     515 Loop 523614      1.16809     2.52393     0.87207     3.38067
     516 Loop 623514      3.31616     0.88903     0.87207     3.38067
     517 Loop 425316      6.84851     0.43049     0.87207     3.38067
     518 Loop 426315      6.24829     0.47184     0.87207     3.38067
     519 Loop 524316      2.20813     1.33515     0.87207     3.38067
     520 Loop 624315      3.80420     0.77498     0.87207     3.38067
     521 Loop 526314      1.35205     2.18053     0.87207     3.38067
     522 Loop 625314      3.61621     0.81527     0.87207     3.38067
     523 Loop 425613      6.25232     0.47153     0.87207     3.38067
     524 Loop 426513      6.48047     0.45493     0.87207     3.38067
     525 Loop 524613      1.95605     1.50721     0.87207     3.38067
     526 Loop 624513      4.23621     0.69595     0.87207     3.38067
     527 Loop 526413      1.97217     1.49489     0.87207     3.38067
     528 Loop 625413      4.22437     0.69790     0.87207     3.38067
     529 Loop 342516      1.61206     1.82883     0.87207     3.38067
     530 Loop 342615      1.81201     1.62702     0.87207     3.38067
     531 Loop 352416      1.11206     2.65110     0.87207     3.38067
     532 Loop 362415      1.85620     1.58829     0.87207     3.38067
     533 Loop 352614      1.11206     2.65110     0.87207     3.38067
     534 Loop 362514      1.38013     2.13617     0.87207     3.38067
     535 Loop 432516      6.57239     0.44857     0.87207     3.38067
     536 Loop 432615      6.08044     0.48486     0.87207     3.38067
     537 Loop 532416      1.91614     1.53861     0.87207     3.38067
     538 Loop 632415      3.84033     0.76769     0.87207     3.38067
     539 Loop 532614      1.20007     2.45667     0.87207     3.38067
     540 Loop 632514      3.36829     0.87528     0.87207     3.38067
     541 Loop 452316      7.08435     0.41615     0.87207     3.38067
     542 Loop 462315      8.04443     0.36649     0.87207     3.38067
     543 Loop 542316      3.16016     0.93292     0.87207     3.38067
     544 Loop 642315      5.94446     0.49596     0.87207     3.38067
     545 Loop 562314      2.05212     1.43665     0.87207     3.38067
     546 Loop 652314      3.56824     0.82623     0.87207     3.38067
     547 Loop 452613      6.28040     0.46943     0.87207     3.38067
     548 Loop 462513      7.68445     0.38366     0.87207     3.38067
     549 Loop 542613      2.47217     1.19255     0.87207     3.38067
     550 Loop 642513      5.57239     0.52907     0.87207     3.38067
     551 Loop 562413      2.38013     1.23867     0.87207     3.38067
     552 Loop 652413      4.33630     0.67988     0.87207     3.38067
     553 Loop 345216      1.81616     1.62330     0.87207     3.38067
     554 Loop 346215      1.96008     1.50411     0.87207     3.38067
     555 Loop 354216      1.38013     2.13617     0.87207     3.38067
     556 Loop 364215      2.02417     1.45649     0.87207     3.38067
     557 Loop 356214      1.17212     2.51526     0.87207     3.38067
     558 Loop 365214      1.60010     1.84250     0.87207     3.38067
     559 Loop 435216      6.46838     0.45578     0.87207     3.38067
     560 Loop 436215      6.24036     0.47244     0.87207     3.38067
     561 Loop 534216      2.12415     1.38794     0.87207     3.38067
     562 Loop 634215      3.84021     0.76771     0.87207     3.38067
     563 Loop 536214      1.40808     2.09376     0.87207     3.38067
     564 Loop 635214      3.72424     0.79162     0.87207     3.38067
     565 Loop 453216      7.20044     0.40945     0.87207     3.38067
     566 Loop 463215      8.18054     0.36039     0.87207     3.38067
     567 Loop 543216      3.06812     0.96091     0.87207     3.38067
     568 Loop 643215      6.18042     0.47702     0.87207     3.38067
     569 Loop 563214      2.16418     1.36226     0.87207     3.38067
     570 Loop 653214      3.82422     0.77092     0.87207     3.38067
     571 Loop 456213      6.71240     0.43921     0.87207     3.38067
     572 Loop 465213      8.05640     0.36594     0.87207     3.38067
     573 Loop 546213      2.84009     1.03806     0.87207     3.38067
     574 Loop 645213      5.98840     0.49232     0.87207     3.38067
     575 Loop 564213      3.10022     0.95096     0.87207     3.38067
     576 Loop 654213      4.73230     0.62299     0.87207     3.38067
     577 Loop 345612      2.14404     1.37506     0.87207     3.38067
     578 Loop 346512      2.18018     1.35227     0.87207     3.38067
     579 Loop 354612      1.92407     1.53226     0.87207     3.38067
     580 Loop 364512      2.24817     1.31137     0.87207     3.38067
     581 Loop 356412      1.56812     1.88008     0.87207     3.38067
     582 Loop 365412      1.90015     1.55156     0.87207     3.38067
     583 Loop 435612      6.33643     0.46528     0.87207     3.38067
     584 Loop 436512      6.06042     0.48646     0.87207     3.38067
     585 Loop 534612      1.76807     1.66746     0.87207     3.38067
     586 Loop 634512      4.21631     0.69923     0.87207     3.38067
     587 Loop 536412      1.69214     1.74228     0.87207     3.38067
     588 Loop 635412      4.34424     0.67864     0.87207     3.38067
     589 Loop 453612      6.44446     0.45748     0.87207     3.38067
     590 Loop 463512      7.29248     0.40428     0.87207     3.38067
     591 Loop 543612      2.40015     1.22834     0.87207     3.38067
     592 Loop 643512      5.32837     0.55330     0.87207     3.38067
     593 Loop 563412      2.39624     1.23034     0.87207     3.38067
     594 Loop 653412      4.24023     0.69529     0.87207     3.38067
     595 Loop 456312      6.28845     0.46883     0.87207     3.38067
     596 Loop 465312      7.49646     0.39328     0.87207     3.38067
     597 Loop 546312      2.62817     1.12176     0.87207     3.38067
     598 Loop 645312      5.84436     0.50445     0.87207     3.38067
     599 Loop 564312      2.89209     1.01940     0.87207     3.38067
     600 Loop 654312      4.52820     0.65107     0.87207     3.38067
     601 Loop 234561      1.50806     1.95496     0.87207     3.38067
     602 Loop 234651      1.63208     1.80640     0.87207     3.38067
     603 Loop 235461      1.23608     2.38510     0.87207     3.38067
     604 Loop 236451      1.53613     1.91922     0.87207     3.38067
     605 Loop 235641      1.32800     2.22001     0.87207     3.38067
     606 Loop 236541      1.38403     2.13014     0.87207     3.38067
     607 Loop 243561      1.84009     1.60220     0.87207     3.38067
     608 Loop 243651      2.03613     1.44793     0.87207     3.38067
     609 Loop 253461      1.26807     2.32494     0.87207     3.38067
     610 Loop 263451      1.63208     1.80640     0.87207     3.38067
     611 Loop 253641      1.38806     2.12396     0.87207     3.38067
     612 Loop 263541      1.87610     1.57144     0.87207     3.38067
     613 Loop 245361      2.14404     1.37506     0.87207     3.38067
     614 Loop 246351      2.16809     1.35981     0.87207     3.38067
     615 Loop 254361      1.72009     1.71397     0.87207     3.38067
     616 Loop 264351      2.13611     1.38017     0.87207     3.38067
     617 Loop 256341      1.57617     1.87047     0.87207     3.38067
     618 Loop 265341      2.11206     1.39588     0.87207     3.38067
     619 Loop 245631      2.46423     1.19639     0.87207     3.38067
     620 Loop 246531      2.39612     1.23040     0.87207     3.38067
     621 Loop 254631      1.85620     1.58829     0.87207     3.38067
     622 Loop 264531      2.36816     1.24492     0.87207     3.38067
     623 Loop 256431      1.94812     1.51335     0.87207     3.38067
     624 Loop 265431      2.37610     1.24077     0.87207     3.38067
     625 Loop 324561      1.50012     1.96530     0.87207     3.38067
     626 Loop 324651      1.70020     1.73403     0.87207     3.38067
     627 Loop 325461      1.22412     2.40841     0.87207     3.38067
     628 Loop 326451      1.47205     2.00278     0.87207     3.38067
     629 Loop 325641      1.31201     2.24707     0.87207     3.38067
     630 Loop 326541      1.43616     2.05283     0.87207     3.38067
     631 Loop 423561      6.71252     0.43921     0.87207     3.38067
     632 Loop 423651      6.80444     0.43327     0.87207     3.38067
     633 Loop 523461      1.75610     1.67882     0.87207     3.38067
     634 Loop 623451      3.90820     0.75436     0.87207     3.38067
     635 Loop 523641      1.56799     1.88023     0.87207     3.38067
     636 Loop 623541      3.92419     0.75128     0.87207     3.38067
     637 Loop 425361      6.92041     0.42601     0.87207     3.38067
     638 Loop 426351      7.04443     0.41851     0.87207     3.38067
     639 Loop 524361      2.14417     1.37498     0.87207     3.38067
     640 Loop 624351      4.05627     0.72682     0.87207     3.38067
     641 Loop 526341      1.76013     1.67498     0.87207     3.38067
     642 Loop 625341      4.11230     0.71692     0.87207     3.38067
     643 Loop 425631      6.97644     0.42259     0.87207     3.38067
     644 Loop 426531      6.92847     0.42552     0.87207     3.38067
     645 Loop 524631      2.20813     1.33515     0.87207     3.38067
     646 Loop 624531      4.18018     0.70528     0.87207     3.38067
     647 Loop 526431      2.14417     1.37498     0.87207     3.38067
     648 Loop 625431      4.46838     0.65979     0.87207     3.38067
     649 Loop 342561      2.29614     1.28397     0.87207     3.38067
     650 Loop 342651      2.37207     1.24287     0.87207     3.38067
     651 Loop 352461      1.26807     2.32494     0.87207     3.38067
     652 Loop 362451      1.58813     1.85638     0.87207     3.38067
     653 Loop 352641      1.36401     2.16140     0.87207     3.38067
     654 Loop 362541      2.04419     1.44223     0.87207     3.38067
     655 Loop 432561      7.00049     0.42114     0.87207     3.38067
     656 Loop 432651      7.00854     0.42066     0.87207     3.38067
     657 Loop 532461      1.75610     1.67882     0.87207     3.38067
     658 Loop 632451      3.82825     0.77011     0.87207     3.38067
     659 Loop 532641      1.52405     1.93444     0.87207     3.38067
     660 Loop 632541      3.71631     0.79331     0.87207     3.38067
     661 Loop 452361      7.54041     0.39098     0.87207     3.38067
     662 Loop 462351      8.71252     0.33838     0.87207     3.38067
     663 Loop 542361      3.90015     0.75592     0.87207     3.38067
     664 Loop 642351      6.95642     0.42381     0.87207     3.38067
     665 Loop 562341      2.31616     1.27287     0.87207     3.38067
     666 Loop 652341      4.11230     0.71692     0.87207     3.38067
     667 Loop 452631      7.55249     0.39036     0.87207     3.38067
     668 Loop 462531      8.35645     0.35280     0.87207     3.38067
     669 Loop 542631      3.22815     0.91327     0.87207     3.38067
     670 Loop 642531      6.04443     0.48775     0.87207     3.38067
     671 Loop 562431      2.87219     1.02646     0.87207     3.38067
     672 Loop 652431      4.37634     0.67366     0.87207     3.38067
     673 Loop 345261      2.22827     1.32308     0.87207     3.38067
     674 Loop 346251      2.12402     1.38802     0.87207     3.38067
     675 Loop 354261      1.80029     1.63761     0.87207     3.38067
     676 Loop 364251      1.92017     1.53538     0.87207     3.38067
     677 Loop 356241      1.60010     1.84250     0.87207     3.38067
     678 Loop 365241      2.07227     1.42269     0.87207     3.38067
     679 Loop 435261      6.99243     0.42163     0.87207     3.38067
     680 Loop 436251      6.65649     0.44290     0.87207     3.38067
     681 Loop 534261      2.11621     1.39314     0.87207     3.38067
     682 Loop 634251      3.81226     0.77334     0.87207     3.38067
     683 Loop 536241      1.92017     1.53538     0.87207     3.38067
     684 Loop 635241      4.12036     0.71552     0.87207     3.38067
     685 Loop 453261      7.38843     0.39903     0.87207     3.38067
     686 Loop 463251      8.70068     0.33885     0.87207     3.38067
     687 Loop 543261      3.76831     0.78236     0.87207     3.38067
     688 Loop 643251      6.88037     0.42849     0.87207     3.38067
     689 Loop 563241      2.52417     1.16798     0.87207     3.38067
     690 Loop 653241      4.23633     0.69593     0.87207     3.38067
     691 Loop 456231      7.97656     0.36961     0.87207     3.38067
     692 Loop 465231      9.10840     0.32368     0.87207     3.38067
     693 Loop 546231      4.22827     0.69726     0.87207     3.38067
     694 Loop 645231      7.48438     0.39391     0.87207     3.38067
     695 Loop 564231      3.34424     0.88157     0.87207     3.38067
     696 Loop 654231      4.93237     0.59772     0.87207     3.38067
     697 Loop 345621      2.44019     1.20818     0.87207     3.38067
     698 Loop 346521      2.45215     1.20229     0.87207     3.38067
     699 Loop 354621      1.90015     1.55156     0.87207     3.38067
     700 Loop 364521      2.33228     1.26408     0.87207     3.38067
     701 Loop 356421      1.79614     1.64140     0.87207     3.38067
     702 Loop 365421      2.14014     1.37757     0.87207     3.38067
     703 Loop 435621      7.18042     0.41059     0.87207     3.38067
     704 Loop 436521      6.88062     0.42848     0.87207     3.38067
     705 Loop 534621      2.12012     1.39058     0.87207     3.38067
     706 Loop 634521      4.15210     0.71005     0.87207     3.38067
     707 Loop 536421      1.86816     1.57812     0.87207     3.38067
     708 Loop 635421      4.31226     0.68368     0.87207     3.38067
     709 Loop 453621      7.65625     0.38507     0.87207     3.38067
     710 Loop 463521      8.51636     0.34618     0.87207     3.38067
     711 Loop 543621      3.36011     0.87741     0.87207     3.38067
     712 Loop 643521      6.06836     0.48583     0.87207     3.38067
     713 Loop 563421      2.33618     1.26197     0.87207     3.38067
     714 Loop 653421      4.26416     0.69139     0.87207     3.38067
     715 Loop 456321      7.06445     0.41733     0.87207     3.38067
     716 Loop 465321      8.56836     0.34408     0.87207     3.38067
     717 Loop 546321      4.10425     0.71833     0.87207     3.38067
     718 Loop 645321      6.82031     0.43227     0.87207     3.38067
     719 Loop 564321      3.17236     0.92933     0.87207     3.38067
     720 Loop 654321      4.73242     0.62298     0.87207     3.38067
 The best time is:   0.8720703    
 The speedup is:      3.380672    
