 TESTING TRANSACCU TYPE 365214
 Hirata Reference =    9.200575     seconds
 Algorithm         Jeff           Speedup          Best
       1 Loop 123456      7.72048     1.19171     7.72048     1.19171
       2 Loop 123465      7.33646     1.25409     7.33646     1.25409
       3 Loop 123546      7.72448     1.19109     7.33646     1.25409
       4 Loop 123645      7.17645     1.28205     7.17645     1.28205
       5 Loop 123564      4.30027     2.13953     4.30027     2.13953
       6 Loop 123654      4.20026     2.19048     4.20026     2.19048
       7 Loop 124356     20.42527     0.45045     4.20026     2.19048
       8 Loop 124365     20.89330     0.44036     4.20026     2.19048
       9 Loop 125346      7.72849     1.19048     4.20026     2.19048
      10 Loop 126345      7.54047     1.22016     4.20026     2.19048
      11 Loop 125364      4.41628     2.08333     4.20026     2.19048
      12 Loop 126354      4.74030     1.94093     4.20026     2.19048
      13 Loop 124536     21.10931     0.43585     4.20026     2.19048
      14 Loop 124635     20.73329     0.44376     4.20026     2.19048
      15 Loop 125436      7.82849     1.17527     4.20026     2.19048
      16 Loop 126435      7.51247     1.22471     4.20026     2.19048
      17 Loop 125634      4.54430     2.02464     4.20026     2.19048
      18 Loop 126534      4.79230     1.91987     4.20026     2.19048
      19 Loop 124563     21.63335     0.42530     4.20026     2.19048
      20 Loop 124653     21.14532     0.43511     4.20026     2.19048
      21 Loop 125463      9.48460     0.97005     4.20026     2.19048
      22 Loop 126453      9.60060     0.95833     4.20026     2.19048
      23 Loop 125643      9.74861     0.94378     4.20026     2.19048
      24 Loop 126543      9.83261     0.93572     4.20026     2.19048
      25 Loop 132456      7.66046     1.20105     4.20026     2.19048
      26 Loop 132465      7.35248     1.25136     4.20026     2.19048
      27 Loop 132546      7.80450     1.17888     4.20026     2.19048
      28 Loop 132645      7.25244     1.26862     4.20026     2.19048
      29 Loop 132564      4.18427     2.19885     4.18427     2.19885
      30 Loop 132654      4.23627     2.17186     4.18427     2.19885
      31 Loop 142356     20.58929     0.44686     4.18427     2.19885
      32 Loop 142365     21.02533     0.43759     4.18427     2.19885
      33 Loop 152346      8.08853     1.13748     4.18427     2.19885
      34 Loop 162345      9.83261     0.93572     4.18427     2.19885
      35 Loop 152364      4.72031     1.94915     4.18427     2.19885
      36 Loop 162354      8.00049     1.15000     4.18427     2.19885
      37 Loop 142536     21.38535     0.43023     4.18427     2.19885
      38 Loop 142635     20.86932     0.44087     4.18427     2.19885
      39 Loop 152436      8.08051     1.13861     4.18427     2.19885
      40 Loop 162435     10.07663     0.91306     4.18427     2.19885
      41 Loop 152634      4.88031     1.88524     4.18427     2.19885
      42 Loop 162534      8.07251     1.13974     4.18427     2.19885
      43 Loop 142563     22.56540     0.40773     4.18427     2.19885
      44 Loop 142653     21.97739     0.41864     4.18427     2.19885
      45 Loop 152463     10.09665     0.91125     4.18427     2.19885
      46 Loop 162453     12.79681     0.71897     4.18427     2.19885
      47 Loop 152643     10.42462     0.88258     4.18427     2.19885
      48 Loop 162543     12.89679     0.71340     4.18427     2.19885
      49 Loop 134256     18.84119     0.48832     4.18427     2.19885
      50 Loop 134265     20.17725     0.45599     4.18427     2.19885
      51 Loop 135246      7.97644     1.15347     4.18427     2.19885
      52 Loop 136245      7.59253     1.21179     4.18427     2.19885
      53 Loop 135264      4.29626     2.14153     4.18427     2.19885
      54 Loop 136254      4.65234     1.97762     4.18427     2.19885
      55 Loop 143256     20.41724     0.45063     4.18427     2.19885
      56 Loop 143265     21.50537     0.42783     4.18427     2.19885
      57 Loop 153246      8.14050     1.13022     4.18427     2.19885
      58 Loop 163245      9.82458     0.93648     4.18427     2.19885
      59 Loop 153264      4.76831     1.92953     4.18427     2.19885
      60 Loop 163254      8.00452     1.14942     4.18427     2.19885
      61 Loop 145236     21.22931     0.43339     4.18427     2.19885
      62 Loop 146235     24.21350     0.37998     4.18427     2.19885
      63 Loop 154236     19.95325     0.46111     4.18427     2.19885
      64 Loop 164235     25.77765     0.35692     4.18427     2.19885
      65 Loop 156234      8.58057     1.07226     4.18427     2.19885
      66 Loop 165234      8.58453     1.07176     4.18427     2.19885
      67 Loop 145263     21.86932     0.42071     4.18427     2.19885
      68 Loop 146253     24.85754     0.37013     4.18427     2.19885
      69 Loop 154263     20.51324     0.44852     4.18427     2.19885
      70 Loop 164253     28.33380     0.32472     4.18427     2.19885
      71 Loop 156243     12.52081     0.73482     4.18427     2.19885
      72 Loop 165243     12.53674     0.73389     4.18427     2.19885
      73 Loop 134526     16.13300     0.57030     4.18427     2.19885
      74 Loop 134625     17.25305     0.53327     4.18427     2.19885
      75 Loop 135426      6.98444     1.31730     4.18427     2.19885
      76 Loop 136425      6.50043     1.41538     4.18427     2.19885
      77 Loop 135624      4.59229     2.00349     4.18427     2.19885
      78 Loop 136524      4.90027     1.87757     4.18427     2.19885
      79 Loop 143526     18.00909     0.51088     4.18427     2.19885
      80 Loop 143625     18.90118     0.48677     4.18427     2.19885
      81 Loop 153426      7.28046     1.26374     4.18427     2.19885
      82 Loop 163425      8.65253     1.06334     4.18427     2.19885
      83 Loop 153624      4.98035     1.84738     4.18427     2.19885
      84 Loop 163524      8.73657     1.05311     4.18427     2.19885
      85 Loop 145326     18.73315     0.49114     4.18427     2.19885
      86 Loop 146325     21.04541     0.43718     4.18427     2.19885
      87 Loop 154326     17.44507     0.52740     4.18427     2.19885
      88 Loop 164325     22.10535     0.41621     4.18427     2.19885
      89 Loop 156324      8.75256     1.05119     4.18427     2.19885
      90 Loop 165324      8.76050     1.05023     4.18427     2.19885
      91 Loop 145623     20.86523     0.44095     4.18427     2.19885
      92 Loop 146523     21.26941     0.43257     4.18427     2.19885
      93 Loop 154623     19.50513     0.47170     4.18427     2.19885
      94 Loop 164523     23.13745     0.39765     4.18427     2.19885
      95 Loop 156423     11.85681     0.77597     4.18427     2.19885
      96 Loop 165423     11.87280     0.77493     4.18427     2.19885
      97 Loop 134562     15.96094     0.57644     4.18427     2.19885
      98 Loop 134652     15.99304     0.57529     4.18427     2.19885
      99 Loop 135462      5.55627     1.65589     4.18427     2.19885
     100 Loop 136452      5.54834     1.65826     4.18427     2.19885
     101 Loop 135642      5.17236     1.77880     4.18427     2.19885
     102 Loop 136542      5.34839     1.72025     4.18427     2.19885
     103 Loop 143562     17.68103     0.52036     4.18427     2.19885
     104 Loop 143652     17.73315     0.51883     4.18427     2.19885
     105 Loop 153462      5.90039     1.55932     4.18427     2.19885
     106 Loop 163452      9.94470     0.92517     4.18427     2.19885
     107 Loop 153642      5.58838     1.64638     4.18427     2.19885
     108 Loop 163542      9.92065     0.92742     4.18427     2.19885
     109 Loop 145362     17.96912     0.51202     4.18427     2.19885
     110 Loop 146352     19.50513     0.47170     4.18427     2.19885
     111 Loop 154362     16.27307     0.56539     4.18427     2.19885
     112 Loop 164352     20.19727     0.45554     4.18427     2.19885
     113 Loop 156342      9.98059     0.92185     4.18427     2.19885
     114 Loop 165342     10.01270     0.91889     4.18427     2.19885
     115 Loop 145632     19.50916     0.47160     4.18427     2.19885
     116 Loop 146532     19.68921     0.46729     4.18427     2.19885
     117 Loop 154632     18.00110     0.51111     4.18427     2.19885
     118 Loop 164532     20.40125     0.45098     4.18427     2.19885
     119 Loop 156432     10.08069     0.91269     4.18427     2.19885
     120 Loop 165432     10.10461     0.91053     4.18427     2.19885
     121 Loop 213456      7.69238     1.19606     4.18427     2.19885
     122 Loop 213465      7.36450     1.24931     4.18427     2.19885
     123 Loop 213546      7.66846     1.19979     4.18427     2.19885
     124 Loop 213645      7.15247     1.28635     4.18427     2.19885
     125 Loop 213564      4.21228     2.18423     4.18427     2.19885
     126 Loop 213654      4.16028     2.21153     4.16028     2.21153
     127 Loop 214356     20.41321     0.45072     4.16028     2.21153
     128 Loop 214365     20.90930     0.44002     4.16028     2.21153
     129 Loop 215346      7.69250     1.19604     4.16028     2.21153
     130 Loop 216345      7.53247     1.22146     4.16028     2.21153
     131 Loop 215364      4.37634     2.10234     4.16028     2.21153
     132 Loop 216354      4.71228     1.95247     4.16028     2.21153
     133 Loop 214536     21.17334     0.43454     4.16028     2.21153
     134 Loop 214635     20.76123     0.44316     4.16028     2.21153
     135 Loop 215436      7.82849     1.17527     4.16028     2.21153
     136 Loop 216435      7.52441     1.22276     4.16028     2.21153
     137 Loop 215634      4.52026     2.03541     4.16028     2.21153
     138 Loop 216534      4.77234     1.92790     4.16028     2.21153
     139 Loop 214563     21.78528     0.42233     4.16028     2.21153
     140 Loop 214653     21.11328     0.43577     4.16028     2.21153
     141 Loop 215463      9.49255     0.96924     4.16028     2.21153
     142 Loop 216453      9.62866     0.95554     4.16028     2.21153
     143 Loop 215643      9.73254     0.94534     4.16028     2.21153
     144 Loop 216543     10.22461     0.89985     4.16028     2.21153
     145 Loop 312456      7.58044     1.21372     4.16028     2.21153
     146 Loop 312465      7.36841     1.24865     4.16028     2.21153
     147 Loop 312546      7.60449     1.20989     4.16028     2.21153
     148 Loop 312645      7.09241     1.29724     4.16028     2.21153
     149 Loop 312564      4.09619     2.24613     4.09619     2.24613
     150 Loop 312654      4.09216     2.24834     4.09216     2.24834
     151 Loop 412356     21.03735     0.43734     4.09216     2.24834
     152 Loop 412365     21.30530     0.43184     4.09216     2.24834
     153 Loop 512346      7.93652     1.15927     4.09216     2.24834
     154 Loop 612345      9.89258     0.93005     4.09216     2.24834
     155 Loop 512364      4.56433     2.01576     4.09216     2.24834
     156 Loop 612354      8.11646     1.13357     4.09216     2.24834
     157 Loop 412536     21.55725     0.42680     4.09216     2.24834
     158 Loop 412635     21.18933     0.43421     4.09216     2.24834
     159 Loop 512436      8.31262     1.10682     4.09216     2.24834
     160 Loop 612435     10.36462     0.88769     4.09216     2.24834
     161 Loop 512634      4.87634     1.88678     4.09216     2.24834
     162 Loop 612534      8.44055     1.09004     4.09216     2.24834
     163 Loop 412563     22.80139     0.40351     4.09216     2.24834
     164 Loop 412653     21.51343     0.42767     4.09216     2.24834
     165 Loop 512463      9.58447     0.95995     4.09216     2.24834
     166 Loop 612453     12.12866     0.75858     4.09216     2.24834
     167 Loop 512643      9.81274     0.93761     4.09216     2.24834
     168 Loop 612543     12.43262     0.74004     4.09216     2.24834
     169 Loop 314256     18.16895     0.50639     4.09216     2.24834
     170 Loop 314265     19.27319     0.47738     4.09216     2.24834
     171 Loop 315246      7.74048     1.18863     4.09216     2.24834
     172 Loop 316245      7.38062     1.24659     4.09216     2.24834
     173 Loop 315264      4.13623     2.22439     4.09216     2.24834
     174 Loop 316254      4.60034     1.99998     4.09216     2.24834
     175 Loop 413256     20.38110     0.45143     4.09216     2.24834
     176 Loop 413265     21.46143     0.42870     4.09216     2.24834
     177 Loop 513246      7.98047     1.15289     4.09216     2.24834
     178 Loop 613245      9.68066     0.95041     4.09216     2.24834
     179 Loop 513264      4.44019     2.07211     4.09216     2.24834
     180 Loop 613254      7.97656     1.15345     4.09216     2.24834
     181 Loop 415236     21.53735     0.42719     4.09216     2.24834
     182 Loop 416235     24.54541     0.37484     4.09216     2.24834
     183 Loop 514236     19.93335     0.46157     4.09216     2.24834
     184 Loop 614235     25.62158     0.35909     4.09216     2.24834
     185 Loop 516234      8.38843     1.09682     4.09216     2.24834
     186 Loop 615234      8.48462     1.08438     4.09216     2.24834
     187 Loop 415263     21.94141     0.41932     4.09216     2.24834
     188 Loop 416253     24.95752     0.36865     4.09216     2.24834
     189 Loop 514263     20.34912     0.45214     4.09216     2.24834
     190 Loop 614253     28.32568     0.32481     4.09216     2.24834
     191 Loop 516243     12.32886     0.74626     4.09216     2.24834
     192 Loop 615243     12.60083     0.73016     4.09216     2.24834
     193 Loop 314526     16.09302     0.57171     4.09216     2.24834
     194 Loop 314625     17.24512     0.53352     4.09216     2.24834
     195 Loop 315426      6.84448     1.34423     4.09216     2.24834
     196 Loop 316425      6.47241     1.42151     4.09216     2.24834
     197 Loop 315624      4.43237     2.07577     4.09216     2.24834
     198 Loop 316524      4.76831     1.92953     4.09216     2.24834
     199 Loop 413526     18.20923     0.50527     4.09216     2.24834
     200 Loop 413625     19.69727     0.46710     4.09216     2.24834
     201 Loop 513426      7.82861     1.17525     4.09216     2.24834
     202 Loop 613425      8.79272     1.04638     4.09216     2.24834
     203 Loop 513624      4.83643     1.90235     4.09216     2.24834
     204 Loop 613524      8.78857     1.04688     4.09216     2.24834
     205 Loop 415326     18.93726     0.48585     4.09216     2.24834
     206 Loop 416325     21.24146     0.43314     4.09216     2.24834
     207 Loop 514326     17.37305     0.52959     4.09216     2.24834
     208 Loop 614325     22.10547     0.41621     4.09216     2.24834
     209 Loop 516324      8.66040     1.06237     4.09216     2.24834
     210 Loop 615324      8.71655     1.05553     4.09216     2.24834
     211 Loop 415623     21.11328     0.43577     4.09216     2.24834
     212 Loop 416523     21.48926     0.42815     4.09216     2.24834
     213 Loop 514623     19.37720     0.47481     4.09216     2.24834
     214 Loop 614523     22.85742     0.40252     4.09216     2.24834
     215 Loop 516423     11.79688     0.77992     4.09216     2.24834
     216 Loop 615423     11.75269     0.78285     4.09216     2.24834
     217 Loop 314562     15.80884     0.58199     4.09216     2.24834
     218 Loop 314652     15.62109     0.58898     4.09216     2.24834
     219 Loop 315462      5.42041     1.69739     4.09216     2.24834
     220 Loop 316452      5.57227     1.65114     4.09216     2.24834
     221 Loop 315642      5.13232     1.79267     4.09216     2.24834
     222 Loop 316542      5.33618     1.72419     4.09216     2.24834
     223 Loop 413562     17.96509     0.51214     4.09216     2.24834
     224 Loop 413652     17.71313     0.51942     4.09216     2.24834
     225 Loop 513462      5.89233     1.56145     4.09216     2.24834
     226 Loop 613452      9.99658     0.92037     4.09216     2.24834
     227 Loop 513642      5.52441     1.66544     4.09216     2.24834
     228 Loop 613542      9.96875     0.92294     4.09216     2.24834
     229 Loop 415362     17.93311     0.51305     4.09216     2.24834
     230 Loop 416352     19.66919     0.46777     4.09216     2.24834
     231 Loop 514362     16.07300     0.57242     4.09216     2.24834
     232 Loop 614352     20.34912     0.45214     4.09216     2.24834
     233 Loop 516342      9.94043     0.92557     4.09216     2.24834
     234 Loop 615342      9.96875     0.92294     4.09216     2.24834
     235 Loop 415632     19.71704     0.46663     4.09216     2.24834
     236 Loop 416532     20.26538     0.45400     4.09216     2.24834
     237 Loop 514632     17.76099     0.51802     4.09216     2.24834
     238 Loop 614532     20.22925     0.45482     4.09216     2.24834
     239 Loop 516432     10.05273     0.91523     4.09216     2.24834
     240 Loop 615432     10.11255     0.90982     4.09216     2.24834
     241 Loop 231456      6.62842     1.38805     4.09216     2.24834
     242 Loop 231465      6.30029     1.46034     4.09216     2.24834
     243 Loop 231546      5.83618     1.57647     4.09216     2.24834
     244 Loop 231645      5.14429     1.78850     4.09216     2.24834
     245 Loop 231564      2.32031     3.96523     2.32031     3.96523
     246 Loop 231654      2.24414     4.09982     2.24414     4.09982
     247 Loop 241356     20.50537     0.44869     2.24414     4.09982
     248 Loop 241365     20.78540     0.44265     2.24414     4.09982
     249 Loop 251346      6.08447     1.51214     2.24414     4.09982
     250 Loop 261345      7.28833     1.26237     2.24414     4.09982
     251 Loop 251364      2.91211     3.15942     2.24414     4.09982
     252 Loop 261354      6.80054     1.35292     2.24414     4.09982
     253 Loop 241536     21.16138     0.43478     2.24414     4.09982
     254 Loop 241635     20.56934     0.44730     2.24414     4.09982
     255 Loop 251436      7.05249     1.30459     2.24414     4.09982
     256 Loop 261435      8.27637     1.11167     2.24414     4.09982
     257 Loop 251634      3.37622     2.72511     2.24414     4.09982
     258 Loop 261534      6.64429     1.38473     2.24414     4.09982
     259 Loop 241563     21.74536     0.42311     2.24414     4.09982
     260 Loop 241653     21.14136     0.43519     2.24414     4.09982
     261 Loop 251463      8.66846     1.06139     2.24414     4.09982
     262 Loop 261453     10.47656     0.87821     2.24414     4.09982
     263 Loop 251643      8.92065     1.03138     2.24414     4.09982
     264 Loop 261543     10.74463     0.85630     2.24414     4.09982
     265 Loop 321456      6.51636     1.41192     2.24414     4.09982
     266 Loop 321465      6.26025     1.46968     2.24414     4.09982
     267 Loop 321546      5.60034     1.64286     2.24414     4.09982
     268 Loop 321645      5.02832     1.82975     2.24414     4.09982
     269 Loop 321564      2.10400     4.37289     2.10400     4.37289
     270 Loop 321654      2.09595     4.38970     2.09595     4.38970
     271 Loop 421356     20.59326     0.44678     2.09595     4.38970
     272 Loop 421365     20.95312     0.43910     2.09595     4.38970
     273 Loop 521346      6.00854     1.53125     2.09595     4.38970
     274 Loop 621345      7.33252     1.25476     2.09595     4.38970
     275 Loop 521364      2.77612     3.31418     2.09595     4.38970
     276 Loop 621354      7.18848     1.27991     2.09595     4.38970
     277 Loop 421536     21.41724     0.42959     2.09595     4.38970
     278 Loop 421635     21.44946     0.42894     2.09595     4.38970
     279 Loop 521436      7.05249     1.30459     2.09595     4.38970
     280 Loop 621435      8.84448     1.04026     2.09595     4.38970
     281 Loop 521634      3.14404     2.92635     2.09595     4.38970
     282 Loop 621534      6.97241     1.31957     2.09595     4.38970
     283 Loop 421563     22.00146     0.41818     2.09595     4.38970
     284 Loop 421653     21.47339     0.42846     2.09595     4.38970
     285 Loop 521463      8.80444     1.04499     2.09595     4.38970
     286 Loop 621453     10.89673     0.84434     2.09595     4.38970
     287 Loop 521643      9.00464     1.02176     2.09595     4.38970
     288 Loop 621543     11.29248     0.81475     2.09595     4.38970
     289 Loop 341256     18.86133     0.48780     2.09595     4.38970
     290 Loop 341265     19.76538     0.46549     2.09595     4.38970
     291 Loop 351246      5.95239     1.54569     2.09595     4.38970
     292 Loop 361245      7.17651     1.28204     2.09595     4.38970
     293 Loop 351264      2.72827     3.37231     2.09595     4.38970
     294 Loop 361254      6.94043     1.32565     2.09595     4.38970
     295 Loop 431256     20.38135     0.45142     2.09595     4.38970
     296 Loop 431265     21.52124     0.42751     2.09595     4.38970
     297 Loop 531246      6.16846     1.49155     2.09595     4.38970
     298 Loop 631245      7.58057     1.21371     2.09595     4.38970
     299 Loop 531264      2.83228     3.24847     2.09595     4.38970
     300 Loop 631254      7.17651     1.28204     2.09595     4.38970
     301 Loop 451236     22.32520     0.41212     2.09595     4.38970
     302 Loop 461235     28.48975     0.32294     2.09595     4.38970
     303 Loop 541236     20.71338     0.44419     2.09595     4.38970
     304 Loop 641235     27.86987     0.33013     2.09595     4.38970
     305 Loop 561234      7.47632     1.23063     2.09595     4.38970
     306 Loop 651234      7.53247     1.22146     2.09595     4.38970
     307 Loop 451263     22.19336     0.41456     2.09595     4.38970
     308 Loop 461253     30.24585     0.30419     2.09595     4.38970
     309 Loop 541263     20.97314     0.43868     2.09595     4.38970
     310 Loop 641253     29.89795     0.30773     2.09595     4.38970
     311 Loop 561243     11.19263     0.82202     2.09595     4.38970
     312 Loop 651243     11.24854     0.81794     2.09595     4.38970
     313 Loop 341526     16.48511     0.55811     2.09595     4.38970
     314 Loop 341625     17.58105     0.52332     2.09595     4.38970
     315 Loop 351426      6.24023     1.47440     2.09595     4.38970
     316 Loop 361425      7.45239     1.23458     2.09595     4.38970
     317 Loop 351624      3.53613     2.60187     2.09595     4.38970
     318 Loop 361524      7.35645     1.25068     2.09595     4.38970
     319 Loop 431526     18.19702     0.50561     2.09595     4.38970
     320 Loop 431625     18.93701     0.48585     2.09595     4.38970
     321 Loop 531426      6.38452     1.44108     2.09595     4.38970
     322 Loop 631425      7.82056     1.17646     2.09595     4.38970
     323 Loop 531624      3.44434     2.67122     2.09595     4.38970
     324 Loop 631524      7.71265     1.19292     2.09595     4.38970
     325 Loop 451326     19.95703     0.46102     2.09595     4.38970
     326 Loop 461325     23.70557     0.38812     2.09595     4.38970
     327 Loop 541326     18.30518     0.50262     2.09595     4.38970
     328 Loop 641325     23.23779     0.39593     2.09595     4.38970
     329 Loop 561324      7.53223     1.22149     2.09595     4.38970
     330 Loop 651324      7.68848     1.19667     2.09595     4.38970
     331 Loop 451623     21.82568     0.42155     2.09595     4.38970
     332 Loop 461523     25.18555     0.36531     2.09595     4.38970
     333 Loop 541623     20.26172     0.45409     2.09595     4.38970
     334 Loop 641523     24.91797     0.36923     2.09595     4.38970
     335 Loop 561423     11.05225     0.83246     2.09595     4.38970
     336 Loop 651423     10.95264     0.84003     2.09595     4.38970
     337 Loop 341562     16.36475     0.56222     2.09595     4.38970
     338 Loop 341652     16.19287     0.56819     2.09595     4.38970
     339 Loop 351462      5.04834     1.82250     2.09595     4.38970
     340 Loop 361452      8.58447     1.07177     2.09595     4.38970
     341 Loop 351642      4.64014     1.98282     2.09595     4.38970
     342 Loop 361542      8.49268     1.08335     2.09595     4.38970
     343 Loop 431562     17.86523     0.51500     2.09595     4.38970
     344 Loop 431652     17.85352     0.51534     2.09595     4.38970
     345 Loop 531462      5.08057     1.81093     2.09595     4.38970
     346 Loop 631452      9.12451     1.00834     2.09595     4.38970
     347 Loop 531642      4.68408     1.96422     2.09595     4.38970
     348 Loop 631542      9.28467     0.99094     2.09595     4.38970
     349 Loop 451362     18.44482     0.49882     2.09595     4.38970
     350 Loop 461352     22.36914     0.41131     2.09595     4.38970
     351 Loop 541362     16.86133     0.54566     2.09595     4.38970
     352 Loop 641352     21.86133     0.42086     2.09595     4.38970
     353 Loop 561342      9.21240     0.99872     2.09595     4.38970
     354 Loop 651342      9.30029     0.98928     2.09595     4.38970
     355 Loop 451632     20.27344     0.45382     2.09595     4.38970
     356 Loop 461532     22.50928     0.40875     2.09595     4.38970
     357 Loop 541632     18.78516     0.48978     2.09595     4.38970
     358 Loop 641532     22.06934     0.41689     2.09595     4.38970
     359 Loop 561432      9.31250     0.98798     2.09595     4.38970
     360 Loop 651432      9.37256     0.98165     2.09595     4.38970
     361 Loop 234156      6.68848     1.37559     2.09595     4.38970
     362 Loop 234165      6.60840     1.39225     2.09595     4.38970
     363 Loop 235146      5.78857     1.58944     2.09595     4.38970
     364 Loop 236145      5.25635     1.75037     2.09595     4.38970
     365 Loop 235164      2.21191     4.15955     2.09595     4.38970
     366 Loop 236154      2.35205     3.91172     2.09595     4.38970
     367 Loop 243156     20.24951     0.45436     2.09595     4.38970
     368 Loop 243165     21.53320     0.42727     2.09595     4.38970
     369 Loop 253146      6.00439     1.53231     2.09595     4.38970
     370 Loop 263145      7.08447     1.29870     2.09595     4.38970
     371 Loop 253164      2.77637     3.31389     2.09595     4.38970
     372 Loop 263154      6.77686     1.35765     2.09595     4.38970
     373 Loop 245136     21.04541     0.43718     2.09595     4.38970
     374 Loop 246135     21.62549     0.42545     2.09595     4.38970
     375 Loop 254136      7.72852     1.19047     2.09595     4.38970
     376 Loop 264135     10.11279     0.90980     2.09595     4.38970
     377 Loop 256134      7.06055     1.30310     2.09595     4.38970
     378 Loop 265134      7.16406     1.28427     2.09595     4.38970
     379 Loop 245163     21.64160     0.42513     2.09595     4.38970
     380 Loop 246153     22.29736     0.41263     2.09595     4.38970
     381 Loop 254163      8.93652     1.02955     2.09595     4.38970
     382 Loop 264153     12.48438     0.73697     2.09595     4.38970
     383 Loop 256143     10.86865     0.84652     2.09595     4.38970
     384 Loop 265143     10.82471     0.84996     2.09595     4.38970
     385 Loop 324156      6.63281     1.38713     2.09595     4.38970
     386 Loop 324165      6.35645     1.44744     2.09595     4.38970
     387 Loop 325146      5.64014     1.63127     2.09595     4.38970
     388 Loop 326145      5.17236     1.77880     2.09595     4.38970
     389 Loop 325164      2.08398     4.41490     2.08398     4.41490
     390 Loop 326154      2.24805     4.09270     2.08398     4.41490
     391 Loop 423156     20.72168     0.44401     2.08398     4.41490
     392 Loop 423165     21.68506     0.42428     2.08398     4.41490
     393 Loop 523146      6.01611     1.52932     2.08398     4.41490
     394 Loop 623145      7.27246     1.26513     2.08398     4.41490
     395 Loop 523164      2.69238     3.41726     2.08398     4.41490
     396 Loop 623154      7.08838     1.29798     2.08398     4.41490
     397 Loop 425136     21.36133     0.43071     2.08398     4.41490
     398 Loop 426135     21.82959     0.42147     2.08398     4.41490
     399 Loop 524136      7.68848     1.19667     2.08398     4.41490
     400 Loop 624135     10.55664     0.87154     2.08398     4.41490
     401 Loop 526134      6.97217     1.31961     2.08398     4.41490
     402 Loop 625134      7.51221     1.22475     2.08398     4.41490
     403 Loop 425163     21.91748     0.41978     2.08398     4.41490
     404 Loop 426153     22.54102     0.40817     2.08398     4.41490
     405 Loop 524163      8.95264     1.02769     2.08398     4.41490
     406 Loop 624153     13.03271     0.70596     2.08398     4.41490
     407 Loop 526143     10.74072     0.85661     2.08398     4.41490
     408 Loop 625143     11.23291     0.81907     2.08398     4.41490
     409 Loop 342156     18.70947     0.49176     2.08398     4.41490
     410 Loop 342165     19.76514     0.46550     2.08398     4.41490
     411 Loop 352146      5.89648     1.56035     2.08398     4.41490
     412 Loop 362145      7.01221     1.31208     2.08398     4.41490
     413 Loop 352164      2.60400     3.53324     2.08398     4.41490
     414 Loop 362154      6.77637     1.35774     2.08398     4.41490
     415 Loop 432156     20.39307     0.45116     2.08398     4.41490
     416 Loop 432165     21.62158     0.42553     2.08398     4.41490
     417 Loop 532146      5.97998     1.53856     2.08398     4.41490
     418 Loop 632145      7.25635     1.26793     2.08398     4.41490
     419 Loop 532164      2.68408     3.42783     2.08398     4.41490
     420 Loop 632154      7.10059     1.29575     2.08398     4.41490
     421 Loop 452136     22.26123     0.41330     2.08398     4.41490
     422 Loop 462135     28.51367     0.32267     2.08398     4.41490
     423 Loop 542136     20.81348     0.44205     2.08398     4.41490
     424 Loop 642135     27.88574     0.32994     2.08398     4.41490
     425 Loop 562134      7.49658     1.22730     2.08398     4.41490
     426 Loop 652134      7.47266     1.23123     2.08398     4.41490
     427 Loop 452163     22.16162     0.41516     2.08398     4.41490
     428 Loop 462153     30.08984     0.30577     2.08398     4.41490
     429 Loop 542163     20.75684     0.44326     2.08398     4.41490
     430 Loop 642153     29.77393     0.30901     2.08398     4.41490
     431 Loop 562143     11.11279     0.82793     2.08398     4.41490
     432 Loop 652143     11.17676     0.82319     2.08398     4.41490
     433 Loop 345126     16.48535     0.55811     2.08398     4.41490
     434 Loop 346125     18.27686     0.50340     2.08398     4.41490
     435 Loop 354126      6.50830     1.41367     2.08398     4.41490
     436 Loop 364125      8.28027     1.11114     2.08398     4.41490
     437 Loop 356124      7.09277     1.29718     2.08398     4.41490
     438 Loop 365124      7.17627     1.28208     2.08398     4.41490
     439 Loop 435126     18.17285     0.50628     2.08398     4.41490
     440 Loop 436125     19.22949     0.47846     2.08398     4.41490
     441 Loop 534126      6.67236     1.37891     2.08398     4.41490
     442 Loop 634125      8.67676     1.06037     2.08398     4.41490
     443 Loop 536124      7.13232     1.28998     2.08398     4.41490
     444 Loop 635124      7.62842     1.20609     2.08398     4.41490
     445 Loop 453126     19.59717     0.46948     2.08398     4.41490
     446 Loop 463125     22.99756     0.40007     2.08398     4.41490
     447 Loop 543126     18.21338     0.50515     2.08398     4.41490
     448 Loop 643125     22.58936     0.40730     2.08398     4.41490
     449 Loop 563124      7.55664     1.21755     2.08398     4.41490
     450 Loop 653124      7.62061     1.20733     2.08398     4.41490
     451 Loop 456123     24.27734     0.37898     2.08398     4.41490
     452 Loop 465123     24.58154     0.37429     2.08398     4.41490
     453 Loop 546123     23.04541     0.39924     2.08398     4.41490
     454 Loop 645123     24.15723     0.38086     2.08398     4.41490
     455 Loop 564123     11.98877     0.76743     2.08398     4.41490
     456 Loop 654123     12.03662     0.76438     2.08398     4.41490
     457 Loop 345162     16.07715     0.57228     2.08398     4.41490
     458 Loop 346152     15.89697     0.57876     2.08398     4.41490
     459 Loop 354162      5.04834     1.82250     2.08398     4.41490
     460 Loop 364152      9.38037     0.98083     2.08398     4.41490
     461 Loop 356142      8.22852     1.11813     2.08398     4.41490
     462 Loop 365142      8.37646     1.09838     2.08398     4.41490
     463 Loop 435162     17.76514     0.51790     2.08398     4.41490
     464 Loop 436152     16.98877     0.54157     2.08398     4.41490
     465 Loop 534162      5.22852     1.75969     2.08398     4.41490
     466 Loop 634152     10.07666     0.91306     2.08398     4.41490
     467 Loop 536142      8.29248     1.10951     2.08398     4.41490
     468 Loop 635142      9.22461     0.99739     2.08398     4.41490
     469 Loop 453162     18.42480     0.49936     2.08398     4.41490
     470 Loop 463152     21.04932     0.43710     2.08398     4.41490
     471 Loop 543162     17.92139     0.51339     2.08398     4.41490
     472 Loop 643152     21.18945     0.43421     2.08398     4.41490
     473 Loop 563142      9.31250     0.98798     2.08398     4.41490
     474 Loop 653142      9.46436     0.97213     2.08398     4.41490
     475 Loop 456132     22.06934     0.41689     2.08398     4.41490
     476 Loop 465132     22.10156     0.41629     2.08398     4.41490
     477 Loop 546132     20.77734     0.44282     2.08398     4.41490
     478 Loop 645132     21.43701     0.42919     2.08398     4.41490
     479 Loop 564132     10.54053     0.87288     2.08398     4.41490
     480 Loop 654132     10.54834     0.87223     2.08398     4.41490
     481 Loop 234516      6.25244     1.47152     2.08398     4.41490
     482 Loop 234615      5.64014     1.63127     2.08398     4.41490
     483 Loop 235416      6.09229     1.51020     2.08398     4.41490
     484 Loop 236415      5.62842     1.63466     2.08398     4.41490
     485 Loop 235614      2.56006     3.59389     2.08398     4.41490
     486 Loop 236514      2.58789     3.55524     2.08398     4.41490
     487 Loop 243516     18.68555     0.49239     2.08398     4.41490
     488 Loop 243615     18.93311     0.48595     2.08398     4.41490
     489 Loop 253416      6.34082     1.45101     2.08398     4.41490
     490 Loop 263415      7.39258     1.24457     2.08398     4.41490
     491 Loop 253614      2.94824     3.12070     2.08398     4.41490
     492 Loop 263514      7.36816     1.24869     2.08398     4.41490
     493 Loop 245316     18.90137     0.48677     2.08398     4.41490
     494 Loop 246315     19.57764     0.46995     2.08398     4.41490
     495 Loop 254316      6.92822     1.32798     2.08398     4.41490
     496 Loop 264315      9.00049     1.02223     2.08398     4.41490
     497 Loop 256314      7.38867     1.24523     2.08398     4.41490
     498 Loop 265314      7.40039     1.24326     2.08398     4.41490
     499 Loop 245613     18.68115     0.49251     2.08398     4.41490
     500 Loop 246513     19.77734     0.46521     2.08398     4.41490
     501 Loop 254613      9.02051     1.01996     2.08398     4.41490
     502 Loop 264513     12.43262     0.74004     2.08398     4.41490
     503 Loop 256413     11.33252     0.81187     2.08398     4.41490
     504 Loop 265413     10.98877     0.83727     2.08398     4.41490
     505 Loop 324516      6.16016     1.49356     2.08398     4.41490
     506 Loop 324615      5.65625     1.62662     2.08398     4.41490
     507 Loop 325416      5.99268     1.53530     2.08398     4.41490
     508 Loop 326415      5.54834     1.65826     2.08398     4.41490
     509 Loop 325614      2.45605     3.74608     2.08398     4.41490
     510 Loop 326514      2.48438     3.70338     2.08398     4.41490
     511 Loop 423516     19.22900     0.47847     2.08398     4.41490
     512 Loop 423615     19.12891     0.48098     2.08398     4.41490
     513 Loop 523416      6.59668     1.39473     2.08398     4.41490
     514 Loop 623415      7.64014     1.20424     2.08398     4.41490
     515 Loop 523614      2.74805     3.34804     2.08398     4.41490
     516 Loop 623514      7.70459     1.19417     2.08398     4.41490
     517 Loop 425316     19.43701     0.47335     2.08398     4.41490
     518 Loop 426315     21.29736     0.43201     2.08398     4.41490
     519 Loop 524316      7.43262     1.23786     2.08398     4.41490
     520 Loop 624315      9.68457     0.95002     2.08398     4.41490
     521 Loop 526314      7.38818     1.24531     2.08398     4.41490
     522 Loop 625314      7.92871     1.16041     2.08398     4.41490
     523 Loop 425613     19.30127     0.47668     2.08398     4.41490
     524 Loop 426513     20.28906     0.45347     2.08398     4.41490
     525 Loop 524613      8.96436     1.02635     2.08398     4.41490
     526 Loop 624513     12.76074     0.72101     2.08398     4.41490
     527 Loop 526413     11.35303     0.81041     2.08398     4.41490
     528 Loop 625413     12.47266     0.73766     2.08398     4.41490
     529 Loop 342516     18.41309     0.49968     2.08398     4.41490
     530 Loop 342615     18.60107     0.49463     2.08398     4.41490
     531 Loop 352416      7.06055     1.30310     2.08398     4.41490
     532 Loop 362415      7.91650     1.16220     2.08398     4.41490
     533 Loop 352614      3.11182     2.95666     2.08398     4.41490
     534 Loop 362514      7.74072     1.18859     2.08398     4.41490
     535 Loop 432516     19.68115     0.46748     2.08398     4.41490
     536 Loop 432615     19.31348     0.47638     2.08398     4.41490
     537 Loop 532416      6.80859     1.35132     2.08398     4.41490
     538 Loop 632415      8.06055     1.14143     2.08398     4.41490
     539 Loop 532614      3.00439     3.06237     2.08398     4.41490
     540 Loop 632514      8.07227     1.13978     2.08398     4.41490
     541 Loop 452316     20.91309     0.43994     2.08398     4.41490
     542 Loop 462315     24.10547     0.38168     2.08398     4.41490
     543 Loop 542316     19.56494     0.47026     2.08398     4.41490
     544 Loop 642315     23.12988     0.39778     2.08398     4.41490
     545 Loop 562314      7.76855     1.18434     2.08398     4.41490
     546 Loop 652314      7.84863     1.17225     2.08398     4.41490
     547 Loop 452613     20.27734     0.45374     2.08398     4.41490
     548 Loop 462513     25.73389     0.35753     2.08398     4.41490
     549 Loop 542613     18.98535     0.48461     2.08398     4.41490
     550 Loop 642513     24.92529     0.36913     2.08398     4.41490
     551 Loop 562413     11.57715     0.79472     2.08398     4.41490
     552 Loop 652413     11.71289     0.78551     2.08398     4.41490
     553 Loop 345216     17.72900     0.51896     2.08398     4.41490
     554 Loop 346215     18.39746     0.50010     2.08398     4.41490
     555 Loop 354216      6.76416     1.36019     2.08398     4.41490
     556 Loop 364215      8.28467     1.11055     2.08398     4.41490
     557 Loop 356214      7.30811     1.25895     2.08398     4.41490
     558 Loop 365214      7.42432     1.23925     2.08398     4.41490
     559 Loop 435216     19.24561     0.47806     2.08398     4.41490
     560 Loop 436215     19.80957     0.46445     2.08398     4.41490
     561 Loop 534216      6.84033     1.34505     2.08398     4.41490
     562 Loop 634215      8.69629     1.05799     2.08398     4.41490
     563 Loop 536214      7.24854     1.26930     2.08398     4.41490
     564 Loop 635214      7.90820     1.16342     2.08398     4.41490
     565 Loop 453216     20.89355     0.44035     2.08398     4.41490
     566 Loop 463215     23.64111     0.38918     2.08398     4.41490
     567 Loop 543216     19.32129     0.47619     2.08398     4.41490
     568 Loop 643215     22.88965     0.40195     2.08398     4.41490
     569 Loop 563214      7.78467     1.18188     2.08398     4.41490
     570 Loop 653214      7.81641     1.17709     2.08398     4.41490
     571 Loop 456213     25.04932     0.36730     2.08398     4.41490
     572 Loop 465213     25.55762     0.35999     2.08398     4.41490
     573 Loop 546213     23.92969     0.38448     2.08398     4.41490
     574 Loop 645213     24.62158     0.37368     2.08398     4.41490
     575 Loop 564213     12.50439     0.73579     2.08398     4.41490
     576 Loop 654213     12.36865     0.74386     2.08398     4.41490
     577 Loop 345612     14.83301     0.62028     2.08398     4.41490
     578 Loop 346512     15.76514     0.58360     2.08398     4.41490
     579 Loop 354612      5.54004     1.66074     2.08398     4.41490
     580 Loop 364512      9.68457     0.95002     2.08398     4.41490
     581 Loop 356412      8.30469     1.10788     2.08398     4.41490
     582 Loop 365412      8.33252     1.10418     2.08398     4.41490
     583 Loop 435612     16.19287     0.56819     2.08398     4.41490
     584 Loop 436512     17.03711     0.54003     2.08398     4.41490
     585 Loop 534612      5.58447     1.64753     2.08398     4.41490
     586 Loop 634512     10.17676     0.90408     2.08398     4.41490
     587 Loop 536412      8.48828     1.08391     2.08398     4.41490
     588 Loop 635412      8.92480     1.03090     2.08398     4.41490
     589 Loop 453612     17.08105     0.53864     2.08398     4.41490
     590 Loop 463512     20.89355     0.44035     2.08398     4.41490
     591 Loop 543612     15.53711     0.59217     2.08398     4.41490
     592 Loop 643512     21.00537     0.43801     2.08398     4.41490
     593 Loop 563412      9.62061     0.95634     2.08398     4.41490
     594 Loop 653412      9.63623     0.95479     2.08398     4.41490
     595 Loop 456312     20.46533     0.44957     2.08398     4.41490
     596 Loop 465312     20.64893     0.44557     2.08398     4.41490
     597 Loop 546312     19.34961     0.47549     2.08398     4.41490
     598 Loop 645312     19.94922     0.46120     2.08398     4.41490
     599 Loop 564312     10.58057     0.86957     2.08398     4.41490
     600 Loop 654312     10.51660     0.87486     2.08398     4.41490
     601 Loop 234561      5.00879     1.83689     2.08398     4.41490
     602 Loop 234651      5.02832     1.82975     2.08398     4.41490
     603 Loop 235461      4.91260     1.87285     2.08398     4.41490
     604 Loop 236451      4.78467     1.92293     2.08398     4.41490
     605 Loop 235641      4.50830     2.04081     2.08398     4.41490
     606 Loop 236541      4.55615     2.01937     2.08398     4.41490
     607 Loop 243561     13.73682     0.66977     2.08398     4.41490
     608 Loop 243651     13.78076     0.66764     2.08398     4.41490
     609 Loop 253461      5.29248     1.73842     2.08398     4.41490
     610 Loop 263451      7.98828     1.15176     2.08398     4.41490
     611 Loop 253641      4.78809     1.92156     2.08398     4.41490
     612 Loop 263541      7.47656     1.23059     2.08398     4.41490
     613 Loop 245361     13.78467     0.66745     2.08398     4.41490
     614 Loop 246351     14.38916     0.63941     2.08398     4.41490
     615 Loop 254361      5.42432     1.69617     2.08398     4.41490
     616 Loop 264351      8.80469     1.04496     2.08398     4.41490
     617 Loop 256341      7.44824     1.23527     2.08398     4.41490
     618 Loop 265341      7.49268     1.22794     2.08398     4.41490
     619 Loop 245631     13.90869     0.66150     2.08398     4.41490
     620 Loop 246531     14.50879     0.63414     2.08398     4.41490
     621 Loop 254631      5.64404     1.63014     2.08398     4.41490
     622 Loop 264531      9.26855     0.99267     2.08398     4.41490
     623 Loop 256431      8.26416     1.11331     2.08398     4.41490
     624 Loop 265431      8.37695     1.09832     2.08398     4.41490
     625 Loop 324561      4.91650     1.87137     2.08398     4.41490
     626 Loop 324651      4.97217     1.85042     2.08398     4.41490
     627 Loop 325461      4.82422     1.90716     2.08398     4.41490
     628 Loop 326451      4.66846     1.97080     2.08398     4.41490
     629 Loop 325641      4.41602     2.08346     2.08398     4.41490
     630 Loop 326541      4.46045     2.06270     2.08398     4.41490
     631 Loop 423561     13.97705     0.65826     2.08398     4.41490
     632 Loop 423651     14.11328     0.65191     2.08398     4.41490
     633 Loop 523461      5.38428     1.70879     2.08398     4.41490
     634 Loop 623451      8.46436     1.08698     2.08398     4.41490
     635 Loop 523641      4.76465     1.93101     2.08398     4.41490
     636 Loop 623541      7.90039     1.16457     2.08398     4.41490
     637 Loop 425361     14.08057     0.65342     2.08398     4.41490
     638 Loop 426351     14.72510     0.62482     2.08398     4.41490
     639 Loop 524361      5.43604     1.69252     2.08398     4.41490
     640 Loop 624351      9.27295     0.99220     2.08398     4.41490
     641 Loop 526341      7.41650     1.24055     2.08398     4.41490
     642 Loop 625341      7.94482     1.15806     2.08398     4.41490
     643 Loop 425631     14.24121     0.64605     2.08398     4.41490
     644 Loop 426531     14.68457     0.62655     2.08398     4.41490
     645 Loop 524631      5.58057     1.64868     2.08398     4.41490
     646 Loop 624531      9.72070     0.94649     2.08398     4.41490
     647 Loop 526431      8.24854     1.11542     2.08398     4.41490
     648 Loop 625431      9.02490     1.01947     2.08398     4.41490
     649 Loop 342561     12.26855     0.74993     2.08398     4.41490
     650 Loop 342651     12.24854     0.75116     2.08398     4.41490
     651 Loop 352461      5.10742     1.80141     2.08398     4.41490
     652 Loop 362451      7.95996     1.15586     2.08398     4.41490
     653 Loop 352641      4.64844     1.97928     2.08398     4.41490
     654 Loop 362541      7.46094     1.23317     2.08398     4.41490
     655 Loop 432561     13.45312     0.68390     2.08398     4.41490
     656 Loop 432651     13.55273     0.67887     2.08398     4.41490
     657 Loop 532461      5.29590     1.73730     2.08398     4.41490
     658 Loop 632451      8.35156     1.10166     2.08398     4.41490
     659 Loop 532641      4.75977     1.93299     2.08398     4.41490
     660 Loop 632541      7.85645     1.17109     2.08398     4.41490
     661 Loop 452361     14.07324     0.65376     2.08398     4.41490
     662 Loop 462351     17.53320     0.52475     2.08398     4.41490
     663 Loop 542361     12.83691     0.71673     2.08398     4.41490
     664 Loop 642351     17.18164     0.53549     2.08398     4.41490
     665 Loop 562341      7.94043     1.15870     2.08398     4.41490
     666 Loop 652341      7.96387     1.15529     2.08398     4.41490
     667 Loop 452631     14.14844     0.65029     2.08398     4.41490
     668 Loop 462531     17.80859     0.51664     2.08398     4.41490
     669 Loop 542631     12.92480     0.71185     2.08398     4.41490
     670 Loop 642531     17.34863     0.53033     2.08398     4.41490
     671 Loop 562431      8.83203     1.04173     2.08398     4.41490
     672 Loop 652431      8.91992     1.03146     2.08398     4.41490
     673 Loop 345261     12.09668     0.76059     2.08398     4.41490
     674 Loop 346251     12.84863     0.71607     2.08398     4.41490
     675 Loop 354261      5.25586     1.75054     2.08398     4.41490
     676 Loop 364251      8.44043     1.09006     2.08398     4.41490
     677 Loop 356241      7.38477     1.24589     2.08398     4.41490
     678 Loop 365241      7.43652     1.23721     2.08398     4.41490
     679 Loop 435261     13.50098     0.68147     2.08398     4.41490
     680 Loop 436251     13.81250     0.66610     2.08398     4.41490
     681 Loop 534261      5.45996     1.68510     2.08398     4.41490
     682 Loop 634251      8.94824     1.02820     2.08398     4.41490
     683 Loop 536241      7.42480     1.23917     2.08398     4.41490
     684 Loop 635241      7.98926     1.15162     2.08398     4.41490
     685 Loop 453261     14.11328     0.65191     2.08398     4.41490
     686 Loop 463251     17.50879     0.52548     2.08398     4.41490
     687 Loop 543261     12.88867     0.71385     2.08398     4.41490
     688 Loop 643251     17.13770     0.53686     2.08398     4.41490
     689 Loop 563241      7.99316     1.15106     2.08398     4.41490
     690 Loop 653241      8.06055     1.14143     2.08398     4.41490
     691 Loop 456231     17.39258     0.52899     2.08398     4.41490
     692 Loop 465231     17.62109     0.52213     2.08398     4.41490
     693 Loop 546231     16.59668     0.55436     2.08398     4.41490
     694 Loop 645231     17.10059     0.53803     2.08398     4.41490
     695 Loop 564231      9.63672     0.95474     2.08398     4.41490
     696 Loop 654231      9.71289     0.94725     2.08398     4.41490
     697 Loop 345621     11.78516     0.78069     2.08398     4.41490
     698 Loop 346521     12.39648     0.74219     2.08398     4.41490
     699 Loop 354621      5.26465     1.74761     2.08398     4.41490
     700 Loop 364521      8.57617     1.07281     2.08398     4.41490
     701 Loop 356421      7.66797     1.19987     2.08398     4.41490
     702 Loop 365421      7.79980     1.17959     2.08398     4.41490
     703 Loop 435621     13.16016     0.69912     2.08398     4.41490
     704 Loop 436521     13.58887     0.67707     2.08398     4.41490
     705 Loop 534621      5.44824     1.68872     2.08398     4.41490
     706 Loop 634521      9.15625     1.00484     2.08398     4.41490
     707 Loop 536421      7.79297     1.18063     2.08398     4.41490
     708 Loop 635421      8.37695     1.09832     2.08398     4.41490
     709 Loop 453621     13.74121     0.66956     2.08398     4.41490
     710 Loop 463521     17.41699     0.52825     2.08398     4.41490
     711 Loop 543621     12.40137     0.74190     2.08398     4.41490
     712 Loop 643521     16.92871     0.54349     2.08398     4.41490
     713 Loop 563421      8.24414     1.11601     2.08398     4.41490
     714 Loop 653421      8.29688     1.10892     2.08398     4.41490
     715 Loop 456321     16.84082     0.54633     2.08398     4.41490
     716 Loop 465321     17.15332     0.53637     2.08398     4.41490
     717 Loop 546321     15.90137     0.57860     2.08398     4.41490
     718 Loop 645321     16.54980     0.55593     2.08398     4.41490
     719 Loop 564321      9.32910     0.98622     2.08398     4.41490
     720 Loop 654321      9.43652     0.97500     2.08398     4.41490
 The best time is:    2.083984    
 The speedup is:      4.414896    
