 TESTING TRANPOSE TYPE 326541
 Hirata Reference =    2.556160     seconds
 Algorithm         Jeff           Speedup          Best
       1 Loop 123456      5.92437     0.43147     5.92437     0.43147
       2 Loop 123465      5.87637     0.43499     5.87637     0.43499
       3 Loop 123546      6.45240     0.39616     5.87637     0.43499
       4 Loop 123645      5.96037     0.42886     5.87637     0.43499
       5 Loop 123564      6.52041     0.39202     5.87637     0.43499
       6 Loop 123654      6.69642     0.38172     5.87637     0.43499
       7 Loop 124356      5.71636     0.44717     5.71636     0.44717
       8 Loop 124365      5.92037     0.43176     5.71636     0.44717
       9 Loop 125346      6.48841     0.39396     5.71636     0.44717
      10 Loop 126345      6.09638     0.41929     5.71636     0.44717
      11 Loop 125364      6.85643     0.37281     5.71636     0.44717
      12 Loop 126354      6.66441     0.38355     5.71636     0.44717
      13 Loop 124536      5.89236     0.43381     5.71636     0.44717
      14 Loop 124635      6.14838     0.41574     5.71636     0.44717
      15 Loop 125436      5.78836     0.44160     5.71636     0.44717
      16 Loop 126435      5.75636     0.44406     5.71636     0.44717
      17 Loop 125634      7.05644     0.36224     5.71636     0.44717
      18 Loop 126534      6.76042     0.37811     5.71636     0.44717
      19 Loop 124563      6.24039     0.40962     5.71636     0.44717
      20 Loop 124653      6.39241     0.39987     5.71636     0.44717
      21 Loop 125463      6.22040     0.41093     5.71636     0.44717
      22 Loop 126453      6.46840     0.39518     5.71636     0.44717
      23 Loop 125643      6.84842     0.37325     5.71636     0.44717
      24 Loop 126543      6.26839     0.40779     5.71636     0.44717
      25 Loop 132456      6.11238     0.41819     5.71636     0.44717
      26 Loop 132465      5.95638     0.42915     5.71636     0.44717
      27 Loop 132546      6.65242     0.38425     5.71636     0.44717
      28 Loop 132645      6.03638     0.42346     5.71636     0.44717
      29 Loop 132564      7.06044     0.36204     5.71636     0.44717
      30 Loop 132654      6.83644     0.37390     5.71636     0.44717
      31 Loop 142356      5.95238     0.42944     5.71636     0.44717
      32 Loop 142365      6.04839     0.42262     5.71636     0.44717
      33 Loop 152346      7.55647     0.33827     5.71636     0.44717
      34 Loop 162345      8.20450     0.31156     5.71636     0.44717
      35 Loop 152364      7.48047     0.34171     5.71636     0.44717
      36 Loop 162354      8.48453     0.30127     5.71636     0.44717
      37 Loop 142536      5.81638     0.43948     5.71636     0.44717
      38 Loop 142635      5.98438     0.42714     5.71636     0.44717
      39 Loop 152436      6.37640     0.40088     5.71636     0.44717
      40 Loop 162435      7.77249     0.32887     5.71636     0.44717
      41 Loop 152634      7.32047     0.34918     5.71636     0.44717
      42 Loop 162534      8.56052     0.29860     5.71636     0.44717
      43 Loop 142563      5.93637     0.43059     5.71636     0.44717
      44 Loop 142653      6.14438     0.41602     5.71636     0.44717
      45 Loop 152463      6.33240     0.40366     5.71636     0.44717
      46 Loop 162453      7.90048     0.32354     5.71636     0.44717
      47 Loop 152643      6.80045     0.37588     5.71636     0.44717
      48 Loop 162543      8.12451     0.31462     5.71636     0.44717
      49 Loop 134256      5.98038     0.42742     5.71636     0.44717
      50 Loop 134265      6.13638     0.41656     5.71636     0.44717
      51 Loop 135246      6.66440     0.38355     5.71636     0.44717
      52 Loop 136245      5.96036     0.42886     5.71636     0.44717
      53 Loop 135264      6.87643     0.37173     5.71636     0.44717
      54 Loop 136254      6.70041     0.38149     5.71636     0.44717
      55 Loop 143256      6.09637     0.41929     5.71636     0.44717
      56 Loop 143265      6.11237     0.41819     5.71636     0.44717
      57 Loop 153246      7.22845     0.35362     5.71636     0.44717
      58 Loop 163245      7.82047     0.32686     5.71636     0.44717
      59 Loop 153264      7.72049     0.33109     5.71636     0.44717
      60 Loop 163254      8.57254     0.29818     5.71636     0.44717
      61 Loop 145236      6.10837     0.41847     5.71636     0.44717
      62 Loop 146235      6.40439     0.39913     5.71636     0.44717
      63 Loop 154236      6.88846     0.37108     5.71636     0.44717
      64 Loop 164235      7.99249     0.31982     5.71636     0.44717
      65 Loop 156234      7.63647     0.33473     5.71636     0.44717
      66 Loop 165234      9.02457     0.28324     5.71636     0.44717
      67 Loop 145263      6.33640     0.40341     5.71636     0.44717
      68 Loop 146253      6.40442     0.39912     5.71636     0.44717
      69 Loop 154263      6.52441     0.39178     5.71636     0.44717
      70 Loop 164253      8.03250     0.31823     5.71636     0.44717
      71 Loop 156243      6.35638     0.40214     5.71636     0.44717
      72 Loop 165243      8.20453     0.31155     5.71636     0.44717
      73 Loop 134526      5.97638     0.42771     5.71636     0.44717
      74 Loop 134625      5.84839     0.43707     5.71636     0.44717
      75 Loop 135426      5.96436     0.42857     5.71636     0.44717
      76 Loop 136425      5.87234     0.43529     5.71636     0.44717
      77 Loop 135624      7.06445     0.36183     5.71636     0.44717
      78 Loop 136524      6.86444     0.37238     5.71636     0.44717
      79 Loop 143526      5.99237     0.42657     5.71636     0.44717
      80 Loop 143625      6.07239     0.42095     5.71636     0.44717
      81 Loop 153426      6.70447     0.38126     5.71636     0.44717
      82 Loop 163425      7.81647     0.32702     5.71636     0.44717
      83 Loop 153624      7.35651     0.34747     5.71636     0.44717
      84 Loop 163524      8.42053     0.30356     5.71636     0.44717
      85 Loop 145326      5.92438     0.43146     5.71636     0.44717
      86 Loop 146325      6.14038     0.41629     5.71636     0.44717
      87 Loop 154326      6.43640     0.39714     5.71636     0.44717
      88 Loop 164325      7.98450     0.32014     5.71636     0.44717
      89 Loop 156324      7.32843     0.34880     5.71636     0.44717
      90 Loop 165324      9.05255     0.28237     5.71636     0.44717
      91 Loop 145623      6.20441     0.41199     5.71636     0.44717
      92 Loop 146523      6.41644     0.39838     5.71636     0.44717
      93 Loop 154623      6.56842     0.38916     5.71636     0.44717
      94 Loop 164523      8.20856     0.31140     5.71636     0.44717
      95 Loop 156423      6.52441     0.39178     5.71636     0.44717
      96 Loop 165423      8.27252     0.30899     5.71636     0.44717
      97 Loop 134562      6.44037     0.39690     5.71636     0.44717
      98 Loop 134652      6.16040     0.41493     5.71636     0.44717
      99 Loop 135462      6.02039     0.42458     5.71636     0.44717
     100 Loop 136452      6.21234     0.41146     5.71636     0.44717
     101 Loop 135642      6.46442     0.39542     5.71636     0.44717
     102 Loop 136542      6.34839     0.40265     5.71636     0.44717
     103 Loop 143562      6.08435     0.42012     5.71636     0.44717
     104 Loop 143652      6.07239     0.42095     5.71636     0.44717
     105 Loop 153462      6.26038     0.40831     5.71636     0.44717
     106 Loop 163452      7.83252     0.32635     5.71636     0.44717
     107 Loop 153642      6.62445     0.38587     5.71636     0.44717
     108 Loop 163542      7.92450     0.32256     5.71636     0.44717
     109 Loop 145362      6.15240     0.41547     5.71636     0.44717
     110 Loop 146352      6.31635     0.40469     5.71636     0.44717
     111 Loop 154362      6.40039     0.39938     5.71636     0.44717
     112 Loop 164352      8.08051     0.31634     5.71636     0.44717
     113 Loop 156342      6.47241     0.39493     5.71636     0.44717
     114 Loop 165342      8.08850     0.31602     5.71636     0.44717
     115 Loop 145632      6.05640     0.42206     5.71636     0.44717
     116 Loop 146532      6.02435     0.42430     5.71636     0.44717
     117 Loop 154632      6.08435     0.42012     5.71636     0.44717
     118 Loop 164532      7.84851     0.32569     5.71636     0.44717
     119 Loop 156432      6.06433     0.42151     5.71636     0.44717
     120 Loop 165432      7.89648     0.32371     5.71636     0.44717
     121 Loop 213456      1.64410     1.55474     1.64410     1.55474
     122 Loop 213465      1.72412     1.48259     1.64410     1.55474
     123 Loop 213546      1.65613     1.54346     1.64410     1.55474
     124 Loop 213645      1.94812     1.31212     1.64410     1.55474
     125 Loop 213564      2.00812     1.27291     1.64410     1.55474
     126 Loop 213654      2.14014     1.19439     1.64410     1.55474
     127 Loop 214356      1.62408     1.57391     1.62408     1.57391
     128 Loop 214365      2.10413     1.21483     1.62408     1.57391
     129 Loop 215346      1.68408     1.51784     1.62408     1.57391
     130 Loop 216345      1.96411     1.30143     1.62408     1.57391
     131 Loop 215364      2.26013     1.13098     1.62408     1.57391
     132 Loop 216354      2.46014     1.03903     1.62408     1.57391
     133 Loop 214536      1.49207     1.71317     1.49207     1.71317
     134 Loop 214635      1.92407     1.32852     1.49207     1.71317
     135 Loop 215436      1.79614     1.42314     1.49207     1.71317
     136 Loop 216435      2.24414     1.13904     1.49207     1.71317
     137 Loop 215634      2.26416     1.12897     1.49207     1.71317
     138 Loop 216534      2.68420     0.95230     1.49207     1.71317
     139 Loop 214563      1.91217     1.33678     1.49207     1.71317
     140 Loop 214653      2.04010     1.25296     1.49207     1.71317
     141 Loop 215463      1.92407     1.32852     1.49207     1.71317
     142 Loop 216453      2.16016     1.18332     1.49207     1.71317
     143 Loop 215643      2.03613     1.25540     1.49207     1.71317
     144 Loop 216543      2.21613     1.15344     1.49207     1.71317
     145 Loop 312456      1.58411     1.61363     1.49207     1.71317
     146 Loop 312465      1.76416     1.44894     1.49207     1.71317
     147 Loop 312546      1.74408     1.46562     1.49207     1.71317
     148 Loop 312645      1.81610     1.40750     1.49207     1.71317
     149 Loop 312564      2.19611     1.16395     1.49207     1.71317
     150 Loop 312654      2.19611     1.16395     1.49207     1.71317
     151 Loop 412356      2.34412     1.09046     1.49207     1.71317
     152 Loop 412365      2.89221     0.88381     1.49207     1.71317
     153 Loop 512346      2.91217     0.87775     1.49207     1.71317
     154 Loop 612345      4.82428     0.52985     1.49207     1.71317
     155 Loop 512364      3.35620     0.76162     1.49207     1.71317
     156 Loop 612354      5.86841     0.43558     1.49207     1.71317
     157 Loop 412536      2.30811     1.10747     1.49207     1.71317
     158 Loop 412635      2.75616     0.92743     1.49207     1.71317
     159 Loop 512436      2.84814     0.89748     1.49207     1.71317
     160 Loop 612435      5.06433     0.50474     1.49207     1.71317
     161 Loop 512634      3.28021     0.77927     1.49207     1.71317
     162 Loop 612534      5.57233     0.45872     1.49207     1.71317
     163 Loop 412563      2.50415     1.02077     1.49207     1.71317
     164 Loop 412653      2.57214     0.99379     1.49207     1.71317
     165 Loop 512463      2.19214     1.16606     1.49207     1.71317
     166 Loop 612453      5.18030     0.49344     1.49207     1.71317
     167 Loop 512643      2.29211     1.11520     1.49207     1.71317
     168 Loop 612543      5.08032     0.50315     1.49207     1.71317
     169 Loop 314256      1.35211     1.89049     1.35211     1.89049
     170 Loop 314265      1.83209     1.39521     1.35211     1.89049
     171 Loop 315246      1.77209     1.44245     1.35211     1.89049
     172 Loop 316245      1.96008     1.30411     1.35211     1.89049
     173 Loop 315264      2.42413     1.05446     1.35211     1.89049
     174 Loop 316254      2.31213     1.10554     1.35211     1.89049
     175 Loop 413256      2.36816     1.07938     1.35211     1.89049
     176 Loop 413265      2.54016     1.00630     1.35211     1.89049
     177 Loop 513246      3.19623     0.79974     1.35211     1.89049
     178 Loop 613245      4.99231     0.51202     1.35211     1.89049
     179 Loop 513264      3.28021     0.77927     1.35211     1.89049
     180 Loop 613254      5.69635     0.44874     1.35211     1.89049
     181 Loop 415236      2.57214     0.99379     1.35211     1.89049
     182 Loop 416235      3.16821     0.80681     1.35211     1.89049
     183 Loop 514236      2.96820     0.86118     1.35211     1.89049
     184 Loop 614235      5.24835     0.48704     1.35211     1.89049
     185 Loop 516234      3.75623     0.68051     1.35211     1.89049
     186 Loop 615234      6.14038     0.41629     1.35211     1.89049
     187 Loop 415263      2.81616     0.90768     1.35211     1.89049
     188 Loop 416253      2.66815     0.95803     1.35211     1.89049
     189 Loop 514263      2.40417     1.06322     1.35211     1.89049
     190 Loop 614253      5.18835     0.49267     1.35211     1.89049
     191 Loop 516243      2.55615     1.00000     1.35211     1.89049
     192 Loop 615243      5.26038     0.48593     1.35211     1.89049
     193 Loop 314526      1.68414     1.51778     1.35211     1.89049
     194 Loop 314625      1.89612     1.34810     1.35211     1.89049
     195 Loop 315426      1.73212     1.47574     1.35211     1.89049
     196 Loop 316425      2.07611     1.23123     1.35211     1.89049
     197 Loop 315624      2.35217     1.08672     1.35211     1.89049
     198 Loop 316524      2.37219     1.07755     1.35211     1.89049
     199 Loop 413526      2.58411     0.98919     1.35211     1.89049
     200 Loop 413625      2.60815     0.98006     1.35211     1.89049
     201 Loop 513426      2.78015     0.91943     1.35211     1.89049
     202 Loop 613425      4.93237     0.51824     1.35211     1.89049
     203 Loop 513624      3.15222     0.81091     1.35211     1.89049
     204 Loop 613524      5.40039     0.47333     1.35211     1.89049
     205 Loop 415326      2.48010     1.03067     1.35211     1.89049
     206 Loop 416325      3.16418     0.80784     1.35211     1.89049
     207 Loop 514326      2.82812     0.90384     1.35211     1.89049
     208 Loop 614325      5.28833     0.48336     1.35211     1.89049
     209 Loop 516324      3.43616     0.74390     1.35211     1.89049
     210 Loop 615324      6.24036     0.40962     1.35211     1.89049
     211 Loop 415623      3.00415     0.85088     1.35211     1.89049
     212 Loop 416523      3.21619     0.79478     1.35211     1.89049
     213 Loop 514623      3.06018     0.83530     1.35211     1.89049
     214 Loop 614523      5.63635     0.45351     1.35211     1.89049
     215 Loop 516423      2.64819     0.96525     1.35211     1.89049
     216 Loop 615423      5.42834     0.47089     1.35211     1.89049
     217 Loop 314562      1.84021     1.38906     1.35211     1.89049
     218 Loop 314652      1.94409     1.31484     1.35211     1.89049
     219 Loop 315462      1.96423     1.30135     1.35211     1.89049
     220 Loop 316452      2.10413     1.21483     1.35211     1.89049
     221 Loop 315642      1.80005     1.42005     1.35211     1.89049
     222 Loop 316542      2.20813     1.15761     1.35211     1.89049
     223 Loop 413562      2.84814     0.89748     1.35211     1.89049
     224 Loop 413652      2.71216     0.94248     1.35211     1.89049
     225 Loop 513462      2.42017     1.05619     1.35211     1.89049
     226 Loop 613452      5.28027     0.48410     1.35211     1.89049
     227 Loop 513642      2.43616     1.04926     1.35211     1.89049
     228 Loop 613542      5.24841     0.48703     1.35211     1.89049
     229 Loop 415362      2.63220     0.97111     1.35211     1.89049
     230 Loop 416352      2.82422     0.90509     1.35211     1.89049
     231 Loop 514362      2.48010     1.03067     1.35211     1.89049
     232 Loop 614352      5.20435     0.49116     1.35211     1.89049
     233 Loop 516342      2.50024     1.02236     1.35211     1.89049
     234 Loop 615342      5.27234     0.48482     1.35211     1.89049
     235 Loop 415632      2.85620     0.89495     1.35211     1.89049
     236 Loop 416532      3.03625     0.84188     1.35211     1.89049
     237 Loop 514632      2.85217     0.89621     1.35211     1.89049
     238 Loop 614532      5.52429     0.46271     1.35211     1.89049
     239 Loop 516432      2.62817     0.97260     1.35211     1.89049
     240 Loop 615432      5.44031     0.46986     1.35211     1.89049
     241 Loop 231456      1.28003     1.99695     1.28003     1.99695
     242 Loop 231465      1.49609     1.70856     1.28003     1.99695
     243 Loop 231546      1.29211     1.97828     1.28003     1.99695
     244 Loop 231645      1.44019     1.77488     1.28003     1.99695
     245 Loop 231564      1.57214     1.62591     1.28003     1.99695
     246 Loop 231654      1.52405     1.67722     1.28003     1.99695
     247 Loop 241356      1.30408     1.96013     1.28003     1.99695
     248 Loop 241365      1.62402     1.57397     1.28003     1.99695
     249 Loop 251346      1.38000     1.85228     1.28003     1.99695
     250 Loop 261345      1.89209     1.35097     1.28003     1.99695
     251 Loop 251364      1.63208     1.56620     1.28003     1.99695
     252 Loop 261354      2.00818     1.27287     1.28003     1.99695
     253 Loop 241536      1.35608     1.88496     1.28003     1.99695
     254 Loop 241635      1.67212     1.52869     1.28003     1.99695
     255 Loop 251436      1.25208     2.04154     1.25208     2.04154
     256 Loop 261435      1.99207     1.28317     1.25208     2.04154
     257 Loop 251634      1.72009     1.48606     1.25208     2.04154
     258 Loop 261534      2.15613     1.18553     1.25208     2.04154
     259 Loop 241563      1.66016     1.53971     1.25208     2.04154
     260 Loop 241653      1.68408     1.51784     1.25208     2.04154
     261 Loop 251463      1.51208     1.69049     1.25208     2.04154
     262 Loop 261453      2.07202     1.23366     1.25208     2.04154
     263 Loop 251643      1.54810     1.65116     1.25208     2.04154
     264 Loop 261543      2.07214     1.23358     1.25208     2.04154
     265 Loop 321456      1.30017     1.96602     1.25208     2.04154
     266 Loop 321465      1.47205     1.73647     1.25208     2.04154
     267 Loop 321546      1.31604     1.94231     1.25208     2.04154
     268 Loop 321645      1.47205     1.73647     1.25208     2.04154
     269 Loop 321564      1.58801     1.60966     1.25208     2.04154
     270 Loop 321654      1.46008     1.75069     1.25208     2.04154
     271 Loop 421356      1.48816     1.71767     1.25208     2.04154
     272 Loop 421365      1.90820     1.33956     1.25208     2.04154
     273 Loop 521346      2.04407     1.25053     1.25208     2.04154
     274 Loop 621345      3.52026     0.72613     1.25208     2.04154
     275 Loop 521364      1.90015     1.34524     1.25208     2.04154
     276 Loop 621354      3.95618     0.64612     1.25208     2.04154
     277 Loop 421536      1.45203     1.76041     1.25208     2.04154
     278 Loop 421635      1.88000     1.35966     1.25208     2.04154
     279 Loop 521436      2.00012     1.27800     1.25208     2.04154
     280 Loop 621435      3.72827     0.68562     1.25208     2.04154
     281 Loop 521634      1.84021     1.38906     1.25208     2.04154
     282 Loop 621534      3.95227     0.64676     1.25208     2.04154
     283 Loop 421563      1.81616     1.40745     1.25208     2.04154
     284 Loop 421653      1.78809     1.42955     1.25208     2.04154
     285 Loop 521463      1.77222     1.44235     1.25208     2.04154
     286 Loop 621453      4.08423     0.62586     1.25208     2.04154
     287 Loop 521643      1.71619     1.48944     1.25208     2.04154
     288 Loop 621543      4.01221     0.63710     1.25208     2.04154
     289 Loop 341256      1.24805     2.04813     1.24805     2.04813
     290 Loop 341265      1.56421     1.63416     1.24805     2.04813
     291 Loop 351246      1.42810     1.78990     1.24805     2.04813
     292 Loop 361245      1.96411     1.30143     1.24805     2.04813
     293 Loop 351264      1.65601     1.54357     1.24805     2.04813
     294 Loop 361254      2.12024     1.20560     1.24805     2.04813
     295 Loop 431256      1.50806     1.69500     1.24805     2.04813
     296 Loop 431265      1.88013     1.35957     1.24805     2.04813
     297 Loop 531246      2.05212     1.24562     1.24805     2.04813
     298 Loop 631245      3.63623     0.70297     1.24805     2.04813
     299 Loop 531264      2.02405     1.26289     1.24805     2.04813
     300 Loop 631254      3.98828     0.64092     1.24805     2.04813
     301 Loop 451236      1.93213     1.32298     1.24805     2.04813
     302 Loop 461235      2.88416     0.88628     1.24805     2.04813
     303 Loop 541236      2.08423     1.22643     1.24805     2.04813
     304 Loop 641235      4.33228     0.59003     1.24805     2.04813
     305 Loop 561234      3.05212     0.83750     1.24805     2.04813
     306 Loop 651234      4.52820     0.56450     1.24805     2.04813
     307 Loop 451263      2.16406     1.18119     1.24805     2.04813
     308 Loop 461253      2.57227     0.99374     1.24805     2.04813
     309 Loop 541263      2.17212     1.17680     1.24805     2.04813
     310 Loop 641253      4.40833     0.57985     1.24805     2.04813
     311 Loop 561243      2.68018     0.95373     1.24805     2.04813
     312 Loop 651243      4.25623     0.60057     1.24805     2.04813
     313 Loop 341526      1.69214     1.51061     1.24805     2.04813
     314 Loop 341625      1.76416     1.44894     1.24805     2.04813
     315 Loop 351426      1.62012     1.57776     1.24805     2.04813
     316 Loop 361425      2.08813     1.22414     1.24805     2.04813
     317 Loop 351624      1.90405     1.34248     1.24805     2.04813
     318 Loop 361524      2.20813     1.15761     1.24805     2.04813
     319 Loop 431526      1.69214     1.51061     1.24805     2.04813
     320 Loop 431625      1.92017     1.33122     1.24805     2.04813
     321 Loop 531426      2.19617     1.16392     1.24805     2.04813
     322 Loop 631425      3.86426     0.66149     1.24805     2.04813
     323 Loop 531624      1.84412     1.38612     1.24805     2.04813
     324 Loop 631524      4.13220     0.61860     1.24805     2.04813
     325 Loop 451326      1.72412     1.48259     1.24805     2.04813
     326 Loop 461325      3.00415     0.85088     1.24805     2.04813
     327 Loop 541326      2.30408     1.10941     1.24805     2.04813
     328 Loop 641325      4.26428     0.59943     1.24805     2.04813
     329 Loop 561324      3.17627     0.80477     1.24805     2.04813
     330 Loop 651324      4.51221     0.56650     1.24805     2.04813
     331 Loop 451623      2.64026     0.96815     1.24805     2.04813
     332 Loop 461523      2.88416     0.88628     1.24805     2.04813
     333 Loop 541623      2.53613     1.00790     1.24805     2.04813
     334 Loop 641523      4.31628     0.59221     1.24805     2.04813
     335 Loop 561423      2.92017     0.87535     1.24805     2.04813
     336 Loop 651423      4.27625     0.59776     1.24805     2.04813
     337 Loop 341562      1.85205     1.38018     1.24805     2.04813
     338 Loop 341652      1.63611     1.56234     1.24805     2.04813
     339 Loop 351462      1.74817     1.46219     1.24805     2.04813
     340 Loop 361452      2.08020     1.22880     1.24805     2.04813
     341 Loop 351642      1.65210     1.54722     1.24805     2.04813
     342 Loop 361542      2.02417     1.26282     1.24805     2.04813
     343 Loop 431562      1.94409     1.31484     1.24805     2.04813
     344 Loop 431652      1.83606     1.39220     1.24805     2.04813
     345 Loop 531462      1.90002     1.34533     1.24805     2.04813
     346 Loop 631452      4.04822     0.63143     1.24805     2.04813
     347 Loop 531642      1.78418     1.43268     1.24805     2.04813
     348 Loop 631542      4.03223     0.63393     1.24805     2.04813
     349 Loop 451362      2.07617     1.23119     1.24805     2.04813
     350 Loop 461352      2.50415     1.02077     1.24805     2.04813
     351 Loop 541362      2.14014     1.19439     1.24805     2.04813
     352 Loop 641352      4.32422     0.59113     1.24805     2.04813
     353 Loop 561342      2.64819     0.96525     1.24805     2.04813
     354 Loop 651342      4.23633     0.60339     1.24805     2.04813
     355 Loop 451632      2.66016     0.96091     1.24805     2.04813
     356 Loop 461532      2.88428     0.88624     1.24805     2.04813
     357 Loop 541632      2.58411     0.98919     1.24805     2.04813
     358 Loop 641532      4.37634     0.58409     1.24805     2.04813
     359 Loop 561432      2.99219     0.85428     1.24805     2.04813
     360 Loop 651432      4.58435     0.55758     1.24805     2.04813
     361 Loop 234156      1.02002     2.50599     1.02002     2.50599
     362 Loop 234165      1.18018     2.16591     1.02002     2.50599
     363 Loop 235146      1.07202     2.38443     1.02002     2.50599
     364 Loop 236145      1.32410     1.93049     1.02002     2.50599
     365 Loop 235164      1.33203     1.91899     1.02002     2.50599
     366 Loop 236154      1.42407     1.79497     1.02002     2.50599
     367 Loop 243156      1.09607     2.33212     1.02002     2.50599
     368 Loop 243165      1.09216     2.34046     1.02002     2.50599
     369 Loop 253146      1.16003     2.20352     1.02002     2.50599
     370 Loop 263145      1.68811     1.51421     1.02002     2.50599
     371 Loop 253164      1.23608     2.06795     1.02002     2.50599
     372 Loop 263154      1.97620     1.29347     1.02002     2.50599
     373 Loop 245136      1.30408     1.96013     1.02002     2.50599
     374 Loop 246135      1.68018     1.52136     1.02002     2.50599
     375 Loop 254136      1.30811     1.95409     1.02002     2.50599
     376 Loop 264135      1.99219     1.28309     1.02002     2.50599
     377 Loop 256134      1.83215     1.39517     1.02002     2.50599
     378 Loop 265134      2.36414     1.08122     1.02002     2.50599
     379 Loop 245163      1.50806     1.69500     1.02002     2.50599
     380 Loop 246153      1.69604     1.50713     1.02002     2.50599
     381 Loop 254163      1.61218     1.58553     1.02002     2.50599
     382 Loop 264153      1.98413     1.28830     1.02002     2.50599
     383 Loop 256143      1.71606     1.48955     1.02002     2.50599
     384 Loop 265143      2.28418     1.11907     1.02002     2.50599
     385 Loop 324156      0.92810     2.75418     0.92810     2.75418
     386 Loop 324165      1.04004     2.45775     0.92810     2.75418
     387 Loop 325146      1.07214     2.38416     0.92810     2.75418
     388 Loop 326145      1.29211     1.97828     0.92810     2.75418
     389 Loop 325164      1.32410     1.93049     0.92810     2.75418
     390 Loop 326154      1.32410     1.93049     0.92810     2.75418
     391 Loop 423156      1.28809     1.98446     0.92810     2.75418
     392 Loop 423165      2.95227     0.86583     0.92810     2.75418
     393 Loop 523146      5.13635     0.49766     0.92810     2.75418
     394 Loop 623145      4.35229     0.58731     0.92810     2.75418
     395 Loop 523164      1.61609     1.58170     0.92810     2.75418
     396 Loop 623154      3.68420     0.69382     0.92810     2.75418
     397 Loop 425136      1.45618     1.75539     0.92810     2.75418
     398 Loop 426135      1.85608     1.37718     0.92810     2.75418
     399 Loop 524136      2.04004     1.25300     0.92810     2.75418
     400 Loop 624135      3.78821     0.67477     0.92810     2.75418
     401 Loop 526134      2.16809     1.17899     0.92810     2.75418
     402 Loop 625134      4.20435     0.60798     0.92810     2.75418
     403 Loop 425163      1.73206     1.47580     0.92810     2.75418
     404 Loop 426153      1.89209     1.35097     0.92810     2.75418
     405 Loop 524163      1.69202     1.51072     0.92810     2.75418
     406 Loop 624153      3.99622     0.63965     0.92810     2.75418
     407 Loop 526143      1.87610     1.36249     0.92810     2.75418
     408 Loop 625143      4.14417     0.61681     0.92810     2.75418
     409 Loop 342156      0.94006     2.71914     0.92810     2.75418
     410 Loop 342165      1.23608     2.06795     0.92810     2.75418
     411 Loop 352146      1.14404     2.23432     0.92810     2.75418
     412 Loop 362145      1.70801     1.49657     0.92810     2.75418
     413 Loop 352164      1.32812     1.92464     0.92810     2.75418
     414 Loop 362154      1.86816     1.36827     0.92810     2.75418
     415 Loop 432156      1.22412     2.08816     0.92810     2.75418
     416 Loop 432165      1.44006     1.77503     0.92810     2.75418
     417 Loop 532146      2.00415     1.27543     0.92810     2.75418
     418 Loop 632145      3.37622     0.75711     0.92810     2.75418
     419 Loop 532164      1.63611     1.56234     0.92810     2.75418
     420 Loop 632154      3.75635     0.68049     0.92810     2.75418
     421 Loop 452136      1.54407     1.65547     0.92810     2.75418
     422 Loop 462135      2.45618     1.04071     0.92810     2.75418
     423 Loop 542136      2.01611     1.26787     0.92810     2.75418
     424 Loop 642135      4.14026     0.61739     0.92810     2.75418
     425 Loop 562134      2.61609     0.97709     0.92810     2.75418
     426 Loop 652134      4.39624     0.58144     0.92810     2.75418
     427 Loop 452163      1.69617     1.50702     0.92810     2.75418
     428 Loop 462153      2.37207     1.07761     0.92810     2.75418
     429 Loop 542163      1.66809     1.53239     0.92810     2.75418
     430 Loop 642153      4.16821     0.61325     0.92810     2.75418
     431 Loop 562143      2.60815     0.98006     0.92810     2.75418
     432 Loop 652143      4.00427     0.63836     0.92810     2.75418
     433 Loop 345126      1.43201     1.78502     0.92810     2.75418
     434 Loop 346125      1.55200     1.64701     0.92810     2.75418
     435 Loop 354126      1.50012     1.70397     0.92810     2.75418
     436 Loop 364125      2.02820     1.26031     0.92810     2.75418
     437 Loop 356124      1.74805     1.46229     0.92810     2.75418
     438 Loop 365124      2.03613     1.25540     0.92810     2.75418
     439 Loop 435126      1.60803     1.58962     0.92810     2.75418
     440 Loop 436125      1.71606     1.48955     0.92810     2.75418
     441 Loop 534126      2.07617     1.23119     0.92810     2.75418
     442 Loop 634125      3.60425     0.70921     0.92810     2.75418
     443 Loop 536124      2.06018     1.24075     0.92810     2.75418
     444 Loop 635124      4.19226     0.60973     0.92810     2.75418
     445 Loop 453126      1.62012     1.57776     0.92810     2.75418
     446 Loop 463125      2.48425     1.02895     0.92810     2.75418
     447 Loop 543126      2.07214     1.23358     0.92810     2.75418
     448 Loop 643125      3.98022     0.64222     0.92810     2.75418
     449 Loop 563124      2.66418     0.95945     0.92810     2.75418
     450 Loop 653124      4.47229     0.57156     0.92810     2.75418
     451 Loop 456123      2.22021     1.15131     0.92810     2.75418
     452 Loop 465123      2.77209     0.92210     0.92810     2.75418
     453 Loop 546123      2.20410     1.15973     0.92810     2.75418
     454 Loop 645123      4.31616     0.59223     0.92810     2.75418
     455 Loop 564123      2.78821     0.91678     0.92810     2.75418
     456 Loop 654123      4.23218     0.60398     0.92810     2.75418
     457 Loop 345162      1.74817     1.46219     0.92810     2.75418
     458 Loop 346152      1.51208     1.69049     0.92810     2.75418
     459 Loop 354162      1.76416     1.44894     0.92810     2.75418
     460 Loop 364152      1.85205     1.38018     0.92810     2.75418
     461 Loop 356142      1.61609     1.58170     0.92810     2.75418
     462 Loop 365142      1.96814     1.29877     0.92810     2.75418
     463 Loop 435162      1.98010     1.29092     0.92810     2.75418
     464 Loop 436152      1.66016     1.53971     0.92810     2.75418
     465 Loop 534162      1.80408     1.41688     0.92810     2.75418
     466 Loop 634152      4.13635     0.61797     0.92810     2.75418
     467 Loop 536142      1.84814     1.38310     0.92810     2.75418
     468 Loop 635142      3.94824     0.64742     0.92810     2.75418
     469 Loop 453162      1.88818     1.35377     0.92810     2.75418
     470 Loop 463152      2.16016     1.18332     0.92810     2.75418
     471 Loop 543162      1.86816     1.36827     0.92810     2.75418
     472 Loop 643152      4.25220     0.60114     0.92810     2.75418
     473 Loop 563142      2.40405     1.06327     0.92810     2.75418
     474 Loop 653142      4.11218     0.62161     0.92810     2.75418
     475 Loop 456132      2.32825     1.09789     0.92810     2.75418
     476 Loop 465132      2.63611     0.96967     0.92810     2.75418
     477 Loop 546132      2.24414     1.13904     0.92810     2.75418
     478 Loop 645132      4.36426     0.58570     0.92810     2.75418
     479 Loop 564132      2.85620     0.89495     0.92810     2.75418
     480 Loop 654132      4.26025     0.60000     0.92810     2.75418
     481 Loop 234516      1.02808     2.48635     0.92810     2.75418
     482 Loop 234615      1.26013     2.02849     0.92810     2.75418
     483 Loop 235416      0.93201     2.74264     0.92810     2.75418
     484 Loop 236415      1.32410     1.93049     0.92810     2.75418
     485 Loop 235614      1.37610     1.85754     0.92810     2.75418
     486 Loop 236514      1.39612     1.83091     0.92810     2.75418
     487 Loop 243516      1.01611     2.51562     0.92810     2.75418
     488 Loop 243615      1.23206     2.07471     0.92810     2.75418
     489 Loop 253416      1.07214     2.38416     0.92810     2.75418
     490 Loop 263415      1.74414     1.46557     0.92810     2.75418
     491 Loop 253614      1.42004     1.80006     0.92810     2.75418
     492 Loop 263514      1.86804     1.36836     0.92810     2.75418
     493 Loop 245316      1.08801     2.34938     0.92810     2.75418
     494 Loop 246315      1.35608     1.88496     0.92810     2.75418
     495 Loop 254316      1.06006     2.41134     0.92810     2.75418
     496 Loop 264315      1.89221     1.35088     0.92810     2.75418
     497 Loop 256314      1.58411     1.61363     0.92810     2.75418
     498 Loop 265314      1.96008     1.30411     0.92810     2.75418
     499 Loop 245613      1.75208     1.45893     0.92810     2.75418
     500 Loop 246513      1.83215     1.39517     0.92810     2.75418
     501 Loop 254613      1.77612     1.43918     0.92810     2.75418
     502 Loop 264513      2.13220     1.19884     0.92810     2.75418
     503 Loop 256413      1.66406     1.53610     0.92810     2.75418
     504 Loop 265413      2.18408     1.17036     0.92810     2.75418
     505 Loop 324516      1.03198     2.47694     0.92810     2.75418
     506 Loop 324615      1.30005     1.96620     0.92810     2.75418
     507 Loop 325416      1.07214     2.38416     0.92810     2.75418
     508 Loop 326415      1.27600     2.00326     0.92810     2.75418
     509 Loop 325614      1.40405     1.82056     0.92810     2.75418
     510 Loop 326514      1.40417     1.82040     0.92810     2.75418
     511 Loop 423516      1.38806     1.84153     0.92810     2.75418
     512 Loop 423615      1.42419     1.79481     0.92810     2.75418
     513 Loop 523416      2.01611     1.26787     0.92810     2.75418
     514 Loop 623415      3.53223     0.72367     0.92810     2.75418
     515 Loop 523614      1.59216     1.60546     0.92810     2.75418
     516 Loop 623514      3.67627     0.69531     0.92810     2.75418
     517 Loop 425316      1.30811     1.95409     0.92810     2.75418
     518 Loop 426315      1.59204     1.60559     0.92810     2.75418
     519 Loop 524316      1.94409     1.31484     0.92810     2.75418
     520 Loop 624315      3.59619     0.71080     0.92810     2.75418
     521 Loop 526314      1.67603     1.52513     0.92810     2.75418
     522 Loop 625314      4.12817     0.61920     0.92810     2.75418
     523 Loop 425613      1.89221     1.35088     0.92810     2.75418
     524 Loop 426513      1.78003     1.43602     0.92810     2.75418
     525 Loop 524613      1.83215     1.39517     0.92810     2.75418
     526 Loop 624513      3.98828     0.64092     0.92810     2.75418
     527 Loop 526413      1.93616     1.32022     0.92810     2.75418
     528 Loop 625413      4.07629     0.62708     0.92810     2.75418
     529 Loop 342516      1.00415     2.54559     0.92810     2.75418
     530 Loop 342615      1.31604     1.94231     0.92810     2.75418
     531 Loop 352416      1.10010     2.32358     0.92810     2.75418
     532 Loop 362415      1.80811     1.41372     0.92810     2.75418
     533 Loop 352614      1.34814     1.89606     0.92810     2.75418
     534 Loop 362514      1.77209     1.44245     0.92810     2.75418
     535 Loop 432516      1.33618     1.91303     0.92810     2.75418
     536 Loop 432615      1.57202     1.62603     0.92810     2.75418
     537 Loop 532416      1.95203     1.30949     0.92810     2.75418
     538 Loop 632415      3.53223     0.72367     0.92810     2.75418
     539 Loop 532614      1.58008     1.61774     0.92810     2.75418
     540 Loop 632514      3.72424     0.68636     0.92810     2.75418
     541 Loop 452316      1.36816     1.86831     0.92810     2.75418
     542 Loop 462315      2.44019     1.04753     0.92810     2.75418
     543 Loop 542316      1.89209     1.35097     0.92810     2.75418
     544 Loop 642315      3.90430     0.65470     0.92810     2.75418
     545 Loop 562314      2.40015     1.06500     0.92810     2.75418
     546 Loop 652314      4.24829     0.60169     0.92810     2.75418
     547 Loop 452613      1.77222     1.44235     0.92810     2.75418
     548 Loop 462513      2.40015     1.06500     0.92810     2.75418
     549 Loop 542613      1.79614     1.42314     0.92810     2.75418
     550 Loop 642513      4.12830     0.61918     0.92810     2.75418
     551 Loop 562413      2.40417     1.06322     0.92810     2.75418
     552 Loop 652413      4.30432     0.59386     0.92810     2.75418
     553 Loop 345216      1.09204     2.34072     0.92810     2.75418
     554 Loop 346215      1.26416     2.02202     0.92810     2.75418
     555 Loop 354216      1.10413     2.31510     0.92810     2.75418
     556 Loop 364215      1.75610     1.45559     0.92810     2.75418
     557 Loop 356214      1.55212     1.64688     0.92810     2.75418
     558 Loop 365214      1.91614     1.33402     0.92810     2.75418
     559 Loop 435216      1.30811     1.95409     0.92810     2.75418
     560 Loop 436215      1.61206     1.58565     0.92810     2.75418
     561 Loop 534216      1.90808     1.33965     0.92810     2.75418
     562 Loop 634215      3.57629     0.71475     0.92810     2.75418
     563 Loop 536214      1.74011     1.46896     0.92810     2.75418
     564 Loop 635214      4.15625     0.61502     0.92810     2.75418
     565 Loop 453216      1.37598     1.85771     0.92810     2.75418
     566 Loop 463215      2.37207     1.07761     0.92810     2.75418
     567 Loop 543216      1.98010     1.29092     0.92810     2.75418
     568 Loop 643215      3.90820     0.65405     0.92810     2.75418
     569 Loop 563214      2.61206     0.97860     0.92810     2.75418
     570 Loop 653214      4.35632     0.58677     0.92810     2.75418
     571 Loop 456213      1.96814     1.29877     0.92810     2.75418
     572 Loop 465213      2.49622     1.02401     0.92810     2.75418
     573 Loop 546213      2.11218     1.21020     0.92810     2.75418
     574 Loop 645213      4.42029     0.57828     0.92810     2.75418
     575 Loop 564213      2.54822     1.00312     0.92810     2.75418
     576 Loop 654213      4.40027     0.58091     0.92810     2.75418
     577 Loop 345612      1.42810     1.78990     0.92810     2.75418
     578 Loop 346512      1.44409     1.77008     0.92810     2.75418
     579 Loop 354612      1.27209     2.00941     0.92810     2.75418
     580 Loop 364512      1.74805     1.46229     0.92810     2.75418
     581 Loop 356412      1.60803     1.58962     0.92810     2.75418
     582 Loop 365412      1.92419     1.32843     0.92810     2.75418
     583 Loop 435612      1.53210     1.66840     0.92810     2.75418
     584 Loop 436512      1.64417     1.55469     0.92810     2.75418
     585 Loop 534612      1.58801     1.60966     0.92810     2.75418
     586 Loop 634512      3.97632     0.64285     0.92810     2.75418
     587 Loop 536412      1.71216     1.49295     0.92810     2.75418
     588 Loop 635412      4.04016     0.63269     0.92810     2.75418
     589 Loop 453612      1.51611     1.68600     0.92810     2.75418
     590 Loop 463512      2.15222     1.18768     0.92810     2.75418
     591 Loop 543612      1.66003     1.53982     0.92810     2.75418
     592 Loop 643512      4.21631     0.60626     0.92810     2.75418
     593 Loop 563412      2.33215     1.09605     0.92810     2.75418
     594 Loop 653412      4.26025     0.60000     0.92810     2.75418
     595 Loop 456312      1.91211     1.33683     0.92810     2.75418
     596 Loop 465312      2.41626     1.05790     0.92810     2.75418
     597 Loop 546312      1.96802     1.29885     0.92810     2.75418
     598 Loop 645312      4.39221     0.58198     0.92810     2.75418
     599 Loop 564312      2.66016     0.96091     0.92810     2.75418
     600 Loop 654312      4.30823     0.59332     0.92810     2.75418
     601 Loop 234561      1.08801     2.34938     0.92810     2.75418
     602 Loop 234651      1.06409     2.40221     0.92810     2.75418
     603 Loop 235461      0.94800     2.69638     0.92810     2.75418
     604 Loop 236451      1.11609     2.29028     0.92810     2.75418
     605 Loop 235641      0.90405     2.82745     0.90405     2.82745
     606 Loop 236541      1.08008     2.36664     0.90405     2.82745
     607 Loop 243561      1.01208     2.52564     0.90405     2.82745
     608 Loop 243651      0.98804     2.58711     0.90405     2.82745
     609 Loop 253461      1.08801     2.34938     0.90405     2.82745
     610 Loop 263451      1.22009     2.09505     0.90405     2.82745
     611 Loop 253641      1.10413     2.31510     0.90405     2.82745
     612 Loop 263541      1.46411     1.74588     0.90405     2.82745
     613 Loop 245361      0.88013     2.90431     0.88013     2.90431
     614 Loop 246351      1.16003     2.20352     0.88013     2.90431
     615 Loop 254361      1.09216     2.34046     0.88013     2.90431
     616 Loop 264351      1.22009     2.09505     0.88013     2.90431
     617 Loop 256341      1.17603     2.17356     0.88013     2.90431
     618 Loop 265341      1.52808     1.67280     0.88013     2.90431
     619 Loop 245631      0.96399     2.65165     0.88013     2.90431
     620 Loop 246531      1.15210     2.21870     0.88013     2.90431
     621 Loop 254631      1.05212     2.42952     0.88013     2.90431
     622 Loop 264531      1.40405     1.82056     0.88013     2.90431
     623 Loop 256431      1.14807     2.22648     0.88013     2.90431
     624 Loop 265431      1.48010     1.72702     0.88013     2.90431
     625 Loop 324561      0.95605     2.67365     0.88013     2.90431
     626 Loop 324651      1.02002     2.50599     0.88013     2.90431
     627 Loop 325461      0.95605     2.67365     0.88013     2.90431
     628 Loop 326451      1.11609     2.29028     0.88013     2.90431
     629 Loop 325641      0.88403     2.89147     0.88013     2.90431
     630 Loop 326541      1.10803     2.30694     0.88013     2.90431
     631 Loop 423561      1.47205     1.73647     0.88013     2.90431
     632 Loop 423651      1.58008     1.61774     0.88013     2.90431
     633 Loop 523461      1.40015     1.82564     0.88013     2.90431
     634 Loop 623451      3.32422     0.76895     0.88013     2.90431
     635 Loop 523641      1.12415     2.27387     0.88013     2.90431
     636 Loop 623541      3.12024     0.81922     0.88013     2.90431
     637 Loop 425361      1.37207     1.86299     0.88013     2.90431
     638 Loop 426351      1.60400     1.59361     0.88013     2.90431
     639 Loop 524361      1.40405     1.82056     0.88013     2.90431
     640 Loop 624351      3.22021     0.79379     0.88013     2.90431
     641 Loop 526341      1.30798     1.95428     0.88013     2.90431
     642 Loop 625341      3.18835     0.80172     0.88013     2.90431
     643 Loop 425631      1.45190     1.76056     0.88013     2.90431
     644 Loop 426531      1.35205     1.89058     0.88013     2.90431
     645 Loop 524631      1.20020     2.12979     0.88013     2.90431
     646 Loop 624531      3.14819     0.81195     0.88013     2.90431
     647 Loop 526431      1.23999     2.06144     0.88013     2.90431
     648 Loop 625431      3.26025     0.78404     0.88013     2.90431
     649 Loop 342561      0.90405     2.82745     0.88013     2.90431
     650 Loop 342651      0.95605     2.67365     0.88013     2.90431
     651 Loop 352461      1.07617     2.37523     0.88013     2.90431
     652 Loop 362451      1.34790     1.89640     0.88013     2.90431
     653 Loop 352641      1.07593     2.37577     0.88013     2.90431
     654 Loop 362541      1.23218     2.07451     0.88013     2.90431
     655 Loop 432561      1.42017     1.79990     0.88013     2.90431
     656 Loop 432651      1.50024     1.70383     0.88013     2.90431
     657 Loop 532461      1.29199     1.97846     0.88013     2.90431
     658 Loop 632451      3.36816     0.75892     0.88013     2.90431
     659 Loop 532641      1.17603     2.17356     0.88013     2.90431
     660 Loop 632541      2.94409     0.86823     0.88013     2.90431
     661 Loop 452361      1.49219     1.71303     0.88013     2.90431
     662 Loop 462351      2.24805     1.13706     0.88013     2.90431
     663 Loop 542361      1.39600     1.83107     0.88013     2.90431
     664 Loop 642351      3.60425     0.70921     0.88013     2.90431
     665 Loop 562341      1.83618     1.39211     0.88013     2.90431
     666 Loop 652341      3.15210     0.81094     0.88013     2.90431
     667 Loop 452631      1.43213     1.78487     0.88013     2.90431
     668 Loop 462531      2.03613     1.25540     0.88013     2.90431
     669 Loop 542631      1.16016     2.20329     0.88013     2.90431
     670 Loop 642531      3.32837     0.76799     0.88013     2.90431
     671 Loop 562431      1.78394     1.43288     0.88013     2.90431
     672 Loop 652431      3.30005     0.77458     0.88013     2.90431
     673 Loop 345261      0.91602     2.79052     0.88013     2.90431
     674 Loop 346251      1.08398     2.35812     0.88013     2.90431
     675 Loop 354261      0.91602     2.79052     0.88013     2.90431
     676 Loop 364251      1.40430     1.82024     0.88013     2.90431
     677 Loop 356241      1.20410     2.12288     0.88013     2.90431
     678 Loop 365241      1.58008     1.61774     0.88013     2.90431
     679 Loop 435261      1.31201     1.94828     0.88013     2.90431
     680 Loop 436251      1.57227     1.62578     0.88013     2.90431
     681 Loop 534261      1.38403     1.84689     0.88013     2.90431
     682 Loop 634251      3.38428     0.75530     0.88013     2.90431
     683 Loop 536241      1.28418     1.99050     0.88013     2.90431
     684 Loop 635241      3.02026     0.84634     0.88013     2.90431
     685 Loop 453261      1.42017     1.79990     0.88013     2.90431
     686 Loop 463251      2.24829     1.13693     0.88013     2.90431
     687 Loop 543261      1.38794     1.84169     0.88013     2.90431
     688 Loop 643251      3.57227     0.71556     0.88013     2.90431
     689 Loop 563241      1.73999     1.46907     0.88013     2.90431
     690 Loop 653241      3.27222     0.78117     0.88013     2.90431
     691 Loop 456231      1.58008     1.61774     0.88013     2.90431
     692 Loop 465231      2.19629     1.16385     0.88013     2.90431
     693 Loop 546231      1.65601     1.54357     0.88013     2.90431
     694 Loop 645231      3.64819     0.70066     0.88013     2.90431
     695 Loop 564231      2.08008     1.22888     0.88013     2.90431
     696 Loop 654231      3.40405     0.75092     0.88013     2.90431
     697 Loop 345621      1.00806     2.53573     0.88013     2.90431
     698 Loop 346521      0.97583     2.61947     0.88013     2.90431
     699 Loop 354621      1.13599     2.25017     0.88013     2.90431
     700 Loop 364521      1.48804     1.71781     0.88013     2.90431
     701 Loop 356421      1.21216     2.10877     0.88013     2.90431
     702 Loop 365421      1.40796     1.81551     0.88013     2.90431
     703 Loop 435621      1.50830     1.69473     0.88013     2.90431
     704 Loop 436521      1.56812     1.63008     0.88013     2.90431
     705 Loop 534621      1.17603     2.17356     0.88013     2.90431
     706 Loop 634521      3.15210     0.81094     0.88013     2.90431
     707 Loop 536421      1.36792     1.86865     0.88013     2.90431
     708 Loop 635421      3.15625     0.80987     0.88013     2.90431
     709 Loop 453621      1.50024     1.70383     0.88013     2.90431
     710 Loop 463521      2.19629     1.16385     0.88013     2.90431
     711 Loop 543621      1.10791     2.30719     0.88013     2.90431
     712 Loop 643521      3.26831     0.78210     0.88013     2.90431
     713 Loop 563421      1.85596     1.37727     0.88013     2.90431
     714 Loop 653421      3.21240     0.79572     0.88013     2.90431
     715 Loop 456321      1.62402     1.57397     0.88013     2.90431
     716 Loop 465321      2.23608     1.14314     0.88013     2.90431
     717 Loop 546321      1.58813     1.60954     0.88013     2.90431
     718 Loop 645321      3.70435     0.69004     0.88013     2.90431
     719 Loop 564321      2.14014     1.19439     0.88013     2.90431
     720 Loop 654321      3.39624     0.75264     0.88013     2.90431
 The best time is:   0.8801270    
 The speedup is:      2.904308    
