jeff@goldstone:~/code/spaghetty/trunk/python/archive/exe> transpose_632541.x
 TESTING TRANPOSE TYPE 632541
 Hirata Reference =    2.248140     seconds
 Algorithm         Jeff           Speedup          Best
       1 Loop 632541      3.11220     0.72236     3.11220     0.72236
       2 Loop 632514      3.50022     0.64229     3.11220     0.72236
       3 Loop 632451      3.40021     0.66118     3.11220     0.72236
       4 Loop 632154      3.48422     0.64524     3.11220     0.72236
       5 Loop 632415      3.35221     0.67064     3.11220     0.72236
       6 Loop 632145      3.24420     0.69297     3.11220     0.72236
       7 Loop 635241      3.28020     0.68537     3.11220     0.72236
       8 Loop 635214      3.94825     0.56940     3.11220     0.72236
       9 Loop 634251      3.42422     0.65654     3.11220     0.72236
      10 Loop 631254      3.62423     0.62031     3.11220     0.72236
      11 Loop 634215      3.34821     0.67145     3.11220     0.72236
      12 Loop 631245      3.31221     0.67874     3.11220     0.72236
      13 Loop 635421      3.24420     0.69297     3.11220     0.72236
      14 Loop 635124      3.95225     0.56883     3.11220     0.72236
      15 Loop 634521      3.04819     0.73753     3.04819     0.73753
      16 Loop 631524      3.69623     0.60822     3.04819     0.73753
      17 Loop 634125      3.40421     0.66040     3.04819     0.73753
      18 Loop 631425      3.43621     0.65425     3.04819     0.73753
      19 Loop 635412      3.82424     0.58787     3.04819     0.73753
      20 Loop 635142      3.84024     0.58542     3.04819     0.73753
      21 Loop 634512      3.65623     0.61488     3.04819     0.73753
      22 Loop 631542      3.79624     0.59220     3.04819     0.73753
      23 Loop 634152      3.87224     0.58058     3.04819     0.73753
      24 Loop 631452      3.88425     0.57878     3.04819     0.73753
      25 Loop 623541      3.08019     0.72987     3.04819     0.73753
      26 Loop 623514      3.46422     0.64896     3.04819     0.73753
      27 Loop 623451      3.37621     0.66588     3.04819     0.73753
      28 Loop 623154      3.38021     0.66509     3.04819     0.73753
      29 Loop 623415      3.25220     0.69127     3.04819     0.73753
      30 Loop 623145      3.13619     0.71684     3.04819     0.73753
      31 Loop 653241      3.22020     0.69814     3.04819     0.73753
      32 Loop 653214      3.96025     0.56768     3.04819     0.73753
      33 Loop 643251      3.71223     0.60560     3.04819     0.73753
      34 Loop 613254      4.95631     0.45359     3.04819     0.73753
      35 Loop 643215      3.58422     0.62723     3.04819     0.73753
      36 Loop 613245      4.44827     0.50540     3.04819     0.73753
      37 Loop 653421      3.19620     0.70338     3.04819     0.73753
      38 Loop 653124      4.04826     0.55533     3.04819     0.73753
      39 Loop 643521      3.51222     0.64009     3.04819     0.73753
      40 Loop 613524      5.23232     0.42966     3.04819     0.73753
      41 Loop 643125      3.70023     0.60757     3.04819     0.73753
      42 Loop 613425      4.58028     0.49083     3.04819     0.73753
      43 Loop 653412      3.99225     0.56313     3.04819     0.73753
      44 Loop 653142      3.97626     0.56539     3.04819     0.73753
      45 Loop 643512      3.82825     0.58725     3.04819     0.73753
      46 Loop 613542      4.65630     0.48282     3.04819     0.73753
      47 Loop 643152      4.05226     0.55479     3.04819     0.73753
      48 Loop 613452      4.69630     0.47870     3.04819     0.73753
      49 Loop 625341      3.19220     0.70426     3.04819     0.73753
      50 Loop 625314      3.78423     0.59408     3.04819     0.73753
      51 Loop 624351      3.37221     0.66667     3.04819     0.73753
      52 Loop 621354      3.53622     0.63575     3.04819     0.73753
      53 Loop 624315      3.58821     0.62654     3.04819     0.73753
      54 Loop 621345      3.25220     0.69127     3.04819     0.73753
      55 Loop 652341      3.22020     0.69814     3.04819     0.73753
      56 Loop 652314      3.89626     0.57700     3.04819     0.73753
      57 Loop 642351      3.67622     0.61154     3.04819     0.73753
      58 Loop 612354      4.90831     0.45803     3.04819     0.73753
      59 Loop 642315      3.58823     0.62653     3.04819     0.73753
      60 Loop 612345      4.53629     0.49559     3.04819     0.73753
      61 Loop 654321      3.92424     0.57289     3.04819     0.73753
      62 Loop 651324      4.74829     0.47346     3.04819     0.73753
      63 Loop 645321      4.16025     0.54039     3.04819     0.73753
      64 Loop 615324      5.98038     0.37592     3.04819     0.73753
      65 Loop 641325      3.74023     0.60107     3.04819     0.73753
      66 Loop 614325      4.68028     0.48034     3.04819     0.73753
      67 Loop 654312      4.32826     0.51941     3.04819     0.73753
      68 Loop 651342      4.10028     0.54829     3.04819     0.73753
      69 Loop 645312      4.27225     0.52622     3.04819     0.73753
      70 Loop 615342      4.90829     0.45803     3.04819     0.73753
      71 Loop 641352      4.05627     0.55424     3.04819     0.73753
      72 Loop 614352      4.76828     0.47148     3.04819     0.73753
      73 Loop 625431      3.22418     0.69727     3.04819     0.73753
      74 Loop 625134      3.85623     0.58299     3.04819     0.73753
      75 Loop 624531      3.11218     0.72237     3.04819     0.73753
      76 Loop 621534      3.66022     0.61421     3.04819     0.73753
      77 Loop 624135      3.46823     0.64821     3.04819     0.73753
      78 Loop 621435      3.53223     0.63647     3.04819     0.73753
      79 Loop 652431      3.32022     0.67711     3.04819     0.73753
      80 Loop 652134      4.02426     0.55865     3.04819     0.73753
      81 Loop 642531      3.31619     0.67793     3.04819     0.73753
      82 Loop 612534      5.06430     0.44392     3.04819     0.73753
      83 Loop 642135      3.76025     0.59787     3.04819     0.73753
      84 Loop 612435      4.61227     0.48743     3.04819     0.73753
      85 Loop 654231      3.54822     0.63360     3.04819     0.73753
      86 Loop 651234      4.18826     0.53677     3.04819     0.73753
      87 Loop 645231      3.67624     0.61153     3.04819     0.73753
      88 Loop 615234      5.73636     0.39191     3.04819     0.73753
      89 Loop 641235      3.80826     0.59033     3.04819     0.73753
      90 Loop 614235      4.76828     0.47148     3.04819     0.73753
      91 Loop 654132      4.33228     0.51893     3.04819     0.73753
      92 Loop 651432      4.54028     0.49515     3.04819     0.73753
      93 Loop 645132      4.25226     0.52869     3.04819     0.73753
      94 Loop 615432      5.10431     0.44044     3.04819     0.73753
      95 Loop 641532      4.26028     0.52770     3.04819     0.73753
      96 Loop 614532      5.23633     0.42934     3.04819     0.73753
      97 Loop 625413      3.65622     0.61488     3.04819     0.73753
      98 Loop 625143      3.67221     0.61220     3.04819     0.73753
      99 Loop 624513      3.51224     0.64009     3.04819     0.73753
     100 Loop 621543      3.68423     0.61021     3.04819     0.73753
     101 Loop 624153      3.80023     0.59158     3.04819     0.73753
     102 Loop 621453      3.76422     0.59724     3.04819     0.73753
     103 Loop 652413      3.79224     0.59283     3.04819     0.73753
     104 Loop 652143      3.81622     0.58910     3.04819     0.73753
     105 Loop 642513      3.71625     0.60495     3.04819     0.73753
     106 Loop 612543      4.66830     0.48158     3.04819     0.73753
     107 Loop 642153      4.08426     0.55044     3.04819     0.73753
     108 Loop 612453      4.66031     0.48240     3.04819     0.73753
     109 Loop 654213      3.86823     0.58118     3.04819     0.73753
     110 Loop 651243      3.93622     0.57114     3.04819     0.73753
     111 Loop 645213      4.05225     0.55479     3.04819     0.73753
     112 Loop 615243      4.91232     0.45765     3.04819     0.73753
     113 Loop 641253      4.04025     0.55644     3.04819     0.73753
     114 Loop 614253      4.81232     0.46716     3.04819     0.73753
     115 Loop 654123      4.16824     0.53935     3.04819     0.73753
     116 Loop 651423      4.29227     0.52377     3.04819     0.73753
     117 Loop 645123      4.11624     0.54616     3.04819     0.73753
     118 Loop 615423      5.06430     0.44392     3.04819     0.73753
     119 Loop 641523      4.22427     0.53220     3.04819     0.73753
     120 Loop 614523      5.65237     0.39773     3.04819     0.73753
     121 Loop 362541      1.27206     1.76732     1.27206     1.76732
     122 Loop 362514      1.95612     1.14929     1.27206     1.76732
     123 Loop 362451      1.19608     1.87960     1.19608     1.87960
     124 Loop 362154      1.57211     1.43001     1.19608     1.87960
     125 Loop 362415      1.47610     1.52302     1.19608     1.87960
     126 Loop 362145      1.49609     1.50267     1.19608     1.87960
     127 Loop 365241      1.38809     1.61959     1.19608     1.87960
     128 Loop 365214      1.80014     1.24887     1.19608     1.87960
     129 Loop 364251      1.24408     1.80707     1.19608     1.87960
     130 Loop 361254      1.90411     1.18068     1.19608     1.87960
     131 Loop 364215      1.61612     1.39107     1.19608     1.87960
     132 Loop 361245      1.79211     1.25446     1.19608     1.87960
     133 Loop 365421      1.44809     1.55249     1.19608     1.87960
     134 Loop 365124      1.87613     1.19829     1.19608     1.87960
     135 Loop 364521      1.36810     1.64325     1.19608     1.87960
     136 Loop 361524      2.16013     1.04075     1.19608     1.87960
     137 Loop 364125      1.80411     1.24612     1.19608     1.87960
     138 Loop 361425      1.92813     1.16597     1.19608     1.87960
     139 Loop 365412      1.75211     1.28311     1.19608     1.87960
     140 Loop 365142      1.92014     1.17082     1.19608     1.87960
     141 Loop 364512      1.71213     1.31307     1.19608     1.87960
     142 Loop 361542      2.10016     1.07046     1.19608     1.87960
     143 Loop 364152      1.80011     1.24889     1.19608     1.87960
     144 Loop 361452      2.04010     1.10198     1.19608     1.87960
     145 Loop 263541      1.38806     1.61963     1.19608     1.87960
     146 Loop 263514      1.80811     1.24337     1.19608     1.87960
     147 Loop 263451      1.18005     1.90512     1.18005     1.90512
     148 Loop 263154      1.74811     1.28604     1.18005     1.90512
     149 Loop 263415      1.65210     1.36078     1.18005     1.90512
     150 Loop 263145      1.48407     1.51485     1.18005     1.90512
     151 Loop 563241      1.83612     1.22440     1.18005     1.90512
     152 Loop 563214      2.30817     0.97399     1.18005     1.90512
     153 Loop 463251      2.27612     0.98771     1.18005     1.90512
     154 Loop 163254      7.70050     0.29195     1.18005     1.90512
     155 Loop 463215      2.07617     1.08283     1.18005     1.90512
     156 Loop 163245      6.60846     0.34019     1.18005     1.90512
     157 Loop 563421      1.67206     1.34453     1.18005     1.90512
     158 Loop 563124      2.34814     0.95741     1.18005     1.90512
     159 Loop 463521      1.93207     1.16359     1.18005     1.90512
     160 Loop 163524      7.32446     0.30694     1.18005     1.90512
     161 Loop 463125      2.09613     1.07252     1.18005     1.90512
     162 Loop 163425      6.61639     0.33978     1.18005     1.90512
     163 Loop 563412      2.03210     1.10631     1.18005     1.90512
     164 Loop 563142      2.11212     1.06440     1.18005     1.90512
     165 Loop 463512      1.89215     1.18814     1.18005     1.90512
     166 Loop 163542      6.72437     0.33433     1.18005     1.90512
     167 Loop 463152      1.93610     1.16117     1.18005     1.90512
     168 Loop 163452      6.63245     0.33896     1.18005     1.90512
     169 Loop 265341      1.34412     1.67258     1.18005     1.90512
     170 Loop 265314      1.70410     1.31925     1.18005     1.90512
     171 Loop 264351      1.32410     1.69787     1.18005     1.90512
     172 Loop 261354      1.89612     1.18565     1.18005     1.90512
     173 Loop 264315      1.53607     1.46356     1.18005     1.90512
     174 Loop 261345      1.70807     1.31619     1.18005     1.90512
     175 Loop 562341      1.70007     1.32238     1.18005     1.90512
     176 Loop 562314      2.16016     1.04073     1.18005     1.90512
     177 Loop 462351      2.08813     1.07663     1.18005     1.90512
     178 Loop 162354      7.32446     0.30694     1.18005     1.90512
     179 Loop 462315      2.07617     1.08283     1.18005     1.90512
     180 Loop 162345      6.58441     0.34143     1.18005     1.90512
     181 Loop 564321      1.87213     1.20085     1.18005     1.90512
     182 Loop 561324      2.56415     0.87676     1.18005     1.90512
     183 Loop 465321      1.99213     1.12851     1.18005     1.90512
     184 Loop 165324      7.80444     0.28806     1.18005     1.90512
     185 Loop 461325      2.36414     0.95094     1.18005     1.90512
     186 Loop 164325      6.46039     0.34799     1.18005     1.90512
     187 Loop 564312      2.28412     0.98425     1.18005     1.90512
     188 Loop 561342      2.26410     0.99295     1.18005     1.90512
     189 Loop 465312      2.16016     1.04073     1.18005     1.90512
     190 Loop 165342      6.78845     0.33117     1.18005     1.90512
     191 Loop 461352      2.16016     1.04073     1.18005     1.90512
     192 Loop 164352      6.64838     0.33815     1.18005     1.90512
     193 Loop 265431      1.37207     1.63850     1.18005     1.90512
     194 Loop 265134      1.84808     1.21647     1.18005     1.90512
     195 Loop 264531      1.37207     1.63850     1.18005     1.90512
     196 Loop 261534      1.93213     1.16356     1.18005     1.90512
     197 Loop 264135      1.68414     1.33489     1.18005     1.90512
     198 Loop 261435      1.76416     1.27434     1.18005     1.90512
     199 Loop 562431      1.68414     1.33489     1.18005     1.90512
     200 Loop 562134      2.20813     1.01812     1.18005     1.90512
     201 Loop 462531      1.84808     1.21647     1.18005     1.90512
     202 Loop 162534      7.27649     0.30896     1.18005     1.90512
     203 Loop 462135      2.17615     1.03308     1.18005     1.90512
     204 Loop 162435      6.43237     0.34950     1.18005     1.90512
     205 Loop 564231      1.82812     1.22975     1.18005     1.90512
     206 Loop 561234      2.47614     0.90792     1.18005     1.90512
     207 Loop 465231      1.94409     1.15640     1.18005     1.90512
     208 Loop 165234      7.50049     0.29973     1.18005     1.90512
     209 Loop 461235      2.36816     0.94932     1.18005     1.90512
     210 Loop 164235      6.36841     0.35301     1.18005     1.90512
     211 Loop 564132      2.64417     0.85023     1.18005     1.90512
     212 Loop 561432      2.80817     0.80057     1.18005     1.90512
     213 Loop 465132      2.68420     0.83754     1.18005     1.90512
     214 Loop 165432      6.87244     0.32712     1.18005     1.90512
     215 Loop 461532      2.59613     0.86596     1.18005     1.90512
     216 Loop 164532      6.66040     0.33754     1.18005     1.90512
     217 Loop 265413      1.58411     1.41919     1.18005     1.90512
     218 Loop 265143      1.71210     1.31309     1.18005     1.90512
     219 Loop 264513      1.64008     1.37075     1.18005     1.90512
     220 Loop 261543      1.89209     1.18818     1.18005     1.90512
     221 Loop 264153      1.64014     1.37070     1.18005     1.90512
     222 Loop 261453      1.86407     1.20604     1.18005     1.90512
     223 Loop 562413      2.00812     1.11953     1.18005     1.90512
     224 Loop 562143      2.08411     1.07871     1.18005     1.90512
     225 Loop 462513      1.88013     1.19574     1.18005     1.90512
     226 Loop 162543      6.77643     0.33176     1.18005     1.90512
     227 Loop 462153      1.95209     1.15166     1.18005     1.90512
     228 Loop 162453      6.75244     0.33294     1.18005     1.90512
     229 Loop 564213      2.18817     1.02741     1.18005     1.90512
     230 Loop 561243      2.21619     1.01442     1.18005     1.90512
     231 Loop 465213      2.12408     1.05840     1.18005     1.90512
     232 Loop 165243      6.87640     0.32694     1.18005     1.90512
     233 Loop 461253      2.19214     1.02555     1.18005     1.90512
     234 Loop 164253      6.79639     0.33078     1.18005     1.90512
     235 Loop 564123      2.64014     0.85152     1.18005     1.90512
     236 Loop 561423      2.70819     0.83013     1.18005     1.90512
     237 Loop 465123      2.57617     0.87267     1.18005     1.90512
     238 Loop 165423      6.95239     0.32336     1.18005     1.90512
     239 Loop 461523      2.61615     0.85933     1.18005     1.90512
     240 Loop 164523      6.82043     0.32962     1.18005     1.90512
     241 Loop 326541      0.98010     2.29378     0.98010     2.29378
     242 Loop 326514      1.32007     1.70305     0.98010     2.29378
     243 Loop 326451      1.01605     2.21262     0.98010     2.29378
     244 Loop 326154      1.33209     1.68768     0.98010     2.29378
     245 Loop 326415      1.23608     1.81876     0.98010     2.29378
     246 Loop 326145      1.24408     1.80707     0.98010     2.29378
     247 Loop 356241      1.08008     2.08146     0.98010     2.29378
     248 Loop 356214      1.38409     1.62427     0.98010     2.29378
     249 Loop 346251      0.93604     2.40177     0.93604     2.40177
     250 Loop 316254      1.94409     1.15640     0.93604     2.40177
     251 Loop 346215      1.18005     1.90512     0.93604     2.40177
     252 Loop 316245      1.66412     1.35095     0.93604     2.40177
     253 Loop 356421      1.07611     2.08913     0.93604     2.40177
     254 Loop 356124      1.49213     1.50667     0.93604     2.40177
     255 Loop 346521      0.96808     2.32227     0.93604     2.40177
     256 Loop 316524      1.99213     1.12851     0.93604     2.40177
     257 Loop 346125      1.32812     1.69272     0.93604     2.40177
     258 Loop 316425      1.68011     1.33809     0.93604     2.40177
     259 Loop 356412      1.36804     1.64333     0.93604     2.40177
     260 Loop 356142      1.44806     1.55252     0.93604     2.40177
     261 Loop 346512      1.28406     1.75081     0.93604     2.40177
     262 Loop 316542      1.74011     1.29195     0.93604     2.40177
     263 Loop 346152      1.36005     1.65299     0.93604     2.40177
     264 Loop 316452      1.77612     1.26576     0.93604     2.40177
     265 Loop 236541      0.98010     2.29378     0.93604     2.40177
     266 Loop 236514      1.32007     1.70305     0.93604     2.40177
     267 Loop 236451      1.01208     2.22130     0.93604     2.40177
     268 Loop 236154      1.33209     1.68768     0.93604     2.40177
     269 Loop 236415      1.22009     1.84260     0.93604     2.40177
     270 Loop 236145      1.22003     1.84269     0.93604     2.40177
     271 Loop 536241      1.22803     1.83069     0.93604     2.40177
     272 Loop 536214      1.64807     1.36410     0.93604     2.40177
     273 Loop 436251      1.52008     1.47896     0.93604     2.40177
     274 Loop 136254      6.10437     0.36828     0.93604     2.40177
     275 Loop 436215      1.46008     1.53973     0.93604     2.40177
     276 Loop 136245      5.30829     0.42352     0.93604     2.40177
     277 Loop 536421      1.24408     1.80707     0.93604     2.40177
     278 Loop 536124      1.74414     1.28897     0.93604     2.40177
     279 Loop 436521      1.31604     1.70826     0.93604     2.40177
     280 Loop 136524      6.23236     0.36072     0.93604     2.40177
     281 Loop 436125      1.51208     1.48678     0.93604     2.40177
     282 Loop 136425      5.10431     0.44044     0.93604     2.40177
     283 Loop 536412      1.48407     1.51485     0.93604     2.40177
     284 Loop 536142      1.57208     1.43004     0.93604     2.40177
     285 Loop 436512      1.38806     1.61963     0.93604     2.40177
     286 Loop 136542      5.35236     0.42003     0.93604     2.40177
     287 Loop 436152      1.49609     1.50267     0.93604     2.40177
     288 Loop 136452      5.29633     0.42447     0.93604     2.40177
     289 Loop 256341      1.00806     2.23017     0.93604     2.40177
     290 Loop 256314      1.34808     1.66766     0.93604     2.40177
     291 Loop 246351      0.94403     2.38143     0.93604     2.40177
     292 Loop 216354      1.94812     1.15400     0.93604     2.40177
     293 Loop 246315      1.19208     1.88590     0.93604     2.40177
     294 Loop 216345      1.66010     1.35422     0.93604     2.40177
     295 Loop 526341      1.15210     1.95134     0.93604     2.40177
     296 Loop 526314      1.52808     1.47122     0.93604     2.40177
     297 Loop 426351      1.44409     1.55678     0.93604     2.40177
     298 Loop 126354      5.82837     0.38572     0.93604     2.40177
     299 Loop 426315      1.40411     1.60111     0.93604     2.40177
     300 Loop 126345      5.07635     0.44287     0.93604     2.40177
     301 Loop 546321      1.41614     1.58752     0.93604     2.40177
     302 Loop 516324      2.82019     0.79716     0.93604     2.40177
     303 Loop 456321      1.41205     1.59211     0.93604     2.40177
     304 Loop 156324      6.43640     0.34929     0.93604     2.40177
     305 Loop 416325      2.24017     1.00356     0.93604     2.40177
     306 Loop 146325      4.99634     0.44996     0.93604     2.40177
     307 Loop 546312      1.82007     1.23520     0.93604     2.40177
     308 Loop 516342      2.16016     1.04073     0.93604     2.40177
     309 Loop 456312      1.78015     1.26289     0.93604     2.40177
     310 Loop 156342      5.68835     0.39522     0.93604     2.40177
     311 Loop 416352      2.14410     1.04852     0.93604     2.40177
     312 Loop 146352      5.33636     0.42129     0.93604     2.40177
     313 Loop 256431      1.10010     2.04358     0.93604     2.40177
     314 Loop 256134      1.61212     1.39452     0.93604     2.40177
     315 Loop 246531      1.03204     2.17834     0.93604     2.40177
     316 Loop 216534      2.10413     1.06844     0.93604     2.40177
     317 Loop 246135      1.44409     1.55678     0.93604     2.40177
     318 Loop 216435      1.76410     1.27438     0.93604     2.40177
     319 Loop 526431      1.24408     1.80707     0.93604     2.40177
     320 Loop 526134      1.80811     1.24337     0.93604     2.40177
     321 Loop 426531      1.34412     1.67258     0.93604     2.40177
     322 Loop 126534      6.22437     0.36118     0.93604     2.40177
     323 Loop 426135      1.62805     1.38088     0.93604     2.40177
     324 Loop 126435      5.18829     0.43331     0.93604     2.40177
     325 Loop 546231      1.47205     1.52722     0.93604     2.40177
     326 Loop 516234      2.96820     0.75741     0.93604     2.40177
     327 Loop 456231      1.49207     1.50673     0.93604     2.40177
     328 Loop 156234      6.62439     0.33937     0.93604     2.40177
     329 Loop 416235      2.33618     0.96231     0.93604     2.40177
     330 Loop 146235      5.25635     0.42770     0.93604     2.40177
     331 Loop 546132      2.41223     0.93198     0.93604     2.40177
     332 Loop 516432      2.58411     0.86999     0.93604     2.40177
     333 Loop 456132      2.35608     0.95419     0.93604     2.40177
     334 Loop 156432      5.43237     0.41384     0.93604     2.40177
     335 Loop 416532      2.53613     0.88644     0.93604     2.40177
     336 Loop 146532      5.27234     0.42640     0.93604     2.40177
     337 Loop 256413      1.31213     1.71335     0.93604     2.40177
     338 Loop 256143      1.49207     1.50673     0.93604     2.40177
     339 Loop 246513      1.28406     1.75081     0.93604     2.40177
     340 Loop 216543      1.76013     1.27726     0.93604     2.40177
     341 Loop 246153      1.35608     1.65782     0.93604     2.40177
     342 Loop 216453      1.80005     1.24893     0.93604     2.40177
     343 Loop 526413      1.48010     1.51891     0.93604     2.40177
     344 Loop 526143      1.65613     1.35747     0.93604     2.40177
     345 Loop 426513      1.40808     1.59660     0.93604     2.40177
     346 Loop 126543      5.41638     0.41506     0.93604     2.40177
     347 Loop 426153      1.49609     1.50267     0.93604     2.40177
     348 Loop 126453      5.36426     0.41910     0.93604     2.40177
     349 Loop 546213      1.77612     1.26576     0.93604     2.40177
     350 Loop 516243      2.10010     1.07049     0.93604     2.40177
     351 Loop 456213      1.70410     1.31925     0.93604     2.40177
     352 Loop 156243      5.48438     0.40992     0.93604     2.40177
     353 Loop 416253      2.08813     1.07663     0.93604     2.40177
     354 Loop 146253      5.41638     0.41506     0.93604     2.40177
     355 Loop 546123      2.28821     0.98249     0.93604     2.40177
     356 Loop 516423      2.50012     0.89921     0.93604     2.40177
     357 Loop 456123      2.26819     0.99116     0.93604     2.40177
     358 Loop 156423      5.38843     0.41722     0.93604     2.40177
     359 Loop 416523      2.48413     0.90500     0.93604     2.40177
     360 Loop 146523      5.35242     0.42002     0.93604     2.40177
     361 Loop 325641      0.91211     2.46477     0.91211     2.46477
     362 Loop 325614      1.27209     1.76727     0.91211     2.46477
     363 Loop 324651      0.87610     2.56608     0.87610     2.56608
     364 Loop 321654      1.46411     1.53550     0.87610     2.56608
     365 Loop 324615      1.15613     1.94454     0.87610     2.56608
     366 Loop 321645      1.34802     1.66773     0.87610     2.56608
     367 Loop 352641      0.96802     2.32242     0.87610     2.56608
     368 Loop 352614      1.30811     1.71862     0.87610     2.56608
     369 Loop 342651      0.89612     2.50875     0.87610     2.56608
     370 Loop 312654      1.80420     1.24606     0.87610     2.56608
     371 Loop 342615      1.18005     1.90512     0.87610     2.56608
     372 Loop 312645      1.52417     1.47499     0.87610     2.56608
     373 Loop 354621      0.96802     2.32242     0.87610     2.56608
     374 Loop 351624      1.62012     1.38764     0.87610     2.56608
     375 Loop 345621      0.98401     2.28467     0.87610     2.56608
     376 Loop 315624      1.95203     1.15170     0.87610     2.56608
     377 Loop 341625      1.54407     1.45599     0.87610     2.56608
     378 Loop 314625      1.74011     1.29195     0.87610     2.56608
     379 Loop 354612      1.30408     1.72393     0.87610     2.56608
     380 Loop 351642      1.44006     1.56114     0.87610     2.56608
     381 Loop 345612      1.26416     1.77837     0.87610     2.56608
     382 Loop 315642      1.67212     1.34449     0.87610     2.56608
     383 Loop 341652      1.48804     1.51081     0.87610     2.56608
     384 Loop 314652      1.62805     1.38088     0.87610     2.56608
     385 Loop 235641      0.89612     2.50875     0.87610     2.56608
     386 Loop 235614      1.28809     1.74533     0.87610     2.56608
     387 Loop 234651      0.85596     2.62646     0.85596     2.62646
     388 Loop 231654      1.43201     1.56992     0.85596     2.62646
     389 Loop 234615      1.13611     1.97881     0.85596     2.62646
     390 Loop 231645      1.31201     1.71351     0.85596     2.62646
     391 Loop 532641      1.07202     2.09710     0.85596     2.62646
     392 Loop 532614      1.48010     1.51891     0.85596     2.62646
     393 Loop 432651      1.44800     1.55259     0.85596     2.62646
     394 Loop 132654      5.91235     0.38024     0.85596     2.62646
     395 Loop 432615      1.35608     1.65782     0.85596     2.62646
     396 Loop 132645      5.06030     0.44427     0.85596     2.62646
     397 Loop 534621      1.04810     2.14498     0.85596     2.62646
     398 Loop 531624      1.78015     1.26289     0.85596     2.62646
     399 Loop 435621      1.24805     1.80133     0.85596     2.62646
     400 Loop 135624      5.94031     0.37846     0.85596     2.62646
     401 Loop 431625      1.65613     1.35747     0.85596     2.62646
     402 Loop 134625      4.93628     0.45543     0.85596     2.62646
     403 Loop 534612      1.37207     1.63850     0.85596     2.62646
     404 Loop 531642      1.55200     1.44854     0.85596     2.62646
     405 Loop 435612      1.39600     1.61042     0.85596     2.62646
     406 Loop 135642      5.97229     0.37643     0.85596     2.62646
     407 Loop 431652      1.69604     1.32552     0.85596     2.62646
     408 Loop 134652      5.41638     0.41506     0.85596     2.62646
     409 Loop 253641      0.93604     2.40177     0.85596     2.62646
     410 Loop 253614      1.30005     1.72927     0.85596     2.62646
     411 Loop 243651      0.90405     2.48674     0.85596     2.62646
     412 Loop 213654      1.83203     1.22713     0.85596     2.62646
     413 Loop 243615      1.23999     1.81303     0.85596     2.62646
     414 Loop 213645      1.53601     1.46362     0.85596     2.62646
     415 Loop 523641      1.09607     2.05109     0.85596     2.62646
     416 Loop 523614      1.48413     1.51479     0.85596     2.62646
     417 Loop 423651      1.42017     1.58301     0.85596     2.62646
     418 Loop 123654      5.90430     0.38076     0.85596     2.62646
     419 Loop 423615      1.38000     1.62908     0.85596     2.62646
     420 Loop 123645      5.20825     0.43165     0.85596     2.62646
     421 Loop 543621      1.08008     2.08146     0.85596     2.62646
     422 Loop 513624      2.63611     0.85283     0.85596     2.62646
     423 Loop 453621      1.30005     1.72927     0.85596     2.62646
     424 Loop 153624      6.58044     0.34164     0.85596     2.62646
     425 Loop 413625      2.05615     1.09337     0.85596     2.62646
     426 Loop 143625      5.08435     0.44217     0.85596     2.62646
     427 Loop 543612      1.42810     1.57422     0.85596     2.62646
     428 Loop 513642      1.97607     1.13768     0.85596     2.62646
     429 Loop 453612      1.41211     1.59204     0.85596     2.62646
     430 Loop 153642      6.02441     0.37317     0.85596     2.62646
     431 Loop 413652      1.90015     1.18314     0.85596     2.62646
     432 Loop 143652      5.32422     0.42225     0.85596     2.62646
     433 Loop 254631      0.94006     2.39148     0.85596     2.62646
     434 Loop 251634      1.58411     1.41919     0.85596     2.62646
     435 Loop 245631      0.95605     2.35148     0.85596     2.62646
     436 Loop 215634      1.95215     1.15162     0.85596     2.62646
     437 Loop 241635      1.65601     1.35757     0.85596     2.62646
     438 Loop 214635      1.81604     1.23794     0.85596     2.62646
     439 Loop 524631      1.08813     2.06605     0.85596     2.62646
     440 Loop 521634      1.71216     1.31304     0.85596     2.62646
     441 Loop 425631      1.24805     1.80133     0.85596     2.62646
     442 Loop 125634      5.92432     0.37948     0.85596     2.62646
     443 Loop 421635      1.70410     1.31925     0.85596     2.62646
     444 Loop 124635      4.96423     0.45287     0.85596     2.62646
     445 Loop 542631      1.03198     2.17847     0.85596     2.62646
     446 Loop 512634      2.56018     0.87812     0.85596     2.62646
     447 Loop 452631      1.25610     1.78977     0.85596     2.62646
     448 Loop 152634      6.54846     0.34331     0.85596     2.62646
     449 Loop 412635      2.14807     1.04659     0.85596     2.62646
     450 Loop 142635      5.19226     0.43298     0.85596     2.62646
     451 Loop 541632      2.47620     0.90790     0.85596     2.62646
     452 Loop 514632      2.63220     0.85409     0.85596     2.62646
     453 Loop 451632      2.32410     0.96732     0.85596     2.62646
     454 Loop 154632      5.30835     0.42351     0.85596     2.62646
     455 Loop 415632      2.48816     0.90354     0.85596     2.62646
     456 Loop 145632      5.18835     0.43331     0.85596     2.62646
     457 Loop 254613      1.32007     1.70305     0.85596     2.62646
     458 Loop 251643      1.53210     1.46735     0.85596     2.62646
     459 Loop 245613      1.33606     1.68266     0.85596     2.62646
     460 Loop 215643      1.68018     1.33804     0.85596     2.62646
     461 Loop 241653      1.50012     1.49864     0.85596     2.62646
     462 Loop 214653      1.63611     1.37408     0.85596     2.62646
     463 Loop 524613      1.38000     1.62908     0.85596     2.62646
     464 Loop 521643      1.56409     1.43735     0.85596     2.62646
     465 Loop 425613      1.34412     1.67258     0.85596     2.62646
     466 Loop 125643      5.64038     0.39858     0.85596     2.62646
     467 Loop 421653      1.60010     1.40500     0.85596     2.62646
     468 Loop 124653      5.25232     0.42803     0.85596     2.62646
     469 Loop 542613      1.37610     1.63371     0.85596     2.62646
     470 Loop 512643      1.90405     1.18071     0.85596     2.62646
     471 Loop 452613      1.36011     1.65291     0.85596     2.62646
     472 Loop 152643      5.99231     0.37517     0.85596     2.62646
     473 Loop 412653      1.97205     1.14000     0.85596     2.62646
     474 Loop 142653      5.48035     0.41022     0.85596     2.62646
     475 Loop 541623      2.25208     0.99825     0.85596     2.62646
     476 Loop 514623      2.40808     0.93358     0.85596     2.62646
     477 Loop 451623      2.23621     1.00534     0.85596     2.62646
     478 Loop 154623      5.27637     0.42608     0.85596     2.62646
     479 Loop 415623      2.38416     0.94295     0.85596     2.62646
     480 Loop 145623      5.36426     0.41910     0.85596     2.62646
     481 Loop 325461      0.91614     2.45393     0.85596     2.62646
     482 Loop 325164      1.38416     1.62420     0.85596     2.62646
     483 Loop 324561      0.88806     2.53151     0.85596     2.62646
     484 Loop 321564      1.40808     1.59660     0.85596     2.62646
     485 Loop 324165      1.27209     1.76727     0.85596     2.62646
     486 Loop 321465      1.27600     1.76186     0.85596     2.62646
     487 Loop 352461      0.91199     2.46510     0.85596     2.62646
     488 Loop 352164      1.43604     1.56552     0.85596     2.62646
     489 Loop 342561      0.90405     2.48674     0.85596     2.62646
     490 Loop 312564      1.76807     1.27152     0.85596     2.62646
     491 Loop 342165      1.30017     1.72911     0.85596     2.62646
     492 Loop 312465      1.46802     1.53141     0.85596     2.62646
     493 Loop 354261      0.92004     2.44351     0.85596     2.62646
     494 Loop 351264      1.54407     1.45599     0.85596     2.62646
     495 Loop 345261      0.91199     2.46510     0.85596     2.62646
     496 Loop 315264      1.87610     1.19831     0.85596     2.62646
     497 Loop 341265      1.50012     1.49864     0.85596     2.62646
     498 Loop 314265      1.66418     1.35090     0.85596     2.62646
     499 Loop 354162      1.39209     1.61494     0.85596     2.62646
     500 Loop 351462      1.40015     1.60565     0.85596     2.62646
     501 Loop 345162      1.42407     1.57867     0.85596     2.62646
     502 Loop 315462      1.55212     1.44843     0.85596     2.62646
     503 Loop 341562      1.44409     1.55678     0.85596     2.62646
     504 Loop 314562      1.58801     1.41569     0.85596     2.62646
     505 Loop 235461      0.88403     2.54305     0.85596     2.62646
     506 Loop 235164      1.38806     1.61963     0.85596     2.62646
     507 Loop 234561      0.90002     2.49787     0.85596     2.62646
     508 Loop 231564      1.43616     1.56539     0.85596     2.62646
     509 Loop 234165      1.28406     1.75081     0.85596     2.62646
     510 Loop 231465      1.29199     1.74006     0.85596     2.62646
     511 Loop 532461      1.27600     1.76186     0.85596     2.62646
     512 Loop 532164      1.68005     1.33814     0.85596     2.62646
     513 Loop 432561      1.27612     1.76170     0.85596     2.62646
     514 Loop 132564      5.90039     0.38102     0.85596     2.62646
     515 Loop 432165      1.50818     1.49063     0.85596     2.62646
     516 Loop 132465      5.12024     0.43907     0.85596     2.62646
     517 Loop 534261      1.30408     1.72393     0.85596     2.62646
     518 Loop 531264      1.75208     1.28313     0.85596     2.62646
     519 Loop 435261      1.28406     1.75081     0.85596     2.62646
     520 Loop 135264      6.10840     0.36804     0.85596     2.62646
     521 Loop 431265      1.68811     1.33175     0.85596     2.62646
     522 Loop 134265      5.05627     0.44462     0.85596     2.62646
     523 Loop 534162      1.56409     1.43735     0.85596     2.62646
     524 Loop 531462      1.58411     1.41919     0.85596     2.62646
     525 Loop 435162      1.54004     1.45979     0.85596     2.62646
     526 Loop 135462      5.29626     0.42448     0.85596     2.62646
     527 Loop 431562      1.54810     1.45220     0.85596     2.62646
     528 Loop 134562      5.33228     0.42161     0.85596     2.62646
     529 Loop 253461      0.92407     2.43286     0.85596     2.62646
     530 Loop 253164      1.45215     1.54815     0.85596     2.62646
     531 Loop 243561      0.92407     2.43286     0.85596     2.62646
     532 Loop 213564      1.82019     1.23511     0.85596     2.62646
     533 Loop 243165      1.33215     1.68760     0.85596     2.62646
     534 Loop 213465      1.49207     1.50673     0.85596     2.62646
     535 Loop 523461      1.29211     1.73989     0.85596     2.62646
     536 Loop 523164      1.66821     1.34763     0.85596     2.62646
     537 Loop 423561      1.28003     1.75632     0.85596     2.62646
     538 Loop 123564      6.08435     0.36950     0.85596     2.62646
     539 Loop 423165      1.50415     1.49462     0.85596     2.62646
     540 Loop 123465      5.11633     0.43940     0.85596     2.62646
     541 Loop 543261      1.28406     1.75081     0.85596     2.62646
     542 Loop 513264      2.65613     0.84640     0.85596     2.62646
     543 Loop 453261      1.32007     1.70305     0.85596     2.62646
     544 Loop 153264      6.59241     0.34102     0.85596     2.62646
     545 Loop 413265      2.02820     1.10844     0.85596     2.62646
     546 Loop 143265      5.11633     0.43940     0.85596     2.62646
     547 Loop 543162      1.63611     1.37408     0.85596     2.62646
     548 Loop 513462      1.89221     1.18810     0.85596     2.62646
     549 Loop 453162      1.54004     1.45979     0.85596     2.62646
     550 Loop 153462      5.41223     0.41538     0.85596     2.62646
     551 Loop 413562      1.86414     1.20600     0.85596     2.62646
     552 Loop 143562      5.32434     0.42224     0.85596     2.62646
     553 Loop 254361      0.92004     2.44351     0.85596     2.62646
     554 Loop 251364      1.50415     1.49462     0.85596     2.62646
     555 Loop 245361      0.92004     2.44351     0.85596     2.62646
     556 Loop 215364      1.89221     1.18810     0.85596     2.62646
     557 Loop 241365      1.59204     1.41211     0.85596     2.62646
     558 Loop 214365      1.73608     1.29495     0.85596     2.62646
     559 Loop 524361      1.28809     1.74533     0.85596     2.62646
     560 Loop 521364      1.71619     1.30996     0.85596     2.62646
     561 Loop 425361      1.27209     1.76727     0.85596     2.62646
     562 Loop 125364      6.03235     0.37268     0.85596     2.62646
     563 Loop 421365      1.72815     1.30089     0.85596     2.62646
     564 Loop 124365      5.10840     0.44009     0.85596     2.62646
     565 Loop 542361      1.31604     1.70826     0.85596     2.62646
     566 Loop 512364      2.66016     0.84512     0.85596     2.62646
     567 Loop 452361      1.31213     1.71335     0.85596     2.62646
     568 Loop 152364      6.61243     0.33999     0.85596     2.62646
     569 Loop 412365      2.10413     1.06844     0.85596     2.62646
     570 Loop 142365      5.14429     0.43702     0.85596     2.62646
     571 Loop 541362      1.98413     1.13306     0.85596     2.62646
     572 Loop 514362      2.19214     1.02555     0.85596     2.62646
     573 Loop 451362      1.97205     1.14000     0.85596     2.62646
     574 Loop 154362      5.44824     0.41264     0.85596     2.62646
     575 Loop 415362      2.18811     1.02743     0.85596     2.62646
     576 Loop 145362      5.30835     0.42351     0.85596     2.62646
     577 Loop 254163      1.44812     1.55245     0.85596     2.62646
     578 Loop 251463      1.43616     1.56539     0.85596     2.62646
     579 Loop 245163      1.41211     1.59204     0.85596     2.62646
     580 Loop 215463      1.56812     1.43366     0.85596     2.62646
     581 Loop 241563      1.50415     1.49462     0.85596     2.62646
     582 Loop 214563      1.65210     1.36078     0.85596     2.62646
     583 Loop 524163      1.58813     1.41559     0.85596     2.62646
     584 Loop 521463      1.58008     1.42280     0.85596     2.62646
     585 Loop 425163      1.55200     1.44854     0.85596     2.62646
     586 Loop 125463      5.30835     0.42351     0.85596     2.62646
     587 Loop 421563      1.64807     1.36410     0.85596     2.62646
     588 Loop 124563      5.29236     0.42479     0.85596     2.62646
     589 Loop 542163      1.56421     1.43724     0.85596     2.62646
     590 Loop 512463      1.83215     1.22705     0.85596     2.62646
     591 Loop 452163      1.52405     1.47511     0.85596     2.62646
     592 Loop 152463      5.32434     0.42224     0.85596     2.62646
     593 Loop 412563      1.85217     1.21379     0.85596     2.62646
     594 Loop 142563      5.27637     0.42608     0.85596     2.62646
     595 Loop 541263      1.96814     1.14227     0.85596     2.62646
     596 Loop 514263      2.17615     1.03308     0.85596     2.62646
     597 Loop 451263      1.96411     1.14461     0.85596     2.62646
     598 Loop 154263      5.39624     0.41661     0.85596     2.62646
     599 Loop 415263      2.18018     1.03117     0.85596     2.62646
     600 Loop 145263      5.28040     0.42575     0.85596     2.62646
     601 Loop 325416      1.06409     2.11274     0.85596     2.62646
     602 Loop 325146      1.23206     1.82471     0.85596     2.62646
     603 Loop 324516      1.06006     2.12077     0.85596     2.62646
     604 Loop 321546      1.25610     1.78977     0.85596     2.62646
     605 Loop 324156      1.17603     1.91164     0.85596     2.62646
     606 Loop 321456      1.12805     1.99294     0.85596     2.62646
     607 Loop 352416      1.09204     2.05866     0.85596     2.62646
     608 Loop 352146      1.27600     1.76186     0.85596     2.62646
     609 Loop 342516      1.08398     2.07396     0.85596     2.62646
     610 Loop 312546      1.47205     1.52722     0.85596     2.62646
     611 Loop 342156      1.18811     1.89220     0.85596     2.62646
     612 Loop 312456      1.35608     1.65782     0.85596     2.62646
     613 Loop 354216      1.17603     1.91164     0.85596     2.62646
     614 Loop 351246      1.30017     1.72911     0.85596     2.62646
     615 Loop 345216      1.11609     2.01430     0.85596     2.62646
     616 Loop 315246      1.53210     1.46735     0.85596     2.62646
     617 Loop 341256      1.19202     1.88600     0.85596     2.62646
     618 Loop 314256      1.39209     1.61494     0.85596     2.62646
     619 Loop 354126      1.25610     1.78977     0.85596     2.62646
     620 Loop 351426      1.26013     1.78405     0.85596     2.62646
     621 Loop 345126      1.19202     1.88600     0.85596     2.62646
     622 Loop 315426      1.44800     1.55259     0.85596     2.62646
     623 Loop 341526      1.24402     1.80716     0.85596     2.62646
     624 Loop 314526      1.42419     1.57853     0.85596     2.62646
     625 Loop 235416      1.06799     2.10501     0.85596     2.62646
     626 Loop 235146      1.24011     1.81285     0.85596     2.62646
     627 Loop 234516      1.06006     2.12077     0.85596     2.62646
     628 Loop 231546      1.26807     1.77289     0.85596     2.62646
     629 Loop 234156      1.18018     1.90492     0.85596     2.62646
     630 Loop 231456      1.14001     1.97203     0.85596     2.62646
     631 Loop 532416      1.84802     1.21651     0.85596     2.62646
     632 Loop 532146      1.92004     1.17088     0.85596     2.62646
     633 Loop 432516      1.42407     1.57867     0.85596     2.62646
     634 Loop 132546      6.07239     0.37022     0.85596     2.62646
     635 Loop 432156      1.38818     1.61948     0.85596     2.62646
     636 Loop 132456      5.57239     0.40344     0.85596     2.62646
     637 Loop 534216      1.87610     1.19831     0.85596     2.62646
     638 Loop 531246      1.93213     1.16356     0.85596     2.62646
     639 Loop 435216      1.43201     1.56992     0.85596     2.62646
     640 Loop 135246      6.07227     0.37023     0.85596     2.62646
     641 Loop 431256      1.37207     1.63850     0.85596     2.62646
     642 Loop 134256      5.48438     0.40992     0.85596     2.62646
     643 Loop 534126      1.92017     1.17081     0.85596     2.62646
     644 Loop 531426      1.92017     1.17081     0.85596     2.62646
     645 Loop 435126      1.37610     1.63371     0.85596     2.62646
     646 Loop 135426      5.48438     0.40992     0.85596     2.62646
     647 Loop 431526      1.41614     1.58752     0.85596     2.62646
     648 Loop 134526      5.52429     0.40696     0.85596     2.62646
     649 Loop 253416      1.10010     2.04358     0.85596     2.62646
     650 Loop 253146      1.28015     1.75615     0.85596     2.62646
     651 Loop 243516      1.10413     2.03613     0.85596     2.62646
     652 Loop 213546      1.49609     1.50267     0.85596     2.62646
     653 Loop 243156      1.17603     1.91164     0.85596     2.62646
     654 Loop 213456      1.31616     1.70810     0.85596     2.62646
     655 Loop 523416      1.80005     1.24893     0.85596     2.62646
     656 Loop 523146      1.86414     1.20600     0.85596     2.62646
     657 Loop 423516      1.39612     1.61028     0.85596     2.62646
     658 Loop 123546      5.95239     0.37769     0.85596     2.62646
     659 Loop 423156      1.35608     1.65782     0.85596     2.62646
     660 Loop 123456      5.42834     0.41415     0.85596     2.62646
     661 Loop 543216      1.83215     1.22705     0.85596     2.62646
     662 Loop 513246      2.77222     0.81095     0.85596     2.62646
     663 Loop 453216      1.36804     1.64333     0.85596     2.62646
     664 Loop 153246      6.73633     0.33373     0.85596     2.62646
     665 Loop 413256      1.77209     1.26863     0.85596     2.62646
     666 Loop 143256      5.53638     0.40607     0.85596     2.62646
     667 Loop 543126      1.92407     1.16843     0.85596     2.62646
     668 Loop 513426      2.34412     0.95906     0.85596     2.62646
     669 Loop 453126      1.30408     1.72393     0.85596     2.62646
     670 Loop 153426      5.74036     0.39164     0.85596     2.62646
     671 Loop 413526      1.72412     1.30393     0.85596     2.62646
     672 Loop 143526      5.33240     0.42160     0.85596     2.62646
     673 Loop 254316      1.12805     1.99294     0.85596     2.62646
     674 Loop 251346      1.24402     1.80716     0.85596     2.62646
     675 Loop 245316      1.08008     2.08146     0.85596     2.62646
     676 Loop 215346      1.48010     1.51891     0.85596     2.62646
     677 Loop 241356      1.19604     1.87965     0.85596     2.62646
     678 Loop 214356      1.38403     1.62434     0.85596     2.62646
     679 Loop 524316      1.80017     1.24885     0.85596     2.62646
     680 Loop 521346      1.85217     1.21379     0.85596     2.62646
     681 Loop 425316      1.38806     1.61963     0.85596     2.62646
     682 Loop 125346      5.91248     0.38024     0.85596     2.62646
     683 Loop 421356      1.36011     1.65291     0.85596     2.62646
     684 Loop 124356      5.39636     0.41660     0.85596     2.62646
     685 Loop 542316      1.81616     1.23785     0.85596     2.62646
     686 Loop 512346      2.71619     0.82768     0.85596     2.62646
     687 Loop 452316      1.38013     1.62894     0.85596     2.62646
     688 Loop 152346      6.61243     0.33999     0.85596     2.62646
     689 Loop 412356      1.75610     1.28019     0.85596     2.62646
     690 Loop 142356      5.41626     0.41507     0.85596     2.62646
     691 Loop 541326      1.94812     1.15400     0.85596     2.62646
     692 Loop 514326      2.36816     0.94932     0.85596     2.62646
     693 Loop 451326      1.67212     1.34449     0.85596     2.62646
     694 Loop 154326      5.70837     0.39383     0.85596     2.62646
     695 Loop 415326      1.96411     1.14461     0.85596     2.62646
     696 Loop 145326      5.29626     0.42448     0.85596     2.62646
     697 Loop 254136      1.20007     1.87334     0.85596     2.62646
     698 Loop 251436      1.21204     1.85485     0.85596     2.62646
     699 Loop 245136      1.13599     1.97902     0.85596     2.62646
     700 Loop 215436      1.42407     1.57867     0.85596     2.62646
     701 Loop 241536      1.21606     1.84870     0.85596     2.62646
     702 Loop 214536      1.39209     1.61494     0.85596     2.62646
     703 Loop 524136      1.85205     1.21387     0.85596     2.62646
     704 Loop 521436      1.83203     1.22713     0.85596     2.62646
     705 Loop 425136      1.29602     1.73465     0.85596     2.62646
     706 Loop 125436      5.25623     0.42771     0.85596     2.62646
     707 Loop 421536      1.34802     1.66773     0.85596     2.62646
     708 Loop 124536      5.25623     0.42771     0.85596     2.62646
     709 Loop 542136      1.85205     1.21387     0.85596     2.62646
     710 Loop 512436      2.48413     0.90500     0.85596     2.62646
     711 Loop 452136      1.46008     1.53973     0.85596     2.62646
     712 Loop 152436      6.30042     0.35682     0.85596     2.62646
     713 Loop 412536      1.87610     1.19831     0.85596     2.62646
     714 Loop 142536      5.53638     0.40607     0.85596     2.62646
     715 Loop 541236      1.95215     1.15162     0.85596     2.62646
     716 Loop 514236      2.39209     0.93982     0.85596     2.62646
     717 Loop 451236      1.68005     1.33814     0.85596     2.62646
     718 Loop 154236      5.69238     0.39494     0.85596     2.62646
     719 Loop 415236      1.97607     1.13768     0.85596     2.62646
     720 Loop 145236      5.24841     0.42835     0.85596     2.62646
 The best time is:   0.8559570
 The speedup is:      2.626464
