 TESTING TRANSACCU TYPE 362514
 Hirata Reference =    9.412588     seconds
 Algorithm         Jeff           Speedup          Best
       1 Loop 123456      7.34046     1.28229     7.34046     1.28229
       2 Loop 123465      5.11232     1.84116     5.11232     1.84116
       3 Loop 123546      8.09251     1.16312     5.11232     1.84116
       4 Loop 123645      4.45228     2.11411     4.45228     2.11411
       5 Loop 123564      4.21626     2.23245     4.21626     2.23245
       6 Loop 123654      4.31227     2.18275     4.21626     2.23245
       7 Loop 124356     16.22501     0.58013     4.21626     2.23245
       8 Loop 124365     15.84899     0.59389     4.21626     2.23245
       9 Loop 125346      7.74449     1.21539     4.21626     2.23245
      10 Loop 126345      5.16833     1.82121     4.21626     2.23245
      11 Loop 125364      4.27627     2.20112     4.21626     2.23245
      12 Loop 126354      4.83630     1.94624     4.21626     2.23245
      13 Loop 124536     19.02919     0.49464     4.21626     2.23245
      14 Loop 124635     16.39702     0.57404     4.21626     2.23245
      15 Loop 125436      7.81248     1.20481     4.21626     2.23245
      16 Loop 126435      5.39233     1.74555     4.21626     2.23245
      17 Loop 125634      4.49628     2.09342     4.21626     2.23245
      18 Loop 126534      4.75630     1.97897     4.21626     2.23245
      19 Loop 124563     19.96124     0.47154     4.21626     2.23245
      20 Loop 124653     16.91306     0.55653     4.21626     2.23245
      21 Loop 125463      9.40858     1.00043     4.21626     2.23245
      22 Loop 126453      9.20058     1.02304     4.21626     2.23245
      23 Loop 125643      9.70061     0.97031     4.21626     2.23245
      24 Loop 126543      9.83661     0.95689     4.21626     2.23245
      25 Loop 132456      6.99644     1.34534     4.21626     2.23245
      26 Loop 132465      4.80431     1.95920     4.21626     2.23245
      27 Loop 132546      7.82849     1.20235     4.21626     2.23245
      28 Loop 132645      4.35629     2.16069     4.21626     2.23245
      29 Loop 132564      4.12427     2.28224     4.12427     2.28224
      30 Loop 132654      4.17224     2.25600     4.12427     2.28224
      31 Loop 142356     17.91312     0.52546     4.12427     2.28224
      32 Loop 142365     17.64508     0.53344     4.12427     2.28224
      33 Loop 152346      8.03650     1.17123     4.12427     2.28224
      34 Loop 162345      7.78448     1.20915     4.12427     2.28224
      35 Loop 152364      4.78430     1.96739     4.12427     2.28224
      36 Loop 162354      8.01651     1.17415     4.12427     2.28224
      37 Loop 142536     20.74930     0.45363     4.12427     2.28224
      38 Loop 142635     17.93314     0.52487     4.12427     2.28224
      39 Loop 152436      8.10852     1.16083     4.12427     2.28224
      40 Loop 162435      8.25250     1.14057     4.12427     2.28224
      41 Loop 152634      4.92429     1.91146     4.12427     2.28224
      42 Loop 162534      7.89249     1.19260     4.12427     2.28224
      43 Loop 142563     21.31732     0.44155     4.12427     2.28224
      44 Loop 142653     18.70117     0.50332     4.12427     2.28224
      45 Loop 152463      9.70059     0.97031     4.12427     2.28224
      46 Loop 162453     11.66074     0.80720     4.12427     2.28224
      47 Loop 152643     10.02063     0.93932     4.12427     2.28224
      48 Loop 162543     12.62878     0.74533     4.12427     2.28224
      49 Loop 134256     16.08902     0.58503     4.12427     2.28224
      50 Loop 134265     15.73300     0.59827     4.12427     2.28224
      51 Loop 135246      7.78052     1.20976     4.12427     2.28224
      52 Loop 136245      5.12036     1.83827     4.12427     2.28224
      53 Loop 135264      4.30829     2.18476     4.12427     2.28224
      54 Loop 136254      4.88031     1.92869     4.12427     2.28224
      55 Loop 143256     18.54120     0.50766     4.12427     2.28224
      56 Loop 143265     17.83710     0.52770     4.12427     2.28224
      57 Loop 153246      8.06451     1.16716     4.12427     2.28224
      58 Loop 163245      7.80450     1.20605     4.12427     2.28224
      59 Loop 153264      4.74432     1.98397     4.12427     2.28224
      60 Loop 163254      8.04852     1.16948     4.12427     2.28224
      61 Loop 145236     21.88135     0.43016     4.12427     2.28224
      62 Loop 146235     19.71326     0.47748     4.12427     2.28224
      63 Loop 154236     21.94537     0.42891     4.12427     2.28224
      64 Loop 164235     19.62518     0.47962     4.12427     2.28224
      65 Loop 156234      8.73254     1.07787     4.12427     2.28224
      66 Loop 165234      8.57654     1.09748     4.12427     2.28224
      67 Loop 145263     22.05737     0.42673     4.12427     2.28224
      68 Loop 146253     23.31342     0.40374     4.12427     2.28224
      69 Loop 154263     22.12939     0.42534     4.12427     2.28224
      70 Loop 164253     27.06171     0.34782     4.12427     2.28224
      71 Loop 156243     12.97284     0.72556     4.12427     2.28224
      72 Loop 165243     12.93280     0.72781     4.12427     2.28224
      73 Loop 134526     18.14514     0.51874     4.12427     2.28224
      74 Loop 134625     16.16504     0.58228     4.12427     2.28224
      75 Loop 135426      7.60852     1.23711     4.12427     2.28224
      76 Loop 136425      5.24432     1.79481     4.12427     2.28224
      77 Loop 135624      4.48828     2.09715     4.12427     2.28224
      78 Loop 136524      4.74829     1.98231     4.12427     2.28224
      79 Loop 143526     20.22522     0.46539     4.12427     2.28224
      80 Loop 143625     17.88507     0.52628     4.12427     2.28224
      81 Loop 153426      7.93250     1.18659     4.12427     2.28224
      82 Loop 163425      8.26050     1.13947     4.12427     2.28224
      83 Loop 153624      5.03632     1.86894     4.12427     2.28224
      84 Loop 163524      8.71252     1.08035     4.12427     2.28224
      85 Loop 145326     21.41736     0.43948     4.12427     2.28224
      86 Loop 146325     19.80927     0.47516     4.12427     2.28224
      87 Loop 154326     21.75336     0.43270     4.12427     2.28224
      88 Loop 164325     19.86517     0.47382     4.12427     2.28224
      89 Loop 156324      8.93652     1.05327     4.12427     2.28224
      90 Loop 165324      8.70459     1.08134     4.12427     2.28224
      91 Loop 145623     23.14148     0.40674     4.12427     2.28224
      92 Loop 146523     23.27344     0.40443     4.12427     2.28224
      93 Loop 154623     23.30139     0.40395     4.12427     2.28224
      94 Loop 164523     24.98157     0.37678     4.12427     2.28224
      95 Loop 156423     12.57678     0.74841     4.12427     2.28224
      96 Loop 165423     12.57678     0.74841     4.12427     2.28224
      97 Loop 134562     19.33325     0.48686     4.12427     2.28224
      98 Loop 134652     16.93701     0.55574     4.12427     2.28224
      99 Loop 135462      7.62048     1.23517     4.12427     2.28224
     100 Loop 136452      6.80042     1.38412     4.12427     2.28224
     101 Loop 135642      7.54858     1.24693     4.12427     2.28224
     102 Loop 136542      7.69250     1.22361     4.12427     2.28224
     103 Loop 143562     21.44934     0.43883     4.12427     2.28224
     104 Loop 143652     18.65723     0.50450     4.12427     2.28224
     105 Loop 153462      7.84851     1.19928     4.12427     2.28224
     106 Loop 163452     10.36462     0.90815     4.12427     2.28224
     107 Loop 153642      7.77649     1.21039     4.12427     2.28224
     108 Loop 163542     10.95667     0.85907     4.12427     2.28224
     109 Loop 145362     20.98535     0.44853     4.12427     2.28224
     110 Loop 146352     21.21729     0.44363     4.12427     2.28224
     111 Loop 154362     20.92529     0.44982     4.12427     2.28224
     112 Loop 164352     22.18945     0.42419     4.12427     2.28224
     113 Loop 156342     11.06873     0.85038     4.12427     2.28224
     114 Loop 165342     11.08875     0.84884     4.12427     2.28224
     115 Loop 145632     23.52148     0.40017     4.12427     2.28224
     116 Loop 146532     23.67346     0.39760     4.12427     2.28224
     117 Loop 154632     23.86548     0.39440     4.12427     2.28224
     118 Loop 164532     24.56152     0.38322     4.12427     2.28224
     119 Loop 156432     11.06067     0.85100     4.12427     2.28224
     120 Loop 165432     11.08472     0.84915     4.12427     2.28224
     121 Loop 213456      6.73242     1.39810     4.12427     2.28224
     122 Loop 213465      4.69238     2.00593     4.12427     2.28224
     123 Loop 213546      7.41248     1.26983     4.12427     2.28224
     124 Loop 213645      4.27222     2.20321     4.12427     2.28224
     125 Loop 213564      3.97620     2.36723     3.97620     2.36723
     126 Loop 213654      4.06421     2.31597     3.97620     2.36723
     127 Loop 214356     16.00488     0.58811     3.97620     2.36723
     128 Loop 214365     15.66089     0.60103     3.97620     2.36723
     129 Loop 215346      7.33240     1.28370     3.97620     2.36723
     130 Loop 216345      4.99243     1.88537     3.97620     2.36723
     131 Loop 215364      4.14026     2.27343     3.97620     2.36723
     132 Loop 216354      4.81628     1.95433     3.97620     2.36723
     133 Loop 214536     18.94116     0.49694     3.97620     2.36723
     134 Loop 214635     16.12500     0.58373     3.97620     2.36723
     135 Loop 215436      7.62842     1.23388     3.97620     2.36723
     136 Loop 216435      5.34033     1.76255     3.97620     2.36723
     137 Loop 215634      4.42822     2.12559     3.97620     2.36723
     138 Loop 216534      4.60828     2.04254     3.97620     2.36723
     139 Loop 214563     19.77722     0.47593     3.97620     2.36723
     140 Loop 214653     16.73706     0.56238     3.97620     2.36723
     141 Loop 215463      9.27258     1.01510     3.97620     2.36723
     142 Loop 216453      9.12061     1.03201     3.97620     2.36723
     143 Loop 215643      9.44861     0.99619     3.97620     2.36723
     144 Loop 216543      9.67261     0.97312     3.97620     2.36723
     145 Loop 312456      6.71631     1.40145     3.97620     2.36723
     146 Loop 312465      4.68420     2.00943     3.97620     2.36723
     147 Loop 312546      7.35645     1.27950     3.97620     2.36723
     148 Loop 312645      4.24023     2.21983     3.97620     2.36723
     149 Loop 312564      3.94434     2.38636     3.94434     2.38636
     150 Loop 312654      4.02026     2.34129     3.94434     2.38636
     151 Loop 412356     18.01318     0.52254     3.94434     2.38636
     152 Loop 412365     17.72913     0.53091     3.94434     2.38636
     153 Loop 512346      8.07642     1.16544     3.94434     2.38636
     154 Loop 612345      7.80444     1.20606     3.94434     2.38636
     155 Loop 512364      4.80420     1.95924     3.94434     2.38636
     156 Loop 612354      8.06445     1.16717     3.94434     2.38636
     157 Loop 412536     21.08130     0.44649     3.94434     2.38636
     158 Loop 412635     18.05713     0.52127     3.94434     2.38636
     159 Loop 512436      8.13660     1.15682     3.94434     2.38636
     160 Loop 612435      8.26453     1.13891     3.94434     2.38636
     161 Loop 512634      4.86035     1.93661     3.94434     2.38636
     162 Loop 612534      8.02454     1.17298     3.94434     2.38636
     163 Loop 412563     21.39343     0.43998     3.94434     2.38636
     164 Loop 412653     18.76917     0.50149     3.94434     2.38636
     165 Loop 512463      9.70459     0.96991     3.94434     2.38636
     166 Loop 612453     11.78479     0.79871     3.94434     2.38636
     167 Loop 512643      9.94861     0.94612     3.94434     2.38636
     168 Loop 612543     12.49280     0.75344     3.94434     2.38636
     169 Loop 314256     15.99304     0.58854     3.94434     2.38636
     170 Loop 314265     15.65283     0.60133     3.94434     2.38636
     171 Loop 315246      7.34448     1.28159     3.94434     2.38636
     172 Loop 316245      4.95630     1.89912     3.94434     2.38636
     173 Loop 315264      4.08838     2.30228     3.94434     2.38636
     174 Loop 316254      4.70410     2.00093     3.94434     2.38636
     175 Loop 413256     17.94092     0.52464     3.94434     2.38636
     176 Loop 413265     17.73315     0.53079     3.94434     2.38636
     177 Loop 513246      8.14453     1.15569     3.94434     2.38636
     178 Loop 613245      7.83643     1.20113     3.94434     2.38636
     179 Loop 513264      4.69238     2.00593     3.94434     2.38636
     180 Loop 613254      8.07251     1.16601     3.94434     2.38636
     181 Loop 415236     21.83740     0.43103     3.94434     2.38636
     182 Loop 416235     19.76904     0.47613     3.94434     2.38636
     183 Loop 514236     22.10156     0.42588     3.94434     2.38636
     184 Loop 614235     19.68140     0.47825     3.94434     2.38636
     185 Loop 516234      8.71240     1.08037     3.94434     2.38636
     186 Loop 615234      8.58057     1.09697     3.94434     2.38636
     187 Loop 415263     22.10547     0.42580     3.94434     2.38636
     188 Loop 416253     23.52148     0.40017     3.94434     2.38636
     189 Loop 514263     22.14917     0.42496     3.94434     2.38636
     190 Loop 614253     27.08179     0.34756     3.94434     2.38636
     191 Loop 516243     12.91675     0.72871     3.94434     2.38636
     192 Loop 615243     12.85669     0.73212     3.94434     2.38636
     193 Loop 314526     18.18921     0.51748     3.94434     2.38636
     194 Loop 314625     16.13696     0.58329     3.94434     2.38636
     195 Loop 315426      7.42847     1.26710     3.94434     2.38636
     196 Loop 316425      5.19238     1.81277     3.94434     2.38636
     197 Loop 315624      4.39624     2.14105     3.94434     2.38636
     198 Loop 316524      4.77246     1.97227     3.94434     2.38636
     199 Loop 413526     20.29321     0.46383     3.94434     2.38636
     200 Loop 413625     17.94116     0.52464     3.94434     2.38636
     201 Loop 513426      8.01660     1.17414     3.94434     2.38636
     202 Loop 613425      8.16455     1.15286     3.94434     2.38636
     203 Loop 513624      4.99634     1.88390     3.94434     2.38636
     204 Loop 613524      8.63257     1.09036     3.94434     2.38636
     205 Loop 415326     21.51318     0.43753     3.94434     2.38636
     206 Loop 416325     19.85327     0.47411     3.94434     2.38636
     207 Loop 514326     21.80127     0.43174     3.94434     2.38636
     208 Loop 614325     19.81323     0.47507     3.94434     2.38636
     209 Loop 516324      8.78857     1.07100     3.94434     2.38636
     210 Loop 615324      8.66455     1.08633     3.94434     2.38636
     211 Loop 415623     23.21338     0.40548     3.94434     2.38636
     212 Loop 416523     23.50146     0.40051     3.94434     2.38636
     213 Loop 514623     23.38940     0.40243     3.94434     2.38636
     214 Loop 614523     24.95361     0.37720     3.94434     2.38636
     215 Loop 516423     12.55273     0.74984     3.94434     2.38636
     216 Loop 615423     12.46875     0.75489     3.94434     2.38636
     217 Loop 314562     19.46143     0.48365     3.94434     2.38636
     218 Loop 314652     17.07300     0.55131     3.94434     2.38636
     219 Loop 315462      7.46045     1.26167     3.94434     2.38636
     220 Loop 316452      6.80444     1.38330     3.94434     2.38636
     221 Loop 315642      7.35645     1.27950     3.94434     2.38636
     222 Loop 316542      7.60840     1.23713     3.94434     2.38636
     223 Loop 413562     21.69336     0.43389     3.94434     2.38636
     224 Loop 413652     18.82520     0.50000     3.94434     2.38636
     225 Loop 513462      7.85645     1.19807     3.94434     2.38636
     226 Loop 613452     10.43262     0.90223     3.94434     2.38636
     227 Loop 513642      7.90039     1.19141     3.94434     2.38636
     228 Loop 613542     11.18066     0.84186     3.94434     2.38636
     229 Loop 415362     20.90527     0.45025     3.94434     2.38636
     230 Loop 416352     21.25732     0.44279     3.94434     2.38636
     231 Loop 514362     21.09741     0.44615     3.94434     2.38636
     232 Loop 614352     22.27344     0.42259     3.94434     2.38636
     233 Loop 516342     10.98486     0.85687     3.94434     2.38636
     234 Loop 615342     11.11670     0.84671     3.94434     2.38636
     235 Loop 415632     23.73340     0.39660     3.94434     2.38636
     236 Loop 416532     23.58154     0.39915     3.94434     2.38636
     237 Loop 514632     23.71753     0.39686     3.94434     2.38636
     238 Loop 614532     24.35352     0.38650     3.94434     2.38636
     239 Loop 516432     11.11279     0.84700     3.94434     2.38636
     240 Loop 615432     11.11670     0.84671     3.94434     2.38636
     241 Loop 231456      5.92847     1.58769     3.94434     2.38636
     242 Loop 231465      3.82422     2.46131     3.82422     2.46131
     243 Loop 231546      5.79224     1.62504     3.82422     2.46131
     244 Loop 231645      2.86011     3.29099     2.86011     3.29099
     245 Loop 231564      2.12427     4.43098     2.12427     4.43098
     246 Loop 231654      2.11206     4.45659     2.11206     4.45659
     247 Loop 241356     16.31299     0.57700     2.11206     4.45659
     248 Loop 241365     16.06909     0.58576     2.11206     4.45659
     249 Loop 251346      5.92017     1.58992     2.11206     4.45659
     250 Loop 261345      6.30444     1.49301     2.11206     4.45659
     251 Loop 251364      2.70410     3.48086     2.11206     4.45659
     252 Loop 261354      6.74463     1.39557     2.11206     4.45659
     253 Loop 241536     19.55713     0.48129     2.11206     4.45659
     254 Loop 241635     16.68896     0.56400     2.11206     4.45659
     255 Loop 251436      7.04028     1.33696     2.11206     4.45659
     256 Loop 261435      7.17236     1.31234     2.11206     4.45659
     257 Loop 251634      3.34424     2.81457     2.11206     4.45659
     258 Loop 261534      6.66846     1.41151     2.11206     4.45659
     259 Loop 241563     20.20947     0.46575     2.11206     4.45659
     260 Loop 241653     17.20898     0.54696     2.11206     4.45659
     261 Loop 251463      8.74854     1.07590     2.11206     4.45659
     262 Loop 261453     10.25684     0.91769     2.11206     4.45659
     263 Loop 251643      8.92041     1.05517     2.11206     4.45659
     264 Loop 261543     10.73267     0.87700     2.11206     4.45659
     265 Loop 321456      5.92041     1.58985     2.11206     4.45659
     266 Loop 321465      3.86011     2.43843     2.11206     4.45659
     267 Loop 321546      5.71631     1.64662     2.11206     4.45659
     268 Loop 321645      2.88818     3.25900     2.11206     4.45659
     269 Loop 321564      2.13599     4.40667     2.11206     4.45659
     270 Loop 321654      2.12012     4.43965     2.11206     4.45659
     271 Loop 421356     18.08496     0.52046     2.11206     4.45659
     272 Loop 421365     17.80518     0.52864     2.11206     4.45659
     273 Loop 521346      6.18042     1.52297     2.11206     4.45659
     274 Loop 621345      6.68823     1.40734     2.11206     4.45659
     275 Loop 521364      2.98022     3.15835     2.11206     4.45659
     276 Loop 621354      7.11646     1.32265     2.11206     4.45659
     277 Loop 421536     21.12549     0.44556     2.11206     4.45659
     278 Loop 421635     18.14917     0.51862     2.11206     4.45659
     279 Loop 521436      7.17651     1.31158     2.11206     4.45659
     280 Loop 621435      7.58057     1.24167     2.11206     4.45659
     281 Loop 521634      3.41602     2.75543     2.11206     4.45659
     282 Loop 621534      6.96045     1.35230     2.11206     4.45659
     283 Loop 421563     21.53320     0.43712     2.11206     4.45659
     284 Loop 421653     18.75732     0.50181     2.11206     4.45659
     285 Loop 521463      8.88062     1.05990     2.11206     4.45659
     286 Loop 621453     10.63647     0.88493     2.11206     4.45659
     287 Loop 521643      9.08862     1.03565     2.11206     4.45659
     288 Loop 621543     12.05273     0.78095     2.11206     4.45659
     289 Loop 341256     16.53711     0.56918     2.11206     4.45659
     290 Loop 341265     16.27319     0.57841     2.11206     4.45659
     291 Loop 351246      6.02051     1.56342     2.11206     4.45659
     292 Loop 361245      6.49243     1.44978     2.11206     4.45659
     293 Loop 351264      2.71631     3.46521     2.11206     4.45659
     294 Loop 361254      6.93652     1.35696     2.11206     4.45659
     295 Loop 431256     17.92114     0.52522     2.11206     4.45659
     296 Loop 431265     17.93726     0.52475     2.11206     4.45659
     297 Loop 531246      6.16455     1.52689     2.11206     4.45659
     298 Loop 631245      6.76440     1.39149     2.11206     4.45659
     299 Loop 531264      2.99219     3.14572     2.11206     4.45659
     300 Loop 631254      7.17651     1.31158     2.11206     4.45659
     301 Loop 451236     22.54150     0.41757     2.11206     4.45659
     302 Loop 461235     21.44531     0.43891     2.11206     4.45659
     303 Loop 541236     22.46533     0.41898     2.11206     4.45659
     304 Loop 641235     20.88940     0.45059     2.11206     4.45659
     305 Loop 561234      7.69653     1.22296     2.11206     4.45659
     306 Loop 651234      7.59253     1.23972     2.11206     4.45659
     307 Loop 451263     22.40527     0.42011     2.11206     4.45659
     308 Loop 461253     28.85767     0.32617     2.11206     4.45659
     309 Loop 541263     22.26953     0.42267     2.11206     4.45659
     310 Loop 641253     28.48975     0.33039     2.11206     4.45659
     311 Loop 561243     11.69653     0.80473     2.11206     4.45659
     312 Loop 651243     11.66895     0.80664     2.11206     4.45659
     313 Loop 341526     18.64917     0.50472     2.11206     4.45659
     314 Loop 341625     16.68921     0.56399     2.11206     4.45659
     315 Loop 351426      6.82861     1.37840     2.11206     4.45659
     316 Loop 361425      7.06836     1.33165     2.11206     4.45659
     317 Loop 351624      3.55615     2.64685     2.11206     4.45659
     318 Loop 361524      7.26855     1.29497     2.11206     4.45659
     319 Loop 431526     20.39331     0.46155     2.11206     4.45659
     320 Loop 431625     18.21729     0.51668     2.11206     4.45659
     321 Loop 531426      7.04053     1.33692     2.11206     4.45659
     322 Loop 631425      7.48853     1.25693     2.11206     4.45659
     323 Loop 531624      3.66821     2.56599     2.11206     4.45659
     324 Loop 631524      7.67261     1.22678     2.11206     4.45659
     325 Loop 451326     22.05322     0.42681     2.11206     4.45659
     326 Loop 461325     21.45337     0.43875     2.11206     4.45659
     327 Loop 541326     21.97754     0.42828     2.11206     4.45659
     328 Loop 641325     20.92139     0.44990     2.11206     4.45659
     329 Loop 561324      7.86841     1.19625     2.11206     4.45659
     330 Loop 651324      7.68433     1.22491     2.11206     4.45659
     331 Loop 451623     23.76172     0.39612     2.11206     4.45659
     332 Loop 461523     27.04150     0.34808     2.11206     4.45659
     333 Loop 541623     23.59326     0.39895     2.11206     4.45659
     334 Loop 641523     26.48145     0.35544     2.11206     4.45659
     335 Loop 561423     11.60449     0.81112     2.11206     4.45659
     336 Loop 651423     11.43652     0.82303     2.11206     4.45659
     337 Loop 341562     19.73730     0.47689     2.11206     4.45659
     338 Loop 341652     17.38477     0.54143     2.11206     4.45659
     339 Loop 351462      6.82031     1.38008     2.11206     4.45659
     340 Loop 361452      8.91260     1.05610     2.11206     4.45659
     341 Loop 351642      6.19238     1.52003     2.11206     4.45659
     342 Loop 361542      9.08496     1.03606     2.11206     4.45659
     343 Loop 431562     21.51318     0.43753     2.11206     4.45659
     344 Loop 431652     18.80518     0.50053     2.11206     4.45659
     345 Loop 531462      6.98486     1.34757     2.11206     4.45659
     346 Loop 631452      9.42871     0.99829     2.11206     4.45659
     347 Loop 531642      6.34863     1.48262     2.11206     4.45659
     348 Loop 631542      9.69287     0.97108     2.11206     4.45659
     349 Loop 451362     21.10547     0.44598     2.11206     4.45659
     350 Loop 461352     23.97754     0.39256     2.11206     4.45659
     351 Loop 541362     21.20117     0.44397     2.11206     4.45659
     352 Loop 641352     23.53320     0.39997     2.11206     4.45659
     353 Loop 561342      9.62842     0.97758     2.11206     4.45659
     354 Loop 651342      9.68506     0.97187     2.11206     4.45659
     355 Loop 451632     24.05371     0.39132     2.11206     4.45659
     356 Loop 461532     27.32568     0.34446     2.11206     4.45659
     357 Loop 541632     23.88916     0.39401     2.11206     4.45659
     358 Loop 641532     26.54150     0.35464     2.11206     4.45659
     359 Loop 561432     10.04102     0.93741     2.11206     4.45659
     360 Loop 651432     10.13281     0.92892     2.11206     4.45659
     361 Loop 234156      6.01660     1.56444     2.11206     4.45659
     362 Loop 234165      3.87256     2.43059     2.11206     4.45659
     363 Loop 235146      5.56445     1.69156     2.11206     4.45659
     364 Loop 236145      2.97998     3.15861     2.11206     4.45659
     365 Loop 235164      2.03223     4.63166     2.03223     4.63166
     366 Loop 236154      2.34375     4.01604     2.03223     4.63166
     367 Loop 243156     16.35693     0.57545     2.03223     4.63166
     368 Loop 243165     16.08887     0.58504     2.03223     4.63166
     369 Loop 253146      5.92871     1.58763     2.03223     4.63166
     370 Loop 263145      6.18018     1.52303     2.03223     4.63166
     371 Loop 253164      2.62012     3.59243     2.03223     4.63166
     372 Loop 263154      6.67676     1.40975     2.03223     4.63166
     373 Loop 245136     19.42139     0.48465     2.03223     4.63166
     374 Loop 246135     17.04492     0.55222     2.03223     4.63166
     375 Loop 254136      7.55615     1.24569     2.03223     4.63166
     376 Loop 264135      7.96045     1.18242     2.03223     4.63166
     377 Loop 256134      6.98486     1.34757     2.03223     4.63166
     378 Loop 265134      7.06836     1.33165     2.03223     4.63166
     379 Loop 245163     20.20898     0.46576     2.03223     4.63166
     380 Loop 246153     18.53271     0.50789     2.03223     4.63166
     381 Loop 254163      8.98438     1.04766     2.03223     4.63166
     382 Loop 264153     11.22852     0.83828     2.03223     4.63166
     383 Loop 256143     11.20459     0.84007     2.03223     4.63166
     384 Loop 265143     11.23291     0.83795     2.03223     4.63166
     385 Loop 324156      6.11230     1.53994     2.03223     4.63166
     386 Loop 324165      3.93213     2.39376     2.03223     4.63166
     387 Loop 325146      5.67236     1.65938     2.03223     4.63166
     388 Loop 326145      3.01221     3.12481     2.03223     4.63166
     389 Loop 325164      2.01221     4.67774     2.01221     4.67774
     390 Loop 326154      2.31982     4.05746     2.01221     4.67774
     391 Loop 423156     17.90479     0.52570     2.01221     4.67774
     392 Loop 423165     17.80127     0.52876     2.01221     4.67774
     393 Loop 523146      6.14844     1.53089     2.01221     4.67774
     394 Loop 623145      6.57227     1.43217     2.01221     4.67774
     395 Loop 523164      2.86426     3.28622     2.01221     4.67774
     396 Loop 623154      7.07617     1.33018     2.01221     4.67774
     397 Loop 425136     20.88525     0.45068     2.01221     4.67774
     398 Loop 426135     18.61279     0.50571     2.01221     4.67774
     399 Loop 524136      7.83252     1.20173     2.01221     4.67774
     400 Loop 624135      8.50439     1.10679     2.01221     4.67774
     401 Loop 526134      7.09229     1.32716     2.01221     4.67774
     402 Loop 625134      7.47217     1.25969     2.01221     4.67774
     403 Loop 425163     21.67773     0.43421     2.01221     4.67774
     404 Loop 426153     20.07715     0.46882     2.01221     4.67774
     405 Loop 524163      9.12842     1.03113     2.01221     4.67774
     406 Loop 624153     11.79248     0.79819     2.01221     4.67774
     407 Loop 526143     11.29248     0.83353     2.01221     4.67774
     408 Loop 625143     11.69287     0.80499     2.01221     4.67774
     409 Loop 342156     16.48926     0.57083     2.01221     4.67774
     410 Loop 342165     16.05322     0.58634     2.01221     4.67774
     411 Loop 352146      6.03223     1.56038     2.01221     4.67774
     412 Loop 362145      6.43262     1.46326     2.01221     4.67774
     413 Loop 352164      2.64014     3.56519     2.01221     4.67774
     414 Loop 362154      6.75635     1.39315     2.01221     4.67774
     415 Loop 432156     17.94482     0.52453     2.01221     4.67774
     416 Loop 432165     17.89307     0.52605     2.01221     4.67774
     417 Loop 532146      6.21240     1.51513     2.01221     4.67774
     418 Loop 632145      6.72021     1.40064     2.01221     4.67774
     419 Loop 532164      2.89600     3.25021     2.01221     4.67774
     420 Loop 632154      7.20020     1.30727     2.01221     4.67774
     421 Loop 452136     22.57324     0.41698     2.01221     4.67774
     422 Loop 462135     21.38916     0.44006     2.01221     4.67774
     423 Loop 542136     22.18555     0.42427     2.01221     4.67774
     424 Loop 642135     20.97314     0.44879     2.01221     4.67774
     425 Loop 562134      7.58838     1.24040     2.01221     4.67774
     426 Loop 652134      7.61230     1.23650     2.01221     4.67774
     427 Loop 452163     22.56543     0.41712     2.01221     4.67774
     428 Loop 462153     28.79736     0.32686     2.01221     4.67774
     429 Loop 542163     22.26514     0.42275     2.01221     4.67774
     430 Loop 642153     28.65381     0.32849     2.01221     4.67774
     431 Loop 562143     11.67627     0.80613     2.01221     4.67774
     432 Loop 652143     11.66895     0.80664     2.01221     4.67774
     433 Loop 345126     18.92529     0.49735     2.01221     4.67774
     434 Loop 346125     15.65332     0.60132     2.01221     4.67774
     435 Loop 354126      7.31641     1.28650     2.01221     4.67774
     436 Loop 364125      7.81250     1.20481     2.01221     4.67774
     437 Loop 356124      7.16846     1.31306     2.01221     4.67774
     438 Loop 365124      7.26855     1.29497     2.01221     4.67774
     439 Loop 435126     20.71729     0.45434     2.01221     4.67774
     440 Loop 436125     16.66113     0.56494     2.01221     4.67774
     441 Loop 534126      7.47266     1.25960     2.01221     4.67774
     442 Loop 634125      8.21240     1.14614     2.01221     4.67774
     443 Loop 536124      7.25244     1.29785     2.01221     4.67774
     444 Loop 635124      7.76025     1.21292     2.01221     4.67774
     445 Loop 453126     22.20166     0.42396     2.01221     4.67774
     446 Loop 463125     20.06934     0.46900     2.01221     4.67774
     447 Loop 543126     21.92139     0.42938     2.01221     4.67774
     448 Loop 643125     19.54541     0.48158     2.01221     4.67774
     449 Loop 563124      7.83643     1.20113     2.01221     4.67774
     450 Loop 653124      7.83252     1.20173     2.01221     4.67774
     451 Loop 456123     26.63770     0.35336     2.01221     4.67774
     452 Loop 465123     26.50977     0.35506     2.01221     4.67774
     453 Loop 546123     26.25732     0.35847     2.01221     4.67774
     454 Loop 645123     25.76562     0.36532     2.01221     4.67774
     455 Loop 564123     12.67285     0.74274     2.01221     4.67774
     456 Loop 654123     12.50049     0.75298     2.01221     4.67774
     457 Loop 345162     19.73340     0.47699     2.01221     4.67774
     458 Loop 346152     17.80518     0.52864     2.01221     4.67774
     459 Loop 354162      7.00439     1.34381     2.01221     4.67774
     460 Loop 364152      9.92480     0.94839     2.01221     4.67774
     461 Loop 356142      8.84863     1.06373     2.01221     4.67774
     462 Loop 365142      8.96045     1.05046     2.01221     4.67774
     463 Loop 435162     21.56543     0.43647     2.01221     4.67774
     464 Loop 436152     19.19287     0.49042     2.01221     4.67774
     465 Loop 534162      7.22803     1.30223     2.01221     4.67774
     466 Loop 634152     10.62891     0.88557     2.01221     4.67774
     467 Loop 536142      8.97266     1.04903     2.01221     4.67774
     468 Loop 635142      9.63672     0.97674     2.01221     4.67774
     469 Loop 453162     22.26562     0.42274     2.01221     4.67774
     470 Loop 463152     23.77344     0.39593     2.01221     4.67774
     471 Loop 543162     22.25342     0.42297     2.01221     4.67774
     472 Loop 643152     23.42139     0.40188     2.01221     4.67774
     473 Loop 563142      9.67236     0.97314     2.01221     4.67774
     474 Loop 653142      9.71631     0.96874     2.01221     4.67774
     475 Loop 456132     26.33740     0.35738     2.01221     4.67774
     476 Loop 465132     26.52148     0.35490     2.01221     4.67774
     477 Loop 546132     26.18164     0.35951     2.01221     4.67774
     478 Loop 645132     25.61768     0.36743     2.01221     4.67774
     479 Loop 564132     11.28467     0.83410     2.01221     4.67774
     480 Loop 654132     11.26074     0.83588     2.01221     4.67774
     481 Loop 234516      6.13672     1.53381     2.01221     4.67774
     482 Loop 234615      3.75195     2.50872     2.01221     4.67774
     483 Loop 235416      5.96436     1.57814     2.01221     4.67774
     484 Loop 236415      3.37988     2.78489     2.01221     4.67774
     485 Loop 235614      2.48389     3.78946     2.01221     4.67774
     486 Loop 236514      2.49219     3.77684     2.01221     4.67774
     487 Loop 243516     17.13330     0.54937     2.01221     4.67774
     488 Loop 243615     14.67285     0.64150     2.01221     4.67774
     489 Loop 253416      6.47998     1.45256     2.01221     4.67774
     490 Loop 263415      6.56445     1.43387     2.01221     4.67774
     491 Loop 253614      2.89600     3.25021     2.01221     4.67774
     492 Loop 263514      7.41260     1.26981     2.01221     4.67774
     493 Loop 245316     17.02490     0.55287     2.01221     4.67774
     494 Loop 246315     15.28467     0.61582     2.01221     4.67774
     495 Loop 254316      6.88428     1.36726     2.01221     4.67774
     496 Loop 264315      7.57617     1.24239     2.01221     4.67774
     497 Loop 256314      7.55225     1.24633     2.01221     4.67774
     498 Loop 265314      7.60059     1.23840     2.01221     4.67774
     499 Loop 245613     16.92871     0.55601     2.01221     4.67774
     500 Loop 246513     18.04883     0.52151     2.01221     4.67774
     501 Loop 254613      9.08838     1.03567     2.01221     4.67774
     502 Loop 264513     12.56885     0.74888     2.01221     4.67774
     503 Loop 256413     11.90479     0.79066     2.01221     4.67774
     504 Loop 265413     11.84473     0.79466     2.01221     4.67774
     505 Loop 324516      6.04053     1.55824     2.01221     4.67774
     506 Loop 324615      3.76025     2.50318     2.01221     4.67774
     507 Loop 325416      5.96826     1.57711     2.01221     4.67774
     508 Loop 326415      3.35645     2.80433     2.01221     4.67774
     509 Loop 325614      2.48047     3.79468     2.01221     4.67774
     510 Loop 326514      2.48438     3.78871     2.01221     4.67774
     511 Loop 423516     18.91699     0.49757     2.01221     4.67774
     512 Loop 423615     15.68457     0.60012     2.01221     4.67774
     513 Loop 523416      6.55225     1.43654     2.01221     4.67774
     514 Loop 623415      6.89258     1.36561     2.01221     4.67774
     515 Loop 523614      2.97607     3.16275     2.01221     4.67774
     516 Loop 623514      7.79639     1.20730     2.01221     4.67774
     517 Loop 425316     19.00146     0.49536     2.01221     4.67774
     518 Loop 426315     16.33301     0.57629     2.01221     4.67774
     519 Loop 524316      7.13623     1.31899     2.01221     4.67774
     520 Loop 624315      7.96045     1.18242     2.01221     4.67774
     521 Loop 526314      7.65674     1.22932     2.01221     4.67774
     522 Loop 625314      7.99658     1.17708     2.01221     4.67774
     523 Loop 425613     18.52539     0.50809     2.01221     4.67774
     524 Loop 426513     19.60547     0.48010     2.01221     4.67774
     525 Loop 524613      9.19287     1.02390     2.01221     4.67774
     526 Loop 624513     12.98096     0.72511     2.01221     4.67774
     527 Loop 526413     12.02051     0.78304     2.01221     4.67774
     528 Loop 625413     12.28857     0.76596     2.01221     4.67774
     529 Loop 342516     17.12109     0.54977     2.01221     4.67774
     530 Loop 342615     14.64062     0.64291     2.01221     4.67774
     531 Loop 352416      6.41650     1.46693     2.01221     4.67774
     532 Loop 362415      6.60059     1.42602     2.01221     4.67774
     533 Loop 352614      2.90820     3.23656     2.01221     4.67774
     534 Loop 362514      7.48047     1.25829     2.01221     4.67774
     535 Loop 432516     18.87744     0.49862     2.01221     4.67774
     536 Loop 432615     15.58496     0.60395     2.01221     4.67774
     537 Loop 532416      6.56836     1.43302     2.01221     4.67774
     538 Loop 632415      6.92822     1.35859     2.01221     4.67774
     539 Loop 532614      2.99609     3.14162     2.01221     4.67774
     540 Loop 632514      7.90039     1.19141     2.01221     4.67774
     541 Loop 452316     20.69336     0.45486     2.01221     4.67774
     542 Loop 462315     19.34961     0.48645     2.01221     4.67774
     543 Loop 542316     20.38135     0.46182     2.01221     4.67774
     544 Loop 642315     18.81738     0.50021     2.01221     4.67774
     545 Loop 562314      8.10449     1.16140     2.01221     4.67774
     546 Loop 652314      8.06445     1.16717     2.01221     4.67774
     547 Loop 452613     19.38916     0.48546     2.01221     4.67774
     548 Loop 462513     25.51367     0.36892     2.01221     4.67774
     549 Loop 542613     19.13721     0.49185     2.01221     4.67774
     550 Loop 642513     24.98975     0.37666     2.01221     4.67774
     551 Loop 562413     12.54053     0.75057     2.01221     4.67774
     552 Loop 652413     12.48877     0.75368     2.01221     4.67774
     553 Loop 345216     17.03711     0.55248     2.01221     4.67774
     554 Loop 346215     15.23291     0.61791     2.01221     4.67774
     555 Loop 354216      6.80469     1.38325     2.01221     4.67774
     556 Loop 364215      7.52441     1.25094     2.01221     4.67774
     557 Loop 356214      7.60010     1.23848     2.01221     4.67774
     558 Loop 365214      7.53613     1.24899     2.01221     4.67774
     559 Loop 435216     18.86133     0.49904     2.01221     4.67774
     560 Loop 436215     16.32080     0.57672     2.01221     4.67774
     561 Loop 534216      7.15234     1.31601     2.01221     4.67774
     562 Loop 634215      7.92480     1.18774     2.01221     4.67774
     563 Loop 536214      7.68848     1.22425     2.01221     4.67774
     564 Loop 635214      8.06445     1.16717     2.01221     4.67774
     565 Loop 453216     20.79297     0.45268     2.01221     4.67774
     566 Loop 463215     19.62109     0.47972     2.01221     4.67774
     567 Loop 543216     20.29297     0.46383     2.01221     4.67774
     568 Loop 643215     18.89697     0.49810     2.01221     4.67774
     569 Loop 563214      8.20410     1.14730     2.01221     4.67774
     570 Loop 653214      8.16455     1.15286     2.01221     4.67774
     571 Loop 456213     25.68994     0.36639     2.01221     4.67774
     572 Loop 465213     25.57373     0.36806     2.01221     4.67774
     573 Loop 546213     25.43359     0.37008     2.01221     4.67774
     574 Loop 645213     24.86133     0.37860     2.01221     4.67774
     575 Loop 564213     13.43262     0.70073     2.01221     4.67774
     576 Loop 654213     13.42871     0.70093     2.01221     4.67774
     577 Loop 345612     17.18945     0.54758     2.01221     4.67774
     578 Loop 346512     18.12500     0.51932     2.01221     4.67774
     579 Loop 354612      6.43652     1.46237     2.01221     4.67774
     580 Loop 364512      9.99658     0.94158     2.01221     4.67774
     581 Loop 356412      8.85254     1.06326     2.01221     4.67774
     582 Loop 365412      8.90869     1.05656     2.01221     4.67774
     583 Loop 435612     18.72510     0.50267     2.01221     4.67774
     584 Loop 436512     19.66113     0.47874     2.01221     4.67774
     585 Loop 534612      6.55225     1.43654     2.01221     4.67774
     586 Loop 634512     10.57715     0.88990     2.01221     4.67774
     587 Loop 536412      8.96045     1.05046     2.01221     4.67774
     588 Loop 635412      9.54883     0.98573     2.01221     4.67774
     589 Loop 453612     19.42920     0.48446     2.01221     4.67774
     590 Loop 463512     23.59766     0.39888     2.01221     4.67774
     591 Loop 543612     19.04541     0.49422     2.01221     4.67774
     592 Loop 643512     23.04932     0.40837     2.01221     4.67774
     593 Loop 563412      9.77637     0.96279     2.01221     4.67774
     594 Loop 653412      9.81299     0.95920     2.01221     4.67774
     595 Loop 456312     23.72559     0.39673     2.01221     4.67774
     596 Loop 465312     23.64551     0.39807     2.01221     4.67774
     597 Loop 546312     23.26123     0.40465     2.01221     4.67774
     598 Loop 645312     22.70117     0.41463     2.01221     4.67774
     599 Loop 564312     11.25635     0.83620     2.01221     4.67774
     600 Loop 654312     11.27637     0.83472     2.01221     4.67774
     601 Loop 234561      4.86816     1.93350     2.01221     4.67774
     602 Loop 234651      4.70410     2.00093     2.01221     4.67774
     603 Loop 235461      4.90820     1.91773     2.01221     4.67774
     604 Loop 236451      4.54443     2.07123     2.01221     4.67774
     605 Loop 235641      4.36035     2.15868     2.01221     4.67774
     606 Loop 236541      4.36426     2.15674     2.01221     4.67774
     607 Loop 243561     12.05273     0.78095     2.01221     4.67774
     608 Loop 243651     11.84912     0.79437     2.01221     4.67774
     609 Loop 253461      5.06055     1.85999     2.01221     4.67774
     610 Loop 263451      7.58447     1.24103     2.01221     4.67774
     611 Loop 253641      4.61621     2.03903     2.01221     4.67774
     612 Loop 263541      7.24463     1.29925     2.01221     4.67774
     613 Loop 245361     12.16504     0.77374     2.01221     4.67774
     614 Loop 246351     12.63281     0.74509     2.01221     4.67774
     615 Loop 254361      5.32422     1.76788     2.01221     4.67774
     616 Loop 264351      8.45264     1.11357     2.01221     4.67774
     617 Loop 256341      7.30859     1.28788     2.01221     4.67774
     618 Loop 265341      7.43213     1.26647     2.01221     4.67774
     619 Loop 245631     12.26465     0.76746     2.01221     4.67774
     620 Loop 246531     12.90479     0.72939     2.01221     4.67774
     621 Loop 254631      5.45264     1.72625     2.01221     4.67774
     622 Loop 264531      8.85254     1.06326     2.01221     4.67774
     623 Loop 256431      8.29248     1.13508     2.01221     4.67774
     624 Loop 265431      8.35645     1.12639     2.01221     4.67774
     625 Loop 324561      4.89600     1.92251     2.01221     4.67774
     626 Loop 324651      4.73242     1.98896     2.01221     4.67774
     627 Loop 325461      4.80811     1.95765     2.01221     4.67774
     628 Loop 326451      4.60010     2.04617     2.01221     4.67774
     629 Loop 325641      4.37646     2.15073     2.01221     4.67774
     630 Loop 326541      4.38037     2.14881     2.01221     4.67774
     631 Loop 423561     13.34473     0.70534     2.01221     4.67774
     632 Loop 423651     13.07324     0.71999     2.01221     4.67774
     633 Loop 523461      5.36426     1.75469     2.01221     4.67774
     634 Loop 623451      8.12451     1.15854     2.01221     4.67774
     635 Loop 523641      4.84033     1.94462     2.01221     4.67774
     636 Loop 623541      7.70020     1.22238     2.01221     4.67774
     637 Loop 425361     13.38477     0.70323     2.01221     4.67774
     638 Loop 426351     13.68115     0.68800     2.01221     4.67774
     639 Loop 524361      5.54834     1.69647     2.01221     4.67774
     640 Loop 624351      9.06055     1.03885     2.01221     4.67774
     641 Loop 526341      7.39648     1.27258     2.01221     4.67774
     642 Loop 625341      7.78467     1.20912     2.01221     4.67774
     643 Loop 425631     13.41699     0.70154     2.01221     4.67774
     644 Loop 426531     13.98096     0.67324     2.01221     4.67774
     645 Loop 524631      5.69238     1.65354     2.01221     4.67774
     646 Loop 624531      9.35254     1.00642     2.01221     4.67774
     647 Loop 526431      8.34863     1.12744     2.01221     4.67774
     648 Loop 625431      8.90039     1.05755     2.01221     4.67774
     649 Loop 342561     12.07666     0.77940     2.01221     4.67774
     650 Loop 342651     11.85693     0.79385     2.01221     4.67774
     651 Loop 352461      5.09668     1.84681     2.01221     4.67774
     652 Loop 362451      7.61670     1.23578     2.01221     4.67774
     653 Loop 352641      4.64844     2.02489     2.01221     4.67774
     654 Loop 362541      7.34863     1.28086     2.01221     4.67774
     655 Loop 432561     13.29297     0.70809     2.01221     4.67774
     656 Loop 432651     13.04053     0.72180     2.01221     4.67774
     657 Loop 532461      5.38037     1.74943     2.01221     4.67774
     658 Loop 632451      8.28076     1.13668     2.01221     4.67774
     659 Loop 532641      4.84814     1.94148     2.01221     4.67774
     660 Loop 632541      7.77246     1.21102     2.01221     4.67774
     661 Loop 452361     14.36914     0.65506     2.01221     4.67774
     662 Loop 462351     17.16895     0.54823     2.01221     4.67774
     663 Loop 542361     14.11621     0.66679     2.01221     4.67774
     664 Loop 642351     16.82031     0.55960     2.01221     4.67774
     665 Loop 562341      7.91309     1.18950     2.01221     4.67774
     666 Loop 652341      7.86426     1.19688     2.01221     4.67774
     667 Loop 452631     14.45215     0.65129     2.01221     4.67774
     668 Loop 462531     17.45312     0.53931     2.01221     4.67774
     669 Loop 542631     14.40430     0.65346     2.01221     4.67774
     670 Loop 642531     17.01270     0.55327     2.01221     4.67774
     671 Loop 562431      8.98438     1.04766     2.01221     4.67774
     672 Loop 652431      8.96094     1.05040     2.01221     4.67774
     673 Loop 345261     12.04492     0.78146     2.01221     4.67774
     674 Loop 346251     12.44922     0.75608     2.01221     4.67774
     675 Loop 354261      5.28809     1.77996     2.01221     4.67774
     676 Loop 364251      8.41211     1.11893     2.01221     4.67774
     677 Loop 356241      7.32910     1.28428     2.01221     4.67774
     678 Loop 365241      7.36816     1.27747     2.01221     4.67774
     679 Loop 435261     13.38477     0.70323     2.01221     4.67774
     680 Loop 436251     13.60449     0.69187     2.01221     4.67774
     681 Loop 534261      5.51270     1.70744     2.01221     4.67774
     682 Loop 634251      8.91309     1.05604     2.01221     4.67774
     683 Loop 536241      7.44043     1.26506     2.01221     4.67774
     684 Loop 635241      7.82031     1.20361     2.01221     4.67774
     685 Loop 453261     14.48828     0.64967     2.01221     4.67774
     686 Loop 463251     17.26855     0.54507     2.01221     4.67774
     687 Loop 543261     14.05371     0.66976     2.01221     4.67774
     688 Loop 643251     17.08887     0.55080     2.01221     4.67774
     689 Loop 563241      7.97266     1.18061     2.01221     4.67774
     690 Loop 653241      7.92480     1.18774     2.01221     4.67774
     691 Loop 456231     17.69727     0.53187     2.01221     4.67774
     692 Loop 465231     17.50977     0.53756     2.01221     4.67774
     693 Loop 546231     17.48535     0.53831     2.01221     4.67774
     694 Loop 645231     16.89648     0.55707     2.01221     4.67774
     695 Loop 564231      9.78027     0.96241     2.01221     4.67774
     696 Loop 654231      9.70117     0.97025     2.01221     4.67774
     697 Loop 345621     12.04883     0.78120     2.01221     4.67774
     698 Loop 346521     12.56934     0.74885     2.01221     4.67774
     699 Loop 354621      5.41602     1.73792     2.01221     4.67774
     700 Loop 364521      8.63281     1.09033     2.01221     4.67774
     701 Loop 356421      8.04102     1.17057     2.01221     4.67774
     702 Loop 365421      8.08496     1.16421     2.01221     4.67774
     703 Loop 435621     13.54102     0.69512     2.01221     4.67774
     704 Loop 436521     15.23340     0.61789     2.01221     4.67774
     705 Loop 534621      5.67578     1.65838     2.01221     4.67774
     706 Loop 634521      9.23633     1.01908     2.01221     4.67774
     707 Loop 536421      8.12012     1.15917     2.01221     4.67774
     708 Loop 635421      8.70020     1.08188     2.01221     4.67774
     709 Loop 453621     14.44531     0.65160     2.01221     4.67774
     710 Loop 463521     17.66504     0.53284     2.01221     4.67774
     711 Loop 543621     14.18555     0.66353     2.01221     4.67774
     712 Loop 643521     17.19727     0.54733     2.01221     4.67774
     713 Loop 563421      8.75293     1.07536     2.01221     4.67774
     714 Loop 653421      8.72852     1.07837     2.01221     4.67774
     715 Loop 456321     17.81738     0.52828     2.01221     4.67774
     716 Loop 465321     17.61328     0.53440     2.01221     4.67774
     717 Loop 546321     17.60938     0.53452     2.01221     4.67774
     718 Loop 645321     17.08105     0.55105     2.01221     4.67774
     719 Loop 564321      9.78809     0.96164     2.01221     4.67774
     720 Loop 654321      9.86035     0.95459     2.01221     4.67774
 The best time is:    2.012207    
 The speedup is:      4.677743    
