 TESTING TRANSACCU TYPE 362154
 Hirata Reference =    7.604475     seconds
 Algorithm         Jeff           Speedup          Best
       1 Loop 123456      6.01237     1.26480     6.01237     1.26480
       2 Loop 123465      2.88018     2.64028     2.88018     2.64028
       3 Loop 123546      5.96437     1.27498     2.88018     2.64028
       4 Loop 123645      2.46015     3.09106     2.46015     3.09106
       5 Loop 123564      2.23614     3.40071     2.23614     3.40071
       6 Loop 123654      2.26414     3.35866     2.23614     3.40071
       7 Loop 124356      6.31639     1.20393     2.23614     3.40071
       8 Loop 124365      3.04819     2.49475     2.23614     3.40071
       9 Loop 125346      5.91237     1.28620     2.23614     3.40071
      10 Loop 126345      3.10019     2.45290     2.23614     3.40071
      11 Loop 125364      2.44815     3.10621     2.23614     3.40071
      12 Loop 126354      3.00019     2.53467     2.23614     3.40071
      13 Loop 124536      6.88443     1.10459     2.23614     3.40071
      14 Loop 124635      3.53222     2.15289     2.23614     3.40071
      15 Loop 125436      6.73241     1.12953     2.23614     3.40071
      16 Loop 126435      3.77623     2.01377     2.23614     3.40071
      17 Loop 125634      2.86018     2.65874     2.23614     3.40071
      18 Loop 126534      3.04419     2.49803     2.23614     3.40071
      19 Loop 124563      8.52853     0.89165     2.23614     3.40071
      20 Loop 124653      8.42453     0.90266     2.23614     3.40071
      21 Loop 125463      8.54053     0.89040     2.23614     3.40071
      22 Loop 126453      8.54453     0.88998     2.23614     3.40071
      23 Loop 125643      8.80055     0.86409     2.23614     3.40071
      24 Loop 126543      8.90456     0.85400     2.23614     3.40071
      25 Loop 132456      6.04437     1.25811     2.23614     3.40071
      26 Loop 132465      2.84818     2.66995     2.23614     3.40071
      27 Loop 132546      5.98038     1.27157     2.23614     3.40071
      28 Loop 132645      2.44415     3.11129     2.23614     3.40071
      29 Loop 132564      2.18414     3.48167     2.18414     3.48167
      30 Loop 132654      2.25613     3.37058     2.18414     3.48167
      31 Loop 142356     18.54115     0.41014     2.18414     3.48167
      32 Loop 142365     13.51283     0.56276     2.18414     3.48167
      33 Loop 152346      8.12051     0.93645     2.18414     3.48167
      34 Loop 162345      6.22839     1.22094     2.18414     3.48167
      35 Loop 152364      4.78030     1.59079     2.18414     3.48167
      36 Loop 162354      7.02043     1.08319     2.18414     3.48167
      37 Loop 142536     20.88530     0.36411     2.18414     3.48167
      38 Loop 142635     13.56085     0.56077     2.18414     3.48167
      39 Loop 152436      8.15652     0.93232     2.18414     3.48167
      40 Loop 162435      7.09247     1.07219     2.18414     3.48167
      41 Loop 152634      4.85632     1.56589     2.18414     3.48167
      42 Loop 162534      6.95242     1.09379     2.18414     3.48167
      43 Loop 142563     21.33734     0.35639     2.18414     3.48167
      44 Loop 142653     19.35721     0.39285     2.18414     3.48167
      45 Loop 152463      9.75262     0.77974     2.18414     3.48167
      46 Loop 162453     10.52066     0.72281     2.18414     3.48167
      47 Loop 152643     10.04465     0.75707     2.18414     3.48167
      48 Loop 162543     11.06470     0.68727     2.18414     3.48167
      49 Loop 134256      6.34442     1.19861     2.18414     3.48167
      50 Loop 134265      3.04019     2.50131     2.18414     3.48167
      51 Loop 135246      5.89236     1.29056     2.18414     3.48167
      52 Loop 136245      3.16422     2.40327     2.18414     3.48167
      53 Loop 135264      2.44415     3.11129     2.18414     3.48167
      54 Loop 136254      3.01620     2.52121     2.18414     3.48167
      55 Loop 143256     18.67715     0.40715     2.18414     3.48167
      56 Loop 143265     13.29681     0.57190     2.18414     3.48167
      57 Loop 153246      8.07251     0.94202     2.18414     3.48167
      58 Loop 163245      6.42038     1.18443     2.18414     3.48167
      59 Loop 153264      4.71231     1.61375     2.18414     3.48167
      60 Loop 163254      7.02444     1.08257     2.18414     3.48167
      61 Loop 145236     21.55338     0.35282     2.18414     3.48167
      62 Loop 146235     14.83694     0.51254     2.18414     3.48167
      63 Loop 154236     22.22141     0.34221     2.18414     3.48167
      64 Loop 164235      7.99249     0.95145     2.18414     3.48167
      65 Loop 156234      8.68451     0.87564     2.18414     3.48167
      66 Loop 165234      7.44049     1.02204     2.18414     3.48167
      67 Loop 145263     21.92139     0.34690     2.18414     3.48167
      68 Loop 146253     24.33356     0.31251     2.18414     3.48167
      69 Loop 154263     22.00537     0.34557     2.18414     3.48167
      70 Loop 164253     12.50879     0.60793     2.18414     3.48167
      71 Loop 156243     12.61273     0.60292     2.18414     3.48167
      72 Loop 165243     11.31671     0.67197     2.18414     3.48167
      73 Loop 134526      7.07648     1.07461     2.18414     3.48167
      74 Loop 134625      3.58820     2.11930     2.18414     3.48167
      75 Loop 135426      6.66443     1.14105     2.18414     3.48167
      76 Loop 136425      3.77625     2.01377     2.18414     3.48167
      77 Loop 135624      3.03619     2.50461     2.18414     3.48167
      78 Loop 136524      3.26819     2.32682     2.18414     3.48167
      79 Loop 143526     21.75336     0.34958     2.18414     3.48167
      80 Loop 143625     14.15686     0.53716     2.18414     3.48167
      81 Loop 153426      8.03650     0.94624     2.18414     3.48167
      82 Loop 163425      7.16046     1.06201     2.18414     3.48167
      83 Loop 153624      4.95630     1.53431     2.18414     3.48167
      84 Loop 163524      7.55646     1.00635     2.18414     3.48167
      85 Loop 145326     21.09729     0.36045     2.18414     3.48167
      86 Loop 146325     14.75293     0.51546     2.18414     3.48167
      87 Loop 154326     21.64136     0.35139     2.18414     3.48167
      88 Loop 164325      8.12054     0.93645     2.18414     3.48167
      89 Loop 156324      8.92853     0.85171     2.18414     3.48167
      90 Loop 165324      7.67645     0.99062     2.18414     3.48167
      91 Loop 145623     23.57349     0.32259     2.18414     3.48167
      92 Loop 146523     23.97748     0.31715     2.18414     3.48167
      93 Loop 154623     23.30548     0.32630     2.18414     3.48167
      94 Loop 164523     12.62885     0.60215     2.18414     3.48167
      95 Loop 156423     12.38879     0.61382     2.18414     3.48167
      96 Loop 165423     11.20868     0.67845     2.18414     3.48167
      97 Loop 134562      6.63239     1.14657     2.18414     3.48167
      98 Loop 134652      5.88037     1.29320     2.18414     3.48167
      99 Loop 135462      6.59637     1.15283     2.18414     3.48167
     100 Loop 136452      5.94836     1.27841     2.18414     3.48167
     101 Loop 135642      5.88037     1.29320     2.18414     3.48167
     102 Loop 136542      6.01239     1.26480     2.18414     3.48167
     103 Loop 143562     21.33734     0.35639     2.18414     3.48167
     104 Loop 143652     18.64917     0.40776     2.18414     3.48167
     105 Loop 153462      7.85645     0.96793     2.18414     3.48167
     106 Loop 163452      9.33258     0.81483     2.18414     3.48167
     107 Loop 153642      7.78046     0.97738     2.18414     3.48167
     108 Loop 163542      9.36859     0.81170     2.18414     3.48167
     109 Loop 145362     20.71729     0.36706     2.18414     3.48167
     110 Loop 146352     21.38940     0.35553     2.18414     3.48167
     111 Loop 154362     21.13733     0.35977     2.18414     3.48167
     112 Loop 164352     10.98071     0.69253     2.18414     3.48167
     113 Loop 156342     10.86072     0.70018     2.18414     3.48167
     114 Loop 165342      9.38855     0.80997     2.18414     3.48167
     115 Loop 145632     23.50549     0.32352     2.18414     3.48167
     116 Loop 146532     24.18958     0.31437     2.18414     3.48167
     117 Loop 154632     23.57349     0.32259     2.18414     3.48167
     118 Loop 164532     11.27673     0.67435     2.18414     3.48167
     119 Loop 156432     10.91675     0.69659     2.18414     3.48167
     120 Loop 165432      9.87256     0.77026     2.18414     3.48167
     121 Loop 213456      5.87634     1.29408     2.18414     3.48167
     122 Loop 213465      2.68811     2.82893     2.18414     3.48167
     123 Loop 213546      5.72437     1.32844     2.18414     3.48167
     124 Loop 213645      2.36023     3.22192     2.18414     3.48167
     125 Loop 213564      2.10010     3.62101     2.10010     3.62101
     126 Loop 213654      2.02405     3.75706     2.02405     3.75706
     127 Loop 214356      6.16040     1.23441     2.02405     3.75706
     128 Loop 214365      2.87622     2.64391     2.02405     3.75706
     129 Loop 215346      5.63635     1.34918     2.02405     3.75706
     130 Loop 216345      3.03613     2.50466     2.02405     3.75706
     131 Loop 215364      2.35217     3.23296     2.02405     3.75706
     132 Loop 216354      2.96423     2.56541     2.02405     3.75706
     133 Loop 214536      6.81250     1.11625     2.02405     3.75706
     134 Loop 214635      3.38416     2.24708     2.02405     3.75706
     135 Loop 215436      6.67236     1.13970     2.02405     3.75706
     136 Loop 216435      3.67627     2.06853     2.02405     3.75706
     137 Loop 215634      2.85217     2.66620     2.02405     3.75706
     138 Loop 216534      3.04016     2.50134     2.02405     3.75706
     139 Loop 214563      8.55652     0.88873     2.02405     3.75706
     140 Loop 214653      8.40442     0.90482     2.02405     3.75706
     141 Loop 215463      8.49646     0.89502     2.02405     3.75706
     142 Loop 216453      8.42456     0.90266     2.02405     3.75706
     143 Loop 215643      8.66858     0.87725     2.02405     3.75706
     144 Loop 216543      8.81262     0.86291     2.02405     3.75706
     145 Loop 312456      5.86035     1.29761     2.02405     3.75706
     146 Loop 312465      2.70813     2.80802     2.02405     3.75706
     147 Loop 312546      5.74841     1.32288     2.02405     3.75706
     148 Loop 312645      2.36816     3.21113     2.02405     3.75706
     149 Loop 312564      2.05615     3.69840     2.02405     3.75706
     150 Loop 312654      2.05212     3.70566     2.02405     3.75706
     151 Loop 412356     18.97327     0.40080     2.02405     3.75706
     152 Loop 412365     13.56079     0.56077     2.02405     3.75706
     153 Loop 512346      8.32458     0.91350     2.02405     3.75706
     154 Loop 612345      6.12036     1.24249     2.02405     3.75706
     155 Loop 512364      4.82434     1.57627     2.02405     3.75706
     156 Loop 612354      6.99255     1.08751     2.02405     3.75706
     157 Loop 412536     21.14941     0.35956     2.02405     3.75706
     158 Loop 412635     13.58887     0.55961     2.02405     3.75706
     159 Loop 512436      8.12451     0.93599     2.02405     3.75706
     160 Loop 612435      6.95642     1.09316     2.02405     3.75706
     161 Loop 512634      4.84436     1.56976     2.02405     3.75706
     162 Loop 612534      6.74438     1.12753     2.02405     3.75706
     163 Loop 412563     21.49341     0.35381     2.02405     3.75706
     164 Loop 412653     19.36914     0.39261     2.02405     3.75706
     165 Loop 512463      9.68457     0.78522     2.02405     3.75706
     166 Loop 612453     10.46069     0.72696     2.02405     3.75706
     167 Loop 512643      9.98865     0.76131     2.02405     3.75706
     168 Loop 612543     10.92871     0.69583     2.02405     3.75706
     169 Loop 314256      6.15649     1.23520     2.02405     3.75706
     170 Loop 314265      2.80811     2.70804     2.02405     3.75706
     171 Loop 315246      5.60437     1.35688     2.02405     3.75706
     172 Loop 316245      3.02014     2.51792     2.02405     3.75706
     173 Loop 315264      2.32019     3.27752     2.02405     3.75706
     174 Loop 316254      2.96021     2.56890     2.02405     3.75706
     175 Loop 413256     18.84521     0.40352     2.02405     3.75706
     176 Loop 413265     13.50476     0.56310     2.02405     3.75706
     177 Loop 513246      8.16455     0.93140     2.02405     3.75706
     178 Loop 613245      6.09644     1.24736     2.02405     3.75706
     179 Loop 513264      4.74829     1.60152     2.02405     3.75706
     180 Loop 613254      6.96838     1.09128     2.02405     3.75706
     181 Loop 415236     21.79736     0.34887     2.02405     3.75706
     182 Loop 416235     15.12488     0.50278     2.02405     3.75706
     183 Loop 514236     22.00146     0.34563     2.02405     3.75706
     184 Loop 614235      7.92444     0.95962     2.02405     3.75706
     185 Loop 516234      8.70459     0.87362     2.02405     3.75706
     186 Loop 615234      7.35645     1.03372     2.02405     3.75706
     187 Loop 415263     22.08533     0.34432     2.02405     3.75706
     188 Loop 416253     24.68555     0.30805     2.02405     3.75706
     189 Loop 514263     22.07336     0.34451     2.02405     3.75706
     190 Loop 614253     12.36084     0.61521     2.02405     3.75706
     191 Loop 516243     12.53271     0.60677     2.02405     3.75706
     192 Loop 615243     11.18872     0.67966     2.02405     3.75706
     193 Loop 314526      6.54041     1.16269     2.02405     3.75706
     194 Loop 314625      3.42822     2.21820     2.02405     3.75706
     195 Loop 315426      6.51245     1.16768     2.02405     3.75706
     196 Loop 316425      3.63220     2.09363     2.02405     3.75706
     197 Loop 315624      3.05225     2.49144     2.02405     3.75706
     198 Loop 316524      3.26013     2.33257     2.02405     3.75706
     199 Loop 413526     20.47327     0.37143     2.02405     3.75706
     200 Loop 413625     13.34082     0.57002     2.02405     3.75706
     201 Loop 513426      8.04053     0.94577     2.02405     3.75706
     202 Loop 613425      7.25244     1.04854     2.02405     3.75706
     203 Loop 513624      5.01624     1.51597     2.02405     3.75706
     204 Loop 613524      7.55652     1.00635     2.02405     3.75706
     205 Loop 415326     21.44128     0.35467     2.02405     3.75706
     206 Loop 416325     14.86096     0.51171     2.02405     3.75706
     207 Loop 514326     21.60925     0.35191     2.02405     3.75706
     208 Loop 614325      8.00049     0.95050     2.02405     3.75706
     209 Loop 516324      8.75659     0.86843     2.02405     3.75706
     210 Loop 615324      7.42444     1.02425     2.02405     3.75706
     211 Loop 415623     23.20947     0.32765     2.02405     3.75706
     212 Loop 416523     24.14136     0.31500     2.02405     3.75706
     213 Loop 514623     23.21338     0.32759     2.02405     3.75706
     214 Loop 614523     12.49268     0.60871     2.02405     3.75706
     215 Loop 516423     12.30469     0.61801     2.02405     3.75706
     216 Loop 615423     11.12476     0.68356     2.02405     3.75706
     217 Loop 314562      6.62427     1.14797     2.02405     3.75706
     218 Loop 314652      5.86035     1.29761     2.02405     3.75706
     219 Loop 315462      6.50439     1.16913     2.02405     3.75706
     220 Loop 316452      5.89624     1.28972     2.02405     3.75706
     221 Loop 315642      5.82837     1.30473     2.02405     3.75706
     222 Loop 316542      5.92041     1.28445     2.02405     3.75706
     223 Loop 413562     21.46533     0.35427     2.02405     3.75706
     224 Loop 413652     18.73315     0.40594     2.02405     3.75706
     225 Loop 513462      7.90039     0.96254     2.02405     3.75706
     226 Loop 613452      9.28857     0.81869     2.02405     3.75706
     227 Loop 513642      7.85229     0.96844     2.02405     3.75706
     228 Loop 613542      9.28467     0.81904     2.02405     3.75706
     229 Loop 415362     20.84131     0.36488     2.02405     3.75706
     230 Loop 416352     21.54541     0.35295     2.02405     3.75706
     231 Loop 514362     21.08545     0.36065     2.02405     3.75706
     232 Loop 614352     10.92871     0.69583     2.02405     3.75706
     233 Loop 516342     10.90869     0.69710     2.02405     3.75706
     234 Loop 615342      9.32471     0.81552     2.02405     3.75706
     235 Loop 415632     23.59766     0.32226     2.02405     3.75706
     236 Loop 416532     24.15747     0.31479     2.02405     3.75706
     237 Loop 514632     23.60938     0.32210     2.02405     3.75706
     238 Loop 614532     11.16064     0.68137     2.02405     3.75706
     239 Loop 516432     10.93677     0.69531     2.02405     3.75706
     240 Loop 615432      9.73682     0.78100     2.02405     3.75706
     241 Loop 231456      5.77637     1.31648     2.02405     3.75706
     242 Loop 231465      2.72021     2.79554     2.02405     3.75706
     243 Loop 231546      5.66040     1.34345     2.02405     3.75706
     244 Loop 231645      2.30811     3.29468     2.02405     3.75706
     245 Loop 231564      2.00000     3.80224     2.00000     3.80224
     246 Loop 231654      1.97632     3.84780     1.97632     3.84780
     247 Loop 241356     16.91724     0.44951     1.97632     3.84780
     248 Loop 241365     12.20874     0.62287     1.97632     3.84780
     249 Loop 251346      7.95654     0.95575     1.97632     3.84780
     250 Loop 261345      5.88428     1.29234     1.97632     3.84780
     251 Loop 251364      4.46021     1.70496     1.97632     3.84780
     252 Loop 261354      6.56836     1.15774     1.97632     3.84780
     253 Loop 241536     19.58130     0.38835     1.97632     3.84780
     254 Loop 241635     12.10474     0.62822     1.97632     3.84780
     255 Loop 251436      7.88428     0.96451     1.97632     3.84780
     256 Loop 261435      6.66040     1.14174     1.97632     3.84780
     257 Loop 251634      4.63647     1.64014     1.97632     3.84780
     258 Loop 261534      6.46851     1.17562     1.97632     3.84780
     259 Loop 241563     20.28540     0.37487     1.97632     3.84780
     260 Loop 241653     17.37720     0.43761     1.97632     3.84780
     261 Loop 251463      9.44067     0.80550     1.97632     3.84780
     262 Loop 261453      9.97681     0.76222     1.97632     3.84780
     263 Loop 251643      9.74463     0.78038     1.97632     3.84780
     264 Loop 261543     10.56055     0.72008     1.97632     3.84780
     265 Loop 321456      5.75635     1.32106     1.97632     3.84780
     266 Loop 321465      2.66797     2.85029     1.97632     3.84780
     267 Loop 321546      5.58032     1.36273     1.97632     3.84780
     268 Loop 321645      2.29614     3.31185     1.97632     3.84780
     269 Loop 321564      1.99219     3.81715     1.97632     3.84780
     270 Loop 321654      1.95605     3.88766     1.95605     3.88766
     271 Loop 421356     18.71313     0.40637     1.95605     3.88766
     272 Loop 421365     13.24878     0.57398     1.95605     3.88766
     273 Loop 521346      8.18457     0.92912     1.95605     3.88766
     274 Loop 621345      6.04028     1.25896     1.95605     3.88766
     275 Loop 521364      4.70410     1.61656     1.95605     3.88766
     276 Loop 621354      6.88843     1.10395     1.95605     3.88766
     277 Loop 421536     20.82129     0.36523     1.95605     3.88766
     278 Loop 421635     13.18481     0.57676     1.95605     3.88766
     279 Loop 521436      8.05249     0.94436     1.95605     3.88766
     280 Loop 621435      6.95239     1.09379     1.95605     3.88766
     281 Loop 521634      4.75220     1.60020     1.95605     3.88766
     282 Loop 621534      6.71631     1.13224     1.95605     3.88766
     283 Loop 421563     21.37329     0.35579     1.95605     3.88766
     284 Loop 421653     19.02930     0.39962     1.95605     3.88766
     285 Loop 521463      9.65259     0.78782     1.95605     3.88766
     286 Loop 621453     10.40869     0.73059     1.95605     3.88766
     287 Loop 521643      9.96484     0.76313     1.95605     3.88766
     288 Loop 621543     10.89258     0.69813     1.95605     3.88766
     289 Loop 341256     16.96118     0.44835     1.95605     3.88766
     290 Loop 341265     11.93262     0.63728     1.95605     3.88766
     291 Loop 351246      7.82861     0.97137     1.95605     3.88766
     292 Loop 361245      5.97241     1.27327     1.95605     3.88766
     293 Loop 351264      4.37622     1.73768     1.95605     3.88766
     294 Loop 361254      6.66431     1.14108     1.95605     3.88766
     295 Loop 431256     18.66113     0.40750     1.95605     3.88766
     296 Loop 431265     13.14087     0.57869     1.95605     3.88766
     297 Loop 531246      8.21655     0.92551     1.95605     3.88766
     298 Loop 631245      6.12036     1.24249     1.95605     3.88766
     299 Loop 531264      4.64429     1.63738     1.95605     3.88766
     300 Loop 631254      6.97241     1.09065     1.95605     3.88766
     301 Loop 451236     22.34937     0.34025     1.95605     3.88766
     302 Loop 461235     15.94092     0.47704     1.95605     3.88766
     303 Loop 541236     22.40942     0.33934     1.95605     3.88766
     304 Loop 641235     15.41309     0.49338     1.95605     3.88766
     305 Loop 561234      8.58447     0.88584     1.95605     3.88766
     306 Loop 651234      8.47656     0.89712     1.95605     3.88766
     307 Loop 451263     22.21338     0.34234     1.95605     3.88766
     308 Loop 461253     28.72974     0.26469     1.95605     3.88766
     309 Loop 541263     22.17334     0.34296     1.95605     3.88766
     310 Loop 641253     28.27783     0.26892     1.95605     3.88766
     311 Loop 561243     12.54468     0.60619     1.95605     3.88766
     312 Loop 651243     12.40869     0.61283     1.95605     3.88766
     313 Loop 341526     19.75708     0.38490     1.95605     3.88766
     314 Loop 341625     12.09668     0.62864     1.95605     3.88766
     315 Loop 351426      7.79639     0.97538     1.95605     3.88766
     316 Loop 361425      6.78442     1.12087     1.95605     3.88766
     317 Loop 351624      4.76025     1.59749     1.95605     3.88766
     318 Loop 361524      7.11255     1.06916     1.95605     3.88766
     319 Loop 431526     20.38110     0.37311     1.95605     3.88766
     320 Loop 431625     13.23291     0.57466     1.95605     3.88766
     321 Loop 531426      8.01245     0.94908     1.95605     3.88766
     322 Loop 631425      7.18042     1.05906     1.95605     3.88766
     323 Loop 531624      4.91626     1.54680     1.95605     3.88766
     324 Loop 631524      7.58032     1.00319     1.95605     3.88766
     325 Loop 451326     21.89355     0.34734     1.95605     3.88766
     326 Loop 461325     15.92505     0.47752     1.95605     3.88766
     327 Loop 541326     21.90137     0.34721     1.95605     3.88766
     328 Loop 641325     15.36499     0.49492     1.95605     3.88766
     329 Loop 561324      8.64868     0.87926     1.95605     3.88766
     330 Loop 651324      8.54858     0.88956     1.95605     3.88766
     331 Loop 451623     23.52954     0.32319     1.95605     3.88766
     332 Loop 461523     27.41382     0.27740     1.95605     3.88766
     333 Loop 541623     23.58545     0.32242     1.95605     3.88766
     334 Loop 641523     26.26587     0.28952     1.95605     3.88766
     335 Loop 561423     12.27271     0.61963     1.95605     3.88766
     336 Loop 651423     12.20459     0.62308     1.95605     3.88766
     337 Loop 341562     19.70117     0.38599     1.95605     3.88766
     338 Loop 341652     17.16089     0.44313     1.95605     3.88766
     339 Loop 351462      7.71240     0.98601     1.95605     3.88766
     340 Loop 361452      8.88843     0.85555     1.95605     3.88766
     341 Loop 351642      7.92847     0.95914     1.95605     3.88766
     342 Loop 361542      9.04053     0.84115     1.95605     3.88766
     343 Loop 431562     22.22144     0.34221     1.95605     3.88766
     344 Loop 431652     19.16919     0.39670     1.95605     3.88766
     345 Loop 531462      8.00439     0.95004     1.95605     3.88766
     346 Loop 631452      9.42041     0.80723     1.95605     3.88766
     347 Loop 531642      8.01636     0.94862     1.95605     3.88766
     348 Loop 631542      9.60449     0.79176     1.95605     3.88766
     349 Loop 451362     21.74951     0.34964     1.95605     3.88766
     350 Loop 461352     24.28955     0.31308     1.95605     3.88766
     351 Loop 541362     21.64917     0.35126     1.95605     3.88766
     352 Loop 641352     23.31348     0.32618     1.95605     3.88766
     353 Loop 561342     11.29688     0.67315     1.95605     3.88766
     354 Loop 651342     11.15674     0.68160     1.95605     3.88766
     355 Loop 451632     24.14160     0.31499     1.95605     3.88766
     356 Loop 461532     27.31787     0.27837     1.95605     3.88766
     357 Loop 541632     23.75757     0.32009     1.95605     3.88766
     358 Loop 641532     26.20557     0.29019     1.95605     3.88766
     359 Loop 561432     10.89648     0.69788     1.95605     3.88766
     360 Loop 651432     10.84058     0.70148     1.95605     3.88766
     361 Loop 234156      6.06836     1.25314     1.95605     3.88766
     362 Loop 234165      2.78418     2.73132     1.95605     3.88766
     363 Loop 235146      5.69238     1.33590     1.95605     3.88766
     364 Loop 236145      2.55615     2.97497     1.95605     3.88766
     365 Loop 235164      2.14404     3.54679     1.95605     3.88766
     366 Loop 236154      2.09204     3.63496     1.95605     3.88766
     367 Loop 243156     17.00098     0.44730     1.95605     3.88766
     368 Loop 243165     12.08472     0.62926     1.95605     3.88766
     369 Loop 253146      7.86060     0.96742     1.95605     3.88766
     370 Loop 263145      5.86450     1.29670     1.95605     3.88766
     371 Loop 253164      4.38428     1.73449     1.95605     3.88766
     372 Loop 263154      6.58057     1.15560     1.95605     3.88766
     373 Loop 245136     19.14917     0.39712     1.95605     3.88766
     374 Loop 246135     12.48877     0.60891     1.95605     3.88766
     375 Loop 254136     19.65723     0.38685     1.95605     3.88766
     376 Loop 264135      7.32837     1.03768     1.95605     3.88766
     377 Loop 256134      7.97632     0.95338     1.95605     3.88766
     378 Loop 265134      7.05249     1.07827     1.95605     3.88766
     379 Loop 245163     20.19336     0.37658     1.95605     3.88766
     380 Loop 246153     18.87305     0.40293     1.95605     3.88766
     381 Loop 254163     20.34131     0.37384     1.95605     3.88766
     382 Loop 264153     11.19678     0.67917     1.95605     3.88766
     383 Loop 256143     11.72070     0.64881     1.95605     3.88766
     384 Loop 265143     10.78076     0.70537     1.95605     3.88766
     385 Loop 324156      6.10449     1.24572     1.95605     3.88766
     386 Loop 324165      2.75244     2.76281     1.95605     3.88766
     387 Loop 325146      5.65234     1.34537     1.95605     3.88766
     388 Loop 326145      2.49219     3.05133     1.95605     3.88766
     389 Loop 325164      2.14795     3.54034     1.95605     3.88766
     390 Loop 326154      2.08789     3.64218     1.95605     3.88766
     391 Loop 423156     19.02148     0.39978     1.95605     3.88766
     392 Loop 423165     13.14893     0.57833     1.95605     3.88766
     393 Loop 523146      8.30029     0.91617     1.95605     3.88766
     394 Loop 623145      6.15234     1.23603     1.95605     3.88766
     395 Loop 523164      4.74414     1.60292     1.95605     3.88766
     396 Loop 623154      7.00049     1.08628     1.95605     3.88766
     397 Loop 425136     20.96143     0.36278     1.95605     3.88766
     398 Loop 426135     13.72070     0.55423     1.95605     3.88766
     399 Loop 524136     20.04541     0.37936     1.95605     3.88766
     400 Loop 624135      7.69238     0.98857     1.95605     3.88766
     401 Loop 526134      8.21240     0.92597     1.95605     3.88766
     402 Loop 625134      7.51611     1.01176     1.95605     3.88766
     403 Loop 425163     21.48535     0.35394     1.95605     3.88766
     404 Loop 426153     20.48535     0.37122     1.95605     3.88766
     405 Loop 524163     20.43359     0.37216     1.95605     3.88766
     406 Loop 624153     11.76904     0.64614     1.95605     3.88766
     407 Loop 526143     12.02881     0.63219     1.95605     3.88766
     408 Loop 625143     11.29688     0.67315     1.95605     3.88766
     409 Loop 342156     17.04102     0.44625     1.95605     3.88766
     410 Loop 342165     11.95264     0.63622     1.95605     3.88766
     411 Loop 352146      7.84033     0.96992     1.95605     3.88766
     412 Loop 362145      6.05225     1.25647     1.95605     3.88766
     413 Loop 352164      4.38037     1.73603     1.95605     3.88766
     414 Loop 362154      6.72021     1.13158     1.95605     3.88766
     415 Loop 432156     18.72510     0.40611     1.95605     3.88766
     416 Loop 432165     13.17285     0.57728     1.95605     3.88766
     417 Loop 532146      8.30420     0.91574     1.95605     3.88766
     418 Loop 632145      6.19238     1.22804     1.95605     3.88766
     419 Loop 532164      4.69189     1.62077     1.95605     3.88766
     420 Loop 632154      7.08447     1.07340     1.95605     3.88766
     421 Loop 452136     21.89355     0.34734     1.95605     3.88766
     422 Loop 462135     15.79297     0.48151     1.95605     3.88766
     423 Loop 542136     21.82959     0.34836     1.95605     3.88766
     424 Loop 642135     15.34863     0.49545     1.95605     3.88766
     425 Loop 562134      8.58057     0.88624     1.95605     3.88766
     426 Loop 652134      8.48828     0.89588     1.95605     3.88766
     427 Loop 452163     21.88525     0.34747     1.95605     3.88766
     428 Loop 462153     28.62207     0.26569     1.95605     3.88766
     429 Loop 542163     21.90576     0.34714     1.95605     3.88766
     430 Loop 642153     28.35010     0.26823     1.95605     3.88766
     431 Loop 562143     12.58105     0.60444     1.95605     3.88766
     432 Loop 652143     12.40479     0.61303     1.95605     3.88766
     433 Loop 345126     18.72119     0.40620     1.95605     3.88766
     434 Loop 346125     12.34863     0.61582     1.95605     3.88766
     435 Loop 354126     19.25732     0.39489     1.95605     3.88766
     436 Loop 364125      7.26807     1.04629     1.95605     3.88766
     437 Loop 356124      7.99658     0.95097     1.95605     3.88766
     438 Loop 365124      7.21240     1.05436     1.95605     3.88766
     439 Loop 435126     20.55322     0.36999     1.95605     3.88766
     440 Loop 436125     13.43652     0.56596     1.95605     3.88766
     441 Loop 534126     19.31689     0.39367     1.95605     3.88766
     442 Loop 634125      7.70850     0.98651     1.95605     3.88766
     443 Loop 536124      8.19629     0.92779     1.95605     3.88766
     444 Loop 635124      7.59668     1.00103     1.95605     3.88766
     445 Loop 453126     21.75732     0.34951     1.95605     3.88766
     446 Loop 463125     15.76074     0.48249     1.95605     3.88766
     447 Loop 543126     21.73340     0.34990     1.95605     3.88766
     448 Loop 643125     15.16113     0.50158     1.95605     3.88766
     449 Loop 563124      8.69678     0.87440     1.95605     3.88766
     450 Loop 653124      8.56055     0.88832     1.95605     3.88766
     451 Loop 456123     26.15771     0.29072     1.95605     3.88766
     452 Loop 465123     26.58936     0.28600     1.95605     3.88766
     453 Loop 546123     26.11768     0.29116     1.95605     3.88766
     454 Loop 645123     25.71777     0.29569     1.95605     3.88766
     455 Loop 564123     24.46973     0.31077     1.95605     3.88766
     456 Loop 654123     24.49756     0.31042     1.95605     3.88766
     457 Loop 345162     19.54932     0.38899     1.95605     3.88766
     458 Loop 346152     18.19727     0.41789     1.95605     3.88766
     459 Loop 354162     19.74902     0.38506     1.95605     3.88766
     460 Loop 364152      9.73291     0.78132     1.95605     3.88766
     461 Loop 356142     10.07666     0.75466     1.95605     3.88766
     462 Loop 365142      8.82471     0.86173     1.95605     3.88766
     463 Loop 435162     21.36963     0.35585     1.95605     3.88766
     464 Loop 436152     19.73340     0.38536     1.95605     3.88766
     465 Loop 534162     20.34521     0.37377     1.95605     3.88766
     466 Loop 634152     10.78857     0.70486     1.95605     3.88766
     467 Loop 536142     10.36084     0.73396     1.95605     3.88766
     468 Loop 635142      9.61670     0.79076     1.95605     3.88766
     469 Loop 453162     22.07324     0.34451     1.95605     3.88766
     470 Loop 463152     23.53320     0.32314     1.95605     3.88766
     471 Loop 543162     22.24121     0.34191     1.95605     3.88766
     472 Loop 643152     23.05371     0.32986     1.95605     3.88766
     473 Loop 563142     11.12891     0.68331     1.95605     3.88766
     474 Loop 653142     10.98047     0.69255     1.95605     3.88766
     475 Loop 456132     26.15332     0.29077     1.95605     3.88766
     476 Loop 465132     26.40967     0.28794     1.95605     3.88766
     477 Loop 546132     26.07764     0.29161     1.95605     3.88766
     478 Loop 645132     25.47363     0.29852     1.95605     3.88766
     479 Loop 564132     24.10547     0.31547     1.95605     3.88766
     480 Loop 654132     24.06152     0.31604     1.95605     3.88766
     481 Loop 234516      6.00830     1.26566     1.95605     3.88766
     482 Loop 234615      3.23633     2.34972     1.95605     3.88766
     483 Loop 235416      5.95264     1.27750     1.95605     3.88766
     484 Loop 236415      2.97217     2.55856     1.95605     3.88766
     485 Loop 235614      2.64404     2.87608     1.95605     3.88766
     486 Loop 236514      2.58447     2.94237     1.95605     3.88766
     487 Loop 243516     16.46143     0.46196     1.95605     3.88766
     488 Loop 243615     11.76904     0.64614     1.95605     3.88766
     489 Loop 253416      7.19678     1.05665     1.95605     3.88766
     490 Loop 263415      6.32812     1.20169     1.95605     3.88766
     491 Loop 253614      4.44043     1.71255     1.95605     3.88766
     492 Loop 263514      7.20459     1.05550     1.95605     3.88766
     493 Loop 245316     16.38867     0.46401     1.95605     3.88766
     494 Loop 246315     12.24463     0.62105     1.95605     3.88766
     495 Loop 254316     17.34912     0.43832     1.95605     3.88766
     496 Loop 264315      7.12842     1.06678     1.95605     3.88766
     497 Loop 256314      8.10889     0.93780     1.95605     3.88766
     498 Loop 265314      7.25244     1.04854     1.95605     3.88766
     499 Loop 245613     16.42090     0.46310     1.95605     3.88766
     500 Loop 246513     17.44482     0.43592     1.95605     3.88766
     501 Loop 254613     16.53711     0.45984     1.95605     3.88766
     502 Loop 264513     11.81689     0.64353     1.95605     3.88766
     503 Loop 256413     11.86475     0.64093     1.95605     3.88766
     504 Loop 265413     11.10449     0.68481     1.95605     3.88766
     505 Loop 324516      6.06836     1.25314     1.95605     3.88766
     506 Loop 324615      3.25244     2.33808     1.95605     3.88766
     507 Loop 325416      5.99609     1.26824     1.95605     3.88766
     508 Loop 326415      3.00000     2.53483     1.95605     3.88766
     509 Loop 325614      2.68018     2.83730     1.95605     3.88766
     510 Loop 326514      2.61182     2.91157     1.95605     3.88766
     511 Loop 423516     18.04150     0.42150     1.95605     3.88766
     512 Loop 423615     12.94482     0.58745     1.95605     3.88766
     513 Loop 523416      7.35254     1.03427     1.95605     3.88766
     514 Loop 623415      6.84424     1.11108     1.95605     3.88766
     515 Loop 523614      4.64014     1.63885     1.95605     3.88766
     516 Loop 623514      7.51221     1.01228     1.95605     3.88766
     517 Loop 425316     18.17725     0.41835     1.95605     3.88766
     518 Loop 426315     13.35645     0.56935     1.95605     3.88766
     519 Loop 524316     17.46094     0.43551     1.95605     3.88766
     520 Loop 624315      7.51221     1.01228     1.95605     3.88766
     521 Loop 526314      8.28076     0.91833     1.95605     3.88766
     522 Loop 625314      7.57666     1.00367     1.95605     3.88766
     523 Loop 425613     17.80127     0.42719     1.95605     3.88766
     524 Loop 426513     18.86523     0.40309     1.95605     3.88766
     525 Loop 524613     16.61719     0.45763     1.95605     3.88766
     526 Loop 624513     12.15283     0.62574     1.95605     3.88766
     527 Loop 526413     11.94482     0.63663     1.95605     3.88766
     528 Loop 625413     11.29639     0.67318     1.95605     3.88766
     529 Loop 342516     16.44092     0.46253     1.95605     3.88766
     530 Loop 342615     11.68457     0.65081     1.95605     3.88766
     531 Loop 352416      7.13623     1.06562     1.95605     3.88766
     532 Loop 362415      6.34424     1.19864     1.95605     3.88766
     533 Loop 352614      4.42432     1.71879     1.95605     3.88766
     534 Loop 362514      7.16846     1.06082     1.95605     3.88766
     535 Loop 432516     18.02100     0.42198     1.95605     3.88766
     536 Loop 432615     12.87695     0.59055     1.95605     3.88766
     537 Loop 532416      7.36475     1.03255     1.95605     3.88766
     538 Loop 632415      6.82422     1.11434     1.95605     3.88766
     539 Loop 532614      4.70020     1.61791     1.95605     3.88766
     540 Loop 632514      7.71240     0.98601     1.95605     3.88766
     541 Loop 452316     19.92529     0.38165     1.95605     3.88766
     542 Loop 462315     15.57324     0.48830     1.95605     3.88766
     543 Loop 542316     19.81738     0.38373     1.95605     3.88766
     544 Loop 642315     15.21289     0.49987     1.95605     3.88766
     545 Loop 562314      8.66846     0.87726     1.95605     3.88766
     546 Loop 652314      8.59619     0.88463     1.95605     3.88766
     547 Loop 452613     18.17725     0.41835     1.95605     3.88766
     548 Loop 462513     24.51367     0.31021     1.95605     3.88766
     549 Loop 542613     18.29297     0.41570     1.95605     3.88766
     550 Loop 642513     24.44971     0.31103     1.95605     3.88766
     551 Loop 562413     12.35645     0.61543     1.95605     3.88766
     552 Loop 652413     12.21680     0.62246     1.95605     3.88766
     553 Loop 345216     16.37305     0.46445     1.95605     3.88766
     554 Loop 346215     12.10059     0.62844     1.95605     3.88766
     555 Loop 354216     17.24512     0.44096     1.95605     3.88766
     556 Loop 364215      7.11230     1.06920     1.95605     3.88766
     557 Loop 356214      8.14453     0.93369     1.95605     3.88766
     558 Loop 365214      7.37646     1.03091     1.95605     3.88766
     559 Loop 435216     18.08105     0.42058     1.95605     3.88766
     560 Loop 436215     13.28516     0.57240     1.95605     3.88766
     561 Loop 534216     17.48926     0.43481     1.95605     3.88766
     562 Loop 634215      7.31250     1.03993     1.95605     3.88766
     563 Loop 536214      8.26807     0.91974     1.95605     3.88766
     564 Loop 635214      7.69678     0.98801     1.95605     3.88766
     565 Loop 453216     19.44922     0.39099     1.95605     3.88766
     566 Loop 463215     15.54492     0.48919     1.95605     3.88766
     567 Loop 543216     19.44922     0.39099     1.95605     3.88766
     568 Loop 643215     15.16113     0.50158     1.95605     3.88766
     569 Loop 563214      8.72070     0.87200     1.95605     3.88766
     570 Loop 653214      8.64893     0.87924     1.95605     3.88766
     571 Loop 456213     24.36572     0.31210     1.95605     3.88766
     572 Loop 465213     24.52930     0.31002     1.95605     3.88766
     573 Loop 546213     24.03320     0.31642     1.95605     3.88766
     574 Loop 645213     23.81738     0.31928     1.95605     3.88766
     575 Loop 564213     22.71338     0.33480     1.95605     3.88766
     576 Loop 654213     22.66943     0.33545     1.95605     3.88766
     577 Loop 345612     16.76904     0.45348     1.95605     3.88766
     578 Loop 346512     17.74512     0.42854     1.95605     3.88766
     579 Loop 354612     16.67285     0.45610     1.95605     3.88766
     580 Loop 364512      9.92871     0.76591     1.95605     3.88766
     581 Loop 356412      9.55664     0.79573     1.95605     3.88766
     582 Loop 365412      8.84082     0.86015     1.95605     3.88766
     583 Loop 435612     19.09277     0.39829     1.95605     3.88766
     584 Loop 436512     19.60156     0.38795     1.95605     3.88766
     585 Loop 534612     17.04541     0.44613     1.95605     3.88766
     586 Loop 634512     10.91650     0.69660     1.95605     3.88766
     587 Loop 536412      9.64453     0.78848     1.95605     3.88766
     588 Loop 635412      9.35645     0.81275     1.95605     3.88766
     589 Loop 453612     19.19336     0.39620     1.95605     3.88766
     590 Loop 463512     24.22949     0.31385     1.95605     3.88766
     591 Loop 543612     18.56543     0.40960     1.95605     3.88766
     592 Loop 643512     22.84521     0.33287     1.95605     3.88766
     593 Loop 563412     10.44873     0.72779     1.95605     3.88766
     594 Loop 653412     10.42871     0.72919     1.95605     3.88766
     595 Loop 456312     23.30957     0.32624     1.95605     3.88766
     596 Loop 465312     24.06982     0.31593     1.95605     3.88766
     597 Loop 546312     23.49316     0.32369     1.95605     3.88766
     598 Loop 645312     24.07764     0.31583     1.95605     3.88766
     599 Loop 564312     22.82129     0.33322     1.95605     3.88766
     600 Loop 654312     22.16943     0.34302     1.95605     3.88766
     601 Loop 234561      5.54443     1.37155     1.95605     3.88766
     602 Loop 234651      4.90820     1.54934     1.95605     3.88766
     603 Loop 235461      5.49658     1.38349     1.95605     3.88766
     604 Loop 236451      4.81641     1.57887     1.95605     3.88766
     605 Loop 235641      4.83643     1.57233     1.95605     3.88766
     606 Loop 236541      4.76807     1.59488     1.95605     3.88766
     607 Loop 243561     15.36084     0.49506     1.95605     3.88766
     608 Loop 243651     15.04492     0.50545     1.95605     3.88766
     609 Loop 253461      6.64453     1.14447     1.95605     3.88766
     610 Loop 263451      7.75244     0.98091     1.95605     3.88766
     611 Loop 253641      5.84033     1.30206     1.95605     3.88766
     612 Loop 263541      7.68457     0.98958     1.95605     3.88766
     613 Loop 245361     15.30518     0.49686     1.95605     3.88766
     614 Loop 246351     15.53271     0.48958     1.95605     3.88766
     615 Loop 254361     15.19336     0.50051     1.95605     3.88766
     616 Loop 264351      8.56445     0.88791     1.95605     3.88766
     617 Loop 256341      8.51221     0.89336     1.95605     3.88766
     618 Loop 265341      7.78027     0.97740     1.95605     3.88766
     619 Loop 245631     15.77686     0.48200     1.95605     3.88766
     620 Loop 246531     16.06885     0.47324     1.95605     3.88766
     621 Loop 254631     15.35303     0.49531     1.95605     3.88766
     622 Loop 264531      8.97656     0.84715     1.95605     3.88766
     623 Loop 256431      8.78857     0.86527     1.95605     3.88766
     624 Loop 265431      8.21680     0.92548     1.95605     3.88766
     625 Loop 324561      5.51611     1.37859     1.95605     3.88766
     626 Loop 324651      4.90820     1.54934     1.95605     3.88766
     627 Loop 325461      5.46045     1.39265     1.95605     3.88766
     628 Loop 326451      4.73242     1.60689     1.95605     3.88766
     629 Loop 325641      4.76074     1.59733     1.95605     3.88766
     630 Loop 326541      4.76416     1.59618     1.95605     3.88766
     631 Loop 423561     16.59277     0.45830     1.95605     3.88766
     632 Loop 423651     15.95312     0.47668     1.95605     3.88766
     633 Loop 523461      6.71240     1.13290     1.95605     3.88766
     634 Loop 623451      8.26855     0.91969     1.95605     3.88766
     635 Loop 523641      6.37256     1.19332     1.95605     3.88766
     636 Loop 623541      7.83252     0.97088     1.95605     3.88766
     637 Loop 425361     17.13281     0.44385     1.95605     3.88766
     638 Loop 426351     17.18945     0.44239     1.95605     3.88766
     639 Loop 524361     16.14502     0.47101     1.95605     3.88766
     640 Loop 624351      9.14062     0.83194     1.95605     3.88766
     641 Loop 526341      8.28076     0.91833     1.95605     3.88766
     642 Loop 625341      7.96045     0.95528     1.95605     3.88766
     643 Loop 425631     17.49316     0.43471     1.95605     3.88766
     644 Loop 426531     17.94482     0.42377     1.95605     3.88766
     645 Loop 524631     15.74512     0.48297     1.95605     3.88766
     646 Loop 624531      9.52441     0.79842     1.95605     3.88766
     647 Loop 526431      8.94824     0.84983     1.95605     3.88766
     648 Loop 625431      8.82471     0.86173     1.95605     3.88766
     649 Loop 342561     15.20898     0.50000     1.95605     3.88766
     650 Loop 342651     14.74512     0.51573     1.95605     3.88766
     651 Loop 352461      6.43604     1.18155     1.95605     3.88766
     652 Loop 362451      7.61279     0.99891     1.95605     3.88766
     653 Loop 352641      5.84033     1.30206     1.95605     3.88766
     654 Loop 362541      7.60449     1.00000     1.95605     3.88766
     655 Loop 432561     16.66895     0.45621     1.95605     3.88766
     656 Loop 432651     16.12500     0.47160     1.95605     3.88766
     657 Loop 532461      6.68457     1.13762     1.95605     3.88766
     658 Loop 632451      7.97217     0.95388     1.95605     3.88766
     659 Loop 532641      6.06055     1.25475     1.95605     3.88766
     660 Loop 632541      7.93652     0.95816     1.95605     3.88766
     661 Loop 452361     17.48926     0.43481     1.95605     3.88766
     662 Loop 462351     20.10498     0.37824     1.95605     3.88766
     663 Loop 542361     17.87695     0.42538     1.95605     3.88766
     664 Loop 642351     19.40527     0.39188     1.95605     3.88766
     665 Loop 562341      8.85254     0.85902     1.95605     3.88766
     666 Loop 652341      9.41260     0.80790     1.95605     3.88766
     667 Loop 452631     17.65723     0.43067     1.95605     3.88766
     668 Loop 462531     21.73340     0.34990     1.95605     3.88766
     669 Loop 542631     17.50879     0.43432     1.95605     3.88766
     670 Loop 642531     20.79736     0.36565     1.95605     3.88766
     671 Loop 562431      9.49658     0.80076     1.95605     3.88766
     672 Loop 652431      9.51660     0.79907     1.95605     3.88766
     673 Loop 345261     15.19727     0.50038     1.95605     3.88766
     674 Loop 346251     15.63330     0.48643     1.95605     3.88766
     675 Loop 354261     16.97705     0.44793     1.95605     3.88766
     676 Loop 364251      8.44482     0.90049     1.95605     3.88766
     677 Loop 356241      8.23242     0.92372     1.95605     3.88766
     678 Loop 365241      7.57275     1.00419     1.95605     3.88766
     679 Loop 435261     16.62500     0.45741     1.95605     3.88766
     680 Loop 436251     16.72900     0.45457     1.95605     3.88766
     681 Loop 534261     15.36475     0.49493     1.95605     3.88766
     682 Loop 634251      9.07275     0.83817     1.95605     3.88766
     683 Loop 536241      8.37207     0.90831     1.95605     3.88766
     684 Loop 635241      8.08838     0.94017     1.95605     3.88766
     685 Loop 453261     17.64941     0.43086     1.95605     3.88766
     686 Loop 463251     20.28516     0.37488     1.95605     3.88766
     687 Loop 543261     17.60156     0.43203     1.95605     3.88766
     688 Loop 643251     19.64551     0.38708     1.95605     3.88766
     689 Loop 563241      8.91699     0.85281     1.95605     3.88766
     690 Loop 653241      8.99707     0.84522     1.95605     3.88766
     691 Loop 456231     21.39746     0.35539     1.95605     3.88766
     692 Loop 465231     21.59277     0.35218     1.95605     3.88766
     693 Loop 546231     21.30957     0.35686     1.95605     3.88766
     694 Loop 645231     20.78516     0.36586     1.95605     3.88766
     695 Loop 564231     19.98535     0.38050     1.95605     3.88766
     696 Loop 654231     19.85352     0.38303     1.95605     3.88766
     697 Loop 345621     15.57715     0.48818     1.95605     3.88766
     698 Loop 346521     15.81348     0.48089     1.95605     3.88766
     699 Loop 354621     15.46973     0.49157     1.95605     3.88766
     700 Loop 364521      8.70410     0.87367     1.95605     3.88766
     701 Loop 356421      8.41992     0.90315     1.95605     3.88766
     702 Loop 365421      7.86035     0.96745     1.95605     3.88766
     703 Loop 435621     17.40137     0.43700     1.95605     3.88766
     704 Loop 436521     16.90918     0.44972     1.95605     3.88766
     705 Loop 534621     15.60449     0.48733     1.95605     3.88766
     706 Loop 634521      9.23242     0.82367     1.95605     3.88766
     707 Loop 536421      8.62500     0.88168     1.95605     3.88766
     708 Loop 635421      8.44434     0.90054     1.95605     3.88766
     709 Loop 453621     17.50488     0.43442     1.95605     3.88766
     710 Loop 463521     20.83789     0.36493     1.95605     3.88766
     711 Loop 543621     17.55664     0.43314     1.95605     3.88766
     712 Loop 643521     20.19727     0.37651     1.95605     3.88766
     713 Loop 563421      9.26465     0.82081     1.95605     3.88766
     714 Loop 653421      9.31641     0.81625     1.95605     3.88766
     715 Loop 456321     21.52930     0.35322     1.95605     3.88766
     716 Loop 465321     22.56934     0.33694     1.95605     3.88766
     717 Loop 546321     21.74902     0.34965     1.95605     3.88766
     718 Loop 645321     21.82910     0.34836     1.95605     3.88766
     719 Loop 564321     20.08984     0.37852     1.95605     3.88766
     720 Loop 654321     20.11719     0.37801     1.95605     3.88766
 The best time is:    1.956055    
 The speedup is:      3.887660    
