 TESTING TRANSACCU TYPE 632154 (best = 321654)
 Hirata Reference =    8.776547     seconds
 Algorithm         Jeff           Speedup          Best
       1 Loop 123456      8.13651     1.07866     8.13651     1.07866
       2 Loop 123465      3.15220     2.78426     3.15220     2.78426
       3 Loop 123546      7.80049     1.12513     3.15220     2.78426
       4 Loop 123645      2.61216     3.35988     2.61216     3.35988
       5 Loop 123564      2.40015     3.65667     2.40015     3.65667
       6 Loop 123654      2.40815     3.64451     2.40015     3.65667
       7 Loop 124356      8.68854     1.01013     2.40015     3.65667
       8 Loop 124365      3.19620     2.74593     2.40015     3.65667
       9 Loop 125346      8.33652     1.05278     2.40015     3.65667
      10 Loop 126345      5.80836     1.51102     2.40015     3.65667
      11 Loop 125364      2.89618     3.03039     2.40015     3.65667
      12 Loop 126354      6.78043     1.29439     2.40015     3.65667
      13 Loop 124536     10.20064     0.86039     2.40015     3.65667
      14 Loop 124635      3.87624     2.26419     2.40015     3.65667
      15 Loop 125436      9.08856     0.96567     2.40015     3.65667
      16 Loop 126435      6.48041     1.35432     2.40015     3.65667
      17 Loop 125634      6.46841     1.35683     2.40015     3.65667
      18 Loop 126534      6.47240     1.35599     2.40015     3.65667
      19 Loop 124563      7.56448     1.16023     2.40015     3.65667
      20 Loop 124653      6.92843     1.26674     2.40015     3.65667
      21 Loop 125463      7.40445     1.18531     2.40015     3.65667
      22 Loop 126453      8.46452     1.03686     2.40015     3.65667
      23 Loop 125643      8.63254     1.01668     2.40015     3.65667
      24 Loop 126543      8.91656     0.98430     2.40015     3.65667
      25 Loop 132456      7.97250     1.10085     2.40015     3.65667
      26 Loop 132465      2.97218     2.95290     2.40015     3.65667
      27 Loop 132546      7.74448     1.13327     2.40015     3.65667
      28 Loop 132645      2.48015     3.53872     2.40015     3.65667
      29 Loop 132564      2.31615     3.78929     2.31615     3.78929
      30 Loop 132654      2.31615     3.78929     2.31615     3.78929
      31 Loop 142356     19.46922     0.45079     2.31615     3.78929
      32 Loop 142365     13.32083     0.65886     2.31615     3.78929
      33 Loop 152346      9.19656     0.95433     2.31615     3.78929
      34 Loop 162345      6.28839     1.39567     2.31615     3.78929
      35 Loop 152364      4.72031     1.85932     2.31615     3.78929
      36 Loop 162354      7.11244     1.23397     2.31615     3.78929
      37 Loop 142536     20.85332     0.42087     2.31615     3.78929
      38 Loop 142635     13.54486     0.64796     2.31615     3.78929
      39 Loop 152436      9.50858     0.92301     2.31615     3.78929
      40 Loop 162435      7.01645     1.25085     2.31615     3.78929
      41 Loop 152634      7.34848     1.19433     2.31615     3.78929
      42 Loop 162534      7.00046     1.25371     2.31615     3.78929
      43 Loop 142563     21.28934     0.41225     2.31615     3.78929
      44 Loop 142653     19.21320     0.45680     2.31615     3.78929
      45 Loop 152463      8.35654     1.05026     2.31615     3.78929
      46 Loop 162453      9.36057     0.93761     2.31615     3.78929
      47 Loop 152643      9.96063     0.88112     2.31615     3.78929
      48 Loop 162543      9.46060     0.92769     2.31615     3.78929
      49 Loop 134256      8.45251     1.03834     2.31615     3.78929
      50 Loop 134265      3.26819     2.68545     2.31615     3.78929
      51 Loop 135246      8.19250     1.07129     2.31615     3.78929
      52 Loop 136245      6.05237     1.45010     2.31615     3.78929
      53 Loop 135264      2.96817     2.95689     2.31615     3.78929
      54 Loop 136254      6.60840     1.32809     2.31615     3.78929
      55 Loop 143256     19.33719     0.45387     2.31615     3.78929
      56 Loop 143265     13.28882     0.66045     2.31615     3.78929
      57 Loop 153246      9.27658     0.94610     2.31615     3.78929
      58 Loop 163245      6.42038     1.36698     2.31615     3.78929
      59 Loop 153264      4.66830     1.88003     2.31615     3.78929
      60 Loop 163254      7.09244     1.23745     2.31615     3.78929
      61 Loop 145236     21.60138     0.40630     2.31615     3.78929
      62 Loop 146235     15.63293     0.56141     2.31615     3.78929
      63 Loop 154236     21.56537     0.40697     2.31615     3.78929
      64 Loop 164235      7.78052     1.12802     2.31615     3.78929
      65 Loop 156234      8.65259     1.01433     2.31615     3.78929
      66 Loop 165234      7.52850     1.16578     2.31615     3.78929
      67 Loop 145263     21.96533     0.39956     2.31615     3.78929
      68 Loop 146253     25.41760     0.34529     2.31615     3.78929
      69 Loop 154263     21.83740     0.40190     2.31615     3.78929
      70 Loop 164253     10.59668     0.82824     2.31615     3.78929
      71 Loop 156243     11.19666     0.78385     2.31615     3.78929
      72 Loop 165243      9.62457     0.91189     2.31615     3.78929
      73 Loop 134526      8.81653     0.99547     2.31615     3.78929
      74 Loop 134625      3.80823     2.30463     2.31615     3.78929
      75 Loop 135426      8.81256     0.99591     2.31615     3.78929
      76 Loop 136425      6.58838     1.33213     2.31615     3.78929
      77 Loop 135624      7.01245     1.25157     2.31615     3.78929
      78 Loop 136524      7.03247     1.24800     2.31615     3.78929
      79 Loop 143526     20.57733     0.42652     2.31615     3.78929
      80 Loop 143625     13.24084     0.66284     2.31615     3.78929
      81 Loop 153426      9.78461     0.89697     2.31615     3.78929
      82 Loop 163425      7.10846     1.23466     2.31615     3.78929
      83 Loop 153624      8.16455     1.07496     2.31615     3.78929
      84 Loop 163524      7.55646     1.16146     2.31615     3.78929
      85 Loop 145326     21.59338     0.40645     2.31615     3.78929
      86 Loop 146325     16.17700     0.54253     2.31615     3.78929
      87 Loop 154326     22.47742     0.39046     2.31615     3.78929
      88 Loop 164325      7.88452     1.11314     2.31615     3.78929
      89 Loop 156324      8.68457     1.01059     2.31615     3.78929
      90 Loop 165324      7.59650     1.15534     2.31615     3.78929
      91 Loop 145623     26.29767     0.33374     2.31615     3.78929
      92 Loop 146523     27.73773     0.31641     2.31615     3.78929
      93 Loop 154623     26.21362     0.33481     2.31615     3.78929
      94 Loop 164523     10.74463     0.81683     2.31615     3.78929
      95 Loop 156423     11.08868     0.79149     2.31615     3.78929
      96 Loop 165423      9.90063     0.88646     2.31615     3.78929
      97 Loop 134562      6.77240     1.29593     2.31615     3.78929
      98 Loop 134652      6.07635     1.44438     2.31615     3.78929
      99 Loop 135462      6.94843     1.26310     2.31615     3.78929
     100 Loop 136452      8.60052     1.02047     2.31615     3.78929
     101 Loop 135642      8.58453     1.02237     2.31615     3.78929
     102 Loop 136542      8.50854     1.03150     2.31615     3.78929
     103 Loop 143562     20.14917     0.43558     2.31615     3.78929
     104 Loop 143652     18.66919     0.47011     2.31615     3.78929
     105 Loop 153462      8.07251     1.08721     2.31615     3.78929
     106 Loop 163452      9.32861     0.94082     2.31615     3.78929
     107 Loop 153642      9.89270     0.88717     2.31615     3.78929
     108 Loop 163542      9.29260     0.94447     2.31615     3.78929
     109 Loop 145362     20.68933     0.42421     2.31615     3.78929
     110 Loop 146352     23.10547     0.37985     2.31615     3.78929
     111 Loop 154362     20.64124     0.42519     2.31615     3.78929
     112 Loop 164352     10.54456     0.83233     2.31615     3.78929
     113 Loop 156342     10.83264     0.81019     2.31615     3.78929
     114 Loop 165342      9.34058     0.93962     2.31615     3.78929
     115 Loop 145632     26.71375     0.32854     2.31615     3.78929
     116 Loop 146532     28.32971     0.30980     2.31615     3.78929
     117 Loop 154632     26.62561     0.32963     2.31615     3.78929
     118 Loop 164532     10.56470     0.83074     2.31615     3.78929
     119 Loop 156432     10.91675     0.80395     2.31615     3.78929
     120 Loop 165432      9.75269     0.89991     2.31615     3.78929
     121 Loop 213456      7.74451     1.13326     2.31615     3.78929
     122 Loop 213465      2.81616     3.11649     2.31615     3.78929
     123 Loop 213546      7.43652     1.18019     2.31615     3.78929
     124 Loop 213645      2.32422     3.77613     2.31615     3.78929
     125 Loop 213564      2.12805     4.12422     2.12805     4.12422
     126 Loop 213654      2.04810     4.28522     2.04810     4.28522
     127 Loop 214356      8.16858     1.07443     2.04810     4.28522
     128 Loop 214365      2.99219     2.93315     2.04810     4.28522
     129 Loop 215346      7.76440     1.13036     2.04810     4.28522
     130 Loop 216345      5.38831     1.62881     2.04810     4.28522
     131 Loop 215364      2.57214     3.41215     2.04810     4.28522
     132 Loop 216354      6.38440     1.37469     2.04810     4.28522
     133 Loop 214536      8.33655     1.05278     2.04810     4.28522
     134 Loop 214635      3.54028     2.47905     2.04810     4.28522
     135 Loop 215436      8.40051     1.04476     2.04810     4.28522
     136 Loop 216435      6.14832     1.42747     2.04810     4.28522
     137 Loop 215634      6.28442     1.39656     2.04810     4.28522
     138 Loop 216534      6.30847     1.39123     2.04810     4.28522
     139 Loop 214563      7.18445     1.22160     2.04810     4.28522
     140 Loop 214653      6.76038     1.29823     2.04810     4.28522
     141 Loop 215463      7.26050     1.20881     2.04810     4.28522
     142 Loop 216453      8.46057     1.03735     2.04810     4.28522
     143 Loop 215643      8.52051     1.03005     2.04810     4.28522
     144 Loop 216543      8.65662     1.01385     2.04810     4.28522
     145 Loop 312456      7.56848     1.15962     2.04810     4.28522
     146 Loop 312465      2.82422     3.10760     2.04810     4.28522
     147 Loop 312546      7.41650     1.18338     2.04810     4.28522
     148 Loop 312645      2.34814     3.73765     2.04810     4.28522
     149 Loop 312564      2.15613     4.07051     2.04810     4.28522
     150 Loop 312654      2.08411     4.21118     2.04810     4.28522
     151 Loop 412356     19.65320     0.44657     2.04810     4.28522
     152 Loop 412365     13.43286     0.65336     2.04810     4.28522
     153 Loop 512346      9.27246     0.94652     2.04810     4.28522
     154 Loop 612345      6.15234     1.42654     2.04810     4.28522
     155 Loop 512364      4.75232     1.84679     2.04810     4.28522
     156 Loop 612354      7.01245     1.25157     2.04810     4.28522
     157 Loop 412536     21.10522     0.41585     2.04810     4.28522
     158 Loop 412635     13.68884     0.64115     2.04810     4.28522
     159 Loop 512436      9.53259     0.92069     2.04810     4.28522
     160 Loop 612435      6.93237     1.26602     2.04810     4.28522
     161 Loop 512634      7.37244     1.19045     2.04810     4.28522
     162 Loop 612534      6.97644     1.25803     2.04810     4.28522
     163 Loop 412563     21.48535     0.40849     2.04810     4.28522
     164 Loop 412653     19.52527     0.44950     2.04810     4.28522
     165 Loop 512463      8.43250     1.04080     2.04810     4.28522
     166 Loop 612453      9.52063     0.92185     2.04810     4.28522
     167 Loop 512643     10.03662     0.87445     2.04810     4.28522
     168 Loop 612543      9.47656     0.92613     2.04810     4.28522
     169 Loop 314256      8.22449     1.06712     2.04810     4.28522
     170 Loop 314265      3.08826     2.84191     2.04810     4.28522
     171 Loop 315246      7.93652     1.10584     2.04810     4.28522
     172 Loop 316245      5.83240     1.50479     2.04810     4.28522
     173 Loop 315264      2.78015     3.15686     2.04810     4.28522
     174 Loop 316254      6.55237     1.33945     2.04810     4.28522
     175 Loop 413256     19.54517     0.44904     2.04810     4.28522
     176 Loop 413265     13.31287     0.65925     2.04810     4.28522
     177 Loop 513246      9.32849     0.94083     2.04810     4.28522
     178 Loop 613245      6.25635     1.40282     2.04810     4.28522
     179 Loop 513264      4.73218     1.85465     2.04810     4.28522
     180 Loop 613254      7.03247     1.24800     2.04810     4.28522
     181 Loop 415236     21.96533     0.39956     2.04810     4.28522
     182 Loop 416235     15.84094     0.55404     2.04810     4.28522
     183 Loop 514236     21.66138     0.40517     2.04810     4.28522
     184 Loop 614235      7.82458     1.12166     2.04810     4.28522
     185 Loop 516234      8.76050     1.00183     2.04810     4.28522
     186 Loop 615234      7.48840     1.17202     2.04810     4.28522
     187 Loop 415263     22.23328     0.39475     2.04810     4.28522
     188 Loop 416253     25.94153     0.33832     2.04810     4.28522
     189 Loop 514263     21.85327     0.40161     2.04810     4.28522
     190 Loop 614253     10.62866     0.82574     2.04810     4.28522
     191 Loop 516243     11.19678     0.78385     2.04810     4.28522
     192 Loop 615243      9.63660     0.91075     2.04810     4.28522
     193 Loop 314526      8.64050     1.01574     2.04810     4.28522
     194 Loop 314625      3.70020     2.37191     2.04810     4.28522
     195 Loop 315426      8.64453     1.01527     2.04810     4.28522
     196 Loop 316425      6.55640     1.33862     2.04810     4.28522
     197 Loop 315624      7.04846     1.24517     2.04810     4.28522
     198 Loop 316524      6.98035     1.25732     2.04810     4.28522
     199 Loop 413526     21.01721     0.41759     2.04810     4.28522
     200 Loop 413625     13.42871     0.65357     2.04810     4.28522
     201 Loop 513426      9.85669     0.89042     2.04810     4.28522
     202 Loop 613425      7.12451     1.23188     2.04810     4.28522
     203 Loop 513624      8.26465     1.06194     2.04810     4.28522
     204 Loop 613524      7.60449     1.15413     2.04810     4.28522
     205 Loop 415326     21.79736     0.40264     2.04810     4.28522
     206 Loop 416325     15.68481     0.55956     2.04810     4.28522
     207 Loop 514326     21.66138     0.40517     2.04810     4.28522
     208 Loop 614325      7.90039     1.11090     2.04810     4.28522
     209 Loop 516324      8.79248     0.99819     2.04810     4.28522
     210 Loop 615324      7.60449     1.15413     2.04810     4.28522
     211 Loop 415623     26.41382     0.33227     2.04810     4.28522
     212 Loop 416523     28.14185     0.31187     2.04810     4.28522
     213 Loop 514623     26.16162     0.33547     2.04810     4.28522
     214 Loop 614523     10.70044     0.82020     2.04810     4.28522
     215 Loop 516423     11.08472     0.79177     2.04810     4.28522
     216 Loop 615423      9.89673     0.88681     2.04810     4.28522
     217 Loop 314562      6.66455     1.31690     2.04810     4.28522
     218 Loop 314652      5.98438     1.46658     2.04810     4.28522
     219 Loop 315462      6.86841     1.27781     2.04810     4.28522
     220 Loop 316452      8.58862     1.02188     2.04810     4.28522
     221 Loop 315642      8.47656     1.03539     2.04810     4.28522
     222 Loop 316542      8.55273     1.02617     2.04810     4.28522
     223 Loop 413562     20.40112     0.43020     2.04810     4.28522
     224 Loop 413652     18.83716     0.46592     2.04810     4.28522
     225 Loop 513462      8.11646     1.08133     2.04810     4.28522
     226 Loop 613452      9.30859     0.94284     2.04810     4.28522
     227 Loop 513642      9.96875     0.88041     2.04810     4.28522
     228 Loop 613542      9.33276     0.94040     2.04810     4.28522
     229 Loop 415362     20.76929     0.42257     2.04810     4.28522
     230 Loop 416352     23.34131     0.37601     2.04810     4.28522
     231 Loop 514362     20.68140     0.42437     2.04810     4.28522
     232 Loop 614352     10.47656     0.83773     2.04810     4.28522
     233 Loop 516342     10.76074     0.81561     2.04810     4.28522
     234 Loop 615342      9.38062     0.93560     2.04810     4.28522
     235 Loop 415632     27.01758     0.32485     2.04810     4.28522
     236 Loop 416532     28.52979     0.30763     2.04810     4.28522
     237 Loop 514632     26.56567     0.33037     2.04810     4.28522
     238 Loop 614532     10.54077     0.83263     2.04810     4.28522
     239 Loop 516432     10.91260     0.80426     2.04810     4.28522
     240 Loop 615432      9.83643     0.89225     2.04810     4.28522
     241 Loop 231456      7.50464     1.16948     2.04810     4.28522
     242 Loop 231465      2.86035     3.06835     2.04810     4.28522
     243 Loop 231546      7.30029     1.20222     2.04810     4.28522
     244 Loop 231645      2.31226     3.79566     2.04810     4.28522
     245 Loop 231564      2.10425     4.17087     2.04810     4.28522
     246 Loop 231654      1.98413     4.42337     1.98413     4.42337
     247 Loop 241356     17.27319     0.50810     1.98413     4.42337
     248 Loop 241365     11.89673     0.73773     1.98413     4.42337
     249 Loop 251346      8.82861     0.99410     1.98413     4.42337
     250 Loop 261345      5.67236     1.54725     1.98413     4.42337
     251 Loop 251364      4.40430     1.99272     1.98413     4.42337
     252 Loop 261354      6.57251     1.33534     1.98413     4.42337
     253 Loop 241536     19.46924     0.45079     1.98413     4.42337
     254 Loop 241635     12.17676     0.72076     1.98413     4.42337
     255 Loop 251436      9.38452     0.93522     1.98413     4.42337
     256 Loop 261435      6.47632     1.35518     1.98413     4.42337
     257 Loop 251634      7.25244     1.21015     1.98413     4.42337
     258 Loop 261534      6.51245     1.34766     1.98413     4.42337
     259 Loop 241563     19.64111     0.44685     1.98413     4.42337
     260 Loop 241653     17.69702     0.49593     1.98413     4.42337
     261 Loop 251463      8.26855     1.06144     1.98413     4.42337
     262 Loop 261453      8.71655     1.00688     1.98413     4.42337
     263 Loop 251643      9.97656     0.87972     1.98413     4.42337
     264 Loop 261543      8.77661     0.99999     1.98413     4.42337
     265 Loop 321456      7.47266     1.17449     1.98413     4.42337
     266 Loop 321465      2.77222     3.16589     1.98413     4.42337
     267 Loop 321546      7.30835     1.20089     1.98413     4.42337
     268 Loop 321645      2.34814     3.73765     1.98413     4.42337
     269 Loop 321564      2.11206     4.15544     1.98413     4.42337
     270 Loop 321654      1.98022     4.43210     1.98022     4.43210
     271 Loop 421356     19.38135     0.45283     1.98022     4.43210
     272 Loop 421365     13.09277     0.67034     1.98022     4.43210
     273 Loop 521346      9.28857     0.94488     1.98022     4.43210
     274 Loop 621345      6.09229     1.44060     1.98022     4.43210
     275 Loop 521364      4.69629     1.86883     1.98022     4.43210
     276 Loop 621354      7.01245     1.25157     1.98022     4.43210
     277 Loop 421536     20.88135     0.42031     1.98022     4.43210
     278 Loop 421635     13.37695     0.65609     1.98022     4.43210
     279 Loop 521436      9.63281     0.91111     1.98022     4.43210
     280 Loop 621435      7.25659     1.20946     1.98022     4.43210
     281 Loop 521634      7.72437     1.13622     1.98022     4.43210
     282 Loop 621534      7.06445     1.24235     1.98022     4.43210
     283 Loop 421563     21.28149     0.41240     1.98022     4.43210
     284 Loop 421653     19.34912     0.45359     1.98022     4.43210
     285 Loop 521463      8.43652     1.04030     1.98022     4.43210
     286 Loop 621453      9.54077     0.91990     1.98022     4.43210
     287 Loop 521643     10.06860     0.87167     1.98022     4.43210
     288 Loop 621543      9.51270     0.92261     1.98022     4.43210
     289 Loop 341256     17.56494     0.49966     1.98022     4.43210
     290 Loop 341265     15.23291     0.57616     1.98022     4.43210
     291 Loop 351246     10.50464     0.83549     1.98022     4.43210
     292 Loop 361245      8.41235     1.04329     1.98022     4.43210
     293 Loop 351264      5.99634     1.46365     1.98022     4.43210
     294 Loop 361254      9.05664     0.96907     1.98022     4.43210
     295 Loop 431256     28.17383     0.31151     1.98022     4.43210
     296 Loop 431265     20.49316     0.42827     1.98022     4.43210
     297 Loop 531246     12.21289     0.71863     1.98022     4.43210
     298 Loop 631245      9.48462     0.92535     1.98022     4.43210
     299 Loop 531264      6.39648     1.37209     1.98022     4.43210
     300 Loop 631254      9.76880     0.89843     1.98022     4.43210
     301 Loop 451236     34.65015     0.25329     1.98022     4.43210
     302 Loop 461235     24.04541     0.36500     1.98022     4.43210
     303 Loop 541236     33.24219     0.26402     1.98022     4.43210
     304 Loop 641235     21.23340     0.41334     1.98022     4.43210
     305 Loop 561234     13.66870     0.64209     1.98022     4.43210
     306 Loop 651234     14.16870     0.61943     1.98022     4.43210
     307 Loop 451263     32.07007     0.27367     1.98022     4.43210
     308 Loop 461253     36.33838     0.24152     1.98022     4.43210
     309 Loop 541263     29.40186     0.29850     1.98022     4.43210
     310 Loop 641253     32.04199     0.27391     1.98022     4.43210
     311 Loop 561243     14.34497     0.61182     1.98022     4.43210
     312 Loop 651243     13.90479     0.63119     1.98022     4.43210
     313 Loop 341526     30.92603     0.28379     1.98022     4.43210
     314 Loop 341625     19.23730     0.45623     1.98022     4.43210
     315 Loop 351426     12.62866     0.69497     1.98022     4.43210
     316 Loop 361425      9.82861     0.89296     1.98022     4.43210
     317 Loop 351624     10.59644     0.82825     1.98022     4.43210
     318 Loop 361524     10.24048     0.85704     1.98022     4.43210
     319 Loop 431526     33.21802     0.26421     1.98022     4.43210
     320 Loop 431625     19.61719     0.44739     1.98022     4.43210
     321 Loop 531426     12.90894     0.67988     1.98022     4.43210
     322 Loop 631425     10.16870     0.86309     1.98022     4.43210
     323 Loop 531624     10.73267     0.81774     1.98022     4.43210
     324 Loop 631524     10.41675     0.84254     1.98022     4.43210
     325 Loop 451326     35.80225     0.24514     1.98022     4.43210
     326 Loop 461325     22.70142     0.38661     1.98022     4.43210
     327 Loop 541326     32.83008     0.26733     1.98022     4.43210
     328 Loop 641325     21.71753     0.40412     1.98022     4.43210
     329 Loop 561324     10.67676     0.82202     1.98022     4.43210
     330 Loop 651324     11.41675     0.76874     1.98022     4.43210
     331 Loop 451623     34.47412     0.25458     1.98022     4.43210
     332 Loop 461523     41.35059     0.21225     1.98022     4.43210
     333 Loop 541623     37.87036     0.23175     1.98022     4.43210
     334 Loop 641523     42.93481     0.20442     1.98022     4.43210
     335 Loop 561423     15.84912     0.55376     1.98022     4.43210
     336 Loop 651423     15.14893     0.57935     1.98022     4.43210
     337 Loop 341562     26.57764     0.33022     1.98022     4.43210
     338 Loop 341652     27.82202     0.31545     1.98022     4.43210
     339 Loop 351462     11.04053     0.79494     1.98022     4.43210
     340 Loop 361452     12.46094     0.70432     1.98022     4.43210
     341 Loop 351642     14.44531     0.60757     1.98022     4.43210
     342 Loop 361542     12.78467     0.68649     1.98022     4.43210
     343 Loop 431562     32.22607     0.27234     1.98022     4.43210
     344 Loop 431652     27.33350     0.32109     1.98022     4.43210
     345 Loop 531462     12.34082     0.71118     1.98022     4.43210
     346 Loop 631452     14.49268     0.60559     1.98022     4.43210
     347 Loop 531642     13.62500     0.64415     1.98022     4.43210
     348 Loop 631542     12.36865     0.70958     1.98022     4.43210
     349 Loop 451362     29.55371     0.29697     1.98022     4.43210
     350 Loop 461352     31.33789     0.28006     1.98022     4.43210
     351 Loop 541362     30.46582     0.28808     1.98022     4.43210
     352 Loop 641352     29.88574     0.29367     1.98022     4.43210
     353 Loop 561342     14.83691     0.59153     1.98022     4.43210
     354 Loop 651342     14.66895     0.59831     1.98022     4.43210
     355 Loop 451632     38.01855     0.23085     1.98022     4.43210
     356 Loop 461532     39.98242     0.21951     1.98022     4.43210
     357 Loop 541632     39.66650     0.22126     1.98022     4.43210
     358 Loop 641532     40.77441     0.21525     1.98022     4.43210
     359 Loop 561432     15.45703     0.56780     1.98022     4.43210
     360 Loop 651432     14.36865     0.61081     1.98022     4.43210
     361 Loop 234156     10.14453     0.86515     1.98022     4.43210
     362 Loop 234165      4.69629     1.86883     1.98022     4.43210
     363 Loop 235146     10.45264     0.83965     1.98022     4.43210
     364 Loop 236145      4.44824     1.97304     1.98022     4.43210
     365 Loop 235164      3.45215     2.54234     1.98022     4.43210
     366 Loop 236154      3.66406     2.39531     1.98022     4.43210
     367 Loop 243156     26.82178     0.32722     1.98022     4.43210
     368 Loop 243165     17.52100     0.50092     1.98022     4.43210
     369 Loop 253146     11.80469     0.74348     1.98022     4.43210
     370 Loop 263145      9.60449     0.91380     1.98022     4.43210
     371 Loop 253164      7.06836     1.24167     1.98022     4.43210
     372 Loop 263154     10.31250     0.85106     1.98022     4.43210
     373 Loop 245136     29.50195     0.29749     1.98022     4.43210
     374 Loop 246135     19.38135     0.45283     1.98022     4.43210
     375 Loop 254136     30.72607     0.28564     1.98022     4.43210
     376 Loop 264135     11.01270     0.79695     1.98022     4.43210
     377 Loop 256134     11.15674     0.78666     1.98022     4.43210
     378 Loop 265134     10.43652     0.84095     1.98022     4.43210
     379 Loop 245163     28.37354     0.30932     1.98022     4.43210
     380 Loop 246153     27.32568     0.32118     1.98022     4.43210
     381 Loop 254163     28.83008     0.30442     1.98022     4.43210
     382 Loop 264153     14.10889     0.62206     1.98022     4.43210
     383 Loop 256143     14.23682     0.61647     1.98022     4.43210
     384 Loop 265143     12.85254     0.68286     1.98022     4.43210
     385 Loop 324156      9.78467     0.89697     1.98022     4.43210
     386 Loop 324165      4.15625     2.11165     1.98022     4.43210
     387 Loop 325146      9.60059     0.91417     1.98022     4.43210
     388 Loop 326145      3.77637     2.32407     1.98022     4.43210
     389 Loop 325164      3.17236     2.76656     1.98022     4.43210
     390 Loop 326154      3.28809     2.66920     1.98022     4.43210
     391 Loop 423156     26.66992     0.32908     1.98022     4.43210
     392 Loop 423165     18.78906     0.46711     1.98022     4.43210
     393 Loop 523146     11.97266     0.73305     1.98022     4.43210
     394 Loop 623145      8.24463     1.06452     1.98022     4.43210
     395 Loop 523164      5.98438     1.46658     1.98022     4.43210
     396 Loop 623154     10.26074     0.85535     1.98022     4.43210
     397 Loop 425136     26.72168     0.32844     1.98022     4.43210
     398 Loop 426135     19.47314     0.45070     1.98022     4.43210
     399 Loop 524136     29.19775     0.30059     1.98022     4.43210
     400 Loop 624135     10.97266     0.79986     1.98022     4.43210
     401 Loop 526134     10.67676     0.82202     1.98022     4.43210
     402 Loop 625134      9.54443     0.91955     1.98022     4.43210
     403 Loop 425163     28.22168     0.31099     1.98022     4.43210
     404 Loop 426153     26.28564     0.33389     1.98022     4.43210
     405 Loop 524163     29.96973     0.29285     1.98022     4.43210
     406 Loop 624153     14.81299     0.59249     1.98022     4.43210
     407 Loop 526143     14.81689     0.59233     1.98022     4.43210
     408 Loop 625143     13.22510     0.66363     1.98022     4.43210
     409 Loop 342156     25.20166     0.34825     1.98022     4.43210
     410 Loop 342165     17.07324     0.51405     1.98022     4.43210
     411 Loop 352146     11.52881     0.76127     1.98022     4.43210
     412 Loop 362145      9.36035     0.93763     1.98022     4.43210
     413 Loop 352164      5.67627     1.54618     1.98022     4.43210
     414 Loop 362154      8.85254     0.99142     1.98022     4.43210
     415 Loop 432156     24.72559     0.35496     1.98022     4.43210
     416 Loop 432165     18.08496     0.48530     1.98022     4.43210
     417 Loop 532146     11.92432     0.73602     1.98022     4.43210
     418 Loop 632145      9.99268     0.87830     1.98022     4.43210
     419 Loop 532164      6.61621     1.32652     1.98022     4.43210
     420 Loop 632154     10.19287     0.86105     1.98022     4.43210
     421 Loop 452136     31.07373     0.28244     1.98022     4.43210
     422 Loop 462135     22.65723     0.38736     1.98022     4.43210
     423 Loop 542136     30.83398     0.28464     1.98022     4.43210
     424 Loop 642135     21.94922     0.39986     1.98022     4.43210
     425 Loop 562134     12.15283     0.72218     1.98022     4.43210
     426 Loop 652134     11.88477     0.73847     1.98022     4.43210
     427 Loop 452163     29.47412     0.29777     1.98022     4.43210
     428 Loop 462153     38.13037     0.23017     1.98022     4.43210
     429 Loop 542163     35.10254     0.25003     1.98022     4.43210
     430 Loop 642153     35.85449     0.24478     1.98022     4.43210
     431 Loop 562143     17.12109     0.51262     1.98022     4.43210
     432 Loop 652143     15.71680     0.55842     1.98022     4.43210
     433 Loop 345126     28.25391     0.31063     1.98022     4.43210
     434 Loop 346125     17.35303     0.50576     1.98022     4.43210
     435 Loop 354126     31.48193     0.27878     1.98022     4.43210
     436 Loop 364125     10.32910     0.84969     1.98022     4.43210
     437 Loop 356124     10.76855     0.81502     1.98022     4.43210
     438 Loop 365124     10.22852     0.85805     1.98022     4.43210
     439 Loop 435126     30.29785     0.28968     1.98022     4.43210
     440 Loop 436125     17.71729     0.49537     1.98022     4.43210
     441 Loop 534126     26.50977     0.33107     1.98022     4.43210
     442 Loop 634125     10.49268     0.83645     1.98022     4.43210
     443 Loop 536124     10.82471     0.81079     1.98022     4.43210
     444 Loop 635124     10.02881     0.87513     1.98022     4.43210
     445 Loop 453126     30.38965     0.28880     1.98022     4.43210
     446 Loop 463125     24.91748     0.35222     1.98022     4.43210
     447 Loop 543126     35.22607     0.24915     1.98022     4.43210
     448 Loop 643125     22.20166     0.39531     1.98022     4.43210
     449 Loop 563124     12.07666     0.72674     1.98022     4.43210
     450 Loop 653124     13.45703     0.65219     1.98022     4.43210
     451 Loop 456123     43.92676     0.19980     1.98022     4.43210
     452 Loop 465123     38.25439     0.22943     1.98022     4.43210
     453 Loop 546123     42.53857     0.20632     1.98022     4.43210
     454 Loop 645123     37.24268     0.23566     1.98022     4.43210
     455 Loop 564123     34.59814     0.25367     1.98022     4.43210
     456 Loop 654123     33.39795     0.26279     1.98022     4.43210
     457 Loop 345162     27.44189     0.31982     1.98022     4.43210
     458 Loop 346152     28.71777     0.30561     1.98022     4.43210
     459 Loop 354162     26.58594     0.33012     1.98022     4.43210
     460 Loop 364152     15.63721     0.56126     1.98022     4.43210
     461 Loop 356142     15.60059     0.56258     1.98022     4.43210
     462 Loop 365142     12.95264     0.67759     1.98022     4.43210
     463 Loop 435162     32.14990     0.27299     1.98022     4.43210
     464 Loop 436152     26.60938     0.32983     1.98022     4.43210
     465 Loop 534162     31.80176     0.27598     1.98022     4.43210
     466 Loop 634152     14.76123     0.59457     1.98022     4.43210
     467 Loop 536142     15.01318     0.58459     1.98022     4.43210
     468 Loop 635142     13.64062     0.64341     1.98022     4.43210
     469 Loop 453162     33.67432     0.26063     1.98022     4.43210
     470 Loop 463152     33.31787     0.26342     1.98022     4.43210
     471 Loop 543162     32.99414     0.26600     1.98022     4.43210
     472 Loop 643152     30.88184     0.28420     1.98022     4.43210
     473 Loop 563142     14.74463     0.59524     1.98022     4.43210
     474 Loop 653142     14.57666     0.60210     1.98022     4.43210
     475 Loop 456132     38.23877     0.22952     1.98022     4.43210
     476 Loop 465132     37.19043     0.23599     1.98022     4.43210
     477 Loop 546132     35.27002     0.24884     1.98022     4.43210
     478 Loop 645132     37.55029     0.23373     1.98022     4.43210
     479 Loop 564132     35.89014     0.24454     1.98022     4.43210
     480 Loop 654132     38.51416     0.22788     1.98022     4.43210
     481 Loop 234516     10.01221     0.87658     1.98022     4.43210
     482 Loop 234615      4.71631     1.86089     1.98022     4.43210
     483 Loop 235416      9.44482     0.92924     1.98022     4.43210
     484 Loop 236415      4.58838     1.91278     1.98022     4.43210
     485 Loop 235614      3.71191     2.36443     1.98022     4.43210
     486 Loop 236514      3.78857     2.31658     1.98022     4.43210
     487 Loop 243516     22.82910     0.38445     1.98022     4.43210
     488 Loop 243615     16.55713     0.53008     1.98022     4.43210
     489 Loop 253416     11.53271     0.76101     1.98022     4.43210
     490 Loop 263415     11.47266     0.76500     1.98022     4.43210
     491 Loop 253614      7.21240     1.21687     1.98022     4.43210
     492 Loop 263514     11.22070     0.78217     1.98022     4.43210
     493 Loop 245316     25.74561     0.34089     1.98022     4.43210
     494 Loop 246315     19.12549     0.45889     1.98022     4.43210
     495 Loop 254316     26.12988     0.33588     1.98022     4.43210
     496 Loop 264315     11.38086     0.77117     1.98022     4.43210
     497 Loop 256314     11.34082     0.77389     1.98022     4.43210
     498 Loop 265314     10.36475     0.84677     1.98022     4.43210
     499 Loop 245613     25.73389     0.34105     1.98022     4.43210
     500 Loop 246513     28.64990     0.30634     1.98022     4.43210
     501 Loop 254613     24.54932     0.35751     1.98022     4.43210
     502 Loop 264513     14.64111     0.59945     1.98022     4.43210
     503 Loop 256413     13.34082     0.65787     1.98022     4.43210
     504 Loop 265413     12.36084     0.71003     1.98022     4.43210
     505 Loop 324516      9.97656     0.87972     1.98022     4.43210
     506 Loop 324615      4.70020     1.86727     1.98022     4.43210
     507 Loop 325416      9.38037     0.93563     1.98022     4.43210
     508 Loop 326415      4.31250     2.03514     1.98022     4.43210
     509 Loop 325614      3.69238     2.37693     1.98022     4.43210
     510 Loop 326514      3.74414     2.34408     1.98022     4.43210
     511 Loop 423516     25.28955     0.34704     1.98022     4.43210
     512 Loop 423615     18.63721     0.47092     1.98022     4.43210
     513 Loop 523416     11.24463     0.78051     1.98022     4.43210
     514 Loop 623415     10.26074     0.85535     1.98022     4.43210
     515 Loop 523614      6.47656     1.35512     1.98022     4.43210
     516 Loop 623514     10.88037     0.80664     1.98022     4.43210
     517 Loop 425316     26.16943     0.33537     1.98022     4.43210
     518 Loop 426315     20.08154     0.43705     1.98022     4.43210
     519 Loop 524316     24.73779     0.35478     1.98022     4.43210
     520 Loop 624315     10.31299     0.85102     1.98022     4.43210
     521 Loop 526314     11.16064     0.78638     1.98022     4.43210
     522 Loop 625314      9.96484     0.88075     1.98022     4.43210
     523 Loop 425613     23.67725     0.37067     1.98022     4.43210
     524 Loop 426513     41.07080     0.21369     1.98022     4.43210
     525 Loop 524613     24.13379     0.36366     1.98022     4.43210
     526 Loop 624513     15.08887     0.58166     1.98022     4.43210
     527 Loop 526413     12.89258     0.68074     1.98022     4.43210
     528 Loop 625413     12.46484     0.70410     1.98022     4.43210
     529 Loop 342516     22.47754     0.39046     1.98022     4.43210
     530 Loop 342615     16.43701     0.53395     1.98022     4.43210
     531 Loop 352416     10.86865     0.80751     1.98022     4.43210
     532 Loop 362415      9.80859     0.89478     1.98022     4.43210
     533 Loop 352614      6.56445     1.33698     1.98022     4.43210
     534 Loop 362514     10.44873     0.83996     1.98022     4.43210
     535 Loop 432516     25.70166     0.34148     1.98022     4.43210
     536 Loop 432615     17.66895     0.49672     1.98022     4.43210
     537 Loop 532416     11.28467     0.77774     1.98022     4.43210
     538 Loop 632415     10.47656     0.83773     1.98022     4.43210
     539 Loop 532614      6.95215     1.26242     1.98022     4.43210
     540 Loop 632514     10.73682     0.81743     1.98022     4.43210
     541 Loop 452316     24.68164     0.35559     1.98022     4.43210
     542 Loop 462315     22.25342     0.39439     1.98022     4.43210
     543 Loop 542316     27.88184     0.31478     1.98022     4.43210
     544 Loop 642315     21.69727     0.40450     1.98022     4.43210
     545 Loop 562314     12.12109     0.72407     1.98022     4.43210
     546 Loop 652314     12.14062     0.72291     1.98022     4.43210
     547 Loop 452613     27.77783     0.31596     1.98022     4.43210
     548 Loop 462513     34.29395     0.25592     1.98022     4.43210
     549 Loop 542613     26.54150     0.33067     1.98022     4.43210
     550 Loop 642513     31.09814     0.28222     1.98022     4.43210
     551 Loop 562413     13.22510     0.66363     1.98022     4.43210
     552 Loop 652413     15.59277     0.56286     1.98022     4.43210
     553 Loop 345216     27.36230     0.32075     1.98022     4.43210
     554 Loop 346215     19.92578     0.44046     1.98022     4.43210
     555 Loop 354216     23.77344     0.36917     1.98022     4.43210
     556 Loop 364215     13.05273     0.67239     1.98022     4.43210
     557 Loop 356214     12.42480     0.70637     1.98022     4.43210
     558 Loop 365214     11.54492     0.76021     1.98022     4.43210
     559 Loop 435216     27.32129     0.32123     1.98022     4.43210
     560 Loop 436215     20.48145     0.42851     1.98022     4.43210
     561 Loop 534216     22.53320     0.38949     1.98022     4.43210
     562 Loop 634215     13.94043     0.62958     1.98022     4.43210
     563 Loop 536214     12.50879     0.70163     1.98022     4.43210
     564 Loop 635214     10.86816     0.80755     1.98022     4.43210
     565 Loop 453216     27.96094     0.31389     1.98022     4.43210
     566 Loop 463215     23.06152     0.38057     1.98022     4.43210
     567 Loop 543216     25.22949     0.34787     1.98022     4.43210
     568 Loop 643215     21.88184     0.40109     1.98022     4.43210
     569 Loop 563214     11.47656     0.76474     1.98022     4.43210
     570 Loop 653214     11.46484     0.76552     1.98022     4.43210
     571 Loop 456213     34.77832     0.25236     1.98022     4.43210
     572 Loop 465213     38.91895     0.22551     1.98022     4.43210
     573 Loop 546213     35.45410     0.24755     1.98022     4.43210
     574 Loop 645213     37.43066     0.23447     1.98022     4.43210
     575 Loop 564213     33.85449     0.25924     1.98022     4.43210
     576 Loop 654213     31.39844     0.27952     1.98022     4.43210
     577 Loop 345612     25.80957     0.34005     1.98022     4.43210
     578 Loop 346512     26.03809     0.33707     1.98022     4.43210
     579 Loop 354612     24.64551     0.35611     1.98022     4.43210
     580 Loop 364512     13.07715     0.67114     1.98022     4.43210
     581 Loop 356412     11.81250     0.74299     1.98022     4.43210
     582 Loop 365412     12.39258     0.70821     1.98022     4.43210
     583 Loop 435612     23.18066     0.37862     1.98022     4.43210
     584 Loop 436512     29.84180     0.29410     1.98022     4.43210
     585 Loop 534612     26.78516     0.32766     1.98022     4.43210
     586 Loop 634512     14.26465     0.61527     1.98022     4.43210
     587 Loop 536412     14.15625     0.61998     1.98022     4.43210
     588 Loop 635412     14.53223     0.60394     1.98022     4.43210
     589 Loop 453612     31.09766     0.28223     1.98022     4.43210
     590 Loop 463512     32.66211     0.26871     1.98022     4.43210
     591 Loop 543612     29.48242     0.29769     1.98022     4.43210
     592 Loop 643512     34.64160     0.25335     1.98022     4.43210
     593 Loop 563412     15.10059     0.58121     1.98022     4.43210
     594 Loop 653412     15.05762     0.58286     1.98022     4.43210
     595 Loop 456312     36.14648     0.24281     1.98022     4.43210
     596 Loop 465312     34.11816     0.25724     1.98022     4.43210
     597 Loop 546312     33.69434     0.26048     1.98022     4.43210
     598 Loop 645312     31.25391     0.28081     1.98022     4.43210
     599 Loop 564312     29.50586     0.29745     1.98022     4.43210
     600 Loop 654312     30.18945     0.29072     1.98022     4.43210
     601 Loop 234561      7.28809     1.20423     1.98022     4.43210
     602 Loop 234651      6.43164     1.36459     1.98022     4.43210
     603 Loop 235461      6.98047     1.25730     1.98022     4.43210
     604 Loop 236451      6.33594     1.38520     1.98022     4.43210
     605 Loop 235641      6.16797     1.42292     1.98022     4.43210
     606 Loop 236541      6.39160     1.37314     1.98022     4.43210
     607 Loop 243561     20.10938     0.43644     1.98022     4.43210
     608 Loop 243651     19.86133     0.44189     1.98022     4.43210
     609 Loop 253461      8.79590     0.99780     1.98022     4.43210
     610 Loop 263451     11.46484     0.76552     1.98022     4.43210
     611 Loop 253641      7.98828     1.09868     1.98022     4.43210
     612 Loop 263541     11.06055     0.79350     1.98022     4.43210
     613 Loop 245361     21.41699     0.40979     1.98022     4.43210
     614 Loop 246351     23.10156     0.37991     1.98022     4.43210
     615 Loop 254361     23.72559     0.36992     1.98022     4.43210
     616 Loop 264351     13.15234     0.66730     1.98022     4.43210
     617 Loop 256341     11.98438     0.73233     1.98022     4.43210
     618 Loop 265341     11.28809     0.77751     1.98022     4.43210
     619 Loop 245631     21.70508     0.40435     1.98022     4.43210
     620 Loop 246531     24.86621     0.35295     1.98022     4.43210
     621 Loop 254631     25.32520     0.34655     1.98022     4.43210
     622 Loop 264531     13.97656     0.62795     1.98022     4.43210
     623 Loop 256431     12.90527     0.68007     1.98022     4.43210
     624 Loop 265431     12.52051     0.70097     1.98022     4.43210
     625 Loop 324561      7.72070     1.13675     1.98022     4.43210
     626 Loop 324651      6.97656     1.25800     1.98022     4.43210
     627 Loop 325461      7.36035     1.19241     1.98022     4.43210
     628 Loop 326451      6.74805     1.30061     1.98022     4.43210
     629 Loop 325641      6.62402     1.32496     1.98022     4.43210
     630 Loop 326541      7.00391     1.25309     1.98022     4.43210
     631 Loop 423561     24.90527     0.35240     1.98022     4.43210
     632 Loop 423651     24.11719     0.36391     1.98022     4.43210
     633 Loop 523461      9.00000     0.97517     1.98022     4.43210
     634 Loop 623451     11.34082     0.77389     1.98022     4.43210
     635 Loop 523641      8.20410     1.06978     1.98022     4.43210
     636 Loop 623541     11.51660     0.76208     1.98022     4.43210
     637 Loop 425361     24.07715     0.36452     1.98022     4.43210
     638 Loop 426351     24.66602     0.35582     1.98022     4.43210
     639 Loop 524361     22.42090     0.39144     1.98022     4.43210
     640 Loop 624351     13.03320     0.67340     1.98022     4.43210
     641 Loop 526341     12.08008     0.72653     1.98022     4.43210
     642 Loop 625341     11.42480     0.76820     1.98022     4.43210
     643 Loop 425631     23.66113     0.37093     1.98022     4.43210
     644 Loop 426531     24.58203     0.35703     1.98022     4.43210
     645 Loop 524631     23.63379     0.37136     1.98022     4.43210
     646 Loop 624531     14.02930     0.62559     1.98022     4.43210
     647 Loop 526431     12.75684     0.68799     1.98022     4.43210
     648 Loop 625431     10.04004     0.87415     1.98022     4.43210
     649 Loop 342561     21.08984     0.41615     1.98022     4.43210
     650 Loop 342651     19.26074     0.45567     1.98022     4.43210
     651 Loop 352461      8.45605     1.03790     1.98022     4.43210
     652 Loop 362451     11.10840     0.79008     1.98022     4.43210
     653 Loop 352641      7.82910     1.12102     1.98022     4.43210
     654 Loop 362541     11.53711     0.76072     1.98022     4.43210
     655 Loop 432561     24.84961     0.35319     1.98022     4.43210
     656 Loop 432651     20.24512     0.43351     1.98022     4.43210
     657 Loop 532461      8.76465     1.00136     1.98022     4.43210
     658 Loop 632451     10.66113     0.82323     1.98022     4.43210
     659 Loop 532641      7.76465     1.13032     1.98022     4.43210
     660 Loop 632541     11.28125     0.77798     1.98022     4.43210
     661 Loop 452361     25.91797     0.33863     1.98022     4.43210
     662 Loop 462351     28.09375     0.31240     1.98022     4.43210
     663 Loop 542361     26.18945     0.33512     1.98022     4.43210
     664 Loop 642351     27.34570     0.32095     1.98022     4.43210
     665 Loop 562341     13.49316     0.65044     1.98022     4.43210
     666 Loop 652341     13.60059     0.64531     1.98022     4.43210
     667 Loop 452631     23.06152     0.38057     1.98022     4.43210
     668 Loop 462531     29.43359     0.29818     1.98022     4.43210
     669 Loop 542631     26.35742     0.33298     1.98022     4.43210
     670 Loop 642531     29.49414     0.29757     1.98022     4.43210
     671 Loop 562431     13.62012     0.64438     1.98022     4.43210
     672 Loop 652431     13.81348     0.63536     1.98022     4.43210
     673 Loop 345261     22.68555     0.38688     1.98022     4.43210
     674 Loop 346251     22.98145     0.38190     1.98022     4.43210
     675 Loop 354261     21.82129     0.40220     1.98022     4.43210
     676 Loop 364251     11.64062     0.75396     1.98022     4.43210
     677 Loop 356241     11.76074     0.74626     1.98022     4.43210
     678 Loop 365241     10.09668     0.86925     1.98022     4.43210
     679 Loop 435261     22.96973     0.38209     1.98022     4.43210
     680 Loop 436251     28.79395     0.30481     1.98022     4.43210
     681 Loop 534261     26.24609     0.33439     1.98022     4.43210
     682 Loop 634251     12.24121     0.71697     1.98022     4.43210
     683 Loop 536241     13.32129     0.65884     1.98022     4.43210
     684 Loop 635241     13.78418     0.63671     1.98022     4.43210
     685 Loop 453261     27.72559     0.31655     1.98022     4.43210
     686 Loop 463251     29.57715     0.29673     1.98022     4.43210
     687 Loop 543261     22.52930     0.38956     1.98022     4.43210
     688 Loop 643251     29.35840     0.29895     1.98022     4.43210
     689 Loop 563241     13.04102     0.67300     1.98022     4.43210
     690 Loop 653241     12.94922     0.67777     1.98022     4.43210
     691 Loop 456231     30.12207     0.29137     1.98022     4.43210
     692 Loop 465231     28.10254     0.31230     1.98022     4.43210
     693 Loop 546231     28.60156     0.30686     1.98022     4.43210
     694 Loop 645231     26.72168     0.32844     1.98022     4.43210
     695 Loop 564231     27.78516     0.31587     1.98022     4.43210
     696 Loop 654231     33.33008     0.26332     1.98022     4.43210
     697 Loop 345621     26.55371     0.33052     1.98022     4.43210
     698 Loop 346521     23.95703     0.36635     1.98022     4.43210
     699 Loop 354621     25.82227     0.33988     1.98022     4.43210
     700 Loop 364521     14.03223     0.62546     1.98022     4.43210
     701 Loop 356421     12.52148     0.70092     1.98022     4.43210
     702 Loop 365421     12.05664     0.72794     1.98022     4.43210
     703 Loop 435621     22.50195     0.39003     1.98022     4.43210
     704 Loop 436521     26.35742     0.33298     1.98022     4.43210
     705 Loop 534621     23.36133     0.37569     1.98022     4.43210
     706 Loop 634521     12.85254     0.68286     1.98022     4.43210
     707 Loop 536421     12.08398     0.72630     1.98022     4.43210
     708 Loop 635421     11.54883     0.75995     1.98022     4.43210
     709 Loop 453621     23.22070     0.37796     1.98022     4.43210
     710 Loop 463521     27.60156     0.31797     1.98022     4.43210
     711 Loop 543621     22.76465     0.38553     1.98022     4.43210
     712 Loop 643521     33.45410     0.26235     1.98022     4.43210
     713 Loop 563421     14.85645     0.59076     1.98022     4.43210
     714 Loop 653421     12.78809     0.68631     1.98022     4.43210
     715 Loop 456321     35.77441     0.24533     1.98022     4.43210
     716 Loop 465321     36.43066     0.24091     1.98022     4.43210
     717 Loop 546321     32.50977     0.26997     1.98022     4.43210
     718 Loop 645321     34.30566     0.25583     1.98022     4.43210
     719 Loop 564321     31.61719     0.27759     1.98022     4.43210
     720 Loop 654321     32.77832     0.26775     1.98022     4.43210
 The best time is:    1.980225    
 The speedup is:      4.432097    
