 TESTING TRANPOSE TYPE 362514
 Hirata Reference =    2.664166     seconds
 Algorithm         Jeff           Speedup          Best
       1 Loop 123456      1.06407     2.50376     1.06407     2.50376
       2 Loop 123465      1.24408     2.14148     1.06407     2.50376
       3 Loop 123546      1.37209     1.94169     1.06407     2.50376
       4 Loop 123645      1.36808     1.94737     1.06407     2.50376
       5 Loop 123564      1.33608     1.99401     1.06407     2.50376
       6 Loop 123654      1.49209     1.78552     1.06407     2.50376
       7 Loop 124356      1.37209     1.94169     1.06407     2.50376
       8 Loop 124365      1.68410     1.58195     1.06407     2.50376
       9 Loop 125346      1.40009     1.90286     1.06407     2.50376
      10 Loop 126345      1.51610     1.75726     1.06407     2.50376
      11 Loop 125364      1.33608     1.99401     1.06407     2.50376
      12 Loop 126354      1.61610     1.64851     1.06407     2.50376
      13 Loop 124536      1.39209     1.91379     1.06407     2.50376
      14 Loop 124635      1.74811     1.52403     1.06407     2.50376
      15 Loop 125436      1.48009     1.80000     1.06407     2.50376
      16 Loop 126435      1.78411     1.49327     1.06407     2.50376
      17 Loop 125634      1.26008     2.11429     1.06407     2.50376
      18 Loop 126534      1.48409     1.79515     1.06407     2.50376
      19 Loop 124563      1.76011     1.51364     1.06407     2.50376
      20 Loop 124653      1.70011     1.56706     1.06407     2.50376
      21 Loop 125463      1.69210     1.57447     1.06407     2.50376
      22 Loop 126453      1.79612     1.48329     1.06407     2.50376
      23 Loop 125643      1.65210     1.61259     1.06407     2.50376
      24 Loop 126543      1.77611     1.50000     1.06407     2.50376
      25 Loop 132456      0.99206     2.68548     0.99206     2.68548
      26 Loop 132465      1.29608     2.05555     0.99206     2.68548
      27 Loop 132546      1.38808     1.91931     0.99206     2.68548
      28 Loop 132645      1.27608     2.08777     0.99206     2.68548
      29 Loop 132564      1.37609     1.93604     0.99206     2.68548
      30 Loop 132654      1.41209     1.88669     0.99206     2.68548
      31 Loop 142356      2.00013     1.33200     0.99206     2.68548
      32 Loop 142365      2.26814     1.17460     0.99206     2.68548
      33 Loop 152346      1.91212     1.39331     0.99206     2.68548
      34 Loop 162345      3.17620     0.83879     0.99206     2.68548
      35 Loop 152364      1.58410     1.68182     0.99206     2.68548
      36 Loop 162354      3.12420     0.85275     0.99206     2.68548
      37 Loop 142536      1.98812     1.34004     0.99206     2.68548
      38 Loop 142635      2.30415     1.15625     0.99206     2.68548
      39 Loop 152436      1.80811     1.47345     0.99206     2.68548
      40 Loop 162435      3.44021     0.77442     0.99206     2.68548
      41 Loop 152634      1.46809     1.81472     0.99206     2.68548
      42 Loop 162534      3.10419     0.85825     0.99206     2.68548
      43 Loop 142563      2.27615     1.17047     0.99206     2.68548
      44 Loop 142653      2.24414     1.18717     0.99206     2.68548
      45 Loop 152463      1.74010     1.53104     0.99206     2.68548
      46 Loop 162453      3.57223     0.74580     0.99206     2.68548
      47 Loop 152643      1.80412     1.47672     0.99206     2.68548
      48 Loop 162543      3.40822     0.78169     0.99206     2.68548
      49 Loop 134256      1.38809     1.91930     0.99206     2.68548
      50 Loop 134265      1.82812     1.45733     0.99206     2.68548
      51 Loop 135246      1.27208     2.09434     0.99206     2.68548
      52 Loop 136245      1.42809     1.86555     0.99206     2.68548
      53 Loop 135264      1.31608     2.02432     0.99206     2.68548
      54 Loop 136254      1.56010     1.70769     0.99206     2.68548
      55 Loop 143256      1.76411     1.51021     0.99206     2.68548
      56 Loop 143265      2.16413     1.23106     0.99206     2.68548
      57 Loop 153246      1.86812     1.42612     0.99206     2.68548
      58 Loop 163245      3.32421     0.80144     0.99206     2.68548
      59 Loop 153264      1.45609     1.82967     0.99206     2.68548
      60 Loop 163254      3.06819     0.86832     0.99206     2.68548
      61 Loop 145236      2.21214     1.20434     0.99206     2.68548
      62 Loop 146235      2.50816     1.06220     0.99206     2.68548
      63 Loop 154236      2.08813     1.27586     0.99206     2.68548
      64 Loop 164235      3.70023     0.72000     0.99206     2.68548
      65 Loop 156234      1.34009     1.98805     0.99206     2.68548
      66 Loop 165234      3.42822     0.77713     0.99206     2.68548
      67 Loop 145263      2.38815     1.11558     0.99206     2.68548
      68 Loop 146253      2.43214     1.09540     0.99206     2.68548
      69 Loop 154263      2.11612     1.25899     0.99206     2.68548
      70 Loop 164253      3.68823     0.72234     0.99206     2.68548
      71 Loop 156243      1.89613     1.40505     0.99206     2.68548
      72 Loop 165243      3.53622     0.75339     0.99206     2.68548
      73 Loop 134526      1.58411     1.68181     0.99206     2.68548
      74 Loop 134625      1.76811     1.50679     0.99206     2.68548
      75 Loop 135426      1.50009     1.77600     0.99206     2.68548
      76 Loop 136425      1.58411     1.68181     0.99206     2.68548
      77 Loop 135624      1.26407     2.10761     0.99206     2.68548
      78 Loop 136524      1.45609     1.82968     0.99206     2.68548
      79 Loop 143526      2.28813     1.16434     0.99206     2.68548
      80 Loop 143625      2.23215     1.19354     0.99206     2.68548
      81 Loop 153426      1.76811     1.50679     0.99206     2.68548
      82 Loop 163425      3.56021     0.74832     0.99206     2.68548
      83 Loop 153624      1.31609     2.02431     0.99206     2.68548
      84 Loop 163524      3.06020     0.87059     0.99206     2.68548
      85 Loop 145326      2.24814     1.18505     0.99206     2.68548
      86 Loop 146325      2.62418     1.01524     0.99206     2.68548
      87 Loop 154326      2.09213     1.27342     0.99206     2.68548
      88 Loop 164325      3.79224     0.70253     0.99206     2.68548
      89 Loop 156324      1.37608     1.93605     0.99206     2.68548
      90 Loop 165324      3.27222     0.81418     0.99206     2.68548
      91 Loop 145623      2.75217     0.96802     0.99206     2.68548
      92 Loop 146523      2.72816     0.97654     0.99206     2.68548
      93 Loop 154623      2.48015     1.07420     0.99206     2.68548
      94 Loop 164523      4.08026     0.65294     0.99206     2.68548
      95 Loop 156423      2.13213     1.24954     0.99206     2.68548
      96 Loop 165423      3.85623     0.69087     0.99206     2.68548
      97 Loop 134562      1.77211     1.50339     0.99206     2.68548
      98 Loop 134652      1.72011     1.54884     0.99206     2.68548
      99 Loop 135462      1.83211     1.45415     0.99206     2.68548
     100 Loop 136452      1.62810     1.63637     0.99206     2.68548
     101 Loop 135642      1.40009     1.90286     0.99206     2.68548
     102 Loop 136542      1.49609     1.78075     0.99206     2.68548
     103 Loop 143562      2.28415     1.16637     0.99206     2.68548
     104 Loop 143652      2.16814     1.22878     0.99206     2.68548
     105 Loop 153462      1.76410     1.51021     0.99206     2.68548
     106 Loop 163452      3.78023     0.70476     0.99206     2.68548
     107 Loop 153642      1.42809     1.86555     0.99206     2.68548
     108 Loop 163542      3.47221     0.76728     0.99206     2.68548
     109 Loop 145362      2.20015     1.21090     0.99206     2.68548
     110 Loop 146352      2.33615     1.14041     0.99206     2.68548
     111 Loop 154362      2.16412     1.23106     0.99206     2.68548
     112 Loop 164352      3.88425     0.68589     0.99206     2.68548
     113 Loop 156342      1.62811     1.63635     0.99206     2.68548
     114 Loop 165342      3.62823     0.73429     0.99206     2.68548
     115 Loop 145632      2.71216     0.98230     0.99206     2.68548
     116 Loop 146532      2.90018     0.91862     0.99206     2.68548
     117 Loop 154632      2.47615     1.07593     0.99206     2.68548
     118 Loop 164532      4.05626     0.65680     0.99206     2.68548
     119 Loop 156432      2.20012     1.21092     0.99206     2.68548
     120 Loop 165432      3.93625     0.67683     0.99206     2.68548
     121 Loop 213456      1.03607     2.57141     0.99206     2.68548
     122 Loop 213465      1.18008     2.25761     0.99206     2.68548
     123 Loop 213546      1.09207     2.43955     0.99206     2.68548
     124 Loop 213645      1.31210     2.03045     0.99206     2.68548
     125 Loop 213564      1.11209     2.39564     0.99206     2.68548
     126 Loop 213654      1.04407     2.55172     0.99206     2.68548
     127 Loop 214356      1.22009     2.18358     0.99206     2.68548
     128 Loop 214365      1.71210     1.55608     0.99206     2.68548
     129 Loop 215346      1.02005     2.61180     0.99206     2.68548
     130 Loop 216345      1.41211     1.88666     0.99206     2.68548
     131 Loop 215364      1.16006     2.29657     0.99206     2.68548
     132 Loop 216354      1.06006     2.51323     0.99206     2.68548
     133 Loop 214536      1.27609     2.08775     0.99206     2.68548
     134 Loop 214635      1.64410     1.62044     0.99206     2.68548
     135 Loop 215436      1.27609     2.08775     0.99206     2.68548
     136 Loop 216435      1.61209     1.65262     0.99206     2.68548
     137 Loop 215634      0.97604     2.72956     0.97604     2.72956
     138 Loop 216534      1.12405     2.37014     0.97604     2.72956
     139 Loop 214563      1.70010     1.56706     0.97604     2.72956
     140 Loop 214653      1.70410     1.56338     0.97604     2.72956
     141 Loop 215463      1.54410     1.72539     0.97604     2.72956
     142 Loop 216453      1.78012     1.49662     0.97604     2.72956
     143 Loop 215643      1.56412     1.70330     0.97604     2.72956
     144 Loop 216543      1.69611     1.57075     0.97604     2.72956
     145 Loop 312456      0.96008     2.77493     0.96008     2.77493
     146 Loop 312465      1.10806     2.40435     0.96008     2.77493
     147 Loop 312546      1.16010     2.29651     0.96008     2.77493
     148 Loop 312645      1.22006     2.18363     0.96008     2.77493
     149 Loop 312564      1.04407     2.55172     0.96008     2.77493
     150 Loop 312654      0.98004     2.71842     0.96008     2.77493
     151 Loop 412356      5.78036     0.46090     0.96008     2.77493
     152 Loop 412365      5.82034     0.45773     0.96008     2.77493
     153 Loop 512346      1.98813     1.34004     0.96008     2.77493
     154 Loop 612345      3.39221     0.78538     0.96008     2.77493
     155 Loop 512364      1.25211     2.12775     0.96008     2.77493
     156 Loop 612354      3.35620     0.79380     0.96008     2.77493
     157 Loop 412536      5.58835     0.47674     0.96008     2.77493
     158 Loop 412635      5.66034     0.47067     0.96008     2.77493
     159 Loop 512436      2.00412     1.32934     0.96008     2.77493
     160 Loop 612435      3.71625     0.71690     0.96008     2.77493
     161 Loop 512634      1.07608     2.47581     0.96008     2.77493
     162 Loop 612534      3.32022     0.80241     0.96008     2.77493
     163 Loop 412563      5.94437     0.44818     0.96008     2.77493
     164 Loop 412653      5.82034     0.45773     0.96008     2.77493
     165 Loop 512463      1.61609     1.64853     0.96008     2.77493
     166 Loop 612453      4.08426     0.65230     0.96008     2.77493
     167 Loop 512643      1.56808     1.69899     0.96008     2.77493
     168 Loop 612543      3.89624     0.68378     0.96008     2.77493
     169 Loop 314256      1.09607     2.43065     0.96008     2.77493
     170 Loop 314265      1.68011     1.58570     0.96008     2.77493
     171 Loop 315246      0.93207     2.85834     0.93207     2.85834
     172 Loop 316245      1.40408     1.89744     0.93207     2.85834
     173 Loop 315264      1.00806     2.64287     0.93207     2.85834
     174 Loop 316254      1.18808     2.24241     0.93207     2.85834
     175 Loop 413256      5.62436     0.47368     0.93207     2.85834
     176 Loop 413265      5.67233     0.46968     0.93207     2.85834
     177 Loop 513246      1.99213     1.33735     0.93207     2.85834
     178 Loop 613245      3.46021     0.76994     0.93207     2.85834
     179 Loop 513264      1.20007     2.22000     0.93207     2.85834
     180 Loop 613254      3.30820     0.80532     0.93207     2.85834
     181 Loop 415236      5.73233     0.46476     0.93207     2.85834
     182 Loop 416235      5.84436     0.45585     0.93207     2.85834
     183 Loop 514236      2.06015     1.29319     0.93207     2.85834
     184 Loop 614235      3.80823     0.69958     0.93207     2.85834
     185 Loop 516234      1.22406     2.17650     0.93207     2.85834
     186 Loop 615234      3.65622     0.72867     0.93207     2.85834
     187 Loop 415263      6.14838     0.43331     0.93207     2.85834
     188 Loop 416253      6.03238     0.44164     0.93207     2.85834
     189 Loop 514263      2.04013     1.30588     0.93207     2.85834
     190 Loop 614253      4.22424     0.63068     0.93207     2.85834
     191 Loop 516243      1.99213     1.33735     0.93207     2.85834
     192 Loop 615243      4.14825     0.64224     0.93207     2.85834
     193 Loop 314526      1.44809     1.83978     0.93207     2.85834
     194 Loop 314625      1.79211     1.48660     0.93207     2.85834
     195 Loop 315426      4.93231     0.54015     0.93207     2.85834
     196 Loop 316425      4.08426     0.65230     0.93207     2.85834
     197 Loop 315624      2.18015     1.22201     0.93207     2.85834
     198 Loop 316524      2.31613     1.15027     0.93207     2.85834
     199 Loop 413526      6.44839     0.41315     0.93207     2.85834
     200 Loop 413625      6.14038     0.43388     0.93207     2.85834
     201 Loop 513426      2.14413     1.24254     0.93207     2.85834
     202 Loop 613425      3.57220     0.74580     0.93207     2.85834
     203 Loop 513624      1.12006     2.37860     0.93207     2.85834
     204 Loop 613524      3.40424     0.78260     0.93207     2.85834
     205 Loop 415326      5.74036     0.46411     0.93207     2.85834
     206 Loop 416325      6.10437     0.43644     0.93207     2.85834
     207 Loop 514326      2.05612     1.29572     0.93207     2.85834
     208 Loop 614325      3.88425     0.68589     0.93207     2.85834
     209 Loop 516324      1.19608     2.22742     0.93207     2.85834
     210 Loop 615324      3.54022     0.75254     0.93207     2.85834
     211 Loop 415623      5.96036     0.44698     0.93207     2.85834
     212 Loop 416523      5.96436     0.44668     0.93207     2.85834
     213 Loop 514623      2.46014     1.08293     0.93207     2.85834
     214 Loop 614523      4.28827     0.62127     0.93207     2.85834
     215 Loop 516423      2.12408     1.25427     0.93207     2.85834
     216 Loop 615423      4.30029     0.61953     0.93207     2.85834
     217 Loop 314562      1.84009     1.44785     0.93207     2.85834
     218 Loop 314652      1.55212     1.71646     0.93207     2.85834
     219 Loop 315462      1.71606     1.55249     0.93207     2.85834
     220 Loop 316452      1.50415     1.77121     0.93207     2.85834
     221 Loop 315642      1.25208     2.12780     0.93207     2.85834
     222 Loop 316542      1.40009     1.90286     0.93207     2.85834
     223 Loop 413562      5.91235     0.45061     0.93207     2.85834
     224 Loop 413652      5.78033     0.46090     0.93207     2.85834
     225 Loop 513462      1.80011     1.48000     0.93207     2.85834
     226 Loop 613452      4.12823     0.64535     0.93207     2.85834
     227 Loop 513642      1.23212     2.16227     0.93207     2.85834
     228 Loop 613542      3.94025     0.67614     0.93207     2.85834
     229 Loop 415362      5.86438     0.45430     0.93207     2.85834
     230 Loop 416352      5.84833     0.45554     0.93207     2.85834
     231 Loop 514362      1.99213     1.33735     0.93207     2.85834
     232 Loop 614352      4.20026     0.63429     0.93207     2.85834
     233 Loop 516342      1.66016     1.60477     0.93207     2.85834
     234 Loop 615342      4.13226     0.64472     0.93207     2.85834
     235 Loop 415632      5.71637     0.46606     0.93207     2.85834
     236 Loop 416532      5.82037     0.45773     0.93207     2.85834
     237 Loop 514632      2.75214     0.96804     0.93207     2.85834
     238 Loop 614532      4.58832     0.58064     0.93207     2.85834
     239 Loop 516432      2.26819     1.17458     0.93207     2.85834
     240 Loop 615432      4.51233     0.59042     0.93207     2.85834
     241 Loop 231456      0.92004     2.89569     0.92004     2.89569
     242 Loop 231465      1.09607     2.43065     0.92004     2.89569
     243 Loop 231546      1.09607     2.43065     0.92004     2.89569
     244 Loop 231645      1.10010     2.42175     0.92004     2.89569
     245 Loop 231564      0.98407     2.70729     0.92004     2.89569
     246 Loop 231654      1.06006     2.51323     0.92004     2.89569
     247 Loop 241356      1.37610     1.93603     0.92004     2.89569
     248 Loop 241365      1.99213     1.33735     0.92004     2.89569
     249 Loop 251346      1.20007     2.22000     0.92004     2.89569
     250 Loop 261345      1.70813     1.55970     0.92004     2.89569
     251 Loop 251364      0.97607     2.72947     0.92004     2.89569
     252 Loop 261354      1.58411     1.68181     0.92004     2.89569
     253 Loop 241536      1.53210     1.73889     0.92004     2.89569
     254 Loop 241635      2.02014     1.31880     0.92004     2.89569
     255 Loop 251436      1.38409     1.92484     0.92004     2.89569
     256 Loop 261435      1.88812     1.41101     0.92004     2.89569
     257 Loop 251634      0.94806     2.81013     0.92004     2.89569
     258 Loop 261534      1.37207     1.94171     0.92004     2.89569
     259 Loop 241563      1.86011     1.43226     0.92004     2.89569
     260 Loop 241653      1.94812     1.36756     0.92004     2.89569
     261 Loop 251463      1.69611     1.57075     0.92004     2.89569
     262 Loop 261453      2.06409     1.29072     0.92004     2.89569
     263 Loop 251643      1.54413     1.72535     0.92004     2.89569
     264 Loop 261543      2.04010     1.30590     0.92004     2.89569
     265 Loop 321456      1.02008     2.61172     0.92004     2.89569
     266 Loop 321465      1.20807     2.20531     0.92004     2.89569
     267 Loop 321546      0.91205     2.92108     0.91205     2.92108
     268 Loop 321645      1.16809     2.28079     0.91205     2.92108
     269 Loop 321564      0.99207     2.68547     0.91205     2.92108
     270 Loop 321654      0.90405     2.94691     0.90405     2.94691
     271 Loop 421356      5.74438     0.46379     0.90405     2.94691
     272 Loop 421365      5.78436     0.46058     0.90405     2.94691
     273 Loop 521346      1.90411     1.39916     0.90405     2.94691
     274 Loop 621345      3.33624     0.79855     0.90405     2.94691
     275 Loop 521364      1.14807     2.32056     0.90405     2.94691
     276 Loop 621354      3.18018     0.83774     0.90405     2.94691
     277 Loop 421536      5.70837     0.46671     0.90405     2.94691
     278 Loop 421635      5.76434     0.46218     0.90405     2.94691
     279 Loop 521436      1.97614     1.34817     0.90405     2.94691
     280 Loop 621435      3.62421     0.73510     0.90405     2.94691
     281 Loop 521634      1.18805     2.24247     0.90405     2.94691
     282 Loop 621534      3.22015     0.82734     0.90405     2.94691
     283 Loop 421563      5.80835     0.45868     0.90405     2.94691
     284 Loop 421653      6.04840     0.44047     0.90405     2.94691
     285 Loop 521463      1.62006     1.64449     0.90405     2.94691
     286 Loop 621453      3.98425     0.66867     0.90405     2.94691
     287 Loop 521643      1.68011     1.58570     0.90405     2.94691
     288 Loop 621543      3.81622     0.69812     0.90405     2.94691
     289 Loop 341256      1.40405     1.89748     0.90405     2.94691
     290 Loop 341265      1.95209     1.36478     0.90405     2.94691
     291 Loop 351246      1.17206     2.27307     0.90405     2.94691
     292 Loop 361245      1.72809     1.54168     0.90405     2.94691
     293 Loop 351264      1.15210     2.31244     0.90405     2.94691
     294 Loop 361254      1.34406     1.98219     0.90405     2.94691
     295 Loop 431256      5.62836     0.47335     0.90405     2.94691
     296 Loop 431265      5.66431     0.47034     0.90405     2.94691
     297 Loop 531246      1.93213     1.37888     0.90405     2.94691
     298 Loop 631245      3.44818     0.77263     0.90405     2.94691
     299 Loop 531264      1.19208     2.23489     0.90405     2.94691
     300 Loop 631254      3.15222     0.84517     0.90405     2.94691
     301 Loop 451236      5.94037     0.44848     0.90405     2.94691
     302 Loop 461235      7.41650     0.35922     0.90405     2.94691
     303 Loop 541236      2.82422     0.94333     0.90405     2.94691
     304 Loop 641235      5.96039     0.44698     0.90405     2.94691
     305 Loop 561234      2.07214     1.28571     0.90405     2.94691
     306 Loop 651234      3.50024     0.76114     0.90405     2.94691
     307 Loop 451263      5.97235     0.44608     0.90405     2.94691
     308 Loop 461253      7.03644     0.37862     0.90405     2.94691
     309 Loop 541263      2.60815     1.02148     0.90405     2.94691
     310 Loop 641253      5.40833     0.49260     0.90405     2.94691
     311 Loop 561243      2.33209     1.14239     0.90405     2.94691
     312 Loop 651243      4.10022     0.64976     0.90405     2.94691
     313 Loop 341526      1.84009     1.44785     0.90405     2.94691
     314 Loop 341625      1.76013     1.51362     0.90405     2.94691
     315 Loop 351426      1.46808     1.81473     0.90405     2.94691
     316 Loop 361425      1.84015     1.44780     0.90405     2.94691
     317 Loop 351624      1.05609     2.52267     0.90405     2.94691
     318 Loop 361524      1.34808     1.97626     0.90405     2.94691
     319 Loop 431526      5.84436     0.45585     0.90405     2.94691
     320 Loop 431625      5.59637     0.47605     0.90405     2.94691
     321 Loop 531426      1.90814     1.39621     0.90405     2.94691
     322 Loop 631425      3.62823     0.73429     0.90405     2.94691
     323 Loop 531624      1.04407     2.55172     0.90405     2.94691
     324 Loop 631524      3.13220     0.85057     0.90405     2.94691
     325 Loop 451326      5.97241     0.44608     0.90405     2.94691
     326 Loop 461325      7.36047     0.36196     0.90405     2.94691
     327 Loop 541326      2.64417     1.00756     0.90405     2.94691
     328 Loop 641325      5.98438     0.44519     0.90405     2.94691
     329 Loop 561324      1.77209     1.50340     0.90405     2.94691
     330 Loop 651324      3.49622     0.76201     0.90405     2.94691
     331 Loop 451623      6.06042     0.43960     0.90405     2.94691
     332 Loop 461523      7.03241     0.37884     0.90405     2.94691
     333 Loop 541623      2.86816     0.92888     0.90405     2.94691
     334 Loop 641523      5.55237     0.47983     0.90405     2.94691
     335 Loop 561423      2.52814     1.05381     0.90405     2.94691
     336 Loop 651423      4.16431     0.63976     0.90405     2.94691
     337 Loop 341562      2.10010     1.26859     0.90405     2.94691
     338 Loop 341652      1.93213     1.37888     0.90405     2.94691
     339 Loop 351462      1.83209     1.45417     0.90405     2.94691
     340 Loop 361452      1.82812     1.45732     0.90405     2.94691
     341 Loop 351642      1.30811     2.03666     0.90405     2.94691
     342 Loop 361542      1.60809     1.65672     0.90405     2.94691
     343 Loop 431562      6.16437     0.43219     0.90405     2.94691
     344 Loop 431652      5.84442     0.45585     0.90405     2.94691
     345 Loop 531462      2.02417     1.31618     0.90405     2.94691
     346 Loop 631452      4.22424     0.63068     0.90405     2.94691
     347 Loop 531642      1.22009     2.18358     0.90405     2.94691
     348 Loop 631542      3.78821     0.70328     0.90405     2.94691
     349 Loop 451362      6.13239     0.43444     0.90405     2.94691
     350 Loop 461352      6.74445     0.39502     0.90405     2.94691
     351 Loop 541362      2.51611     1.05884     0.90405     2.94691
     352 Loop 641352      5.17230     0.51508     0.90405     2.94691
     353 Loop 561342      2.23615     1.19141     0.90405     2.94691
     354 Loop 651342      4.07623     0.65359     0.90405     2.94691
     355 Loop 451632      5.91235     0.45061     0.90405     2.94691
     356 Loop 461532      7.37646     0.36117     0.90405     2.94691
     357 Loop 541632      2.84015     0.93804     0.90405     2.94691
     358 Loop 641532      5.91638     0.45030     0.90405     2.94691
     359 Loop 561432      2.78821     0.95551     0.90405     2.94691
     360 Loop 651432      4.44427     0.59946     0.90405     2.94691
     361 Loop 234156      1.20807     2.20531     0.90405     2.94691
     362 Loop 234165      1.48004     1.80006     0.90405     2.94691
     363 Loop 235146      0.90405     2.94691     0.90405     2.94691
     364 Loop 236145      1.34406     1.98219     0.90405     2.94691
     365 Loop 235164      1.11609     2.38706     0.90405     2.94691
     366 Loop 236154      1.09204     2.43962     0.90405     2.94691
     367 Loop 243156      1.69214     1.57444     0.90405     2.94691
     368 Loop 243165      1.89215     1.40801     0.90405     2.94691
     369 Loop 253146      1.10809     2.40428     0.90405     2.94691
     370 Loop 263145      1.73615     1.53453     0.90405     2.94691
     371 Loop 253164      1.13605     2.34512     0.90405     2.94691
     372 Loop 263154      1.34406     1.98219     0.90405     2.94691
     373 Loop 245136      1.59607     1.66920     0.90405     2.94691
     374 Loop 246135      2.03613     1.30844     0.90405     2.94691
     375 Loop 254136      1.28009     2.08123     0.90405     2.94691
     376 Loop 264135      2.00818     1.32666     0.90405     2.94691
     377 Loop 256134      1.14807     2.32056     0.90405     2.94691
     378 Loop 265134      1.43610     1.85514     0.90405     2.94691
     379 Loop 245163      1.83215     1.45412     0.90405     2.94691
     380 Loop 246153      2.11615     1.25897     0.90405     2.94691
     381 Loop 254163      1.57611     1.69034     0.90405     2.94691
     382 Loop 264153      1.97217     1.35088     0.90405     2.94691
     383 Loop 256143      1.72009     1.54885     0.90405     2.94691
     384 Loop 265143      2.05212     1.29825     0.90405     2.94691
     385 Loop 324156      1.29205     2.06196     0.90405     2.94691
     386 Loop 324165      1.30011     2.04919     0.90405     2.94691
     387 Loop 325146      1.02008     2.61172     0.90405     2.94691
     388 Loop 326145      1.27209     2.09431     0.90405     2.94691
     389 Loop 325164      1.00806     2.64287     0.90405     2.94691
     390 Loop 326154      1.11609     2.38706     0.90405     2.94691
     391 Loop 423156      5.91235     0.45061     0.90405     2.94691
     392 Loop 423165      5.80042     0.45931     0.90405     2.94691
     393 Loop 523146      1.98010     1.34547     0.90405     2.94691
     394 Loop 623145      3.34424     0.79664     0.90405     2.94691
     395 Loop 523164      1.23206     2.16237     0.90405     2.94691
     396 Loop 623154      3.10828     0.85712     0.90405     2.94691
     397 Loop 425136      5.62036     0.47402     0.90405     2.94691
     398 Loop 426135      5.77234     0.46154     0.90405     2.94691
     399 Loop 524136      2.02820     1.31356     0.90405     2.94691
     400 Loop 624135      3.92029     0.67958     0.90405     2.94691
     401 Loop 526134      1.38806     1.91934     0.90405     2.94691
     402 Loop 625134      3.52429     0.75594     0.90405     2.94691
     403 Loop 425163      5.90833     0.45092     0.90405     2.94691
     404 Loop 426153      6.15637     0.43275     0.90405     2.94691
     405 Loop 524163      1.67212     1.59329     0.90405     2.94691
     406 Loop 624153      4.12024     0.64660     0.90405     2.94691
     407 Loop 526143      1.81213     1.47018     0.90405     2.94691
     408 Loop 625143      3.91626     0.68028     0.90405     2.94691
     409 Loop 342156      1.58008     1.68610     0.90405     2.94691
     410 Loop 342165      1.60010     1.66500     0.90405     2.94691
     411 Loop 352146      1.13599     2.34524     0.90405     2.94691
     412 Loop 362145      1.51599     1.75738     0.90405     2.94691
     413 Loop 352164      1.12402     2.37020     0.90405     2.94691
     414 Loop 362154      1.39612     1.90827     0.90405     2.94691
     415 Loop 432156      5.79639     0.45963     0.90405     2.94691
     416 Loop 432165      5.76440     0.46218     0.90405     2.94691
     417 Loop 532146      1.95618     1.36193     0.90405     2.94691
     418 Loop 632145      3.36816     0.79098     0.90405     2.94691
     419 Loop 532164      1.33606     1.99405     0.90405     2.94691
     420 Loop 632154      3.17224     0.83984     0.90405     2.94691
     421 Loop 452136      6.19238     0.43023     0.90405     2.94691
     422 Loop 462135      7.42041     0.35903     0.90405     2.94691
     423 Loop 542136      2.62817     1.01369     0.90405     2.94691
     424 Loop 642135      6.05237     0.44019     0.90405     2.94691
     425 Loop 562134      1.80420     1.47665     0.90405     2.94691
     426 Loop 652134      3.57227     0.74579     0.90405     2.94691
     427 Loop 452163      6.07239     0.43873     0.90405     2.94691
     428 Loop 462153      7.24841     0.36755     0.90405     2.94691
     429 Loop 542163      2.10010     1.26859     0.90405     2.94691
     430 Loop 642153      5.46423     0.48756     0.90405     2.94691
     431 Loop 562143      2.31616     1.15025     0.90405     2.94691
     432 Loop 652143      4.16821     0.63916     0.90405     2.94691
     433 Loop 345126      1.74402     1.52760     0.90405     2.94691
     434 Loop 346125      2.11206     1.26141     0.90405     2.94691
     435 Loop 354126      1.41602     1.88145     0.90405     2.94691
     436 Loop 364125      2.16003     1.23339     0.90405     2.94691
     437 Loop 356124      1.21204     2.19809     0.90405     2.94691
     438 Loop 365124      1.51611     1.75723     0.90405     2.94691
     439 Loop 435126      5.89648     0.45182     0.90405     2.94691
     440 Loop 436125      6.00830     0.44341     0.90405     2.94691
     441 Loop 534126      2.05615     1.29570     0.90405     2.94691
     442 Loop 634125      3.84021     0.69376     0.90405     2.94691
     443 Loop 536124      1.35620     1.96443     0.90405     2.94691
     444 Loop 635124      3.58020     0.74414     0.90405     2.94691
     445 Loop 453126      6.36841     0.41834     0.90405     2.94691
     446 Loop 463125      7.47253     0.35653     0.90405     2.94691
     447 Loop 543126      2.69617     0.98813     0.90405     2.94691
     448 Loop 643125      6.11243     0.43586     0.90405     2.94691
     449 Loop 563124      1.82410     1.46054     0.90405     2.94691
     450 Loop 653124      3.47620     0.76640     0.90405     2.94691
     451 Loop 456123      6.08044     0.43815     0.90405     2.94691
     452 Loop 465123      7.16443     0.37186     0.90405     2.94691
     453 Loop 546123      2.71619     0.98085     0.90405     2.94691
     454 Loop 645123      5.72046     0.46573     0.90405     2.94691
     455 Loop 564123      2.84021     0.93802     0.90405     2.94691
     456 Loop 654123      4.38025     0.60822     0.90405     2.94691
     457 Loop 345162      2.00818     1.32666     0.90405     2.94691
     458 Loop 346152      1.99609     1.33469     0.90405     2.94691
     459 Loop 354162      1.79614     1.48327     0.90405     2.94691
     460 Loop 364152      2.03613     1.30844     0.90405     2.94691
     461 Loop 356142      1.45605     1.82972     0.90405     2.94691
     462 Loop 365142      1.91614     1.39038     0.90405     2.94691
     463 Loop 435162      6.10437     0.43644     0.90405     2.94691
     464 Loop 436152      6.20435     0.42940     0.90405     2.94691
     465 Loop 534162      2.02808     1.31364     0.90405     2.94691
     466 Loop 634152      4.18433     0.63670     0.90405     2.94691
     467 Loop 536142      1.55212     1.71646     0.90405     2.94691
     468 Loop 635142      3.93225     0.67752     0.90405     2.94691
     469 Loop 453162      5.90039     0.45152     0.90405     2.94691
     470 Loop 463152      7.03650     0.37862     0.90405     2.94691
     471 Loop 543162      2.24817     1.18504     0.90405     2.94691
     472 Loop 643152      5.48035     0.48613     0.90405     2.94691
     473 Loop 563142      2.26013     1.17877     0.90405     2.94691
     474 Loop 653142      4.10022     0.64976     0.90405     2.94691
     475 Loop 456132      5.90442     0.45122     0.90405     2.94691
     476 Loop 465132      7.13245     0.37353     0.90405     2.94691
     477 Loop 546132      2.71619     0.98085     0.90405     2.94691
     478 Loop 645132      6.00037     0.44400     0.90405     2.94691
     479 Loop 564132      3.00415     0.88683     0.90405     2.94691
     480 Loop 654132      4.68823     0.56827     0.90405     2.94691
     481 Loop 234516      1.20410     2.21258     0.90405     2.94691
     482 Loop 234615      1.62415     1.64035     0.90405     2.94691
     483 Loop 235416      0.93616     2.84585     0.90405     2.94691
     484 Loop 236415      1.38806     1.91934     0.90405     2.94691
     485 Loop 235614      1.00415     2.65315     0.90405     2.94691
     486 Loop 236514      0.94006     2.83403     0.90405     2.94691
     487 Loop 243516      1.74817     1.52398     0.90405     2.94691
     488 Loop 243615      2.19617     1.21310     0.90405     2.94691
     489 Loop 253416      1.01611     2.62192     0.90405     2.94691
     490 Loop 263415      1.53613     1.73433     0.90405     2.94691
     491 Loop 253614      1.09607     2.43065     0.90405     2.94691
     492 Loop 263514      1.50818     1.76648     0.90405     2.94691
     493 Loop 245316      1.59607     1.66920     0.90405     2.94691
     494 Loop 246315      1.93213     1.37888     0.90405     2.94691
     495 Loop 254316      1.27209     2.09431     0.90405     2.94691
     496 Loop 264315      2.05212     1.29825     0.90405     2.94691
     497 Loop 256314      1.20007     2.22000     0.90405     2.94691
     498 Loop 265314      1.50806     1.76662     0.90405     2.94691
     499 Loop 245613      2.15613     1.23563     0.90405     2.94691
     500 Loop 246513      1.97205     1.35097     0.90405     2.94691
     501 Loop 254613      1.74011     1.53103     0.90405     2.94691
     502 Loop 264513      1.99622     1.33461     0.90405     2.94691
     503 Loop 256413      1.86804     1.42618     0.90405     2.94691
     504 Loop 265413      1.92822     1.38167     0.90405     2.94691
     505 Loop 324516      1.29211     2.06187     0.90405     2.94691
     506 Loop 324615      1.61609     1.64853     0.90405     2.94691
     507 Loop 325416      1.08008     2.46664     0.90405     2.94691
     508 Loop 326415      1.46411     1.81965     0.90405     2.94691
     509 Loop 325614      1.06396     2.50400     0.90405     2.94691
     510 Loop 326514      1.12000     2.37873     0.90405     2.94691
     511 Loop 423516      6.52441     0.40834     0.90405     2.94691
     512 Loop 423615      5.97632     0.44579     0.90405     2.94691
     513 Loop 523416      2.04810     1.30080     0.90405     2.94691
     514 Loop 623415      3.52417     0.75597     0.90405     2.94691
     515 Loop 523614      1.28809     2.06831     0.90405     2.94691
     516 Loop 623514      3.07227     0.86717     0.90405     2.94691
     517 Loop 425316      6.19238     0.43023     0.90405     2.94691
     518 Loop 426315      5.98438     0.44519     0.90405     2.94691
     519 Loop 524316      1.88416     1.41398     0.90405     2.94691
     520 Loop 624315      3.72424     0.71536     0.90405     2.94691
     521 Loop 526314      1.35608     1.96461     0.90405     2.94691
     522 Loop 625314      3.57227     0.74579     0.90405     2.94691
     523 Loop 425613      6.05237     0.44019     0.90405     2.94691
     524 Loop 426513      6.28430     0.42394     0.90405     2.94691
     525 Loop 524613      2.01208     1.32408     0.90405     2.94691
     526 Loop 624513      4.27637     0.62300     0.90405     2.94691
     527 Loop 526413      1.83203     1.45421     0.90405     2.94691
     528 Loop 625413      4.21228     0.63248     0.90405     2.94691
     529 Loop 342516      1.48010     1.79999     0.90405     2.94691
     530 Loop 342615      1.87622     1.41996     0.90405     2.94691
     531 Loop 352416      1.09204     2.43962     0.90405     2.94691
     532 Loop 362415      1.67615     1.58946     0.90405     2.94691
     533 Loop 352614      1.14807     2.32056     0.90405     2.94691
     534 Loop 362514      1.25208     2.12780     0.90405     2.94691
     535 Loop 432516      6.48035     0.41111     0.90405     2.94691
     536 Loop 432615      5.90430     0.45122     0.90405     2.94691
     537 Loop 532416      1.91211     1.39331     0.90405     2.94691
     538 Loop 632415      3.44019     0.77443     0.90405     2.94691
     539 Loop 532614      1.28406     2.07480     0.90405     2.94691
     540 Loop 632514      3.13220     0.85057     0.90405     2.94691
     541 Loop 452316      6.80042     0.39177     0.90405     2.94691
     542 Loop 462315      7.64050     0.34869     0.90405     2.94691
     543 Loop 542316      2.96021     0.89999     0.90405     2.94691
     544 Loop 642315      6.29639     0.42313     0.90405     2.94691
     545 Loop 562314      2.04810     1.30080     0.90405     2.94691
     546 Loop 652314      3.65222     0.72946     0.90405     2.94691
     547 Loop 452613      6.32837     0.42099     0.90405     2.94691
     548 Loop 462513      7.49243     0.35558     0.90405     2.94691
     549 Loop 542613      2.16406     1.23109     0.90405     2.94691
     550 Loop 642513      5.62036     0.47402     0.90405     2.94691
     551 Loop 562413      2.46021     1.08290     0.90405     2.94691
     552 Loop 652413      4.18823     0.63611     0.90405     2.94691
     553 Loop 345216      1.58008     1.68610     0.90405     2.94691
     554 Loop 346215      1.95215     1.36474     0.90405     2.94691
     555 Loop 354216      1.23608     2.15533     0.90405     2.94691
     556 Loop 364215      1.99207     1.33739     0.90405     2.94691
     557 Loop 356214      1.18408     2.24998     0.90405     2.94691
     558 Loop 365214      1.37610     1.93603     0.90405     2.94691
     559 Loop 435216      6.36438     0.41861     0.90405     2.94691
     560 Loop 436215      5.80432     0.45900     0.90405     2.94691
     561 Loop 534216      2.03601     1.30852     0.90405     2.94691
     562 Loop 634215      3.56018     0.74832     0.90405     2.94691
     563 Loop 536214      1.35217     1.97029     0.90405     2.94691
     564 Loop 635214      3.39221     0.78538     0.90405     2.94691
     565 Loop 453216      6.79639     0.39200     0.90405     2.94691
     566 Loop 463215      7.61243     0.34998     0.90405     2.94691
     567 Loop 543216      3.14429     0.84730     0.90405     2.94691
     568 Loop 643215      5.98438     0.44519     0.90405     2.94691
     569 Loop 563214      1.96814     1.35365     0.90405     2.94691
     570 Loop 653214      3.67627     0.72469     0.90405     2.94691
     571 Loop 456213      6.15247     0.43302     0.90405     2.94691
     572 Loop 465213      7.62439     0.34943     0.90405     2.94691
     573 Loop 546213      2.68823     0.99105     0.90405     2.94691
     574 Loop 645213      5.75635     0.46282     0.90405     2.94691
     575 Loop 564213      2.77625     0.95963     0.90405     2.94691
     576 Loop 654213      4.25220     0.62654     0.90405     2.94691
     577 Loop 345612      2.22009     1.20002     0.90405     2.94691
     578 Loop 346512      2.06018     1.29317     0.90405     2.94691
     579 Loop 354612      1.64014     1.62436     0.90405     2.94691
     580 Loop 364512      2.08020     1.28073     0.90405     2.94691
     581 Loop 356412      1.55615     1.71202     0.90405     2.94691
     582 Loop 365412      1.88013     1.41701     0.90405     2.94691
     583 Loop 435612      6.07642     0.43844     0.90405     2.94691
     584 Loop 436512      6.15234     0.43303     0.90405     2.94691
     585 Loop 534612      1.85620     1.43528     0.90405     2.94691
     586 Loop 634512      3.98425     0.66867     0.90405     2.94691
     587 Loop 536412      1.69214     1.57444     0.90405     2.94691
     588 Loop 635412      3.95227     0.67408     0.90405     2.94691
     589 Loop 453612      6.09241     0.43729     0.90405     2.94691
     590 Loop 463512      7.19641     0.37021     0.90405     2.94691
     591 Loop 543612      2.06812     1.28821     0.90405     2.94691
     592 Loop 643512      5.64441     0.47200     0.90405     2.94691
     593 Loop 563412      2.22815     1.19569     0.90405     2.94691
     594 Loop 653412      4.08826     0.65166     0.90405     2.94691
     595 Loop 456312      6.08435     0.43787     0.90405     2.94691
     596 Loop 465312      7.41248     0.35942     0.90405     2.94691
     597 Loop 546312      2.58423     1.03093     0.90405     2.94691
     598 Loop 645312      6.22839     0.42775     0.90405     2.94691
     599 Loop 564312      2.88818     0.92244     0.90405     2.94691
     600 Loop 654312      4.80432     0.55454     0.90405     2.94691
     601 Loop 234561      1.46802     1.81481     0.90405     2.94691
     602 Loop 234651      1.70813     1.55970     0.90405     2.94691
     603 Loop 235461      1.12415     2.36995     0.90405     2.94691
     604 Loop 236451      1.31604     2.02438     0.90405     2.94691
     605 Loop 235641      1.30811     2.03666     0.90405     2.94691
     606 Loop 236541      1.26404     2.10766     0.90405     2.94691
     607 Loop 243561      2.13208     1.24956     0.90405     2.94691
     608 Loop 243651      2.19214     1.21533     0.90405     2.94691
     609 Loop 253461      1.21606     2.19081     0.90405     2.94691
     610 Loop 263451      1.58411     1.68181     0.90405     2.94691
     611 Loop 253641      1.34802     1.97635     0.90405     2.94691
     612 Loop 263541      1.62415     1.64035     0.90405     2.94691
     613 Loop 245361      2.17212     1.22653     0.90405     2.94691
     614 Loop 246351      2.30005     1.15831     0.90405     2.94691
     615 Loop 254361      1.49207     1.78556     0.90405     2.94691
     616 Loop 264351      2.23621     1.19138     0.90405     2.94691
     617 Loop 256341      1.62415     1.64035     0.90405     2.94691
     618 Loop 265341      1.98816     1.34002     0.90405     2.94691
     619 Loop 245631      2.37219     1.12308     0.90405     2.94691
     620 Loop 246531      2.34814     1.13458     0.90405     2.94691
     621 Loop 254631      1.86804     1.42618     0.90405     2.94691
     622 Loop 264531      2.23621     1.19138     0.90405     2.94691
     623 Loop 256431      1.84009     1.44785     0.90405     2.94691
     624 Loop 265431      1.99609     1.33469     0.90405     2.94691
     625 Loop 324561      1.54016     1.72980     0.90405     2.94691
     626 Loop 324651      1.67212     1.59329     0.90405     2.94691
     627 Loop 325461      1.31604     2.02438     0.90405     2.94691
     628 Loop 326451      1.32800     2.00614     0.90405     2.94691
     629 Loop 325641      1.31201     2.03060     0.90405     2.94691
     630 Loop 326541      1.26819     2.10076     0.90405     2.94691
     631 Loop 423561      6.65234     0.40049     0.90405     2.94691
     632 Loop 423651      6.79639     0.39200     0.90405     2.94691
     633 Loop 523461      1.56812     1.69896     0.90405     2.94691
     634 Loop 623451      3.64026     0.73186     0.90405     2.94691
     635 Loop 523641      1.50403     1.77135     0.90405     2.94691
     636 Loop 623541      3.54419     0.75170     0.90405     2.94691
     637 Loop 425361      6.68848     0.39832     0.90405     2.94691
     638 Loop 426351      6.28845     0.42366     0.90405     2.94691
     639 Loop 524361      1.92017     1.38747     0.90405     2.94691
     640 Loop 624351      3.77625     0.70551     0.90405     2.94691
     641 Loop 526341      1.70801     1.55981     0.90405     2.94691
     642 Loop 625341      3.82422     0.69666     0.90405     2.94691
     643 Loop 425631      6.74438     0.39502     0.90405     2.94691
     644 Loop 426531      6.48840     0.41060     0.90405     2.94691
     645 Loop 524631      2.17615     1.22426     0.90405     2.94691
     646 Loop 624531      3.79626     0.70179     0.90405     2.94691
     647 Loop 526431      2.05212     1.29825     0.90405     2.94691
     648 Loop 625431      4.02429     0.66202     0.90405     2.94691
     649 Loop 342561      1.75220     1.52047     0.90405     2.94691
     650 Loop 342651      2.12817     1.25186     0.90405     2.94691
     651 Loop 352461      1.24817     2.13446     0.90405     2.94691
     652 Loop 362451      1.48010     1.79999     0.90405     2.94691
     653 Loop 352641      1.32007     2.01820     0.90405     2.94691
     654 Loop 362541      1.85608     1.43537     0.90405     2.94691
     655 Loop 432561      6.63647     0.40144     0.90405     2.94691
     656 Loop 432651      6.38037     0.41756     0.90405     2.94691
     657 Loop 532461      1.76819     1.50672     0.90405     2.94691
     658 Loop 632451      3.56421     0.74748     0.90405     2.94691
     659 Loop 532641      1.54016     1.72980     0.90405     2.94691
     660 Loop 632541      3.56030     0.74830     0.90405     2.94691
     661 Loop 452361      7.20837     0.36959     0.90405     2.94691
     662 Loop 462351      8.32043     0.32020     0.90405     2.94691
     663 Loop 542361      3.62012     0.73593     0.90405     2.94691
     664 Loop 642351      6.91235     0.38542     0.90405     2.94691
     665 Loop 562341      2.44812     1.08825     0.90405     2.94691
     666 Loop 652341      3.87231     0.68800     0.90405     2.94691
     667 Loop 452631      7.44849     0.35768     0.90405     2.94691
     668 Loop 462531      7.79651     0.34171     0.90405     2.94691
     669 Loop 542631      3.57227     0.74579     0.90405     2.94691
     670 Loop 642531      5.93237     0.44909     0.90405     2.94691
     671 Loop 562431      2.57214     1.03578     0.90405     2.94691
     672 Loop 652431      4.08032     0.65293     0.90405     2.94691
     673 Loop 345261      2.25208     1.18298     0.90405     2.94691
     674 Loop 346251      2.38013     1.11934     0.90405     2.94691
     675 Loop 354261      1.66016     1.60477     0.90405     2.94691
     676 Loop 364251      1.92407     1.38465     0.90405     2.94691
     677 Loop 356241      1.58008     1.68610     0.90405     2.94691
     678 Loop 365241      1.99219     1.33731     0.90405     2.94691
     679 Loop 435261      6.52832     0.40809     0.90405     2.94691
     680 Loop 436251      6.49646     0.41010     0.90405     2.94691
     681 Loop 534261      2.17615     1.22426     0.90405     2.94691
     682 Loop 634251      3.70422     0.71922     0.90405     2.94691
     683 Loop 536241      1.74011     1.53103     0.90405     2.94691
     684 Loop 635241      3.74426     0.71153     0.90405     2.94691
     685 Loop 453261      7.20044     0.37000     0.90405     2.94691
     686 Loop 463251      8.12451     0.32792     0.90405     2.94691
     687 Loop 543261      3.28015     0.81221     0.90405     2.94691
     688 Loop 643251      7.03638     0.37863     0.90405     2.94691
     689 Loop 563241      2.38416     1.11745     0.90405     2.94691
     690 Loop 653241      3.94434     0.67544     0.90405     2.94691
     691 Loop 456231      7.43250     0.35845     0.90405     2.94691
     692 Loop 465231      8.29639     0.32112     0.90405     2.94691
     693 Loop 546231      3.89233     0.68446     0.90405     2.94691
     694 Loop 645231      7.04053     0.37840     0.90405     2.94691
     695 Loop 564231      3.24829     0.82017     0.90405     2.94691
     696 Loop 654231      4.62427     0.57613     0.90405     2.94691
     697 Loop 345621      2.36426     1.12685     0.90405     2.94691
     698 Loop 346521      2.35620     1.13070     0.90405     2.94691
     699 Loop 354621      1.85596     1.43547     0.90405     2.94691
     700 Loop 364521      2.08032     1.28065     0.90405     2.94691
     701 Loop 356421      1.52808     1.74348     0.90405     2.94691
     702 Loop 365421      1.98413     1.34274     0.90405     2.94691
     703 Loop 435621      6.77222     0.39340     0.90405     2.94691
     704 Loop 436521      6.44849     0.41315     0.90405     2.94691
     705 Loop 534621      2.04810     1.30080     0.90405     2.94691
     706 Loop 634521      3.75220     0.71003     0.90405     2.94691
     707 Loop 536421      1.77612     1.49999     0.90405     2.94691
     708 Loop 635421      3.89624     0.68378     0.90405     2.94691
     709 Loop 453621      6.98828     0.38123     0.90405     2.94691
     710 Loop 463521      7.77246     0.34277     0.90405     2.94691
     711 Loop 543621      3.21606     0.82839     0.90405     2.94691
     712 Loop 643521      6.05640     0.43989     0.90405     2.94691
     713 Loop 563421      2.39624     1.11181     0.90405     2.94691
     714 Loop 653421      3.88428     0.68588     0.90405     2.94691
     715 Loop 456321      7.11230     0.37459     0.90405     2.94691
     716 Loop 465321      8.07642     0.32987     0.90405     2.94691
     717 Loop 546321      3.55640     0.74912     0.90405     2.94691
     718 Loop 645321      7.08862     0.37584     0.90405     2.94691
     719 Loop 564321      3.08423     0.86380     0.90405     2.94691
     720 Loop 654321      4.66431     0.57118     0.90405     2.94691
 The best time is:   0.9040527    
 The speedup is:      2.946914    
