 TESTING TRANSACCU TYPE 365241
 Hirata Reference =    8.556536     seconds
 Algorithm         Jeff           Speedup          Best
       1 Loop 123456     22.32539     0.38326    22.32539     0.38326
       2 Loop 123465     22.30140     0.38368    22.30140     0.38368
       3 Loop 123546     20.45328     0.41835    20.45328     0.41835
       4 Loop 123645     19.35321     0.44212    19.35321     0.44212
       5 Loop 123564     14.62092     0.58523    14.62092     0.58523
       6 Loop 123654     14.03687     0.60958    14.03687     0.60958
       7 Loop 124356     20.90530     0.40930    14.03687     0.60958
       8 Loop 124365     21.94937     0.38983    14.03687     0.60958
       9 Loop 125346     21.65735     0.39509    14.03687     0.60958
      10 Loop 126345     25.00156     0.34224    14.03687     0.60958
      11 Loop 125364     15.43697     0.55429    14.03687     0.60958
      12 Loop 126354     18.33716     0.46662    14.03687     0.60958
      13 Loop 124536     23.90149     0.35799    14.03687     0.60958
      14 Loop 124635     23.09744     0.37045    14.03687     0.60958
      15 Loop 125436     22.95743     0.37271    14.03687     0.60958
      16 Loop 126435     29.74985     0.28762    14.03687     0.60958
      17 Loop 125634     18.31317     0.46723    14.03687     0.60958
      18 Loop 126534     16.99307     0.50353    14.03687     0.60958
      19 Loop 124563     24.74954     0.34572    14.03687     0.60958
      20 Loop 124653     23.50546     0.36402    14.03687     0.60958
      21 Loop 125463     23.97351     0.35692    14.03687     0.60958
      22 Loop 126453     31.05396     0.27554    14.03687     0.60958
      23 Loop 125643     30.10590     0.28421    14.03687     0.60958
      24 Loop 126543     30.62592     0.27939    14.03687     0.60958
      25 Loop 132456     21.34131     0.40094    14.03687     0.60958
      26 Loop 132465     23.76953     0.35998    14.03687     0.60958
      27 Loop 132546     19.42920     0.44040    14.03687     0.60958
      28 Loop 132645     19.02124     0.44984    14.03687     0.60958
      29 Loop 132564     14.16089     0.60424    14.03687     0.60958
      30 Loop 132654     14.38092     0.59499    14.03687     0.60958
      31 Loop 142356     21.91339     0.39047    14.03687     0.60958
      32 Loop 142365     21.76538     0.39313    14.03687     0.60958
      33 Loop 152346     21.50934     0.39781    14.03687     0.60958
      34 Loop 162345     24.17346     0.35396    14.03687     0.60958
      35 Loop 152364     14.07288     0.60802    14.03687     0.60958
      36 Loop 162354     17.41309     0.49139    14.03687     0.60958
      37 Loop 142536     22.61340     0.37838    14.03687     0.60958
      38 Loop 142635     22.70941     0.37678    14.03687     0.60958
      39 Loop 152436     22.91748     0.37336    14.03687     0.60958
      40 Loop 162435     29.43384     0.29070    14.03687     0.60958
      41 Loop 152634     16.91309     0.50591    14.03687     0.60958
      42 Loop 162534     17.95715     0.47650    14.03687     0.60958
      43 Loop 142563     24.19354     0.35367    14.03687     0.60958
      44 Loop 142653     23.98547     0.35674    14.03687     0.60958
      45 Loop 152463     25.01758     0.34202    14.03687     0.60958
      46 Loop 162453     32.33801     0.26460    14.03687     0.60958
      47 Loop 152643     30.18195     0.28350    14.03687     0.60958
      48 Loop 162543     30.50586     0.28049    14.03687     0.60958
      49 Loop 134256     21.52136     0.39758    14.03687     0.60958
      50 Loop 134265     23.17346     0.36924    14.03687     0.60958
      51 Loop 135246     20.81335     0.41111    14.03687     0.60958
      52 Loop 136245     22.47339     0.38074    14.03687     0.60958
      53 Loop 135264     14.70496     0.58188    14.03687     0.60958
      54 Loop 136254     15.65295     0.54664    14.03687     0.60958
      55 Loop 143256     21.66138     0.39501    14.03687     0.60958
      56 Loop 143265     23.28149     0.36753    14.03687     0.60958
      57 Loop 153246     21.27332     0.40222    14.03687     0.60958
      58 Loop 163245     23.98950     0.35668    14.03687     0.60958
      59 Loop 153264     14.75696     0.57983    14.03687     0.60958
      60 Loop 163254     18.32910     0.46683    14.03687     0.60958
      61 Loop 145236     22.61340     0.37838    14.03687     0.60958
      62 Loop 146235     29.63794     0.28870    14.03687     0.60958
      63 Loop 154236     23.20544     0.36873    14.03687     0.60958
      64 Loop 164235     30.67395     0.27895    14.03687     0.60958
      65 Loop 156234     18.22119     0.46959    14.03687     0.60958
      66 Loop 165234     18.28113     0.46805    14.03687     0.60958
      67 Loop 145263     25.43359     0.33643    14.03687     0.60958
      68 Loop 146253     30.86597     0.27722    14.03687     0.60958
      69 Loop 154263     24.39355     0.35077    14.03687     0.60958
      70 Loop 164253     31.88599     0.26835    14.03687     0.60958
      71 Loop 156243     28.66577     0.29849    14.03687     0.60958
      72 Loop 165243     29.22583     0.29277    14.03687     0.60958
      73 Loop 134526     19.85730     0.43090    14.03687     0.60958
      74 Loop 134625     20.38135     0.41982    14.03687     0.60958
      75 Loop 135426     19.97327     0.42840    14.03687     0.60958
      76 Loop 136425     23.12952     0.36994    14.03687     0.60958
      77 Loop 135624     15.98499     0.53529    14.03687     0.60958
      78 Loop 136524     16.85303     0.50772    14.03687     0.60958
      79 Loop 143526     20.12122     0.42525    14.03687     0.60958
      80 Loop 143625     20.83337     0.41071    14.03687     0.60958
      81 Loop 153426     20.94128     0.40860    14.03687     0.60958
      82 Loop 163425     24.38550     0.35089    14.03687     0.60958
      83 Loop 153624     14.80896     0.57779    14.03687     0.60958
      84 Loop 163524     17.54504     0.48769    14.03687     0.60958
      85 Loop 145326     19.83325     0.43142    14.03687     0.60958
      86 Loop 146325     23.92151     0.35769    14.03687     0.60958
      87 Loop 154326     20.58118     0.41575    14.03687     0.60958
      88 Loop 164325     24.89355     0.34372    14.03687     0.60958
      89 Loop 156324     17.97705     0.47597    14.03687     0.60958
      90 Loop 165324     17.57703     0.48680    14.03687     0.60958
      91 Loop 145623     24.44556     0.35002    14.03687     0.60958
      92 Loop 146523     24.91357     0.34345    14.03687     0.60958
      93 Loop 154623     24.93750     0.34312    14.03687     0.60958
      94 Loop 164523     25.53345     0.33511    14.03687     0.60958
      95 Loop 156423     25.40576     0.33680    14.03687     0.60958
      96 Loop 165423     25.18164     0.33979    14.03687     0.60958
      97 Loop 134562     17.66528     0.48437    14.03687     0.60958
      98 Loop 134652     17.52515     0.48824    14.03687     0.60958
      99 Loop 135462     17.56494     0.48714    14.03687     0.60958
     100 Loop 136452     18.20508     0.47001    14.03687     0.60958
     101 Loop 135642     17.09717     0.50047    14.03687     0.60958
     102 Loop 136542     18.34912     0.46632    14.03687     0.60958
     103 Loop 143562     17.69702     0.48350    14.03687     0.60958
     104 Loop 143652     16.62915     0.51455    14.03687     0.60958
     105 Loop 153462     17.60913     0.48591    14.03687     0.60958
     106 Loop 163452     20.80933     0.41119    14.03687     0.60958
     107 Loop 153642     17.26904     0.49548    14.03687     0.60958
     108 Loop 163542     21.26538     0.40237    14.03687     0.60958
     109 Loop 145362     17.85718     0.47917    14.03687     0.60958
     110 Loop 146352     21.55737     0.39692    14.03687     0.60958
     111 Loop 154362     17.97705     0.47597    14.03687     0.60958
     112 Loop 164352     21.87329     0.39119    14.03687     0.60958
     113 Loop 156342     20.24536     0.42264    14.03687     0.60958
     114 Loop 165342     21.48950     0.39817    14.03687     0.60958
     115 Loop 145632     22.20142     0.38540    14.03687     0.60958
     116 Loop 146532     21.37329     0.40034    14.03687     0.60958
     117 Loop 154632     21.35327     0.40071    14.03687     0.60958
     118 Loop 164532     22.38550     0.38224    14.03687     0.60958
     119 Loop 156432     22.51343     0.38006    14.03687     0.60958
     120 Loop 165432     23.22949     0.36835    14.03687     0.60958
     121 Loop 213456     21.07349     0.40603    14.03687     0.60958
     122 Loop 213465     24.04150     0.35591    14.03687     0.60958
     123 Loop 213546     19.31323     0.44304    14.03687     0.60958
     124 Loop 213645     18.80127     0.45510    14.03687     0.60958
     125 Loop 213564     13.73682     0.62289    13.73682     0.62289
     126 Loop 213654     13.48071     0.63472    13.48071     0.63472
     127 Loop 214356     21.19336     0.40374    13.48071     0.63472
     128 Loop 214365     21.95728     0.38969    13.48071     0.63472
     129 Loop 215346     20.88525     0.40969    13.48071     0.63472
     130 Loop 216345     23.42139     0.36533    13.48071     0.63472
     131 Loop 215364     15.73706     0.54372    13.48071     0.63472
     132 Loop 216354     17.66504     0.48438    13.48071     0.63472
     133 Loop 214536     22.62134     0.37825    13.48071     0.63472
     134 Loop 214635     22.02124     0.38856    13.48071     0.63472
     135 Loop 215436     22.76562     0.37585    13.48071     0.63472
     136 Loop 216435     29.54175     0.28964    13.48071     0.63472
     137 Loop 215634     17.57715     0.48680    13.48071     0.63472
     138 Loop 216534     17.11719     0.49988    13.48071     0.63472
     139 Loop 214563     23.39746     0.36570    13.48071     0.63472
     140 Loop 214653     22.90942     0.37349    13.48071     0.63472
     141 Loop 215463     23.24927     0.36803    13.48071     0.63472
     142 Loop 216453     30.37793     0.28167    13.48071     0.63472
     143 Loop 215643     30.01392     0.28509    13.48071     0.63472
     144 Loop 216543     30.01392     0.28509    13.48071     0.63472
     145 Loop 312456     19.23315     0.44488    13.48071     0.63472
     146 Loop 312465     20.90918     0.40922    13.48071     0.63472
     147 Loop 312546     17.70923     0.48317    13.48071     0.63472
     148 Loop 312645     17.34521     0.49331    13.48071     0.63472
     149 Loop 312564     12.41284     0.68933    12.41284     0.68933
     150 Loop 312654     12.33667     0.69359    12.33667     0.69359
     151 Loop 412356     21.88525     0.39097    12.33667     0.69359
     152 Loop 412365     21.99341     0.38905    12.33667     0.69359
     153 Loop 512346     19.12134     0.44749    12.33667     0.69359
     154 Loop 612345     24.39355     0.35077    12.33667     0.69359
     155 Loop 512364     12.96094     0.66018    12.33667     0.69359
     156 Loop 612354     17.41724     0.49127    12.33667     0.69359
     157 Loop 412536     22.65356     0.37771    12.33667     0.69359
     158 Loop 412635     22.38940     0.38217    12.33667     0.69359
     159 Loop 512436     20.73315     0.41270    12.33667     0.69359
     160 Loop 612435     27.64575     0.30951    12.33667     0.69359
     161 Loop 512634     15.59692     0.54860    12.33667     0.69359
     162 Loop 612534     17.00098     0.50330    12.33667     0.69359
     163 Loop 412563     23.07324     0.37084    12.33667     0.69359
     164 Loop 412653     22.57349     0.37905    12.33667     0.69359
     165 Loop 512463     21.08936     0.40573    12.33667     0.69359
     166 Loop 612453     29.40576     0.29098    12.33667     0.69359
     167 Loop 512643     26.80566     0.31921    12.33667     0.69359
     168 Loop 612543     28.19385     0.30349    12.33667     0.69359
     169 Loop 314256     19.18506     0.44600    12.33667     0.69359
     170 Loop 314265     20.79346     0.41150    12.33667     0.69359
     171 Loop 315246     18.48926     0.46278    12.33667     0.69359
     172 Loop 316245     20.41333     0.41916    12.33667     0.69359
     173 Loop 315264     12.48071     0.68558    12.33667     0.69359
     174 Loop 316254     15.11694     0.56602    12.33667     0.69359
     175 Loop 413256     21.64136     0.39538    12.33667     0.69359
     176 Loop 413265     22.57764     0.37898    12.33667     0.69359
     177 Loop 513246     18.82520     0.45453    12.33667     0.69359
     178 Loop 613245     22.56543     0.37919    12.33667     0.69359
     179 Loop 513264     12.17676     0.70269    12.17676     0.70269
     180 Loop 613254     16.16895     0.52920    12.17676     0.70269
     181 Loop 415236     22.96143     0.37265    12.17676     0.70269
     182 Loop 416235     29.02588     0.29479    12.17676     0.70269
     183 Loop 514236     20.19336     0.42373    12.17676     0.70269
     184 Loop 614235     28.50586     0.30017    12.17676     0.70269
     185 Loop 516234     17.13306     0.49942    12.17676     0.70269
     186 Loop 615234     17.24097     0.49629    12.17676     0.70269
     187 Loop 415263     22.85742     0.37434    12.17676     0.70269
     188 Loop 416253     29.25000     0.29253    12.17676     0.70269
     189 Loop 514263     20.95337     0.40836    12.17676     0.70269
     190 Loop 614253     29.17383     0.29329    12.17676     0.70269
     191 Loop 516243     25.39746     0.33691    12.17676     0.70269
     192 Loop 615243     25.75781     0.33219    12.17676     0.70269
     193 Loop 314526     17.75732     0.48186    12.17676     0.70269
     194 Loop 314625     18.44092     0.46400    12.17676     0.70269
     195 Loop 315426     19.19727     0.44572    12.17676     0.70269
     196 Loop 316425     21.78125     0.39284    12.17676     0.70269
     197 Loop 315624     13.57275     0.63042    12.17676     0.70269
     198 Loop 316524     14.63672     0.58459    12.17676     0.70269
     199 Loop 413526     18.42529     0.46439    12.17676     0.70269
     200 Loop 413625     19.04150     0.44936    12.17676     0.70269
     201 Loop 513426     17.65332     0.48470    12.17676     0.70269
     202 Loop 613425     22.44141     0.38128    12.17676     0.70269
     203 Loop 513624     13.26123     0.64523    12.17676     0.70269
     204 Loop 613524     16.30469     0.52479    12.17676     0.70269
     205 Loop 415326     20.16553     0.42432    12.17676     0.70269
     206 Loop 416325     23.20947     0.36867    12.17676     0.70269
     207 Loop 514326     17.92480     0.47736    12.17676     0.70269
     208 Loop 614325     23.48145     0.36440    12.17676     0.70269
     209 Loop 516324     15.65283     0.54664    12.17676     0.70269
     210 Loop 615324     16.15674     0.52960    12.17676     0.70269
     211 Loop 415623     25.75342     0.33225    12.17676     0.70269
     212 Loop 416523     24.69336     0.34651    12.17676     0.70269
     213 Loop 514623     22.91357     0.37343    12.17676     0.70269
     214 Loop 614523     25.21387     0.33936    12.17676     0.70269
     215 Loop 516423     25.06982     0.34131    12.17676     0.70269
     216 Loop 615423     25.62549     0.33391    12.17676     0.70269
     217 Loop 314562     16.45312     0.52006    12.17676     0.70269
     218 Loop 314652     15.98877     0.53516    12.17676     0.70269
     219 Loop 315462     16.62109     0.51480    12.17676     0.70269
     220 Loop 316452     18.82520     0.45453    12.17676     0.70269
     221 Loop 315642     16.98486     0.50377    12.17676     0.70269
     222 Loop 316542     17.90137     0.47798    12.17676     0.70269
     223 Loop 413562     18.10547     0.47259    12.17676     0.70269
     224 Loop 413652     17.52148     0.48835    12.17676     0.70269
     225 Loop 513462     16.56104     0.51667    12.17676     0.70269
     226 Loop 613452     21.23730     0.40290    12.17676     0.70269
     227 Loop 513642     15.81299     0.54111    12.17676     0.70269
     228 Loop 613542     20.03711     0.42703    12.17676     0.70269
     229 Loop 415362     18.37695     0.46561    12.17676     0.70269
     230 Loop 416352     21.66504     0.39495    12.17676     0.70269
     231 Loop 514362     17.24902     0.49606    12.17676     0.70269
     232 Loop 614352     20.74512     0.41246    12.17676     0.70269
     233 Loop 516342     18.24121     0.46908    12.17676     0.70269
     234 Loop 615342     18.88525     0.45308    12.17676     0.70269
     235 Loop 415632     21.12109     0.40512    12.17676     0.70269
     236 Loop 416532     21.74121     0.39356    12.17676     0.70269
     237 Loop 514632     19.68555     0.43466    12.17676     0.70269
     238 Loop 614532     21.38135     0.40019    12.17676     0.70269
     239 Loop 516432     20.94971     0.40843    12.17676     0.70269
     240 Loop 615432     21.44092     0.39908    12.17676     0.70269
     241 Loop 231456      8.81250     0.97095     8.81250     0.97095
     242 Loop 231465      8.23682     1.03882     8.23682     1.03882
     243 Loop 231546      7.54883     1.13349     7.54883     1.13349
     244 Loop 231645      7.03613     1.21609     7.03613     1.21609
     245 Loop 231564      4.19238     2.04097     4.19238     2.04097
     246 Loop 231654      4.21631     2.02939     4.19238     2.04097
     247 Loop 241356     21.09326     0.40565     4.19238     2.04097
     248 Loop 241365     21.62549     0.39567     4.19238     2.04097
     249 Loop 251346      7.16455     1.19429     4.19238     2.04097
     250 Loop 261345      9.14062     0.93610     4.19238     2.04097
     251 Loop 251364      4.45654     1.91999     4.19238     2.04097
     252 Loop 261354      9.96436     0.85871     4.19238     2.04097
     253 Loop 241536     22.21729     0.38513     4.19238     2.04097
     254 Loop 241635     22.51318     0.38007     4.19238     2.04097
     255 Loop 251436      8.72070     0.98118     4.19238     2.04097
     256 Loop 261435     11.20068     0.76393     4.19238     2.04097
     257 Loop 251634      9.90088     0.86422     4.19238     2.04097
     258 Loop 261534     10.47705     0.81669     4.19238     2.04097
     259 Loop 241563     23.20166     0.36879     4.19238     2.04097
     260 Loop 241653     22.89697     0.37370     4.19238     2.04097
     261 Loop 251463      9.94434     0.86044     4.19238     2.04097
     262 Loop 261453     13.42920     0.63716     4.19238     2.04097
     263 Loop 251643     11.03223     0.77559     4.19238     2.04097
     264 Loop 261543     12.44482     0.68756     4.19238     2.04097
     265 Loop 321456      7.99268     1.07055     4.19238     2.04097
     266 Loop 321465      8.06055     1.06153     4.19238     2.04097
     267 Loop 321546      7.51270     1.13894     4.19238     2.04097
     268 Loop 321645      6.78076     1.26188     4.19238     2.04097
     269 Loop 321564      4.02832     2.12410     4.02832     2.12410
     270 Loop 321654      4.14404     2.06478     4.02832     2.12410
     271 Loop 421356     21.22900     0.40306     4.02832     2.12410
     272 Loop 421365     21.98145     0.38926     4.02832     2.12410
     273 Loop 521346      7.24854     1.18045     4.02832     2.12410
     274 Loop 621345      9.47266     0.90329     4.02832     2.12410
     275 Loop 521364      4.43262     1.93036     4.02832     2.12410
     276 Loop 621354      9.85254     0.86846     4.02832     2.12410
     277 Loop 421536     22.10938     0.38701     4.02832     2.12410
     278 Loop 421635     22.35742     0.38272     4.02832     2.12410
     279 Loop 521436      7.98047     1.07218     4.02832     2.12410
     280 Loop 621435     10.66846     0.80204     4.02832     2.12410
     281 Loop 521634      9.26855     0.92318     4.02832     2.12410
     282 Loop 621534      9.92090     0.86248     4.02832     2.12410
     283 Loop 421563     22.46924     0.38081     4.02832     2.12410
     284 Loop 421653     21.95361     0.38976     4.02832     2.12410
     285 Loop 521463      9.27246     0.92279     4.02832     2.12410
     286 Loop 621453     12.90479     0.66305     4.02832     2.12410
     287 Loop 521643     10.41699     0.82140     4.02832     2.12410
     288 Loop 621543     12.11230     0.70643     4.02832     2.12410
     289 Loop 341256     18.96143     0.45126     4.02832     2.12410
     290 Loop 341265     20.72559     0.41285     4.02832     2.12410
     291 Loop 351246      7.53223     1.13599     4.02832     2.12410
     292 Loop 361245      8.58838     0.99629     4.02832     2.12410
     293 Loop 351264      4.12402     2.07480     4.02832     2.12410
     294 Loop 361254      9.30859     0.91921     4.02832     2.12410
     295 Loop 431256     18.75293     0.45628     4.02832     2.12410
     296 Loop 431265     20.79346     0.41150     4.02832     2.12410
     297 Loop 531246      7.51221     1.13902     4.02832     2.12410
     298 Loop 631245      9.34863     0.91527     4.02832     2.12410
     299 Loop 531264      4.58447     1.86642     4.02832     2.12410
     300 Loop 631254     10.07666     0.84914     4.02832     2.12410
     301 Loop 451236     20.18506     0.42390     4.02832     2.12410
     302 Loop 461235     27.53369     0.31077     4.02832     2.12410
     303 Loop 541236     20.20898     0.42340     4.02832     2.12410
     304 Loop 641235     27.11377     0.31558     4.02832     2.12410
     305 Loop 561234     10.76855     0.79459     4.02832     2.12410
     306 Loop 651234     10.77246     0.79430     4.02832     2.12410
     307 Loop 451263     21.40918     0.39967     4.02832     2.12410
     308 Loop 461253     28.72949     0.29783     4.02832     2.12410
     309 Loop 541263     20.48926     0.41761     4.02832     2.12410
     310 Loop 641253     30.09814     0.28429     4.02832     2.12410
     311 Loop 561243     11.96484     0.71514     4.02832     2.12410
     312 Loop 651243     12.02100     0.71180     4.02832     2.12410
     313 Loop 341526     17.62891     0.48537     4.02832     2.12410
     314 Loop 341625     18.33691     0.46663     4.02832     2.12410
     315 Loop 351426      7.39648     1.15684     4.02832     2.12410
     316 Loop 361425      9.08057     0.94229     4.02832     2.12410
     317 Loop 351624      6.33252     1.35121     4.02832     2.12410
     318 Loop 361524     10.02100     0.85386     4.02832     2.12410
     319 Loop 431526     16.94092     0.50508     4.02832     2.12410
     320 Loop 431625     17.69727     0.48349     4.02832     2.12410
     321 Loop 531426      7.30859     1.17075     4.02832     2.12410
     322 Loop 631425      9.30029     0.92003     4.02832     2.12410
     323 Loop 531624      6.56836     1.30269     4.02832     2.12410
     324 Loop 631524     10.57666     0.80900     4.02832     2.12410
     325 Loop 451326     18.51318     0.46219     4.02832     2.12410
     326 Loop 461325     22.63379     0.37804     4.02832     2.12410
     327 Loop 541326     17.96924     0.47618     4.02832     2.12410
     328 Loop 641325     23.51367     0.36390     4.02832     2.12410
     329 Loop 561324     10.88867     0.78582     4.02832     2.12410
     330 Loop 651324     10.66064     0.80263     4.02832     2.12410
     331 Loop 451623     22.55762     0.37932     4.02832     2.12410
     332 Loop 461523     24.56543     0.34832     4.02832     2.12410
     333 Loop 541623     22.76953     0.37579     4.02832     2.12410
     334 Loop 641523     23.72949     0.36059     4.02832     2.12410
     335 Loop 561423     12.12109     0.70592     4.02832     2.12410
     336 Loop 651423     12.00439     0.71278     4.02832     2.12410
     337 Loop 341562     15.72070     0.54428     4.02832     2.12410
     338 Loop 341652     15.21289     0.56245     4.02832     2.12410
     339 Loop 351462      5.43604     1.57404     4.02832     2.12410
     340 Loop 361452      9.66064     0.88571     4.02832     2.12410
     341 Loop 351642      6.34814     1.34788     4.02832     2.12410
     342 Loop 361542      9.60449     0.89089     4.02832     2.12410
     343 Loop 431562     16.34131     0.52361     4.02832     2.12410
     344 Loop 431652     15.77295     0.54248     4.02832     2.12410
     345 Loop 531462      5.42871     1.57616     4.02832     2.12410
     346 Loop 631452      9.98877     0.85662     4.02832     2.12410
     347 Loop 531642      6.15234     1.39078     4.02832     2.12410
     348 Loop 631542      9.84473     0.86915     4.02832     2.12410
     349 Loop 451362     15.36133     0.55702     4.02832     2.12410
     350 Loop 461352     20.50146     0.41736     4.02832     2.12410
     351 Loop 541362     15.62109     0.54776     4.02832     2.12410
     352 Loop 641352     21.07715     0.40596     4.02832     2.12410
     353 Loop 561342      9.20898     0.92915     4.02832     2.12410
     354 Loop 651342      9.22852     0.92718     4.02832     2.12410
     355 Loop 451632     18.87695     0.45328     4.02832     2.12410
     356 Loop 461532     20.55713     0.41623     4.02832     2.12410
     357 Loop 541632     18.88525     0.45308     4.02832     2.12410
     358 Loop 641532     20.24512     0.42265     4.02832     2.12410
     359 Loop 561432      9.51660     0.89912     4.02832     2.12410
     360 Loop 651432      9.76855     0.87593     4.02832     2.12410
     361 Loop 234156      8.05273     1.06256     4.02832     2.12410
     362 Loop 234165      7.79248     1.09805     4.02832     2.12410
     363 Loop 235146      6.22461     1.37463     4.02832     2.12410
     364 Loop 236145      5.84033     1.46508     4.02832     2.12410
     365 Loop 235164      3.33594     2.56496     3.33594     2.56496
     366 Loop 236154      3.83643     2.23034     3.33594     2.56496
     367 Loop 243156      9.25635     0.92440     3.33594     2.56496
     368 Loop 243165      9.33301     0.91680     3.33594     2.56496
     369 Loop 253146      6.87207     1.24512     3.33594     2.56496
     370 Loop 263145      7.84473     1.09074     3.33594     2.56496
     371 Loop 253164      4.21191     2.03151     3.33594     2.56496
     372 Loop 263154      9.74463     0.87808     3.33594     2.56496
     373 Loop 245136      8.70850     0.98255     3.33594     2.56496
     374 Loop 246135      8.38477     1.02049     3.33594     2.56496
     375 Loop 254136      7.84863     1.09019     3.33594     2.56496
     376 Loop 264135      9.91260     0.86320     3.33594     2.56496
     377 Loop 256134     10.25684     0.83423     3.33594     2.56496
     378 Loop 265134     10.18066     0.84047     3.33594     2.56496
     379 Loop 245163      9.94873     0.86006     3.33594     2.56496
     380 Loop 246153     10.30469     0.83035     3.33594     2.56496
     381 Loop 254163      9.50488     0.90023     3.33594     2.56496
     382 Loop 264153     11.56104     0.74012     3.33594     2.56496
     383 Loop 256143     10.91650     0.78382     3.33594     2.56496
     384 Loop 265143     10.85645     0.78815     3.33594     2.56496
     385 Loop 324156      7.66016     1.11702     3.33594     2.56496
     386 Loop 324165      7.76025     1.10261     3.33594     2.56496
     387 Loop 325146      6.04834     1.41469     3.33594     2.56496
     388 Loop 326145      5.70850     1.49891     3.33594     2.56496
     389 Loop 325164      3.06836     2.78864     3.06836     2.78864
     390 Loop 326154      3.62012     2.36361     3.06836     2.78864
     391 Loop 423156      9.07275     0.94310     3.06836     2.78864
     392 Loop 423165      8.98047     0.95279     3.06836     2.78864
     393 Loop 523146      7.23633     1.18244     3.06836     2.78864
     394 Loop 623145      8.50879     1.00561     3.06836     2.78864
     395 Loop 523164      4.14014     2.06673     3.06836     2.78864
     396 Loop 623154      9.68848     0.88317     3.06836     2.78864
     397 Loop 425136      8.71240     0.98211     3.06836     2.78864
     398 Loop 426135      8.57275     0.99811     3.06836     2.78864
     399 Loop 524136      7.70020     1.11121     3.06836     2.78864
     400 Loop 624135      9.80859     0.87235     3.06836     2.78864
     401 Loop 526134     11.36475     0.75290     3.06836     2.78864
     402 Loop 625134     11.30078     0.75716     3.06836     2.78864
     403 Loop 425163     11.01660     0.77669     3.06836     2.78864
     404 Loop 426153     10.82471     0.79046     3.06836     2.78864
     405 Loop 524163      9.29248     0.92080     3.06836     2.78864
     406 Loop 624153     11.74854     0.72831     3.06836     2.78864
     407 Loop 526143     12.02490     0.71157     3.06836     2.78864
     408 Loop 625143     11.80078     0.72508     3.06836     2.78864
     409 Loop 342156      9.06055     0.94437     3.06836     2.78864
     410 Loop 342165      9.04443     0.94606     3.06836     2.78864
     411 Loop 352146      6.35205     1.34705     3.06836     2.78864
     412 Loop 362145      7.55664     1.13232     3.06836     2.78864
     413 Loop 352164      3.91602     2.18501     3.06836     2.78864
     414 Loop 362154      9.09668     0.94062     3.06836     2.78864
     415 Loop 432156      9.14844     0.93530     3.06836     2.78864
     416 Loop 432165      9.40869     0.90943     3.06836     2.78864
     417 Loop 532146      6.95215     1.23078     3.06836     2.78864
     418 Loop 632145      7.80420     1.09640     3.06836     2.78864
     419 Loop 532164      4.04004     2.11793     3.06836     2.78864
     420 Loop 632154      9.52051     0.89875     3.06836     2.78864
     421 Loop 452136      8.65234     0.98893     3.06836     2.78864
     422 Loop 462135     11.84473     0.72239     3.06836     2.78864
     423 Loop 542136      8.55664     0.99999     3.06836     2.78864
     424 Loop 642135     11.46094     0.74658     3.06836     2.78864
     425 Loop 562134     10.60889     0.80654     3.06836     2.78864
     426 Loop 652134     11.30078     0.75716     3.06836     2.78864
     427 Loop 452163     10.78467     0.79340     3.06836     2.78864
     428 Loop 462153     12.91309     0.66263     3.06836     2.78864
     429 Loop 542163     10.14893     0.84310     3.06836     2.78864
     430 Loop 642153     14.02051     0.61029     3.06836     2.78864
     431 Loop 562143     10.99658     0.77811     3.06836     2.78864
     432 Loop 652143     11.23291     0.76174     3.06836     2.78864
     433 Loop 345126      7.64844     1.11873     3.06836     2.78864
     434 Loop 346125      6.82031     1.25457     3.06836     2.78864
     435 Loop 354126      6.96045     1.22931     3.06836     2.78864
     436 Loop 364125      7.74854     1.10428     3.06836     2.78864
     437 Loop 356124      9.71240     0.88099     3.06836     2.78864
     438 Loop 365124      9.82861     0.87057     3.06836     2.78864
     439 Loop 435126      7.96875     1.07376     3.06836     2.78864
     440 Loop 436125      6.96484     1.22853     3.06836     2.78864
     441 Loop 534126      6.95605     1.23008     3.06836     2.78864
     442 Loop 634125      8.07275     1.05993     3.06836     2.78864
     443 Loop 536124      9.28027     0.92201     3.06836     2.78864
     444 Loop 635124      9.76074     0.87663     3.06836     2.78864
     445 Loop 453126      7.94873     1.07647     3.06836     2.78864
     446 Loop 463125      9.36816     0.91336     3.06836     2.78864
     447 Loop 543126      7.89258     1.08412     3.06836     2.78864
     448 Loop 643125      9.56885     0.89421     3.06836     2.78864
     449 Loop 563124      9.91699     0.86282     3.06836     2.78864
     450 Loop 653124     10.22900     0.83650     3.06836     2.78864
     451 Loop 456123     13.64844     0.62692     3.06836     2.78864
     452 Loop 465123     13.51709     0.63302     3.06836     2.78864
     453 Loop 546123     12.78857     0.66908     3.06836     2.78864
     454 Loop 645123     13.23291     0.64661     3.06836     2.78864
     455 Loop 564123     12.48877     0.68514     3.06836     2.78864
     456 Loop 654123     12.12891     0.70547     3.06836     2.78864
     457 Loop 345162      5.80420     1.47420     3.06836     2.78864
     458 Loop 346152      5.22461     1.63774     3.06836     2.78864
     459 Loop 354162      5.06396     1.68969     3.06836     2.78864
     460 Loop 364152      8.20068     1.04339     3.06836     2.78864
     461 Loop 356142      8.04443     1.06366     3.06836     2.78864
     462 Loop 365142      8.23242     1.03937     3.06836     2.78864
     463 Loop 435162      6.03662     1.41744     3.06836     2.78864
     464 Loop 436152      5.58008     1.53341     3.06836     2.78864
     465 Loop 534162      5.40820     1.58214     3.06836     2.78864
     466 Loop 634152      8.60449     0.99443     3.06836     2.78864
     467 Loop 536142      8.12842     1.05267     3.06836     2.78864
     468 Loop 635142      8.31641     1.02887     3.06836     2.78864
     469 Loop 453162      6.28027     1.36245     3.06836     2.78864
     470 Loop 463152      9.73682     0.87878     3.06836     2.78864
     471 Loop 543162      6.08838     1.40539     3.06836     2.78864
     472 Loop 643152      9.96045     0.85905     3.06836     2.78864
     473 Loop 563142      8.48828     1.00804     3.06836     2.78864
     474 Loop 653142      8.38428     1.02055     3.06836     2.78864
     475 Loop 456132     10.02051     0.85390     3.06836     2.78864
     476 Loop 465132     10.27246     0.83296     3.06836     2.78864
     477 Loop 546132     10.04492     0.85183     3.06836     2.78864
     478 Loop 645132     11.39697     0.75077     3.06836     2.78864
     479 Loop 564132     10.04834     0.85154     3.06836     2.78864
     480 Loop 654132     10.12061     0.84546     3.06836     2.78864
     481 Loop 234516      6.66455     1.28389     3.06836     2.78864
     482 Loop 234615      6.30420     1.35728     3.06836     2.78864
     483 Loop 235416      6.50879     1.31461     3.06836     2.78864
     484 Loop 236415      5.80078     1.47507     3.06836     2.78864
     485 Loop 235614      3.36377     2.54373     3.06836     2.78864
     486 Loop 236514      3.47217     2.46432     3.06836     2.78864
     487 Loop 243516      8.27246     1.03434     3.06836     2.78864
     488 Loop 243615      7.85254     1.08965     3.06836     2.78864
     489 Loop 253416      6.97266     1.22716     3.06836     2.78864
     490 Loop 263415      7.93262     1.07865     3.06836     2.78864
     491 Loop 253614      3.85205     2.22129     3.06836     2.78864
     492 Loop 263514      9.84863     0.86880     3.06836     2.78864
     493 Loop 245316      8.40479     1.01806     3.06836     2.78864
     494 Loop 246315      8.22070     1.04085     3.06836     2.78864
     495 Loop 254316      6.88428     1.24291     3.06836     2.78864
     496 Loop 264315      8.82031     0.97009     3.06836     2.78864
     497 Loop 256314      9.78076     0.87483     3.06836     2.78864
     498 Loop 265314      9.38867     0.91137     3.06836     2.78864
     499 Loop 245613     10.52881     0.81268     3.06836     2.78864
     500 Loop 246513     10.63672     0.80443     3.06836     2.78864
     501 Loop 254613      9.84473     0.86915     3.06836     2.78864
     502 Loop 264513     12.24463     0.69880     3.06836     2.78864
     503 Loop 256413     12.54883     0.68186     3.06836     2.78864
     504 Loop 265413     12.52100     0.68338     3.06836     2.78864
     505 Loop 324516      6.74414     1.26874     3.06836     2.78864
     506 Loop 324615      5.98828     1.42888     3.06836     2.78864
     507 Loop 325416      6.25635     1.36766     3.06836     2.78864
     508 Loop 326415      6.36035     1.34529     3.06836     2.78864
     509 Loop 325614      3.30811     2.58654     3.06836     2.78864
     510 Loop 326514      3.38428     2.52832     3.06836     2.78864
     511 Loop 423516      8.09229     1.05737     3.06836     2.78864
     512 Loop 423615      7.54443     1.13415     3.06836     2.78864
     513 Loop 523416      6.60449     1.29556     3.06836     2.78864
     514 Loop 623415      7.94824     1.07653     3.06836     2.78864
     515 Loop 523614      3.75635     2.27789     3.06836     2.78864
     516 Loop 623514      9.35645     0.91451     3.06836     2.78864
     517 Loop 425316      8.05615     1.06211     3.06836     2.78864
     518 Loop 426315      8.04053     1.06418     3.06836     2.78864
     519 Loop 524316      6.70410     1.27631     3.06836     2.78864
     520 Loop 624315      8.45654     1.01182     3.06836     2.78864
     521 Loop 526314      9.29248     0.92080     3.06836     2.78864
     522 Loop 625314      9.36035     0.91413     3.06836     2.78864
     523 Loop 425613     10.90479     0.78466     3.06836     2.78864
     524 Loop 426513     11.02881     0.77583     3.06836     2.78864
     525 Loop 524613      9.96484     0.85867     3.06836     2.78864
     526 Loop 624513     12.34082     0.69335     3.06836     2.78864
     527 Loop 526413     12.20898     0.70084     3.06836     2.78864
     528 Loop 625413     12.19336     0.70174     3.06836     2.78864
     529 Loop 342516      8.12500     1.05311     3.06836     2.78864
     530 Loop 342615      7.62891     1.12159     3.06836     2.78864
     531 Loop 352416      6.39258     1.33851     3.06836     2.78864
     532 Loop 362415      7.77637     1.10033     3.06836     2.78864
     533 Loop 352614      3.54785     2.41175     3.06836     2.78864
     534 Loop 362514      9.12012     0.93820     3.06836     2.78864
     535 Loop 432516      8.46875     1.01037     3.06836     2.78864
     536 Loop 432615      8.22070     1.04085     3.06836     2.78864
     537 Loop 532416      6.45312     1.32595     3.06836     2.78864
     538 Loop 632415      8.22852     1.03986     3.06836     2.78864
     539 Loop 532614      3.89551     2.19651     3.06836     2.78864
     540 Loop 632514      9.90820     0.86358     3.06836     2.78864
     541 Loop 452316      8.94434     0.95664     3.06836     2.78864
     542 Loop 462315     11.29590     0.75749     3.06836     2.78864
     543 Loop 542316      8.69238     0.98437     3.06836     2.78864
     544 Loop 642315     11.43359     0.74837     3.06836     2.78864
     545 Loop 562314      9.80859     0.87235     3.06836     2.78864
     546 Loop 652314      9.84863     0.86880     3.06836     2.78864
     547 Loop 452613     10.92480     0.78322     3.06836     2.78864
     548 Loop 462513     13.87695     0.61660     3.06836     2.78864
     549 Loop 542613     10.59668     0.80747     3.06836     2.78864
     550 Loop 642513     13.70898     0.62416     3.06836     2.78864
     551 Loop 562413     13.12891     0.65173     3.06836     2.78864
     552 Loop 652413     12.78906     0.66905     3.06836     2.78864
     553 Loop 345216      8.00781     1.06852     3.06836     2.78864
     554 Loop 346215      7.65234     1.11816     3.06836     2.78864
     555 Loop 354216      6.43652     1.32937     3.06836     2.78864
     556 Loop 364215      7.56055     1.13174     3.06836     2.78864
     557 Loop 356214      8.89648     0.96179     3.06836     2.78864
     558 Loop 365214      8.95703     0.95529     3.06836     2.78864
     559 Loop 435216      8.56836     0.99862     3.06836     2.78864
     560 Loop 436215      7.65625     1.11759     3.06836     2.78864
     561 Loop 534216      6.62500     1.29155     3.06836     2.78864
     562 Loop 634215      8.18848     1.04495     3.06836     2.78864
     563 Loop 536214      9.16406     0.93371     3.06836     2.78864
     564 Loop 635214      9.64062     0.88755     3.06836     2.78864
     565 Loop 453216      8.84082     0.96784     3.06836     2.78864
     566 Loop 463215     11.35254     0.75371     3.06836     2.78864
     567 Loop 543216      8.76465     0.97626     3.06836     2.78864
     568 Loop 643215     11.36523     0.75287     3.06836     2.78864
     569 Loop 563214      9.98438     0.85699     3.06836     2.78864
     570 Loop 653214      9.94043     0.86078     3.06836     2.78864
     571 Loop 456213     13.89355     0.61586     3.06836     2.78864
     572 Loop 465213     14.05273     0.60889     3.06836     2.78864
     573 Loop 546213     13.76855     0.62145     3.06836     2.78864
     574 Loop 645213     13.67285     0.62580     3.06836     2.78864
     575 Loop 564213     13.06934     0.65470     3.06836     2.78864
     576 Loop 654213     12.60547     0.67880     3.06836     2.78864
     577 Loop 345612      5.66895     1.50937     3.06836     2.78864
     578 Loop 346512      5.77246     1.48230     3.06836     2.78864
     579 Loop 354612      5.43652     1.57390     3.06836     2.78864
     580 Loop 364512      8.44922     1.01270     3.06836     2.78864
     581 Loop 356412      8.00879     1.06839     3.06836     2.78864
     582 Loop 365412      8.14844     1.05008     3.06836     2.78864
     583 Loop 435612      5.91211     1.44729     3.06836     2.78864
     584 Loop 436512      5.92480     1.44419     3.06836     2.78864
     585 Loop 534612      5.28418     1.61927     3.06836     2.78864
     586 Loop 634512      8.91602     0.95968     3.06836     2.78864
     587 Loop 536412      8.15332     1.04945     3.06836     2.78864
     588 Loop 635412      8.96094     0.95487     3.06836     2.78864
     589 Loop 453612      6.34473     1.34861     3.06836     2.78864
     590 Loop 463512     10.22070     0.83718     3.06836     2.78864
     591 Loop 543612      6.34473     1.34861     3.06836     2.78864
     592 Loop 643512     10.19727     0.83910     3.06836     2.78864
     593 Loop 563412      8.75684     0.97713     3.06836     2.78864
     594 Loop 653412      8.73242     0.97986     3.06836     2.78864
     595 Loop 456312      9.88379     0.86571     3.06836     2.78864
     596 Loop 465312     10.07227     0.84951     3.06836     2.78864
     597 Loop 546312      9.89258     0.86494     3.06836     2.78864
     598 Loop 645312     10.44434     0.81925     3.06836     2.78864
     599 Loop 564312      9.46875     0.90366     3.06836     2.78864
     600 Loop 654312      9.65332     0.88638     3.06836     2.78864
     601 Loop 234561      4.21191     2.03151     3.06836     2.78864
     602 Loop 234651      4.28027     1.99906     3.06836     2.78864
     603 Loop 235461      4.03223     2.12204     3.06836     2.78864
     604 Loop 236451      4.11621     2.07874     3.06836     2.78864
     605 Loop 235641      3.98438     2.14752     3.06836     2.78864
     606 Loop 236541      4.10840     2.08269     3.06836     2.78864
     607 Loop 243561      5.03613     1.69903     3.06836     2.78864
     608 Loop 243651      5.12891     1.66830     3.06836     2.78864
     609 Loop 253461      4.51270     1.89610     3.06836     2.78864
     610 Loop 263451      7.78906     1.09853     3.06836     2.78864
     611 Loop 253641      4.14844     2.06259     3.06836     2.78864
     612 Loop 263541      8.33301     1.02682     3.06836     2.78864
     613 Loop 245361      5.22070     1.63896     3.06836     2.78864
     614 Loop 246351      6.24121     1.37097     3.06836     2.78864
     615 Loop 254361      4.82812     1.77223     3.06836     2.78864
     616 Loop 264351      8.40820     1.01764     3.06836     2.78864
     617 Loop 256341      8.57617     0.99771     3.06836     2.78864
     618 Loop 265341      8.46875     1.01037     3.06836     2.78864
     619 Loop 245631      6.08887     1.40528     3.06836     2.78864
     620 Loop 246531      6.91699     1.23703     3.06836     2.78864
     621 Loop 254631      5.67676     1.50729     3.06836     2.78864
     622 Loop 264531      8.92480     0.95874     3.06836     2.78864
     623 Loop 256431      8.77734     0.97484     3.06836     2.78864
     624 Loop 265431      8.59277     0.99578     3.06836     2.78864
     625 Loop 324561      3.94434     2.16932     3.06836     2.78864
     626 Loop 324651      4.21680     2.02916     3.06836     2.78864
     627 Loop 325461      4.00391     2.13705     3.06836     2.78864
     628 Loop 326451      4.09180     2.09114     3.06836     2.78864
     629 Loop 325641      3.91211     2.18719     3.06836     2.78864
     630 Loop 326541      3.88086     2.20480     3.06836     2.78864
     631 Loop 423561      4.82031     1.77510     3.06836     2.78864
     632 Loop 423651      4.98828     1.71533     3.06836     2.78864
     633 Loop 523461      4.45996     1.91852     3.06836     2.78864
     634 Loop 623451      8.21191     1.04197     3.06836     2.78864
     635 Loop 523641      4.66406     1.83457     3.06836     2.78864
     636 Loop 623541      8.88477     0.96306     3.06836     2.78864
     637 Loop 425361      5.81641     1.47110     3.06836     2.78864
     638 Loop 426351      6.78125     1.26179     3.06836     2.78864
     639 Loop 524361      4.60449     1.85830     3.06836     2.78864
     640 Loop 624351      8.60059     0.99488     3.06836     2.78864
     641 Loop 526341      8.09277     1.05731     3.06836     2.78864
     642 Loop 625341      8.13672     1.05160     3.06836     2.78864
     643 Loop 425631      6.66504     1.28379     3.06836     2.78864
     644 Loop 426531      6.50488     1.31540     3.06836     2.78864
     645 Loop 524631      5.94922     1.43826     3.06836     2.78864
     646 Loop 624531      8.92090     0.95916     3.06836     2.78864
     647 Loop 526431      8.29688     1.03130     3.06836     2.78864
     648 Loop 625431      8.44434     1.01329     3.06836     2.78864
     649 Loop 342561      4.82031     1.77510     3.06836     2.78864
     650 Loop 342651      4.72461     1.81106     3.06836     2.78864
     651 Loop 352461      4.34473     1.96941     3.06836     2.78864
     652 Loop 362451      7.59277     1.12693     3.06836     2.78864
     653 Loop 352641      4.08496     2.09464     3.06836     2.78864
     654 Loop 362541      7.76465     1.10199     3.06836     2.78864
     655 Loop 432561      4.70410     1.81895     3.06836     2.78864
     656 Loop 432651      4.80371     1.78123     3.06836     2.78864
     657 Loop 532461      4.29590     1.99179     3.06836     2.78864
     658 Loop 632451      7.87305     1.08681     3.06836     2.78864
     659 Loop 532641      4.20410     2.03528     3.06836     2.78864
     660 Loop 632541      8.58398     0.99680     3.06836     2.78864
     661 Loop 452361      5.47168     1.56379     3.06836     2.78864
     662 Loop 462351      9.77637     0.87523     3.06836     2.78864
     663 Loop 542361      5.22852     1.63651     3.06836     2.78864
     664 Loop 642351     10.20117     0.83878     3.06836     2.78864
     665 Loop 562341      8.56445     0.99908     3.06836     2.78864
     666 Loop 652341      8.59668     0.99533     3.06836     2.78864
     667 Loop 452631      6.52441     1.31146     3.06836     2.78864
     668 Loop 462531     10.26855     0.83328     3.06836     2.78864
     669 Loop 542631      6.36914     1.34344     3.06836     2.78864
     670 Loop 642531     10.97266     0.77981     3.06836     2.78864
     671 Loop 562431      9.44141     0.90628     3.06836     2.78864
     672 Loop 652431      9.40039     0.91023     3.06836     2.78864
     673 Loop 345261      4.71680     1.81406     3.06836     2.78864
     674 Loop 346251      4.66895     1.83265     3.06836     2.78864
     675 Loop 354261      4.33594     1.97340     3.06836     2.78864
     676 Loop 364251      7.36035     1.16252     3.06836     2.78864
     677 Loop 356241      7.71680     1.10882     3.06836     2.78864
     678 Loop 365241      7.62402     1.12231     3.06836     2.78864
     679 Loop 435261      4.76367     1.79621     3.06836     2.78864
     680 Loop 436251      4.74805     1.80212     3.06836     2.78864
     681 Loop 534261      4.52441     1.89119     3.06836     2.78864
     682 Loop 634251      7.85645     1.08911     3.06836     2.78864
     683 Loop 536241      7.81250     1.09524     3.06836     2.78864
     684 Loop 635241      8.05273     1.06256     3.06836     2.78864
     685 Loop 453261      5.50488     1.55435     3.06836     2.78864
     686 Loop 463251     10.44922     0.81887     3.06836     2.78864
     687 Loop 543261      5.27246     1.62287     3.06836     2.78864
     688 Loop 643251      9.60059     0.89125     3.06836     2.78864
     689 Loop 563241      8.24414     1.03789     3.06836     2.78864
     690 Loop 653241      8.27246     1.03434     3.06836     2.78864
     691 Loop 456231      9.83691     0.86984     3.06836     2.78864
     692 Loop 465231      9.78027     0.87488     3.06836     2.78864
     693 Loop 546231      9.59668     0.89161     3.06836     2.78864
     694 Loop 645231      9.84473     0.86915     3.06836     2.78864
     695 Loop 564231      8.79688     0.97268     3.06836     2.78864
     696 Loop 654231      9.13281     0.93690     3.06836     2.78864
     697 Loop 345621      4.77637     1.79143     3.06836     2.78864
     698 Loop 346521      4.86035     1.76048     3.06836     2.78864
     699 Loop 354621      4.64453     1.84228     3.06836     2.78864
     700 Loop 364521      7.88086     1.08574     3.06836     2.78864
     701 Loop 356421      7.66895     1.11574     3.06836     2.78864
     702 Loop 365421      7.77637     1.10033     3.06836     2.78864
     703 Loop 435621      4.86426     1.75906     3.06836     2.78864
     704 Loop 436521      4.94434     1.73057     3.06836     2.78864
     705 Loop 534621      4.83301     1.77044     3.06836     2.78864
     706 Loop 634521      8.24023     1.03839     3.06836     2.78864
     707 Loop 536421      7.54395     1.13423     3.06836     2.78864
     708 Loop 635421      8.05566     1.06218     3.06836     2.78864
     709 Loop 453621      5.37988     1.59047     3.06836     2.78864
     710 Loop 463521      9.67285     0.88459     3.06836     2.78864
     711 Loop 543621      5.41602     1.57986     3.06836     2.78864
     712 Loop 643521      9.94824     0.86011     3.06836     2.78864
     713 Loop 563421      8.22852     1.03986     3.06836     2.78864
     714 Loop 653421      8.23340     1.03925     3.06836     2.78864
     715 Loop 456321      9.86523     0.86734     3.06836     2.78864
     716 Loop 465321     10.12109     0.84542     3.06836     2.78864
     717 Loop 546321      9.72070     0.88024     3.06836     2.78864
     718 Loop 645321      9.70898     0.88130     3.06836     2.78864
     719 Loop 564321      8.48047     1.00897     3.06836     2.78864
     720 Loop 654321      8.41211     1.01717     3.06836     2.78864
 The best time is:    3.068359    
 The speedup is:      2.788635    
