 TESTING TRANPOSE TYPE 3142
 ===================
 The compilation flags were:
 -O3
 ===================
 Hirata Reference =  1.0200640000000001 seconds
 KGlass Reference =  0.36002299999999998 seconds
     Algorithm        Jeff        Speedup     Best      Best Speedup
     1 Loop 4321      1.62810     0.62654     1.62810     0.62654
     2 Loop 4312      1.52809     0.66754     1.52809     0.66754
     3 Loop 4231      2.15214     0.47398     1.52809     0.66754
     4 Loop 4132      0.95606     1.06695     0.95606     1.06695
     5 Loop 4213      2.07213     0.49228     0.95606     1.06695
     6 Loop 4123      0.89606     1.13839     0.89606     1.13839
     7 Loop 3421      1.43209     0.71229     0.89606     1.13839
     8 Loop 3412      1.34808     0.75668     0.89606     1.13839
     9 Loop 2431      2.16014     0.47222     0.89606     1.13839
    10 Loop 1432      0.50003     2.04000     0.50003     2.04000
    11 Loop 2413      2.05213     0.49708     0.50003     2.04000
    12 Loop 1423      0.50803     2.00788     0.50003     2.04000
    13 Loop 3241      0.58004     1.75862     0.50003     2.04000
    14 Loop 3142      0.37602     2.71276     0.37602     2.71276
    15 Loop 2341      0.85205     1.19718     0.37602     2.71276
    16 Loop 1342      0.34802     2.93103     0.34802     2.93103
    17 Loop 2143      0.84405     1.20853     0.34802     2.93103
    18 Loop 1243      0.48803     2.09016     0.34802     2.93103
    19 Loop 3214      0.56003     1.82143     0.34802     2.93103
    20 Loop 3124      0.40403     2.52475     0.34802     2.93103
    21 Loop 2314      0.84005     1.21429     0.34802     2.93103
    22 Loop 1324      0.34802     2.93103     0.34802     2.93103
    23 Loop 2134      0.80405     1.26866     0.34802     2.93103
    24 Loop 1234      0.31602     3.22785     0.31602     3.22785
 The best loop order for 3142 i        1234
              The best time is:     0.31602
           The best speedup is:     3.22785
Application 11765667 resources: utime ~26s, stime ~0s
