 TESTING TRANPOSE TYPE 1234
 ===================
 The compilation flags were:
 -O3
 ===================
 Hirata Reference =  0.74804699999999991 seconds
 KGlass Reference =  0.22801400000000005 seconds
     Algorithm        Jeff        Speedup     Best      Best Speedup
     1 Loop 4321      3.56022     0.21011     3.56022     0.21011
     2 Loop 4312      3.55622     0.21035     3.55622     0.21035
     3 Loop 4231      1.43609     0.52089     1.43609     0.52089
     4 Loop 4132      1.45209     0.51515     1.43609     0.52089
     5 Loop 4213      1.50809     0.49602     1.43609     0.52089
     6 Loop 4123      1.45609     0.51374     1.43609     0.52089
     7 Loop 3421      3.75623     0.19915     1.43609     0.52089
     8 Loop 3412      3.73623     0.20021     1.43609     0.52089
     9 Loop 2431      0.79605     0.93970     0.79605     0.93970
    10 Loop 1432      0.76005     0.98421     0.76005     0.98421
    11 Loop 2413      0.73605     1.01630     0.73605     1.01630
    12 Loop 1423      0.75205     0.99468     0.73605     1.01630
    13 Loop 3241      0.61204     1.22222     0.61204     1.22222
    14 Loop 3142      0.59204     1.26351     0.59204     1.26351
    15 Loop 2341      0.50403     1.48413     0.50403     1.48413
    16 Loop 1342      0.49203     1.52032     0.49203     1.52032
    17 Loop 2143      0.38002     1.96842     0.38002     1.96842
    18 Loop 1243      0.37602     1.98936     0.37602     1.98936
    19 Loop 3214      0.48003     1.55833     0.37602     1.98936
    20 Loop 3124      0.48803     1.53279     0.37602     1.98936
    21 Loop 2314      0.29202     2.56165     0.29202     2.56165
    22 Loop 1324      0.29602     2.52703     0.29202     2.56165
    23 Loop 2134      0.24001     3.11667     0.24001     3.11667
    24 Loop 1234      0.22401     3.33929     0.22401     3.33929
 The best loop order for 1234 i        1234
              The best time is:     0.22401
           The best speedup is:     3.33929
Application 11766117 resources: utime ~30s, stime ~0s
