 TESTING TRANPOSE TYPE 1243
 ===================
 The compilation flags were:
 -O3
 ===================
 Hirata Reference =  0.88005499999999992 seconds
     Algorithm        Jeff        Speedup     Best      Best Speedup
     1 Loop 4321      3.62823     0.24256     3.62823     0.24256
     2 Loop 4312      3.59223     0.24499     3.59223     0.24499
     3 Loop 4231      0.94006     0.93617     0.94006     0.93617
     4 Loop 4132      0.94406     0.93220     0.94006     0.93617
     5 Loop 4213      0.94406     0.93220     0.94006     0.93617
     6 Loop 4123      0.92406     0.95238     0.92406     0.95238
     7 Loop 3421      3.76423     0.23379     0.92406     0.95238
     8 Loop 3412      3.72423     0.23631     0.92406     0.95238
     9 Loop 2431      0.54003     1.62963     0.54003     1.62963
    10 Loop 1432      0.55604     1.58273     0.54003     1.62963
    11 Loop 2413      0.46403     1.89655     0.46403     1.89655
    12 Loop 1423      0.49603     1.77419     0.46403     1.89655
    13 Loop 3241      0.89206     0.98655     0.46403     1.89655
    14 Loop 3142      0.91206     0.96491     0.46403     1.89655
    15 Loop 2341      0.53603     1.64179     0.46403     1.89655
    16 Loop 1342      0.55203     1.59420     0.46403     1.89655
    17 Loop 2143      0.37202     2.36559     0.37202     2.36559
    18 Loop 1243      0.36802     2.39130     0.36802     2.39130
    19 Loop 3214      0.93606     0.94017     0.36802     2.39130
    20 Loop 3124      0.92806     0.94828     0.36802     2.39130
    21 Loop 2314      0.42803     2.05607     0.36802     2.39130
    22 Loop 1324      0.46003     1.91305     0.36802     2.39130
    23 Loop 2134      0.31202     2.82052     0.31202     2.82052
    24 Loop 1234      0.25201     3.49207     0.25201     3.49207
 The best loop order for 1243 i        1234
              The best time is:     0.25201
           The best speedup is:     3.49207
Application 11765707 resources: utime ~29s, stime ~0s
