 TESTING TRANPOSE TYPE 2314
 ===================
 The compilation flags were:
 -O3
 ===================
 Hirata Reference =  0.83605299999999994 seconds
     Algorithm        Jeff        Speedup     Best      Best Speedup
     1 Loop 4321      1.90012     0.44000     1.90012     0.44000
     2 Loop 4312      1.93612     0.43182     1.90012     0.44000
     3 Loop 4231      1.40409     0.59544     1.40409     0.59544
     4 Loop 4132      2.26414     0.36926     1.40409     0.59544
     5 Loop 4213      1.42809     0.58543     1.40409     0.59544
     6 Loop 4123      2.20014     0.38000     1.40409     0.59544
     7 Loop 3421      1.60410     0.52120     1.40409     0.59544
     8 Loop 3412      1.72011     0.48605     1.40409     0.59544
     9 Loop 2431      0.74005     1.12973     0.74005     1.12973
    10 Loop 1432      1.95212     0.42828     0.74005     1.12973
    11 Loop 2413      0.74405     1.12366     0.74005     1.12973
    12 Loop 1423      1.92012     0.43542     0.74005     1.12973
    13 Loop 3241      0.41603     2.00962     0.41603     2.00962
    14 Loop 3142      0.56003     1.49286     0.41603     2.00962
    15 Loop 2341      0.38402     2.17709     0.38402     2.17709
    16 Loop 1342      0.57604     1.45139     0.38402     2.17709
    17 Loop 2143      0.42003     1.99047     0.38402     2.17709
    18 Loop 1243      0.45203     1.84956     0.38402     2.17709
    19 Loop 3214      0.36002     2.32223     0.36002     2.32223
    20 Loop 3124      0.38802     2.15464     0.36002     2.32223
    21 Loop 2314      0.26002     3.21539     0.26002     3.21539
    22 Loop 1324      0.39202     2.13266     0.26002     3.21539
    23 Loop 2134      0.26402     3.16668     0.26002     3.21539
    24 Loop 1234      0.30402     2.75000     0.26002     3.21539
 The best loop order for 2314 i        2314
              The best time is:     0.26002
           The best speedup is:     3.21539
Application 11765739 resources: utime ~26s, stime ~0s
