 TESTING TRANPOSE TYPE 2431
 ===================
 The compilation flags were:
 -O3
 ===================
 Hirata Reference =  1.036065 seconds
     Algorithm        Jeff        Speedup     Best      Best Speedup
     1 Loop 4321      1.46809     0.70572     1.46809     0.70572
     2 Loop 4312      1.57210     0.65903     1.46809     0.70572
     3 Loop 4231      0.83605     1.23924     0.83605     1.23924
     4 Loop 4132      1.08407     0.95572     0.83605     1.23924
     5 Loop 4213      0.83605     1.23923     0.83605     1.23924
     6 Loop 4123      1.03606     1.00000     0.83605     1.23924
     7 Loop 3421      1.41209     0.73371     0.83605     1.23924
     8 Loop 3412      1.54810     0.66925     0.83605     1.23924
     9 Loop 2431      0.39202     2.64285     0.39202     2.64285
    10 Loop 1432      1.08807     0.95221     0.39202     2.64285
    11 Loop 2413      0.46803     2.21368     0.39202     2.64285
    12 Loop 1423      1.07607     0.96283     0.39202     2.64285
    13 Loop 3241      0.46003     2.25217     0.39202     2.64285
    14 Loop 3142      1.79611     0.57684     0.39202     2.64285
    15 Loop 2341      0.34002     3.04706     0.34002     3.04706
    16 Loop 1342      1.86812     0.55460     0.34002     3.04706
    17 Loop 2143      0.48403     2.14049     0.34002     3.04706
    18 Loop 1243      0.81605     1.26961     0.34002     3.04706
    19 Loop 3214      0.47603     2.17647     0.34002     3.04706
    20 Loop 3124      1.82812     0.56674     0.34002     3.04706
    21 Loop 2314      0.34402     3.01162     0.34002     3.04706
    22 Loop 1324      1.83211     0.56550     0.34002     3.04706
    23 Loop 2134      0.42403     2.44340     0.34002     3.04706
    24 Loop 1234      0.79605     1.30151     0.34002     3.04706
 The best loop order for 2431 i        2341
              The best time is:     0.34002
           The best speedup is:     3.04706
Application 11765619 resources: utime ~26s, stime ~0s
