 TESTING TRANPOSE TYPE 1342
 ===================
 The compilation flags were:
 -O3
 ===================
 Hirata Reference =  1.0120640000000001 seconds
     Algorithm        Jeff        Speedup     Best      Best Speedup
     1 Loop 4321      1.64010     0.61707     1.64010     0.61707
     2 Loop 4312      1.50809     0.67109     1.50809     0.67109
     3 Loop 4231      2.12013     0.47736     1.50809     0.67109
     4 Loop 4132      0.94006     1.07660     0.94006     1.07660
     5 Loop 4213      2.09613     0.48282     0.94006     1.07660
     6 Loop 4123      0.87206     1.16055     0.87206     1.16055
     7 Loop 3421      1.45609     0.69506     0.87206     1.16055
     8 Loop 3412      1.34008     0.75522     0.87206     1.16055
     9 Loop 2431      2.14413     0.47202     0.87206     1.16055
    10 Loop 1432      0.50003     2.02400     0.50003     2.02400
    11 Loop 2413      2.04013     0.49608     0.50003     2.02400
    12 Loop 1423      0.49203     2.05691     0.49203     2.05691
    13 Loop 3241      0.58404     1.73288     0.49203     2.05691
    14 Loop 3142      0.37602     2.69149     0.37602     2.69149
    15 Loop 2341      0.82805     1.22222     0.37602     2.69149
    16 Loop 1342      0.34402     2.94187     0.34402     2.94187
    17 Loop 2143      0.83605     1.21053     0.34402     2.94187
    18 Loop 1243      0.49603     2.04032     0.34402     2.94187
    19 Loop 3214      0.51203     1.97656     0.34402     2.94187
    20 Loop 3124      0.40802     2.48040     0.34402     2.94187
    21 Loop 2314      0.82805     1.22222     0.34402     2.94187
    22 Loop 1324      0.34402     2.94186     0.34402     2.94187
    23 Loop 2134      0.78405     1.29082     0.34402     2.94187
    24 Loop 1234      0.35202     2.87500     0.34402     2.94187
 The best loop order for 1342 i        1342
              The best time is:     0.34402
           The best speedup is:     2.94187
Application 11765677 resources: utime ~25s, stime ~0s
