 TESTING TRANPOSE TYPE 2413
 ===================
 The compilation flags were:
 -O3
 ===================
 Hirata Reference =  0.900057 seconds
 KGlass Reference =  0.38802400000000004 seconds
     Algorithm        Jeff        Speedup     Best      Best Speedup
     1 Loop 4321      1.68411     0.53444     1.68411     0.53444
     2 Loop 4312      1.80811     0.49779     1.68411     0.53444
     3 Loop 4231      0.82405     1.09223     0.82405     1.09223
     4 Loop 4132      0.85205     1.05634     0.82405     1.09223
     5 Loop 4213      0.81205     1.10838     0.81205     1.10838
     6 Loop 4123      0.82805     1.08696     0.81205     1.10838
     7 Loop 3421      1.76411     0.51020     0.81205     1.10838
     8 Loop 3412      1.80011     0.50000     0.81205     1.10838
     9 Loop 2431      0.43603     2.06422     0.43603     2.06422
    10 Loop 1432      0.61604     1.46104     0.43603     2.06422
    11 Loop 2413      0.41603     2.16346     0.41603     2.16346
    12 Loop 1423      0.56404     1.59575     0.41603     2.16346
    13 Loop 3241      0.84005     1.07143     0.41603     2.16346
    14 Loop 3142      1.95612     0.46012     0.41603     2.16346
    15 Loop 2341      0.44403     2.02703     0.41603     2.16346
    16 Loop 1342      1.70811     0.52693     0.41603     2.16346
    17 Loop 2143      0.38402     2.34375     0.38402     2.34375
    18 Loop 1243      0.43603     2.06422     0.38402     2.34375
    19 Loop 3214      0.92406     0.97403     0.38402     2.34375
    20 Loop 3124      1.86012     0.48387     0.38402     2.34375
    21 Loop 2314      0.47603     1.89076     0.38402     2.34375
    22 Loop 1324      1.79211     0.50223     0.38402     2.34375
    23 Loop 2134      0.32002     2.81250     0.32002     2.81250
    24 Loop 1234      0.29602     3.04054     0.29602     3.04054
 The best loop order for 2413 i        1234
              The best time is:     0.29602
           The best speedup is:     3.04054
Application 11765633 resources: utime ~25s, stime ~0s
