 TESTING TRANPOSE TYPE 2143
 ===================
 The compilation flags were:
 -O3
 ===================
 Hirata Reference =  0.88405499999999992 seconds
 KGlass Reference =  0.3360209999999999 seconds
     Algorithm        Jeff        Speedup     Best      Best Speedup
     1 Loop 4321      3.62823     0.24366     3.62823     0.24366
     2 Loop 4312      3.60022     0.24556     3.60022     0.24556
     3 Loop 4231      0.90406     0.97788     0.90406     0.97788
     4 Loop 4132      0.94006     0.94043     0.90406     0.97788
     5 Loop 4213      0.94006     0.94043     0.90406     0.97788
     6 Loop 4123      0.92806     0.95259     0.90406     0.97788
     7 Loop 3421      3.76023     0.23511     0.90406     0.97788
     8 Loop 3412      3.73223     0.23687     0.90406     0.97788
     9 Loop 2431      0.52003     1.70000     0.52003     1.70000
    10 Loop 1432      0.56404     1.56738     0.52003     1.70000
    11 Loop 2413      0.46803     1.88889     0.46803     1.88889
    12 Loop 1423      0.49203     1.79675     0.46803     1.88889
    13 Loop 3241      0.91606     0.96507     0.46803     1.88889
    14 Loop 3142      0.88406     1.00000     0.46803     1.88889
    15 Loop 2341      0.53203     1.66165     0.46803     1.88889
    16 Loop 1342      0.54803     1.61314     0.46803     1.88889
    17 Loop 2143      0.36802     2.40217     0.36802     2.40217
    18 Loop 1243      0.37202     2.37635     0.36802     2.40217
    19 Loop 3214      0.94406     0.93644     0.36802     2.40217
    20 Loop 3124      0.94406     0.93644     0.36802     2.40217
    21 Loop 2314      0.46803     1.88889     0.36802     2.40217
    22 Loop 1324      0.43203     2.04630     0.36802     2.40217
    23 Loop 2134      0.31602     2.79747     0.31602     2.79747
    24 Loop 1234      0.25602     3.45312     0.25602     3.45312
 The best loop order for 2143 i        1234
              The best time is:     0.25602
           The best speedup is:     3.45312
Application 11765692 resources: utime ~29s, stime ~0s
