 TESTING TRANPOSE TYPE 3241
 ===================
 The compilation flags were:
 -O3
 ===================
 Hirata Reference =  1.0640670000000001 seconds
     Algorithm        Jeff        Speedup     Best      Best Speedup
     1 Loop 4321      1.52009     0.70000     1.52009     0.70000
     2 Loop 4312      1.64010     0.64878     1.52009     0.70000
     3 Loop 4231      0.94006     1.13192     0.94006     1.13192
     4 Loop 4132      2.17214     0.48987     0.94006     1.13192
     5 Loop 4213      0.89606     1.18750     0.89606     1.18750
     6 Loop 4123      1.99612     0.53307     0.89606     1.18750
     7 Loop 3421      1.36408     0.78006     0.89606     1.18750
     8 Loop 3412      1.42409     0.74719     0.89606     1.18750
     9 Loop 2431      0.46003     2.31305     0.46003     2.31305
    10 Loop 1432      2.08013     0.51154     0.46003     2.31305
    11 Loop 2413      0.47203     2.25424     0.46003     2.31305
    12 Loop 1423      1.99212     0.53414     0.46003     2.31305
    13 Loop 3241      0.34402     3.09303     0.34402     3.09303
    14 Loop 3142      0.59204     1.79730     0.34402     3.09303
    15 Loop 2341      0.31602     3.36709     0.31602     3.36709
    16 Loop 1342      0.86005     1.23721     0.31602     3.36709
    17 Loop 2143      0.48803     2.18033     0.31602     3.36709
    18 Loop 1243      0.83605     1.27273     0.31602     3.36709
    19 Loop 3214      0.40802     2.60785     0.31602     3.36709
    20 Loop 3124      0.55603     1.91367     0.31602     3.36709
    21 Loop 2314      0.34402     3.09302     0.31602     3.36709
    22 Loop 1324      0.84005     1.26667     0.31602     3.36709
    23 Loop 2134      0.37202     2.86022     0.31602     3.36709
    24 Loop 1234      0.77205     1.37824     0.31602     3.36709
 The best loop order for 3241 i        2341
              The best time is:     0.31602
           The best speedup is:     3.36709
Application 11765658 resources: utime ~25s, stime ~0s
