 TESTING TRANPOSE TYPE 2134
 ===================
 The compilation flags were:
 -O3
 ===================
 Hirata Reference =  0.76004799999999995 seconds
     Algorithm        Jeff        Speedup     Best      Best Speedup
     1 Loop 4321      3.68823     0.20607     3.68823     0.20607
     2 Loop 4312      3.66823     0.20720     3.66823     0.20720
     3 Loop 4231      1.45209     0.52342     1.45209     0.52342
     4 Loop 4132      1.44009     0.52778     1.44009     0.52778
     5 Loop 4213      1.40409     0.54131     1.40409     0.54131
     6 Loop 4123      1.40009     0.54286     1.40009     0.54286
     7 Loop 3421      3.62423     0.20971     1.40009     0.54286
     8 Loop 3412      3.60823     0.21064     1.40009     0.54286
     9 Loop 2431      0.76405     0.99477     0.76405     0.99477
    10 Loop 1432      0.77605     0.97938     0.76405     0.99477
    11 Loop 2413      0.72405     1.04972     0.72405     1.04972
    12 Loop 1423      0.72804     1.04396     0.72405     1.04972
    13 Loop 3241      0.62004     1.22581     0.62004     1.22581
    14 Loop 3142      0.64004     1.18750     0.62004     1.22581
    15 Loop 2341      0.50403     1.50794     0.50403     1.50794
    16 Loop 1342      0.53603     1.41791     0.50403     1.50794
    17 Loop 2143      0.39602     1.91920     0.39602     1.91920
    18 Loop 1243      0.39602     1.91920     0.39602     1.91920
    19 Loop 3214      0.50003     1.52000     0.39602     1.91920
    20 Loop 3124      0.49603     1.53226     0.39602     1.91920
    21 Loop 2314      0.28802     2.63889     0.28802     2.63889
    22 Loop 1324      0.29602     2.56756     0.28802     2.63889
    23 Loop 2134      0.26402     2.87880     0.26402     2.87880
    24 Loop 1234      0.20401     3.72551     0.20401     3.72551
 The best loop order for 2134 i        1234
              The best time is:     0.20401
           The best speedup is:     3.72551
Application 11765765 resources: utime ~29s, stime ~0s
