 TESTING TRANPOSE TYPE 4213
 FOR 4D ARRAY OF RANK 40
 ===================
 The compilation flags were:
 -g
 -i8
 -O3
 -xSSE4.2
 -opt-prefetch
 -funroll-loops
 ===================
              Hirata Ref. #1 =     5.674050
     Algorithm        Jeff        Speedup     Best      Best Speedup
     1 Loop 4321     4.318558    1.313876    4.318558    1.313876
     2 Loop 4312     3.719156    1.525628    3.719156    1.525628
     3 Loop 4231     1.677861    3.381717    1.677861    3.381717
     4 Loop 4132     1.581234    3.588369    1.581234    3.588369
     5 Loop 4213     1.721656    3.295693    1.581234    3.588369
     6 Loop 4123     1.894058    2.995711    1.581234    3.588369
     7 Loop 3421     4.510556    1.257949    1.581234    3.588369
     8 Loop 3412     3.890451    1.458456    1.581234    3.588369
     9 Loop 2431     1.134326    5.002134    1.134326    5.002134
    10 Loop 1432     1.230207    4.612272    1.134326    5.002134
    11 Loop 2413     0.867621    6.539778    0.867621    6.539778
    12 Loop 1423     0.975297    5.817765    0.867621    6.539778
    13 Loop 3241     2.612418    2.171953    0.867621    6.539778
    14 Loop 3142     3.482538    1.629286    0.867621    6.539778
    15 Loop 2341     1.630639    3.479647    0.867621    6.539778
    16 Loop 1342     3.332686    1.702546    0.867621    6.539778
    17 Loop 2143     0.764843    7.418577    0.764843    7.418577
    18 Loop 1243     0.826912    6.861732    0.764843    7.418577
    19 Loop 3214     2.340529    2.424260    0.764843    7.418577
    20 Loop 3124     3.682780    1.540697    0.764843    7.418577
    21 Loop 2314     1.639269    3.461330    0.764843    7.418577
    22 Loop 1324     3.560374    1.593667    0.764843    7.418577
    23 Loop 2134     1.604830    3.535608    0.764843    7.418577
    24 Loop 1234     1.626876    3.487696    0.764843    7.418577
              Hirata Ref. #2 =     5.672889
        The best loop order is:        2143
              The best time is:    0.764843
          Best speedup (#1) is:    7.418577
          Best speedup (#2) is:    7.417058
