 TESTING TRANPOSE TYPE 3124
 FOR 4D ARRAY OF RANK 40
 ===================
 The compilation flags were:
 -g
 -i8
 -O3
 -xSSE4.2
 -opt-prefetch
 -funroll-loops
 ===================
              Hirata Ref. #1 =     2.068827
     Algorithm        Jeff        Speedup     Best      Best Speedup
     1 Loop 4321     4.898320    0.422354    4.898320    0.422354
     2 Loop 4312     4.894453    0.422688    4.894453    0.422688
     3 Loop 4231     4.848934    0.426656    4.848934    0.426656
     4 Loop 4132     4.341162    0.476561    4.341162    0.476561
     5 Loop 4213     5.216373    0.396603    4.341162    0.476561
     6 Loop 4123     5.105013    0.405254    4.341162    0.476561
     7 Loop 3421     3.909822    0.529136    3.909822    0.529136
     8 Loop 3412     3.942790    0.524711    3.909822    0.529136
     9 Loop 2431     3.961010    0.522298    3.909822    0.529136
    10 Loop 1432     1.726958    1.197960    1.726958    1.197960
    11 Loop 2413     4.390470    0.471209    1.726958    1.197960
    12 Loop 1423     2.088233    0.990707    1.726958    1.197960
    13 Loop 3241     1.233937    1.676607    1.233937    1.676607
    14 Loop 3142     0.933675    2.215788    0.933675    2.215788
    15 Loop 2341     1.224467    1.689573    0.933675    2.215788
    16 Loop 1342     0.909867    2.273770    0.909867    2.273770
    17 Loop 2143     1.768790    1.169629    0.909867    2.273770
    18 Loop 1243     1.748735    1.183042    0.909867    2.273770
    19 Loop 3214     0.741473    2.790156    0.741473    2.790156
    20 Loop 3124     0.612930    3.375309    0.612930    3.375309
    21 Loop 2314     0.710665    2.911113    0.612930    3.375309
    22 Loop 1324     0.554020    3.734209    0.554020    3.734209
    23 Loop 2134     0.611759    3.381769    0.554020    3.734209
    24 Loop 1234     0.545089    3.795395    0.545089    3.795395
              Hirata Ref. #2 =     2.073253
        The best loop order is:        1234
              The best time is:    0.545089
          Best speedup (#1) is:    3.795395
          Best speedup (#2) is:    3.803514
