 TESTING TRANPOSE TYPE 3412
 FOR 4D ARRAY OF RANK 40
 ===================
 The compilation flags were:
 -g
 -i8
 -O3
 -xSSE4.2
 -opt-prefetch
 -funroll-loops
 ===================
              Hirata Ref. #1 =     3.900064
     Algorithm        Jeff        Speedup     Best      Best Speedup
     1 Loop 4321     3.472038    1.123278    3.472038    1.123278
     2 Loop 4312     3.251103    1.199612    3.251103    1.199612
     3 Loop 4231     2.181666    1.787654    2.181666    1.787654
     4 Loop 4132     1.411262    2.763529    1.411262    2.763529
     5 Loop 4213     2.528240    1.542600    1.411262    2.763529
     6 Loop 4123     2.492271    1.564864    1.411262    2.763529
     7 Loop 3421     3.372090    1.156572    1.411262    2.763529
     8 Loop 3412     3.218986    1.211582    1.411262    2.763529
     9 Loop 2431     2.651775    1.470737    1.411262    2.763529
    10 Loop 1432     1.059675    3.680433    1.059675    3.680433
    11 Loop 2413     2.754641    1.415816    1.059675    3.680433
    12 Loop 1423     1.983606    1.966149    1.059675    3.680433
    13 Loop 3241     1.658850    2.351065    1.059675    3.680433
    14 Loop 3142     0.965169    4.040808    0.965169    4.040808
    15 Loop 2341     2.640162    1.477206    0.965169    4.040808
    16 Loop 1342     0.963109    4.049450    0.963109    4.049450
    17 Loop 2143     3.544622    1.100276    0.963109    4.049450
    18 Loop 1243     3.445304    1.131994    0.963109    4.049450
    19 Loop 3214     1.322032    2.950053    0.963109    4.049450
    20 Loop 3124     1.138314    3.426174    0.963109    4.049450
    21 Loop 2314     2.122022    1.837900    0.963109    4.049450
    22 Loop 1324     1.096277    3.557553    0.963109    4.049450
    23 Loop 2134     3.317585    1.175573    0.963109    4.049450
    24 Loop 1234     3.257408    1.197291    0.963109    4.049450
              Hirata Ref. #2 =     3.902980
        The best loop order is:        1342
              The best time is:    0.963109
          Best speedup (#1) is:    4.049450
          Best speedup (#2) is:    4.052478
