 TESTING TRANPOSE TYPE 1243
 FOR 4D ARRAY OF RANK 40
 ===================
 The compilation flags were:
 -g
 -i8
 -O3
 -xSSE4.2
 -opt-prefetch
 -funroll-loops
 ===================
              Hirata Ref. #1 =     1.807134
     Algorithm        Jeff        Speedup     Best      Best Speedup
     1 Loop 4321     7.648016    0.236288    7.648016    0.236288
     2 Loop 4312     7.040964    0.256660    7.040964    0.256660
     3 Loop 4231     2.223060    0.812904    2.223060    0.812904
     4 Loop 4132     1.638433    1.102965    1.638433    1.102965
     5 Loop 4213     1.668150    1.083316    1.638433    1.102965
     6 Loop 4123     1.891872    0.955209    1.638433    1.102965
     7 Loop 3421     7.646737    0.236327    1.638433    1.102965
     8 Loop 3412     7.034111    0.256910    1.638433    1.102965
     9 Loop 2431     1.947859    0.927754    1.638433    1.102965
    10 Loop 1432     1.180947    1.530242    1.180947    1.530242
    11 Loop 2413     1.006549    1.795377    1.006549    1.795377
    12 Loop 1423     0.957892    1.886573    0.957892    1.886573
    13 Loop 3241     2.551568    0.708244    0.957892    1.886573
    14 Loop 3142     2.128678    0.848947    0.957892    1.886573
    15 Loop 2341     1.930650    0.936023    0.957892    1.886573
    16 Loop 1342     1.355014    1.333664    0.957892    1.886573
    17 Loop 2143     0.557600    3.240916    0.557600    3.240916
    18 Loop 1243     0.553038    3.267648    0.553038    3.267648
    19 Loop 3214     2.284621    0.791000    0.553038    3.267648
    20 Loop 3124     2.345384    0.770507    0.553038    3.267648
    21 Loop 2314     1.230102    1.469092    0.553038    3.267648
    22 Loop 1324     1.189606    1.519103    0.553038    3.267648
    23 Loop 2134     0.575830    3.138314    0.553038    3.267648
    24 Loop 1234     0.569799    3.171528    0.553038    3.267648
              Hirata Ref. #2 =     1.809325
        The best loop order is:        1243
              The best time is:    0.553038
          Best speedup (#1) is:    3.267648
          Best speedup (#2) is:    3.271609
