 TESTING TRANPOSE TYPE 1423
 FOR 4D ARRAY OF RANK 40
 ===================
 The compilation flags were:
 -g
 -i8
 -O3
 -xSSE4.2
 -opt-prefetch
 -funroll-loops
 ===================
              Hirata Ref. #1 =     3.447919
     Algorithm        Jeff        Speedup     Best      Best Speedup
     1 Loop 4321     4.181131    0.824638    4.181131    0.824638
     2 Loop 4312     4.032798    0.854969    4.032798    0.854969
     3 Loop 4231     2.243027    1.537172    2.243027    1.537172
     4 Loop 4132     1.591586    2.166342    1.591586    2.166342
     5 Loop 4213     1.729746    1.993309    1.591586    2.166342
     6 Loop 4123     2.377716    1.450097    1.591586    2.166342
     7 Loop 3421     4.164172    0.827996    1.591586    2.166342
     8 Loop 3412     4.150855    0.830653    1.591586    2.166342
     9 Loop 2431     2.039709    1.690397    1.591586    2.166342
    10 Loop 1432     1.040688    3.313114    1.040688    3.313114
    11 Loop 2413     1.075606    3.205561    1.040688    3.313114
    12 Loop 1423     0.838115    4.113900    0.838115    4.113900
    13 Loop 3241     3.851287    0.895264    0.838115    4.113900
    14 Loop 3142     2.564448    1.344508    0.838115    4.113900
    15 Loop 2341     3.593451    0.959501    0.838115    4.113900
    16 Loop 1342     1.288962    2.674958    0.838115    4.113900
    17 Loop 2143     0.807900    4.267753    0.807900    4.267753
    18 Loop 1243     0.779367    4.423998    0.779367    4.423998
    19 Loop 3214     3.549235    0.971454    0.779367    4.423998
    20 Loop 3124     2.072278    1.663830    0.779367    4.423998
    21 Loop 2314     3.463370    0.995539    0.779367    4.423998
    22 Loop 1324     1.254332    2.748809    0.779367    4.423998
    23 Loop 2134     0.783496    4.400683    0.779367    4.423998
    24 Loop 1234     0.666095    5.176321    0.666095    5.176321
              Hirata Ref. #2 =     3.460320
        The best loop order is:        1234
              The best time is:    0.666095
          Best speedup (#1) is:    5.176321
          Best speedup (#2) is:    5.194938
