 TESTING TRANPOSE TYPE 1324
 FOR 4D ARRAY OF RANK 40
 ===================
 The compilation flags were:
 -g
 -i8
 -O3
 -xSSE4.2
 -opt-prefetch
 -funroll-loops
 ===================
              Hirata Ref. #1 =     2.223770
     Algorithm        Jeff        Speedup     Best      Best Speedup
     1 Loop 4321     4.987034    0.445910    4.987034    0.445910
     2 Loop 4312     4.883373    0.455376    4.883373    0.455376
     3 Loop 4231     4.977930    0.446726    4.883373    0.455376
     4 Loop 4132     4.370677    0.508793    4.370677    0.508793
     5 Loop 4213     5.108515    0.435307    4.370677    0.508793
     6 Loop 4123     5.068190    0.438770    4.370677    0.508793
     7 Loop 3421     4.170445    0.533221    4.170445    0.533221
     8 Loop 3412     4.115364    0.540358    4.115364    0.540358
     9 Loop 2431     4.162181    0.534280    4.115364    0.540358
    10 Loop 1432     1.695946    1.311227    1.695946    1.311227
    11 Loop 2413     4.129761    0.538474    1.695946    1.311227
    12 Loop 1423     1.723826    1.290020    1.695946    1.311227
    13 Loop 3241     1.960796    1.134116    1.695946    1.311227
    14 Loop 3142     0.954047    2.330880    0.954047    2.330880
    15 Loop 2341     1.956339    1.136700    0.954047    2.330880
    16 Loop 1342     0.906281    2.453730    0.906281    2.453730
    17 Loop 2143     0.888317    2.503351    0.888317    2.503351
    18 Loop 1243     0.865824    2.568387    0.865824    2.568387
    19 Loop 3214     0.744029    2.988823    0.744029    2.988823
    20 Loop 3124     0.617097    3.603601    0.617097    3.603601
    21 Loop 2314     0.710743    3.128797    0.617097    3.603601
    22 Loop 1324     0.548493    4.054326    0.548493    4.054326
    23 Loop 2134     0.608999    3.651517    0.548493    4.054326
    24 Loop 1234     0.547966    4.058230    0.547966    4.058230
              Hirata Ref. #2 =     2.225607
        The best loop order is:        1234
              The best time is:    0.547966
          Best speedup (#1) is:    4.058230
          Best speedup (#2) is:    4.061582
