 TESTING TRANPOSE TYPE 2341
 FOR 4D ARRAY OF RANK 40
 ===================
 The compilation flags were:
 -g
 -i8
 -O3
 -xSSE4.2
 -opt-prefetch
 -funroll-loops
 ===================
              Hirata Ref. #1 =     2.364111
     Algorithm        Jeff        Speedup     Best      Best Speedup
     1 Loop 4321     3.608389    0.655171    3.608389    0.655171
     2 Loop 4312     3.565687    0.663017    3.565687    0.663017
     3 Loop 4231     1.541389    1.533754    1.541389    1.533754
     4 Loop 4132     3.972687    0.595091    1.541389    1.533754
     5 Loop 4213     1.872813    1.262332    1.541389    1.533754
     6 Loop 4123     4.155176    0.568956    1.541389    1.533754
     7 Loop 3421     3.505015    0.674494    1.541389    1.533754
     8 Loop 3412     3.388912    0.697602    1.541389    1.533754
     9 Loop 2431     1.012150    2.335732    1.012150    2.335732
    10 Loop 1432     3.916313    0.603657    1.012150    2.335732
    11 Loop 2413     1.119784    2.111221    1.012150    2.335732
    12 Loop 1423     3.929432    0.601642    1.012150    2.335732
    13 Loop 3241     0.988243    2.392236    0.988243    2.392236
    14 Loop 3142     1.769582    1.335972    0.988243    2.392236
    15 Loop 2341     0.934524    2.529748    0.934524    2.529748
    16 Loop 1342     2.323505    1.017476    0.934524    2.529748
    17 Loop 2143     1.264470    1.869645    0.934524    2.529748
    18 Loop 1243     1.981579    1.193044    0.934524    2.529748
    19 Loop 3214     1.030007    2.295238    0.934524    2.529748
    20 Loop 3124     1.276006    1.852742    0.934524    2.529748
    21 Loop 2314     0.895691    2.639426    0.895691    2.639426
    22 Loop 1324     2.229844    1.060214    0.895691    2.639426
    23 Loop 2134     1.069244    2.211012    0.895691    2.639426
    24 Loop 1234     2.936418    0.805100    0.895691    2.639426
              Hirata Ref. #2 =     2.363246
        The best loop order is:        2314
              The best time is:    0.895691
          Best speedup (#1) is:    2.639426
          Best speedup (#2) is:    2.638461
