 TESTING TRANPOSE TYPE 1432
 FOR 4D ARRAY OF RANK 40
 ===================
 The compilation flags were:
 -g
 -i8
 -O3
 -xSSE4.2
 -opt-prefetch
 -funroll-loops
 ===================
              Hirata Ref. #1 =     3.889234
     Algorithm        Jeff        Speedup     Best      Best Speedup
     1 Loop 4321     3.627669    1.072103    3.627669    1.072103
     2 Loop 4312     3.405704    1.141977    3.405704    1.141977
     3 Loop 4231     2.358724    1.648872    2.358724    1.648872
     4 Loop 4132     1.448717    2.684605    1.448717    2.684605
     5 Loop 4213     2.311077    1.682866    1.448717    2.684605
     6 Loop 4123     2.444583    1.590960    1.448717    2.684605
     7 Loop 3421     3.649355    1.065732    1.448717    2.684605
     8 Loop 3412     3.414510    1.139031    1.448717    2.684605
     9 Loop 2431     2.590094    1.501580    1.448717    2.684605
    10 Loop 1432     0.862617    4.508644    0.862617    4.508644
    11 Loop 2413     2.592619    1.500118    0.862617    4.508644
    12 Loop 1423     0.996336    3.903536    0.862617    4.508644
    13 Loop 3241     3.697136    1.051959    0.862617    4.508644
    14 Loop 3142     1.000869    3.885856    0.862617    4.508644
    15 Loop 2341     3.688900    1.054307    0.862617    4.508644
    16 Loop 1342     0.938211    4.145370    0.862617    4.508644
    17 Loop 2143     2.627092    1.480433    0.862617    4.508644
    18 Loop 1243     1.172669    3.316567    0.862617    4.508644
    19 Loop 3214     3.468983    1.121145    0.862617    4.508644
    20 Loop 3124     1.168158    3.329374    0.862617    4.508644
    21 Loop 2314     3.485463    1.115844    0.862617    4.508644
    22 Loop 1324     1.059990    3.669124    0.862617    4.508644
    23 Loop 2134     1.968438    1.975797    0.862617    4.508644
    24 Loop 1234     1.176200    3.306610    0.862617    4.508644
              Hirata Ref. #2 =     3.898334
        The best loop order is:        1432
              The best time is:    0.862617
          Best speedup (#1) is:    4.508644
          Best speedup (#2) is:    4.519193
