SPAGHETTY: generator2.py rgit
dims = 16,16,16,16,16,16 - OpenMP threads = 48 
GNU compiler: -fopenmp -std=c99 -fno-underscoring -O3 
 transpose: 123456
           old_sort_6           =       0.197629 (          0.679E+09 B/s)
    best   nomp_f(1.0,0.0)      = 123456  0.047635 (  4.149x, 0.282E+10 B/s)
    best   omp_f(1.0,0.0)       = 543216  0.016104 ( 12.272x, 0.833E+10 B/s)
 transpose: 261543
           old_sort_6           =       0.169658 (          0.791E+09 B/s)
    best   nomp_f(1.0,0.0)      = 123456  0.132375 (  1.282x, 0.101E+10 B/s)
    best   omp_f(1.0,0.0)       = 421653  0.022789 (  7.445x, 0.589E+10 B/s)
 transpose: 265431
           old_sort_6           =       0.219279 (          0.612E+09 B/s)
    best   nomp_f(1.0,0.0)      = 532164  0.096419 (  2.274x, 0.139E+10 B/s)
    best   omp_f(1.0,0.0)       = 543216  0.019364 ( 11.324x, 0.693E+10 B/s)
 transpose: 326541
           old_sort_6           =       0.183279 (          0.732E+09 B/s)
    best   nomp_f(1.0,0.0)      = 532164  0.091390 (  2.005x, 0.147E+10 B/s)
    best   omp_f(1.0,0.0)       = 532164  0.018092 ( 10.130x, 0.742E+10 B/s)
 transpose: 362154
           old_sort_6           =       0.234387 (          0.573E+09 B/s)
    best   nomp_f(1.0,0.0)      = 532164  0.106306 (  2.205x, 0.126E+10 B/s)
    best   omp_f(1.0,0.0)       = 532164  0.017527 ( 13.373x, 0.766E+10 B/s)
 transpose: 362514
           old_sort_6           =       0.178632 (          0.751E+09 B/s)
    best   nomp_f(1.0,0.0)      = 532164  0.096801 (  1.845x, 0.139E+10 B/s)
    best   omp_f(1.0,0.0)       = 532164  0.019415 (  9.201x, 0.691E+10 B/s)
 transpose: 362541
           old_sort_6           =       0.253990 (          0.528E+09 B/s)
    best   nomp_f(1.0,0.0)      = 532164  0.090677 (  2.801x, 0.148E+10 B/s)
    best   omp_f(1.0,0.0)       = 532164  0.017706 ( 14.345x, 0.758E+10 B/s)
 transpose: 421653
           old_sort_6           =       0.175807 (          0.763E+09 B/s)
    best   nomp_f(1.0,0.0)      = 123456  0.082439 (  2.133x, 0.163E+10 B/s)
    best   omp_f(1.0,0.0)       = 542136  0.018612 (  9.446x, 0.721E+10 B/s)
 transpose: 431652
           old_sort_6           =       0.187039 (          0.718E+09 B/s)
    best   nomp_f(1.0,0.0)      = 432165  0.083591 (  2.238x, 0.161E+10 B/s)
    best   omp_f(1.0,0.0)       = 432165  0.019332 (  9.675x, 0.694E+10 B/s)
 transpose: 432165
           old_sort_6           =       0.241872 (          0.555E+09 B/s)
    best   nomp_f(1.0,0.0)      = 123456  0.058729 (  4.118x, 0.229E+10 B/s)
    best   omp_f(1.0,0.0)       = 432165  0.018833 ( 12.843x, 0.713E+10 B/s)
 transpose: 432651
           old_sort_6           =       0.183853 (          0.730E+09 B/s)
    best   nomp_f(1.0,0.0)      = 432165  0.069005 (  2.664x, 0.195E+10 B/s)
    best   omp_f(1.0,0.0)       = 432165  0.018546 (  9.914x, 0.724E+10 B/s)
 transpose: 436215
           old_sort_6           =       0.160500 (          0.836E+09 B/s)
    best   nomp_f(1.0,0.0)      = 432165  0.089697 (  1.789x, 0.150E+10 B/s)
    best   omp_f(1.0,0.0)       = 431652  0.019343 (  8.298x, 0.694E+10 B/s)
 transpose: 436251
           old_sort_6           =       0.185687 (          0.723E+09 B/s)
    best   nomp_f(1.0,0.0)      = 432165  0.078015 (  2.380x, 0.172E+10 B/s)
    best   omp_f(1.0,0.0)       = 432651  0.015217 ( 12.203x, 0.882E+10 B/s)
 transpose: 436521
           old_sort_6           =       0.177872 (          0.755E+09 B/s)
    best   nomp_f(1.0,0.0)      = 432165  0.090771 (  1.960x, 0.148E+10 B/s)
    best   omp_f(1.0,0.0)       = 432651  0.017056 ( 10.429x, 0.787E+10 B/s)
 transpose: 463215
           old_sort_6           =       0.172033 (          0.780E+09 B/s)
    best   nomp_f(1.0,0.0)      = 432165  0.090885 (  1.893x, 0.148E+10 B/s)
    best   omp_f(1.0,0.0)       = 432651  0.017092 ( 10.065x, 0.785E+10 B/s)
 transpose: 463251
           old_sort_6           =       0.209585 (          0.640E+09 B/s)
    best   nomp_f(1.0,0.0)      = 432165  0.082365 (  2.545x, 0.163E+10 B/s)
    best   omp_f(1.0,0.0)       = 432651  0.017457 ( 12.005x, 0.769E+10 B/s)
 transpose: 463521
           old_sort_6           =       0.203821 (          0.659E+09 B/s)
    best   nomp_f(1.0,0.0)      = 432165  0.091220 (  2.234x, 0.147E+10 B/s)
    best   omp_f(1.0,0.0)       = 432651  0.018678 ( 10.913x, 0.719E+10 B/s)
 transpose: 521643
           old_sort_6           =       0.220685 (          0.608E+09 B/s)
    best   nomp_f(1.0,0.0)      = 123456  0.064400 (  3.427x, 0.208E+10 B/s)
    best   omp_f(1.0,0.0)       = 542136  0.021417 ( 10.304x, 0.627E+10 B/s)
 transpose: 531642
           old_sort_6           =       0.259092 (          0.518E+09 B/s)
    best   nomp_f(1.0,0.0)      = 532164  0.089685 (  2.889x, 0.150E+10 B/s)
    best   omp_f(1.0,0.0)       = 532164  0.017984 ( 14.407x, 0.746E+10 B/s)
 transpose: 532164
           old_sort_6           =       0.283649 (          0.473E+09 B/s)
    best   nomp_f(1.0,0.0)      = 123456  0.059777 (  4.745x, 0.225E+10 B/s)
    best   omp_f(1.0,0.0)       = 532164  0.015458 ( 18.349x, 0.868E+10 B/s)
 transpose: 532641
           old_sort_6           =       0.267029 (          0.503E+09 B/s)
    best   nomp_f(1.0,0.0)      = 532164  0.081424 (  3.279x, 0.165E+10 B/s)
    best   omp_f(1.0,0.0)       = 532164  0.015094 ( 17.692x, 0.889E+10 B/s)
 transpose: 541632
           old_sort_6           =       0.209343 (          0.641E+09 B/s)
    best   nomp_f(1.0,0.0)      = 542136  0.182500 (  1.147x, 0.735E+09 B/s)
    best   omp_f(1.0,0.0)       = 543216  0.017084 ( 12.254x, 0.786E+10 B/s)
 transpose: 542136
           old_sort_6           =       0.159253 (          0.843E+09 B/s)
    best   nomp_f(1.0,0.0)      = 123456  0.093091 (  1.711x, 0.144E+10 B/s)
    best   omp_f(1.0,0.0)       = 542136  0.013193 ( 12.071x, 0.102E+11 B/s)
 transpose: 542163
           old_sort_6           =       0.211280 (          0.635E+09 B/s)
    best   nomp_f(1.0,0.0)      = 123456  0.112872 (  1.872x, 0.119E+10 B/s)
    best   omp_f(1.0,0.0)       = 542136  0.013190 ( 16.018x, 0.102E+11 B/s)
 transpose: 542631
           old_sort_6           =       0.186888 (          0.718E+09 B/s)
    best   nomp_f(1.0,0.0)      = 432165  0.119455 (  1.565x, 0.112E+10 B/s)
    best   omp_f(1.0,0.0)       = 543216  0.014257 ( 13.109x, 0.941E+10 B/s)
 transpose: 543162
           old_sort_6           =       0.243844 (          0.550E+09 B/s)
    best   nomp_f(1.0,0.0)      = 432165  0.114483 (  2.130x, 0.117E+10 B/s)
    best   omp_f(1.0,0.0)       = 543216  0.013312 ( 18.318x, 0.101E+11 B/s)
 transpose: 543216
           old_sort_6           =       0.157996 (          0.849E+09 B/s)
    best   nomp_f(1.0,0.0)      = 123456  0.094776 (  1.667x, 0.142E+10 B/s)
    best   omp_f(1.0,0.0)       = 543216  0.012799 ( 12.344x, 0.105E+11 B/s)
 transpose: 543261
           old_sort_6           =       0.270128 (          0.497E+09 B/s)
    best   nomp_f(1.0,0.0)      = 432165  0.113497 (  2.380x, 0.118E+10 B/s)
    best   omp_f(1.0,0.0)       = 543216  0.013327 ( 20.269x, 0.101E+11 B/s)
 transpose: 543621
           old_sort_6           =       0.205904 (          0.652E+09 B/s)
    best   nomp_f(1.0,0.0)      = 432165  0.119346 (  1.725x, 0.112E+10 B/s)
    best   omp_f(1.0,0.0)       = 543216  0.017196 ( 11.974x, 0.780E+10 B/s)
 transpose: 621543
           old_sort_6           =       0.172205 (          0.779E+09 B/s)
    best   nomp_f(1.0,0.0)      = 123456  0.111996 (  1.538x, 0.120E+10 B/s)
    best   omp_f(1.0,0.0)       = 542136  0.021678 (  7.944x, 0.619E+10 B/s)
 transpose: 625431
           old_sort_6           =       0.225763 (          0.595E+09 B/s)
    best   nomp_f(1.0,0.0)      = 532164  0.098339 (  2.296x, 0.136E+10 B/s)
    best   omp_f(1.0,0.0)       = 543216  0.020182 ( 11.186x, 0.665E+10 B/s)
 transpose: 631542
           old_sort_6           =       0.213604 (          0.628E+09 B/s)
    best   nomp_f(1.0,0.0)      = 532164  0.116285 (  1.837x, 0.115E+10 B/s)
    best   omp_f(1.0,0.0)       = 431652  0.021619 (  9.881x, 0.621E+10 B/s)
 transpose: 632154
           old_sort_6           =       0.266057 (          0.504E+09 B/s)
    best   nomp_f(1.0,0.0)      = 123456  0.097223 (  2.737x, 0.138E+10 B/s)
    best   omp_f(1.0,0.0)       = 532164  0.017199 ( 15.469x, 0.780E+10 B/s)
 transpose: 632514
           old_sort_6           =       0.239464 (          0.560E+09 B/s)
    best   nomp_f(1.0,0.0)      = 532164  0.101131 (  2.368x, 0.133E+10 B/s)
    best   omp_f(1.0,0.0)       = 532164  0.021180 ( 11.306x, 0.634E+10 B/s)
 transpose: 632541
           old_sort_6           =       0.214857 (          0.625E+09 B/s)
    best   nomp_f(1.0,0.0)      = 532164  0.089028 (  2.413x, 0.151E+10 B/s)
    best   omp_f(1.0,0.0)       = 532164  0.017627 ( 12.189x, 0.761E+10 B/s)
 transpose: 641532
           old_sort_6           =       0.217589 (          0.617E+09 B/s)
    best   nomp_f(1.0,0.0)      = 432165  0.129164 (  1.685x, 0.104E+10 B/s)
    best   omp_f(1.0,0.0)       = 431652  0.022377 (  9.724x, 0.600E+10 B/s)
 transpose: 642153
           old_sort_6           =       0.239824 (          0.560E+09 B/s)
    best   nomp_f(1.0,0.0)      = 432165  0.131990 (  1.817x, 0.102E+10 B/s)
    best   omp_f(1.0,0.0)       = 421653  0.021139 ( 11.345x, 0.635E+10 B/s)
 transpose: 642531
           old_sort_6           =       0.255368 (          0.526E+09 B/s)
    best   nomp_f(1.0,0.0)      = 432165  0.089922 (  2.840x, 0.149E+10 B/s)
    best   omp_f(1.0,0.0)       = 542136  0.018734 ( 13.631x, 0.716E+10 B/s)
 transpose: 643152
           old_sort_6           =       0.281553 (          0.477E+09 B/s)
    best   nomp_f(1.0,0.0)      = 432165  0.081783 (  3.443x, 0.164E+10 B/s)
    best   omp_f(1.0,0.0)       = 543216  0.018462 ( 15.250x, 0.727E+10 B/s)
 transpose: 643215
           old_sort_6           =       0.158385 (          0.847E+09 B/s)
    best   nomp_f(1.0,0.0)      = 432165  0.090914 (  1.742x, 0.148E+10 B/s)
    best   omp_f(1.0,0.0)       = 432651  0.018701 (  8.469x, 0.718E+10 B/s)
 transpose: 643251
           old_sort_6           =       0.219073 (          0.613E+09 B/s)
    best   nomp_f(1.0,0.0)      = 432165  0.081514 (  2.688x, 0.165E+10 B/s)
    best   omp_f(1.0,0.0)       = 543216  0.018135 ( 12.080x, 0.740E+10 B/s)
 transpose: 643521
           old_sort_6           =       0.253979 (          0.528E+09 B/s)
    best   nomp_f(1.0,0.0)      = 432165  0.091190 (  2.785x, 0.147E+10 B/s)
    best   omp_f(1.0,0.0)       = 543216  0.019443 ( 13.063x, 0.690E+10 B/s)
 transpose: 651432
           old_sort_6           =       0.179784 (          0.747E+09 B/s)
    best   nomp_f(1.0,0.0)      = 532164  0.130990 (  1.373x, 0.102E+10 B/s)
    best   omp_f(1.0,0.0)       = 431652  0.025726 (  6.989x, 0.522E+10 B/s)
 transpose: 652143
           old_sort_6           =       0.279597 (          0.480E+09 B/s)
    best   nomp_f(1.0,0.0)      = 532164  0.122777 (  2.277x, 0.109E+10 B/s)
    best   omp_f(1.0,0.0)       = 542136  0.023909 ( 11.694x, 0.561E+10 B/s)
 transpose: 652413
           old_sort_6           =       0.215516 (          0.623E+09 B/s)
    best   nomp_f(1.0,0.0)      = 532164  0.144478 (  1.492x, 0.929E+09 B/s)
    best   omp_f(1.0,0.0)       = 421653  0.022533 (  9.564x, 0.596E+10 B/s)
 transpose: 652431
           old_sort_6           =       0.188242 (          0.713E+09 B/s)
    best   nomp_f(1.0,0.0)      = 532164  0.106578 (  1.766x, 0.126E+10 B/s)
    best   omp_f(1.0,0.0)       = 542136  0.022020 (  8.549x, 0.610E+10 B/s)
 transpose: 653142
           old_sort_6           =       0.219191 (          0.612E+09 B/s)
    best   nomp_f(1.0,0.0)      = 532164  0.088482 (  2.477x, 0.152E+10 B/s)
    best   omp_f(1.0,0.0)       = 532164  0.019004 ( 11.534x, 0.706E+10 B/s)
 transpose: 653214
           old_sort_6           =       0.219960 (          0.610E+09 B/s)
    best   nomp_f(1.0,0.0)      = 532164  0.100451 (  2.190x, 0.134E+10 B/s)
    best   omp_f(1.0,0.0)       = 532164  0.021169 ( 10.391x, 0.634E+10 B/s)
 transpose: 653241
           old_sort_6           =       0.210475 (          0.638E+09 B/s)
    best   nomp_f(1.0,0.0)      = 532164  0.102615 (  2.051x, 0.131E+10 B/s)
    best   omp_f(1.0,0.0)       = 532164  0.018572 ( 11.333x, 0.723E+10 B/s)
 transpose: 653421
           old_sort_6           =       0.216795 (          0.619E+09 B/s)
    best   nomp_f(1.0,0.0)      = 532164  0.096159 (  2.255x, 0.140E+10 B/s)
    best   omp_f(1.0,0.0)       = 432651  0.020227 ( 10.718x, 0.664E+10 B/s)
 transpose: 654132
           old_sort_6           =       0.170997 (          0.785E+09 B/s)
    best   nomp_f(1.0,0.0)      = 542136  0.195701 (  0.874x, 0.686E+09 B/s)
    best   omp_f(1.0,0.0)       = 431652  0.024673 (  6.930x, 0.544E+10 B/s)
 transpose: 654213
           old_sort_6           =       0.171656 (          0.782E+09 B/s)
    best   nomp_f(1.0,0.0)      = 543216  0.198715 (  0.864x, 0.675E+09 B/s)
    best   omp_f(1.0,0.0)       = 421653  0.024963 (  6.876x, 0.538E+10 B/s)
 transpose: 654231
           old_sort_6           =       0.201469 (          0.666E+09 B/s)
    best   nomp_f(1.0,0.0)      = 543216  0.210141 (  0.959x, 0.639E+09 B/s)
    best   omp_f(1.0,0.0)       = 542136  0.018524 ( 10.876x, 0.725E+10 B/s)
 transpose: 654312
           old_sort_6           =       0.220258 (          0.609E+09 B/s)
    best   nomp_f(1.0,0.0)      = 542136  0.195166 (  1.129x, 0.688E+09 B/s)
    best   omp_f(1.0,0.0)       = 431652  0.021666 ( 10.166x, 0.619E+10 B/s)
 transpose: 654321
           old_sort_6           =       0.200340 (          0.670E+09 B/s)
    best   nomp_f(1.0,0.0)      = 542136  0.189413 (  1.058x, 0.709E+09 B/s)
    best   omp_f(1.0,0.0)       = 542136  0.019978 ( 10.028x, 0.672E+10 B/s)
 transpose: 123456
           old_sort_6           =       0.097424 (          0.138E+10 B/s)
    best   nomp_c(1.0,0.0)      = 123456  0.035422 (  2.750x, 0.379E+10 B/s)
    best   omp_c(1.0,0.0)       = 123456  0.017832 (  5.463x, 0.753E+10 B/s)
 transpose: 261543
           old_sort_6           =       0.254856 (          0.527E+09 B/s)
    best   nomp_c(1.0,0.0)      = 123456  0.107230 (  2.377x, 0.125E+10 B/s)
    best   omp_c(1.0,0.0)       = 542136  0.021785 ( 11.699x, 0.616E+10 B/s)
 transpose: 265431
           old_sort_6           =       0.226829 (          0.592E+09 B/s)
    best   nomp_c(1.0,0.0)      = 532164  0.097170 (  2.334x, 0.138E+10 B/s)
    best   omp_c(1.0,0.0)       = 542136  0.018972 ( 11.956x, 0.707E+10 B/s)
 transpose: 326541
           old_sort_6           =       0.183419 (          0.732E+09 B/s)
    best   nomp_c(1.0,0.0)      = 532164  0.088736 (  2.067x, 0.151E+10 B/s)
    best   omp_c(1.0,0.0)       = 432651  0.019461 (  9.425x, 0.690E+10 B/s)
 transpose: 362154
           old_sort_6           =       0.252036 (          0.533E+09 B/s)
    best   nomp_c(1.0,0.0)      = 532164  0.109995 (  2.291x, 0.122E+10 B/s)
    best   omp_c(1.0,0.0)       = 532164  0.017398 ( 14.487x, 0.771E+10 B/s)
 transpose: 362514
           old_sort_6           =       0.217523 (          0.617E+09 B/s)
    best   nomp_c(1.0,0.0)      = 532164  0.103156 (  2.109x, 0.130E+10 B/s)
    best   omp_c(1.0,0.0)       = 532164  0.021263 ( 10.230x, 0.631E+10 B/s)
 transpose: 362541
           old_sort_6           =       0.271853 (          0.494E+09 B/s)
    best   nomp_c(1.0,0.0)      = 532164  0.088716 (  3.064x, 0.151E+10 B/s)
    best   omp_c(1.0,0.0)       = 532164  0.018484 ( 14.708x, 0.726E+10 B/s)
 transpose: 421653
           old_sort_6           =       0.199536 (          0.673E+09 B/s)
    best   nomp_c(1.0,0.0)      = 123456  0.062940 (  3.170x, 0.213E+10 B/s)
    best   omp_c(1.0,0.0)       = 542136  0.017887 ( 11.155x, 0.750E+10 B/s)
 transpose: 431652
           old_sort_6           =       0.198750 (          0.675E+09 B/s)
    best   nomp_c(1.0,0.0)      = 432165  0.082831 (  2.399x, 0.162E+10 B/s)
    best   omp_c(1.0,0.0)       = 431652  0.018015 ( 11.033x, 0.745E+10 B/s)
 transpose: 432165
           old_sort_6           =       0.242208 (          0.554E+09 B/s)
    best   nomp_c(1.0,0.0)      = 123456  0.057313 (  4.226x, 0.234E+10 B/s)
    best   omp_c(1.0,0.0)       = 432651  0.017293 ( 14.006x, 0.776E+10 B/s)
 transpose: 432651
           old_sort_6           =       0.197752 (          0.679E+09 B/s)
    best   nomp_c(1.0,0.0)      = 432165  0.069571 (  2.842x, 0.193E+10 B/s)
    best   omp_c(1.0,0.0)       = 432651  0.016823 ( 11.755x, 0.798E+10 B/s)
 transpose: 436215
           old_sort_6           =       0.159515 (          0.841E+09 B/s)
    best   nomp_c(1.0,0.0)      = 432165  0.090694 (  1.759x, 0.148E+10 B/s)
    best   omp_c(1.0,0.0)       = 432651  0.015890 ( 10.039x, 0.845E+10 B/s)
 transpose: 436251
           old_sort_6           =       0.187529 (          0.716E+09 B/s)
    best   nomp_c(1.0,0.0)      = 432165  0.082690 (  2.268x, 0.162E+10 B/s)
    best   omp_c(1.0,0.0)       = 432651  0.016137 ( 11.621x, 0.832E+10 B/s)
 transpose: 436521
           old_sort_6           =       0.267928 (          0.501E+09 B/s)
    best   nomp_c(1.0,0.0)      = 432165  0.093490 (  2.866x, 0.144E+10 B/s)
    best   omp_c(1.0,0.0)       = 432651  0.017055 ( 15.709x, 0.787E+10 B/s)
 transpose: 463215
           old_sort_6           =       0.158762 (          0.845E+09 B/s)
    best   nomp_c(1.0,0.0)      = 432165  0.090751 (  1.749x, 0.148E+10 B/s)
    best   omp_c(1.0,0.0)       = 432651  0.017610 (  9.015x, 0.762E+10 B/s)
 transpose: 463251
           old_sort_6           =       0.214865 (          0.625E+09 B/s)
    best   nomp_c(1.0,0.0)      = 432165  0.086104 (  2.495x, 0.156E+10 B/s)
    best   omp_c(1.0,0.0)       = 432165  0.018807 ( 11.425x, 0.714E+10 B/s)
 transpose: 463521
           old_sort_6           =       0.268064 (          0.501E+09 B/s)
    best   nomp_c(1.0,0.0)      = 432165  0.090862 (  2.950x, 0.148E+10 B/s)
    best   omp_c(1.0,0.0)       = 543216  0.020539 ( 13.051x, 0.653E+10 B/s)
 transpose: 521643
           old_sort_6           =       0.227249 (          0.591E+09 B/s)
    best   nomp_c(1.0,0.0)      = 123456  0.065326 (  3.479x, 0.205E+10 B/s)
    best   omp_c(1.0,0.0)       = 542136  0.019324 ( 11.760x, 0.695E+10 B/s)
 transpose: 531642
           old_sort_6           =       0.179023 (          0.750E+09 B/s)
    best   nomp_c(1.0,0.0)      = 532164  0.087435 (  2.048x, 0.154E+10 B/s)
    best   omp_c(1.0,0.0)       = 532164  0.017646 ( 10.145x, 0.761E+10 B/s)
 transpose: 532164
           old_sort_6           =       0.284381 (          0.472E+09 B/s)
    best   nomp_c(1.0,0.0)      = 123456  0.060196 (  4.724x, 0.223E+10 B/s)
    best   omp_c(1.0,0.0)       = 532164  0.016982 ( 16.746x, 0.790E+10 B/s)
 transpose: 532641
           old_sort_6           =       0.212549 (          0.631E+09 B/s)
    best   nomp_c(1.0,0.0)      = 532164  0.079538 (  2.672x, 0.169E+10 B/s)
    best   omp_c(1.0,0.0)       = 532164  0.015133 ( 14.046x, 0.887E+10 B/s)
 transpose: 541632
           old_sort_6           =       0.201158 (          0.667E+09 B/s)
    best   nomp_c(1.0,0.0)      = 123456  0.147200 (  1.367x, 0.912E+09 B/s)
    best   omp_c(1.0,0.0)       = 543216  0.018155 ( 11.080x, 0.739E+10 B/s)
 transpose: 542136
           old_sort_6           =       0.147406 (          0.911E+09 B/s)
    best   nomp_c(1.0,0.0)      = 123456  0.092248 (  1.598x, 0.145E+10 B/s)
    best   omp_c(1.0,0.0)       = 543216  0.013746 ( 10.724x, 0.976E+10 B/s)
 transpose: 542163
           old_sort_6           =       0.236403 (          0.568E+09 B/s)
    best   nomp_c(1.0,0.0)      = 123456  0.112657 (  2.098x, 0.119E+10 B/s)
    best   omp_c(1.0,0.0)       = 542136  0.016937 ( 13.958x, 0.792E+10 B/s)
 transpose: 542631
           old_sort_6           =       0.336093 (          0.399E+09 B/s)
    best   nomp_c(1.0,0.0)      = 432165  0.119216 (  2.819x, 0.113E+10 B/s)
    best   omp_c(1.0,0.0)       = 542136  0.015950 ( 21.072x, 0.841E+10 B/s)
 transpose: 543162
           old_sort_6           =       0.265226 (          0.506E+09 B/s)
    best   nomp_c(1.0,0.0)      = 432165  0.115322 (  2.300x, 0.116E+10 B/s)
    best   omp_c(1.0,0.0)       = 543216  0.014020 ( 18.918x, 0.957E+10 B/s)
 transpose: 543216
           old_sort_6           =       0.124884 (          0.107E+10 B/s)
    best   nomp_c(1.0,0.0)      = 123456  0.088933 (  1.404x, 0.151E+10 B/s)
    best   omp_c(1.0,0.0)       = 543216  0.013858 (  9.011x, 0.968E+10 B/s)
 transpose: 543261
           old_sort_6           =       0.285119 (          0.471E+09 B/s)
    best   nomp_c(1.0,0.0)      = 432165  0.113797 (  2.505x, 0.118E+10 B/s)
    best   omp_c(1.0,0.0)       = 542136  0.013934 ( 20.463x, 0.963E+10 B/s)
 transpose: 543621
           old_sort_6           =       0.217579 (          0.617E+09 B/s)
    best   nomp_c(1.0,0.0)      = 432165  0.119356 (  1.823x, 0.112E+10 B/s)
    best   omp_c(1.0,0.0)       = 543216  0.014803 ( 14.699x, 0.907E+10 B/s)
 transpose: 621543
           old_sort_6           =       0.177281 (          0.757E+09 B/s)
    best   nomp_c(1.0,0.0)      = 123456  0.108269 (  1.637x, 0.124E+10 B/s)
    best   omp_c(1.0,0.0)       = 542136  0.023979 (  7.393x, 0.560E+10 B/s)
 transpose: 625431
           old_sort_6           =       0.231600 (          0.580E+09 B/s)
    best   nomp_c(1.0,0.0)      = 532164  0.097744 (  2.369x, 0.137E+10 B/s)
    best   omp_c(1.0,0.0)       = 542136  0.018741 ( 12.358x, 0.716E+10 B/s)
 transpose: 631542
           old_sort_6           =       0.177392 (          0.757E+09 B/s)
    best   nomp_c(1.0,0.0)      = 532164  0.106169 (  1.671x, 0.126E+10 B/s)
    best   omp_c(1.0,0.0)       = 431652  0.022979 (  7.720x, 0.584E+10 B/s)
 transpose: 632154
           old_sort_6           =       0.223793 (          0.600E+09 B/s)
    best   nomp_c(1.0,0.0)      = 123456  0.101318 (  2.209x, 0.132E+10 B/s)
    best   omp_c(1.0,0.0)       = 532164  0.018471 ( 12.116x, 0.727E+10 B/s)
 transpose: 632514
           old_sort_6           =       0.217964 (          0.616E+09 B/s)
    best   nomp_c(1.0,0.0)      = 532164  0.097256 (  2.241x, 0.138E+10 B/s)
    best   omp_c(1.0,0.0)       = 532164  0.020851 ( 10.453x, 0.644E+10 B/s)
 transpose: 632541
           old_sort_6           =       0.188862 (          0.711E+09 B/s)
    best   nomp_c(1.0,0.0)      = 532164  0.085805 (  2.201x, 0.156E+10 B/s)
    best   omp_c(1.0,0.0)       = 532164  0.018678 ( 10.111x, 0.719E+10 B/s)
 transpose: 641532
           old_sort_6           =       0.170832 (          0.786E+09 B/s)
    best   nomp_c(1.0,0.0)      = 432165  0.128437 (  1.330x, 0.105E+10 B/s)
    best   omp_c(1.0,0.0)       = 431652  0.022849 (  7.476x, 0.587E+10 B/s)
 transpose: 642153
           old_sort_6           =       0.173293 (          0.775E+09 B/s)
    best   nomp_c(1.0,0.0)      = 432165  0.122864 (  1.410x, 0.109E+10 B/s)
    best   omp_c(1.0,0.0)       = 542136  0.023336 (  7.426x, 0.575E+10 B/s)
 transpose: 642531
           old_sort_6           =       0.209488 (          0.641E+09 B/s)
    best   nomp_c(1.0,0.0)      = 432165  0.090861 (  2.306x, 0.148E+10 B/s)
    best   omp_c(1.0,0.0)       = 542136  0.019686 ( 10.642x, 0.682E+10 B/s)
 transpose: 643152
           old_sort_6           =       0.215796 (          0.622E+09 B/s)
    best   nomp_c(1.0,0.0)      = 432165  0.078021 (  2.766x, 0.172E+10 B/s)
    best   omp_c(1.0,0.0)       = 432165  0.022573 (  9.560x, 0.595E+10 B/s)
 transpose: 643215
           old_sort_6           =       0.167599 (          0.801E+09 B/s)
    best   nomp_c(1.0,0.0)      = 432165  0.094118 (  1.781x, 0.143E+10 B/s)
    best   omp_c(1.0,0.0)       = 432651  0.019221 (  8.720x, 0.698E+10 B/s)
 transpose: 643251
           old_sort_6           =       0.183095 (          0.733E+09 B/s)
    best   nomp_c(1.0,0.0)      = 432165  0.076885 (  2.381x, 0.175E+10 B/s)
    best   omp_c(1.0,0.0)       = 432165  0.019719 (  9.285x, 0.681E+10 B/s)
 transpose: 643521
           old_sort_6           =       0.213348 (          0.629E+09 B/s)
    best   nomp_c(1.0,0.0)      = 432165  0.090610 (  2.355x, 0.148E+10 B/s)
    best   omp_c(1.0,0.0)       = 432651  0.020282 ( 10.519x, 0.662E+10 B/s)
 transpose: 651432
           old_sort_6           =       0.222751 (          0.603E+09 B/s)
    best   nomp_c(1.0,0.0)      = 532164  0.142168 (  1.567x, 0.944E+09 B/s)
    best   omp_c(1.0,0.0)       = 431652  0.024076 (  9.252x, 0.557E+10 B/s)
 transpose: 652143
           old_sort_6           =       0.279912 (          0.480E+09 B/s)
    best   nomp_c(1.0,0.0)      = 532164  0.121737 (  2.299x, 0.110E+10 B/s)
    best   omp_c(1.0,0.0)       = 542136  0.023159 ( 12.087x, 0.580E+10 B/s)
 transpose: 652413
           old_sort_6           =       0.209553 (          0.640E+09 B/s)
    best   nomp_c(1.0,0.0)      = 532164  0.150211 (  1.395x, 0.894E+09 B/s)
    best   omp_c(1.0,0.0)       = 421653  0.022757 (  9.208x, 0.590E+10 B/s)
 transpose: 652431
           old_sort_6           =       0.224722 (          0.597E+09 B/s)
    best   nomp_c(1.0,0.0)      = 532164  0.096974 (  2.317x, 0.138E+10 B/s)
    best   omp_c(1.0,0.0)       = 543216  0.021284 ( 10.558x, 0.631E+10 B/s)
 transpose: 653142
           old_sort_6           =       0.172187 (          0.779E+09 B/s)
    best   nomp_c(1.0,0.0)      = 532164  0.086401 (  1.993x, 0.155E+10 B/s)
    best   omp_c(1.0,0.0)       = 532164  0.020004 (  8.608x, 0.671E+10 B/s)
 transpose: 653214
           old_sort_6           =       0.179984 (          0.746E+09 B/s)
    best   nomp_c(1.0,0.0)      = 532164  0.092979 (  1.936x, 0.144E+10 B/s)
    best   omp_c(1.0,0.0)       = 532164  0.019269 (  9.340x, 0.697E+10 B/s)
 transpose: 653241
           old_sort_6           =       0.194075 (          0.692E+09 B/s)
    best   nomp_c(1.0,0.0)      = 532164  0.085825 (  2.261x, 0.156E+10 B/s)
    best   omp_c(1.0,0.0)       = 532164  0.017920 ( 10.830x, 0.749E+10 B/s)
 transpose: 653421
           old_sort_6           =       0.205173 (          0.654E+09 B/s)
    best   nomp_c(1.0,0.0)      = 532164  0.097557 (  2.103x, 0.138E+10 B/s)
    best   omp_c(1.0,0.0)       = 532164  0.022807 (  8.996x, 0.588E+10 B/s)
 transpose: 654132
           old_sort_6           =       0.201464 (          0.666E+09 B/s)
    best   nomp_c(1.0,0.0)      = 542136  0.194033 (  1.038x, 0.692E+09 B/s)
    best   omp_c(1.0,0.0)       = 543216  0.022971 (  8.770x, 0.584E+10 B/s)
 transpose: 654213
           old_sort_6           =       0.169358 (          0.793E+09 B/s)
    best   nomp_c(1.0,0.0)      = 543216  0.202385 (  0.837x, 0.663E+09 B/s)
    best   omp_c(1.0,0.0)       = 542136  0.025308 (  6.692x, 0.530E+10 B/s)
 transpose: 654231
           old_sort_6           =       0.184381 (          0.728E+09 B/s)
    best   nomp_c(1.0,0.0)      = 542136  0.198061 (  0.931x, 0.678E+09 B/s)
    best   omp_c(1.0,0.0)       = 542136  0.023159 (  7.962x, 0.580E+10 B/s)
 transpose: 654312
           old_sort_6           =       0.221132 (          0.607E+09 B/s)
    best   nomp_c(1.0,0.0)      = 542136  0.187745 (  1.178x, 0.715E+09 B/s)
    best   omp_c(1.0,0.0)       = 543216  0.024253 (  9.118x, 0.553E+10 B/s)
 transpose: 654321
           old_sort_6           =       0.220697 (          0.608E+09 B/s)
    best   nomp_c(1.0,0.0)      = 542136  0.190422 (  1.159x, 0.705E+09 B/s)
    best   omp_c(1.0,0.0)       = 542136  0.021698 ( 10.171x, 0.619E+10 B/s)
