SPAGHETTY: generator2.py rgit
dims = 16,16,16,16,16,16 - OpenMP threads = 32 
Intel compiler: -openmp -std=c99 -assume nounderscore -O2 -mavx 
 transpose: 123456
           old_sort_6           =       0.112957 (          0.119E+10 B/s)
    best   nomp_f(1.0,0.0)      = 123456  0.024855 (  4.545x, 0.540E+10 B/s)
    best   omp_f(1.0,0.0)       = 124356  0.007096 ( 15.918x, 0.189E+11 B/s)
 transpose: 261543
           old_sort_6           =       0.224005 (          0.599E+09 B/s)
    best   nomp_f(1.0,0.0)      = 214563  0.047290 (  4.737x, 0.284E+10 B/s)
    best   omp_f(1.0,0.0)       = 421653  0.009760 ( 22.952x, 0.138E+11 B/s)
 transpose: 265431
           old_sort_6           =       0.227522 (          0.590E+09 B/s)
    best   nomp_f(1.0,0.0)      = 234561  0.057640 (  3.947x, 0.233E+10 B/s)
    best   omp_f(1.0,0.0)       = 542613  0.007961 ( 28.579x, 0.169E+11 B/s)
 transpose: 326541
           old_sort_6           =       0.222490 (          0.603E+09 B/s)
    best   nomp_f(1.0,0.0)      = 234561  0.048672 (  4.571x, 0.276E+10 B/s)
    best   omp_f(1.0,0.0)       = 321564  0.007549 ( 29.473x, 0.178E+11 B/s)
 transpose: 362154
           old_sort_6           =       0.229608 (          0.585E+09 B/s)
    best   nomp_f(1.0,0.0)      = 321654  0.039418 (  5.825x, 0.340E+10 B/s)
    best   omp_f(1.0,0.0)       = 321645  0.007562 ( 30.364x, 0.177E+11 B/s)
 transpose: 362514
           old_sort_6           =       0.336865 (          0.398E+09 B/s)
    best   nomp_f(1.0,0.0)      = 321654  0.050461 (  6.676x, 0.266E+10 B/s)
    best   omp_f(1.0,0.0)       = 326154  0.008288 ( 40.645x, 0.162E+11 B/s)
 transpose: 362541
           old_sort_6           =       0.224174 (          0.599E+09 B/s)
    best   nomp_f(1.0,0.0)      = 234561  0.049634 (  4.517x, 0.270E+10 B/s)
    best   omp_f(1.0,0.0)       = 326415  0.008287 ( 27.051x, 0.162E+11 B/s)
 transpose: 421653
           old_sort_6           =       0.183728 (          0.731E+09 B/s)
    best   nomp_f(1.0,0.0)      = 142563  0.044173 (  4.159x, 0.304E+10 B/s)
    best   omp_f(1.0,0.0)       = 421365  0.007432 ( 24.721x, 0.181E+11 B/s)
 transpose: 431652
           old_sort_6           =       0.185242 (          0.725E+09 B/s)
    best   nomp_f(1.0,0.0)      = 143562  0.044305 (  4.181x, 0.303E+10 B/s)
    best   omp_f(1.0,0.0)       = 341265  0.007697 ( 24.067x, 0.174E+11 B/s)
 transpose: 432165
           old_sort_6           =       0.166555 (          0.806E+09 B/s)
    best   nomp_f(1.0,0.0)      = 321465  0.035186 (  4.734x, 0.381E+10 B/s)
    best   omp_f(1.0,0.0)       = 342516  0.007506 ( 22.190x, 0.179E+11 B/s)
 transpose: 432651
           old_sort_6           =       0.189200 (          0.709E+09 B/s)
    best   nomp_f(1.0,0.0)      = 243561  0.045491 (  4.159x, 0.295E+10 B/s)
    best   omp_f(1.0,0.0)       = 342165  0.007739 ( 24.447x, 0.173E+11 B/s)
 transpose: 436215
           old_sort_6           =       0.343843 (          0.390E+09 B/s)
    best   nomp_f(1.0,0.0)      = 324165  0.039616 (  8.679x, 0.339E+10 B/s)
    best   omp_f(1.0,0.0)       = 324165  0.007566 ( 45.446x, 0.177E+11 B/s)
 transpose: 436251
           old_sort_6           =       0.231413 (          0.580E+09 B/s)
    best   nomp_f(1.0,0.0)      = 324561  0.044317 (  5.222x, 0.303E+10 B/s)
    best   omp_f(1.0,0.0)       = 342165  0.007479 ( 30.942x, 0.179E+11 B/s)
