 TESTING TRANPOSE TYPE 1342
 Hirata Reference =  2.61295199394226074 seconds
 Algorithm         Jeff           
 Loop 1342      1.06214284896850586 2.46007587066072553
 Loop 1234      1.09089994430541992 2.39522607694873146
 Loop 2134      1.15029501914978027 2.27154942900959167
 Loop 3124      1.16251182556152344 2.24767777538962843
 Loop 1324      1.17215895652770996 2.22917888345332971
 Loop 2314      1.21792197227478027 2.14541822335457644
 Loop 3214      1.22420215606689453 2.13441218102174313
 Loop 3142      1.32038712501525879 1.97892871298034256
 Loop 2143      1.80727100372314453 1.44579976581228786
 Loop 1243      2.02859997749328613 1.28805679923700422
 Loop 2341      2.03265905380249023 1.28548464094567061
 Loop 3241      2.09098792076110840 1.24962558032911075
 Loop 2431      4.16253495216369629 0.627730943756770521
 Loop 4123      3.72007679939270020 0.702391949104067770
 Loop 1423      3.29056501388549805 0.794073960829264403
 Loop 1432      2.99906802177429199 0.871254661438589317
 Loop 4132      3.17198109626770020 0.823760266735757307
 Loop 2413      3.29163908958435059 0.793814851151317891
 Loop 4213      3.44506597518920898 0.758462105736234293
 Loop 3412      3.23226094245910645 0.808397601696824952
 Loop 4312      3.45621490478515625 0.756015486862407937
 Loop 4231      4.15504002571105957 0.628863254691536144
 Loop 3421      3.90041685104370117 0.669916086851862658
 Loop 4321      4.25558495521545410 0.614005365053268193
