 TESTING TRANPOSE TYPE 1234
 Hirata Reference =  2.76059889793395996 seconds
 Algorithm         Jeff           
 Loop 1234      0.84461593627929687 3.26846650572916442
 Loop 2134      0.85861706733703613 3.21516890701443714
 Loop 1324      1.13030099868774414 2.44235730229289150
 Loop 1243      1.27975606918334961 2.15712897513006530
 Loop 2143      1.30063295364379883 2.12250419320837747
 Loop 3124      1.49845910072326660 1.84229178934646387
 Loop 2314      1.50021195411682129 1.84013924856313515
 Loop 3214      1.51206111907958984 1.82571912146935600
 Loop 1342      2.29129505157470703 1.20482034648340952
 Loop 3142      2.83543395996093750 0.973607192731793192
 Loop 1423      3.13765597343444824 0.879828420103123898
 Loop 1432      3.67248392105102539 0.751698021633245506
 Loop 2413      8.65700984001159668 0.318885960505072286
 Loop 4213      8.67268705368041992 0.318309525161806384
 Loop 4123      8.73759102821350098 0.315945080173704984
 Loop 3241      9.36693501472473145 0.294717417553802319
 Loop 2341      9.53015899658203125 0.289669763004378245
 Loop 4321      17.9365010261535645 0.153909555375860457
 Loop 4132      18.2842919826507568 0.150981995942385039
 Loop 2431      18.7362499237060547 0.147339991149515459
 Loop 4231      18.8444519042968750 0.146493987299492312
 Loop 4312      21.0258369445800781 0.131295553428400935
 Loop 3421      24.1731820106506348 0.114200889924944426
 Loop 3412      24.3975889682769775 0.113150479808616963
