 TESTING TRANPOSE TYPE 1423
 Hirata Reference =  3.26581788063049316 seconds
 Algorithm         Jeff           
 Loop 1243      1.10199093818664551 2.96356146630795392
 Loop 2143      1.19489502906799316 2.73314207623560046
 Loop 1342      1.42206096649169922 2.29653858560469537
 Loop 2134      1.43339800834655762 2.27837478607749322
 Loop 2314      1.55062007904052734 2.10613671573972772
 Loop 1324      1.57703804969787598 2.07085547571673878
 Loop 1234      1.80195999145507812 1.81236980627597255
 Loop 3142      2.04266405105590820 1.59880322901962457
 Loop 2341      2.08489394187927246 1.56641919045856337
 Loop 3214      2.32436800003051758 1.40503477959927814
 Loop 1423      2.76850986480712891 1.17963021268049917
 Loop 2413      2.78545188903808594 1.17245531810577930
 Loop 4213      2.78754997253417969 1.17157285530616595
 Loop 4123      2.80473279953002930 1.16439536813550459
 Loop 3241      2.86502599716186523 1.13989118558283864
 Loop 4132      2.90486502647399902 1.12425804671366381
 Loop 4312      3.07754492759704590 1.06117634590649224
 Loop 1432      3.25357794761657715 1.00376199163228352
 Loop 3124      3.22995400428771973 1.01110352540474713
 Loop 3412      3.65770721435546875 0.892859293880352012
 Loop 2431      3.72921299934387207 0.875739165664468633
 Loop 4231      3.71972298622131348 0.877973411656678082
 Loop 3421      4.46623897552490234 0.731223272764232712
 Loop 4321      4.29152989387512207 0.760991525491054643
