 TESTING TRANPOSE TYPE 1324
 Hirata Reference =  2.72231912612915039 seconds
 Algorithm         Jeff           
 Loop 2134      0.92143511772155761 2.95443387577918415
 Loop 1234      0.92234110832214355 2.95153181568736223
 Loop 1324      1.04306292533874512 2.60992799187551405
 Loop 2314      1.11479020118713379 2.44200130502597546
 Loop 3124      1.17992305755615234 2.30720054896426641
 Loop 3214      1.24315810203552246 2.18984143824641375
 Loop 1342      1.44556808471679688 1.88321750798924392
 Loop 3142      1.59297895431518555 1.70894858262547666
 Loop 2143      1.92491912841796875 1.41425116823818975
 Loop 1243      2.20845603942871094 1.23267978964768843
 Loop 2341      2.34833002090454102 1.15925747313853034
 Loop 3241      2.45127987861633301 1.11057050232297838
 Loop 2431      4.22103595733642578 0.644940994022471847
 Loop 4132      10.0686900615692139 0.270374707085270505
 Loop 2413      3.57429504394531250 0.761638055241307232
 Loop 4213      11.7251508235931396 0.232177749104203274
 Loop 3412      3.87088799476623535 0.703280262774317877
 Loop 4312      15.5496850013732910 0.175072300557131882
 Loop 4231      15.5524501800537109 0.175041173230734565
 Loop 3421      4.59633684158325195 0.592280161345055345
 Loop 4321      16.7834019660949707 0.162203058213623796
 Loop 1423      3.48167300224304199 0.781899714411811941
 Loop 4123      16.8090279102325439 0.161955774044014206
 Loop 1432      3.32582998275756836 0.818538271722469402
