 TESTING TRANPOSE TYPE 1243
 Hirata Reference =  2.70791792869567871 seconds
 Algorithm         Jeff           
 Loop 1234      1.05532383918762207 2.56595921378996561
 Loop 2134      1.06859707832336426 2.53408696657155330
 Loop 1243      1.19937896728515625 2.25776672974778148
 Loop 2143      1.21490311622619629 2.22891676918828985
 Loop 1324      1.24741101264953613 2.17083054521379015
 Loop 2314      1.85068702697753906 1.46319603975294066
 Loop 3214      1.90079808235168457 1.42462155966898818
 Loop 3124      1.91209888458251953 1.41620182435644026
 Loop 1342      2.01111006736755371 1.34647922688797084
 Loop 2413      2.96726703643798828 0.912596640424502725
 Loop 4123      2.95254802703857422 0.917146106988728227
 Loop 1423      2.79149603843688965 0.970059742664721503
 Loop 1432      3.51114487648010254 0.771235031295645967
 Loop 3142      3.09859299659729004 0.873918559704152886
 Loop 4132      4.13487291336059570 0.654897498770967812
 Loop 4213      2.94817090034484863 0.918507786770072387
 Loop 3412      5.08248114585876465 0.532794485799933826
 Loop 4312      4.85082888603210449 0.558238188218325160
 Loop 2341      2.85664010047912598 0.947938078808561513
 Loop 2431      4.75614190101623535 0.569351795016267981
 Loop 3241      2.89201903343200684 0.936341669052622949
 Loop 4231      4.69133687019348145 0.577216687614248825
 Loop 3421      5.06019186973571777 0.535141354005042369
 Loop 4321      4.80816197395324707 0.563191910623019654
