 TESTING TRANPOSE TYPE 3214
 Hirata Reference =  2.77079081535339355 seconds
 Algorithm         Jeff           
 Loop 1234      0.93320894241333007 2.96910015477131495
 Loop 2134      0.94146203994750976 2.94307226184910897
 Loop 1324      1.09929013252258301 2.52052732338746122
 Loop 3124      1.14347600936889648 2.42312981877305766
 Loop 2314      1.16716098785400391 2.37395770094055125
 Loop 3214      1.17519712448120117 2.35772429802070693
 Loop 1342      2.07377696037292480 1.33610839945638404
 Loop 3142      2.13491582870483398 1.29784545980640309
 Loop 1243      2.21385693550109863 1.25156724037645861
 Loop 2143      2.23917794227600098 1.23741430416960840
 Loop 3241      2.28154397010803223 1.21443673742662739
 Loop 2341      2.29657316207885742 1.20648924280090175
 Loop 4312      17.3446280956268311 0.159749220339408943
 Loop 1423      4.76624298095703125 0.581336458595116845
 Loop 1432      5.88178420066833496 0.471079985396022249
 Loop 4123      11.7794139385223389 0.235223146908187658
 Loop 4132      15.3380198478698730 0.180648535002267435
 Loop 4213      11.5558540821075439 0.239773780082904953
 Loop 3412      5.64456200599670410 0.490877912654647752
 Loop 2431      15.2754628658294678 0.181388337603276800
 Loop 4231      15.4727089405059814 0.179075999297042571
 Loop 2413      11.5651659965515137 0.239580721641140693
 Loop 3421      5.27989411354064941 0.524781511857882021
 Loop 4321      18.6415259838104248 0.148635407732164077
