 TESTING TRANPOSE TYPE 2413
 Hirata Reference =  2.99572491645812988 seconds
 Algorithm         Jeff           
 Loop 1243      1.18673992156982422 2.52433145797890868
 Loop 2143      1.19942712783813477 2.49762978252598700
 Loop 2134      1.43399405479431152 2.08907764048424127
 Loop 2314      1.51054811477661133 1.98320390271127200
 Loop 1234      1.52724695205688477 1.96151965628316360
 Loop 2341      1.67090392112731934 1.79287682468120924
 Loop 1324      1.89704298973083496 1.57915499684231353
 Loop 3241      2.11699581146240234 1.41508306262954253
 Loop 1342      2.25395393371582031 1.32909766772359972
 Loop 3214      2.29131817817687988 1.30742423509323413
 Loop 4123      2.76685380935668945 1.08271890127605053
 Loop 2413      2.78458309173583984 1.07582529153068629
 Loop 4213      2.83350801467895508 1.05724949459779616
 Loop 1423      2.77471089363098145 1.07965299135649051
 Loop 3124      2.95085501670837402 1.01520572833829270
 Loop 2431      3.34521698951721191 0.895524842139008292
 Loop 3412      4.02675700187683105 0.743954729590549535
 Loop 4312      3.91483998298645020 0.765222826342145890
 Loop 4231      3.46874308586120605 0.863634129800178840
 Loop 3421      4.15420389175415039 0.721130930141504867
 Loop 4321      3.75376415252685547 0.798058906935202761
 Loop 1432      3.71683096885681152 0.805989010950241669
 Loop 3142      3.20635604858398438 0.934308252441622966
 Loop 4132      3.23878908157348633 0.924952147548530834
