 TESTING TRANPOSE TYPE 1432
 Hirata Reference =  2.99127888679504395 seconds
 Algorithm         Jeff           
 Loop 1342      1.13196897506713867 2.64254493955333603
 Loop 1243      1.33698987960815430 2.23732350739388508
 Loop 2134      1.41678380966186523 2.11131639590725806
 Loop 2143      1.42268586158752441 2.10255754102819470
 Loop 1234      1.56190514564514160 1.91514759723741257
 Loop 3142      1.69143414497375488 1.76848675763339158
 Loop 2314      1.69949293136596680 1.76010081100531823
 Loop 1324      1.73968315124511719 1.71943890164949931
 Loop 3214      2.05431008338928223 1.45609901396186170
 Loop 3124      2.22704601287841797 1.34315989409166647
 Loop 2341      2.55885076522827148 1.16899309934090523
 Loop 4132      2.64742398262023926 1.12988282437272503
 Loop 4312      2.86310315132141113 1.04476811651528378
 Loop 1432      2.98752093315124512 1.00125788361919033
 Loop 4213      3.34123086929321289 0.895262555570667251
 Loop 2413      3.29159688949584961 0.908762217008048268
 Loop 1423      3.05567097663879395 0.978927021156387522
 Loop 3412      3.20446014404296875 0.933473581300667821
 Loop 2431      4.17327499389648438 0.716770136444366046
 Loop 3241      3.06001186370849609 0.977538329923285598
 Loop 4231      4.38635802268981934 0.681950463533006479
 Loop 3421      5.05867218971252441 0.591317004663437840
 Loop 4321      4.49071693420410156 0.666102747205373324
 Loop 4123      3.14195704460144043 0.952043215210311655
