 TESTING TRANPOSE TYPE 2314
 Hirata Reference =  2.76196694374084473 seconds
 Algorithm         Jeff           
 Loop 1234      0.90106797218322753 3.06521486614243210
 Loop 2134      0.92692613601684570 2.97970554116584907
 Loop 2314      1.11756610870361328 2.47141258331889757
 Loop 3214      1.11987113952636719 2.46632567467447883
 Loop 1324      1.12217998504638672 2.46125129706949419
 Loop 3124      1.12368607521057129 2.45795245190990785
 Loop 2341      1.81898999214172363 1.51840689375582372
 Loop 3241      1.83818888664245605 1.50254795021947696
 Loop 2143      1.89911818504333496 1.45434179162357968
 Loop 1243      1.91245388984680176 1.44420054172500523
 Loop 1342      2.09362006187438965 1.31923026247087694
 Loop 3142      2.11533617973327637 1.30568699680119038
 Loop 4312      16.7076718807220459 0.165311299112098825
 Loop 2431      3.64166903495788574 0.758434365459239368
 Loop 2413      4.01709198951721191 0.687553820263097193
 Loop 1423      5.86346101760864258 0.471047208371701109
 Loop 1432      5.05446815490722656 0.546440665781885770
 Loop 4123      11.8803019523620605 0.232482890991815738
 Loop 4132      15.3492269515991211 0.179941762047703402
 Loop 4213      11.5307281017303467 0.239531009609564305
 Loop 3412      4.25068688392639160 0.649769559405795394
 Loop 4231      13.9883618354797363 0.197447490722999441
 Loop 3421      4.08782196044921875 0.675657347718080836
 Loop 4321      15.1624429225921631 0.182158439628847119
