 TESTING TRANPOSE TYPE 2143
 Hirata Reference =  2.71233820915222168 seconds
 Algorithm         Jeff           
 Loop 1234      1.04124498367309570 2.60489918480488392
 Loop 2134      1.04518890380859375 2.59506984743968738
 Loop 1243      1.18761491775512695 2.28385326640994224
 Loop 2143      1.18845891952514648 2.28223135405971567
 Loop 2314      1.21970987319946289 2.22375686935893535
 Loop 1324      1.22551798820495605 2.21321778648475398
 Loop 3214      1.62870788574218750 1.66533129292011361
 Loop 3124      1.90169501304626465 1.42627402950771454
 Loop 2341      1.99427604675292969 1.36006156899313768
 Loop 1342      2.15026402473449707 1.26139775299785639
 Loop 3241      2.70383691787719727 1.00314415829550052
 Loop 2431      3.63079500198364258 0.747037000896599079
 Loop 4123      2.84510993957519531 0.953333356797172571
 Loop 3142      3.03178691864013672 0.894633522057942332
 Loop 4132      4.04531908035278320 0.670488076534048072
 Loop 2413      2.83947515487670898 0.955225195224500001
 Loop 4213      2.93916511535644531 0.922826075670568291
 Loop 3412      4.95079398155212402 0.547859236166776675
 Loop 4312      4.94542622566223145 0.548453881503210172
 Loop 4231      4.14791321754455566 0.653904280754901479
 Loop 3421      5.12526202201843262 0.529209667232592995
 Loop 4321      4.48980188369750977 0.604110889391519357
 Loop 1423      2.78129196166992188 0.975208013589375367
 Loop 1432      3.66359877586364746 0.740348049852381007
