 TESTING TRANPOSE TYPE 3142
 Hirata Reference =  2.72787499427795410 seconds
 Algorithm         Jeff           
 Loop 1234      1.07681107521057129 2.53329024661500224
 Loop 1324      1.16851687431335449 2.33447633854745318
 Loop 2134      1.16987085342407227 2.33177447433089702
 Loop 1342      1.25890684127807617 2.16686009229129439
 Loop 2314      1.25973796844482422 2.16543048047172793
 Loop 3124      1.25370216369628906 2.17585569624875053
 Loop 3142      1.34405612945556641 2.02958413305471685
 Loop 3214      1.36798810958862305 1.99407800050124107
 Loop 2341      1.83974790573120117 1.48274390517312216
 Loop 3241      2.10834503173828125 1.29384657312417439
 Loop 1243      2.01401185989379883 1.35444832704301854
 Loop 2143      2.31283092498779297 1.17945283626486952
 Loop 2431      3.83402895927429199 0.711490451233912524
 Loop 4123      3.53529191017150879 0.771612377023094487
 Loop 1423      3.35501289367675781 0.813074369824098198
 Loop 1432      2.99045801162719727 0.912193043230069001
 Loop 4132      3.27962589263916016 0.831764074189204394
 Loop 2413      3.62357091903686523 0.752814021093594410
 Loop 4213      3.95003199577331543 0.690595670414033136
 Loop 3412      3.33641386032104492 0.817606900246921287
 Loop 4312      3.75902485847473145 0.725686872787753123
 Loop 4231      3.94703102111816406 0.691120738520359490
 Loop 3421      3.84610199928283691 0.709257059429678982
 Loop 4321      4.24871492385864258 0.642047076154623197
