 TESTING TRANPOSE TYPE 4132
 Hirata Reference =  3.05896306037902832 seconds
 Algorithm         Jeff           
 Loop 1243      1.36339592933654785 2.24363517196913786
 Loop 1342      1.30890703201293945 2.33703615731570791
 Loop 2143      1.44713807106018066 2.11380180063814960
 Loop 1234      1.53575801849365234 1.99182620148674916
 Loop 3142      1.56978893280029297 1.94864608640236003
 Loop 1324      1.66545200347900391 1.83671643132860307
 Loop 2134      1.87502408027648926 1.63142601343442828
 Loop 3124      2.10923886299133301 1.45026867940447102
 Loop 2314      2.11701107025146484 1.44494429120565515
 Loop 3214      2.52463698387145996 1.21164471562489529
 Loop 2341      2.86028003692626953 1.06946278717040189
 Loop 1432      2.98143196105957031 1.02600465156746501
 Loop 1423      3.04743719100952148 1.00378215157428352
 Loop 4123      3.70727896690368652 0.825123517190795464
 Loop 4132      3.47318816184997559 0.880736348804577185
 Loop 2413      3.43075799942016602 0.891628923082311564
 Loop 4213      4.26064085960388184 0.717958438924473086
 Loop 3412      4.69651603698730469 0.651326011939112881
 Loop 4312      4.20759201049804688 0.727010378560192905
 Loop 2431      3.76283001899719238 0.812942132632994419
 Loop 3241      3.30438399314880371 0.925728688530563448
 Loop 4231      3.95602893829345703 0.773240820047842448
 Loop 3421      6.41023898124694824 0.477199534889100996
 Loop 4321      4.55506682395935059 0.671551741961080473
