 TESTING TRANPOSE TYPE 2134
 Hirata Reference =  2.72265601158142090 seconds
 Algorithm         Jeff           
 Loop 1234      0.88421297073364257 3.07918578634104323
 Loop 2134      0.89056587219238281 3.05722024231494949
 Loop 1324      1.11261510848999023 2.44707805134565604
 Loop 2314      1.15794801712036133 2.35127654378842310
 Loop 1243      1.36263990402221680 1.99807447554172768
 Loop 2143      1.37793302536010742 1.97589865506698703
 Loop 3124      1.43881106376647949 1.89229571564047316
 Loop 3214      1.48751902580261230 1.83033357177557621
 Loop 2341      2.57575702667236328 1.05703138276937447
 Loop 1342      2.59451794624328613 1.04938800501406093
 Loop 4123      9.04463815689086914 0.301024315661218789
 Loop 3142      3.01386380195617676 0.903377256070515000
 Loop 4132      18.5913531780242920 0.146447436370565370
 Loop 2413      3.80160689353942871 0.716185573055538427
 Loop 2431      4.13962101936340332 0.657706586870146603
 Loop 3241      3.14079689979553223 0.866867899595375802
 Loop 4231      19.1071100234985352 0.142494391262363157
 Loop 3421      24.4340569972991943 0.111428732931349403
 Loop 4321      21.4546971321105957 0.126902561001735331
 Loop 1423      3.37193703651428223 0.807445685402224722
 Loop 4213      9.22086310386657715 0.295271275683480383
 Loop 3412      24.2921152114868164 0.112079824580034126
 Loop 4312      19.3861231803894043 0.140443552650877740
 Loop 1432      3.94977998733520508 0.689318397559230411
