 TESTING TRANPOSE TYPE 4123
 Hirata Reference =  3.09731698036193848 seconds
 Algorithm         Jeff           
 Loop 1243      1.19943594932556152 2.58231127898371593
 Loop 2143      1.20370101928710938 2.57316138370998582
 Loop 1342      1.46771311759948730 2.11030135468690494
 Loop 1234      1.46940612792968750 2.10786992206564960
 Loop 2134      1.49899411201477051 2.06626360673217802
 Loop 2314      1.68112707138061523 1.84240503474748407
 Loop 1324      1.82415699958801270 1.69794430033241106
 Loop 2341      2.05260396003723145 1.50896960186404261
 Loop 3142      2.09973692893981934 1.47509763612425893
 Loop 3214      2.52704691886901855 1.22566659021437752
 Loop 3241      2.76097702980041504 1.12181917738947523
 Loop 1423      2.75468611717224121 1.12438109048206814
 Loop 3124      2.81144499778747559 1.10168151352754040
 Loop 2413      2.82019901275634766 1.09826184831358664
 Loop 2431      3.59314513206481934 0.862007201635645925
 Loop 4123      3.35797691345214844 0.922375900785380898
 Loop 4132      3.73751688003540039 0.828709830558036709
 Loop 4213      3.43058180809020996 0.902854720752513273
 Loop 3412      4.64385700225830078 0.666970791489858050
 Loop 4312      5.25195002555847168 0.589746087698650889
 Loop 4231      3.29396796226501465 0.940299667709016185
 Loop 3421      4.83316493034362793 0.640846531206979875
 Loop 4321      5.21043300628662109 0.594445217244878976
 Loop 1432      3.25397300720214844 0.951856998661796849
