 TESTING TRANPOSE TYPE 3124
 Hirata Reference =  2.74213290214538574 seconds
 Algorithm         Jeff           
 Loop 1234      0.94162607192993164 2.91212508222630584
 Loop 2134      0.94566392898559570 2.89969070205188473
 Loop 1324      1.04176402091979980 2.63220158028138407
 Loop 2314      1.08285999298095703 2.53230604133475312
 Loop 3124      1.18641114234924316 2.31128384104317997
 Loop 3214      1.26031112670898438 2.17575870277829075
 Loop 1342      1.56635904312133789 1.75064134509099678
 Loop 3142      1.71635985374450684 1.59764451269528052
 Loop 1243      1.95416283607482910 1.40322641057553277
 Loop 2143      1.97738480567932129 1.38674723011403889
 Loop 2341      2.07142210006713867 1.32379243325467466
 Loop 3241      2.26486396789550781 1.21072741719378052
 Loop 2431      4.00028705596923828 0.685484032465512261
 Loop 4123      11.2451319694519043 0.243850664411459028
 Loop 1432      3.40852999687194824 0.804491351011103362
 Loop 1423      3.65076398849487305 0.751112071551879423
 Loop 4132      13.4567990303039551 0.203773044092451450
 Loop 2413      3.78386902809143066 0.724690226270465643
 Loop 4213      11.7081360816955566 0.234207467611554587
 Loop 3412      5.09739589691162109 0.537947798758729445
 Loop 4312      15.6658778190612793 0.175038573249238966
 Loop 4231      15.5515029430389404 0.176325909604306191
 Loop 3421      5.64667797088623047 0.485618786175443184
 Loop 4321      18.8678948879241943 0.145333272123558538
