 TESTING TRANPOSE TYPE 4213
 Hirata Reference =  3.12209415435791016 seconds
 Algorithm         Jeff           
 Loop 1243      1.19936895370483398 2.60311403318703949
 Loop 2143      1.21252202987670898 2.57487623105319496
 Loop 1234      1.56491708755493164 1.99505403780589652
 Loop 2134      1.58168292045593262 1.97390647264367103
 Loop 1324      2.00615286827087402 1.55625934779779707
 Loop 1342      2.24354696273803711 1.39158850080307173
 Loop 1423      2.77212405204772949 1.12624619091330436
 Loop 2314      2.78197288513183594 1.12225901662947236
 Loop 3214      2.82075691223144531 1.10682850437051061
 Loop 2341      2.91039586067199707 1.07273865955713421
 Loop 3241      2.95794796943664551 1.05549326310581693
 Loop 3124      3.00299596786499023 1.03965978901316802
 Loop 1432      3.64654493331909180 0.856178714769373350
 Loop 4123      3.40470409393310547 0.916994272695009771
 Loop 3142      3.20490193367004395 0.974162148787714122
 Loop 4132      4.41422295570373535 0.707280575921922727
 Loop 2413      3.41625905036926270 0.913892684461514615
 Loop 4213      3.38380599021911621 0.922657552880489118
 Loop 3412      5.24676799774169922 0.595050925770248318
 Loop 4312      5.58304309844970703 0.559210111636940344
 Loop 2431      4.39022111892700195 0.711147359047138328
 Loop 4231      4.30574011802673340 0.725100463283122276
 Loop 3421      4.51088309288024902 0.692124821254105793
 Loop 4321      4.91842007637023926 0.634775823512414239
