 TESTING TRANPOSE TYPE 3412
 Hirata Reference =  2.97938895225524902 seconds
 Algorithm         Jeff           
 Loop 1342      1.28907895088195801 2.31125405485584867
 Loop 2314      1.33855605125427246 2.22582307962633363
 Loop 3142      1.37251806259155273 2.17074662509697314
 Loop 2134      1.40859198570251465 2.11515398532480114
 Loop 1234      1.52152299880981445 1.95816228514838442
 Loop 1324      1.61403107643127441 1.84593035150405393
 Loop 3124      1.61636686325073242 1.84326282602904556
 Loop 3214      1.66806602478027344 1.78613370693627682
 Loop 2341      1.67519593238830566 1.77853163003301451
 Loop 3241      1.77905917167663574 1.67469918914916605
 Loop 1243      2.11934614181518555 1.40580573105601836
 Loop 2143      2.42651700973510742 1.22784589611448736
 Loop 4132      2.61117792129516602 1.14101338248810236
 Loop 4312      2.66710901260375977 1.11708555524943720
 Loop 1423      3.46556591987609863 0.859712099304626332
 Loop 1432      3.00388312339782715 0.991845830834166553
 Loop 4123      3.36480808258056641 0.885455835558464188
 Loop 2413      3.61984300613403320 0.823071317514738165
 Loop 4213      3.96129417419433594 0.752125144268339874
 Loop 3412      3.27703595161437988 0.909171884668369401
 Loop 2431      3.73010516166687012 0.798741274877046936
 Loop 4231      3.72621393203735352 0.799575388476482685
 Loop 3421      3.64903497695922852 0.816486816670088156
 Loop 4321      3.46206498146057129 0.860581464591201439
