 TESTING TRANPOSE TYPE 4312
 Hirata Reference =  3.05820703506469727 seconds
 Algorithm         Jeff           
 Loop 3142      1.30114698410034180 2.35039320878820446
 Loop 1342      1.30400395393371582 2.34524368261244520
 Loop 1234      1.59145689010620117 1.92163988486085646
 Loop 3124      1.59751009941101074 1.91435849838585304
 Loop 1324      1.66475319862365723 1.83703328372823349
 Loop 2341      1.66883921623229980 1.83253545657270767
 Loop 2314      1.61296510696411133 1.89601561860243195
 Loop 3214      1.65543699264526367 1.84737144853692836
 Loop 3241      1.71416306495666504 1.78408174670477471
 Loop 2143      1.88730812072753906 1.62040686492981756
 Loop 2134      1.96600103378295898 1.55554701269923878
 Loop 1243      2.01706194877624512 1.51616911762185413
 Loop 1432      2.99998903274536133 1.01940607171688868
 Loop 4123      3.94412493705749512 0.775382900863750280
 Loop 2431      3.47121596336364746 0.881018947637374872
 Loop 4132      3.95712995529174805 0.772834622470523369
 Loop 1423      3.40600395202636719 0.897887107043797816
 Loop 2413      3.52206802368164062 0.868298685460348829
 Loop 4213      4.45779514312744141 0.686035795022909123
 Loop 3412      3.25010395050048828 0.940956683737379951
 Loop 4312      3.66040706634521484 0.835482769985527174
 Loop 4231      3.65243387222290039 0.837306613084126350
 Loop 3421      3.64448499679565430 0.839132837082212979
 Loop 4321      3.13531684875488281 0.975406053866355482
