 TESTING TRANPOSE TYPE 3241
 Hirata Reference =  3.12718200683593750 seconds
 Algorithm         Jeff           
 Loop 3214      1.34235692024230957 2.32962035631436093
 Loop 2314      1.34586596488952637 2.32354639200095114
 Loop 3124      1.36993312835693359 2.28272602662482349
 Loop 1234      1.49818491935729980 2.08731376643242061
 Loop 2134      1.51613116264343262 2.06260651049713672
 Loop 2341      1.55740499496459961 2.00794399462358175
 Loop 3241      1.58660221099853516 1.97099309780227250
 Loop 3142      2.07054805755615234 1.51031607087010578
 Loop 1324      2.31696009635925293 1.34969178439880078
 Loop 1243      6.81532001495361328 0.458845952937577795
 Loop 1423      8.25226402282714844 0.378948370796865774
 Loop 1342      5.41185784339904785 0.577838904370007511
 Loop 1432      8.93938183784484863 0.349820833650602236
 Loop 2143      6.83452200889587402 0.457556798085596905
 Loop 4123      4.75957894325256348 0.657029128862165357
 Loop 2413      4.84956097602844238 0.644838166236843424
 Loop 4132      5.97719287872314453 0.523185727863607064
 Loop 4213      4.86280989646911621 0.643081278810957224
 Loop 3412      3.80381011962890625 0.822118325701552188
 Loop 4312      4.31594896316528320 0.724564176621422917
 Loop 2431      3.51516318321228027 0.889626411021467334
 Loop 4231      3.52875709533691406 0.886199282735658067
 Loop 3421      3.36328792572021484 0.929799076350646514
 Loop 4321      3.70785188674926758 0.843394532023119092
