 TESTING TRANPOSE TYPE 2341
 Hirata Reference =  2.99523496627807617 seconds
 Algorithm         Jeff           
 Loop 2134      1.07066798210144043 2.79753856130003564
 Loop 2314      1.16621899604797363 2.56832977033317356
 Loop 3214      1.18238806724548340 2.53320804670825206
 Loop 3124      1.22487211227416992 2.44534505787461010
 Loop 2341      1.50265479087829590 1.99329545578953171
 Loop 3241      1.53109312057495117 1.95627223846013698
 Loop 2143      1.90597891807556152 1.57149427932934338
 Loop 1234      1.91166400909423828 1.56682081789950245
 Loop 1324      1.92747998237609863 1.55396424018147461
 Loop 3142      2.24142384529113770 1.33630904863021405
 Loop 1243      4.59267902374267578 0.652175985039161965
 Loop 1423      8.70450305938720703 0.344101776499224910
 Loop 1342      3.99887919425964355 0.749018617661096120
 Loop 2431      3.03130412101745605 0.988101109852589365
 Loop 1432      8.78369116783142090 0.340999576265562265
 Loop 4123      5.77643513679504395 0.518526547143041361
 Loop 2413      3.31816101074218750 0.902679211943400839
 Loop 4132      5.07831406593322754 0.589808926228285624
 Loop 4213      3.52403807640075684 0.849943985093722709
 Loop 3412      3.83109784126281738 0.781821579709584880
 Loop 4312      4.15212297439575195 0.721374339042538892
 Loop 4231      3.49631905555725098 0.856682390446397379
 Loop 3421      3.30570101737976074 0.906081630047785413
 Loop 4321      3.60009098052978516 0.831988686529611221
