 TESTING TRANPOSE TYPE 2431
 Hirata Reference =  3.28675818443298340 seconds
 Algorithm         Jeff           
 Loop 2143      1.34020495414733887 2.45242951405449361
 Loop 2134      1.44544792175292969 2.27386828329799107
 Loop 2341      1.60359692573547363 2.04961616705865435
 Loop 2314      1.61192393302917480 2.03902809374907079
 Loop 3241      1.93984007835388184 1.69434492106281009
 Loop 1243      2.13029098510742188 1.54286818439840778
 Loop 3214      2.13253688812255859 1.54124329700415053
 Loop 2431      3.03650999069213867 1.08241309744013181
 Loop 2413      3.07812309265136719 1.06777997029413996
 Loop 4213      3.12891221046447754 1.05044755600384021
 Loop 4231      3.15724301338195801 1.04102160350092654
 Loop 4123      3.27014183998107910 1.00508123049855236
 Loop 1324      7.64152693748474121 0.430117987062261342
 Loop 1423      3.35702013969421387 0.979070141870632127
 Loop 1234      4.28684520721435547 0.766707922857041813
 Loop 1342      7.46066999435424805 0.440544641020201855
 Loop 1432      7.52006006240844727 0.437065416653113048
 Loop 3124      5.10704493522644043 0.643573382674231809
 Loop 3142      7.40096497535705566 0.444098600030790658
 Loop 4132      4.18555593490600586 0.785262038197273138
 Loop 3412      5.08947515487670898 0.645795113329834969
 Loop 4312      4.37718796730041504 0.750883491635854328
 Loop 3421      3.67523598670959473 0.894298542003445052
 Loop 4321      3.31964397430419922 0.990093579273630175
