 TESTING TRANPOSE TYPE 4231
 Hirata Reference =  4.99766302108764648 seconds
 Algorithm         Jeff           
 Loop 1243      2.44586682319641113 2.04330954314036983
 Loop 2143      2.46381616592407227 2.02842366659009077
 Loop 2341      3.04864192008972168 1.63930797780953075
 Loop 3241      3.08359694480895996 1.62072511762631466
 Loop 4231      3.06647801399230957 1.62977298329985021
 Loop 2431      3.15024185180664062 1.58643788514888895
 Loop 4321      3.21565485000610352 1.55416649304826993
 Loop 1234      3.38136410713195801 1.47800203194521340
 Loop 2134      3.48311781883239746 1.43482456839859385
 Loop 1423      3.76580905914306641 1.32711535359280708
 Loop 4123      4.18851518630981445 1.19318249995190095
 Loop 2413      4.32865810394287109 1.15455249665835114
 Loop 4213      4.30602097511291504 1.16062208009950418
 Loop 3421      4.77100992202758789 1.04750631475604550
 Loop 3124      4.97400093078613281 1.00475715437748692
 Loop 3142      7.28875088691711426 0.685667969536201571
 Loop 4132      5.40374279022216797 0.924852128441548960
 Loop 2314      5.04326915740966797 0.990957029082015994
 Loop 1324      6.56296396255493164 0.761494813867921838
 Loop 1342      7.40948510169982910 0.674495319511624336
 Loop 1432      8.97496104240417480 0.556845093530221491
 Loop 3412      6.21417808532714844 0.804235564617640342
 Loop 4312      5.02402901649475098 0.994752021670149533
 Loop 3214      5.13268685340881348 0.973693343042836834
