 TESTING TRANPOSE TYPE 4321
 Hirata Reference =  3.42657995223999023 seconds
 Algorithm         Jeff           
 Loop 3142      1.49349999427795410 2.29432873476280186
 Loop 2341      1.55125880241394043 2.20890282582624531
 Loop 3241      1.59132599830627441 2.15328597401605082
 Loop 2134      1.60615801811218262 2.13340151691143243
 Loop 3214      1.68751502037048340 2.03054782379815846
 Loop 2314      1.70236992835998535 2.01282923009633974
 Loop 3124      1.81428718566894531 1.88866458370347634
 Loop 2143      2.02271890640258789 1.69404653379849690
 Loop 1342      2.21403098106384277 1.54766576508948273
 Loop 4231      2.72055315971374512 1.25951589661292740
 Loop 4321      2.80060505867004395 1.22351416228149290
 Loop 2431      3.04761791229248047 1.12434696568063108
 Loop 3421      3.31721305847167969 1.03296951140627025
 Loop 2413      3.35108518600463867 1.02252845333524944
 Loop 1243      4.86789298057556152 0.703914397032377681
 Loop 1324      4.29359102249145508 0.798068547817029517
 Loop 1234      4.60906600952148438 0.743443453654450859
 Loop 1423      8.71590495109558105 0.393141041746820852
 Loop 1432      3.94403100013732910 0.868801475475390106
 Loop 4123      4.37711596488952637 0.782839655089301090
 Loop 4132      5.11008000373840332 0.670553093050048621
 Loop 4213      3.95267295837402344 0.866901964398681835
 Loop 3412      3.53624701499938965 0.968987725604508299
 Loop 4312      3.95874714851379395 0.865571814437910869
