 TESTING TRANPOSE TYPE 3421
 Hirata Reference =  3.21230101585388184 seconds
 Algorithm         Jeff           
 Loop 2314      1.47573304176330566 2.17674940178584553
 Loop 2341      1.50569009780883789 2.13344101852605439
 Loop 2134      1.52002477645874023 2.11332148370482642
 Loop 3241      1.52414011955261230 2.10761528723277936
 Loop 3142      1.54706382751464844 2.07638557551593061
 Loop 3214      1.58316707611083984 2.02903475212807161
 Loop 3124      1.67163300514221191 1.92165445763054898
 Loop 2143      2.16240906715393066 1.48551958306472209
 Loop 1342      2.45424008369445801 1.30887806665527462
 Loop 4132      3.00261712074279785 1.06983371061949173
 Loop 4312      3.01400589942932129 1.06579121708491220
 Loop 4231      3.05923295021057129 1.05003478588734955
 Loop 2431      3.05526208877563477 1.05139949454914983
 Loop 4321      3.15688395500183105 1.01755435475043265
 Loop 1423      7.24228596687316895 0.443547939220740428
 Loop 1234      4.67237114906311035 0.687509813191531816
 Loop 1243      4.77211904525756836 0.673139329800709674
 Loop 1324      5.25060200691223145 0.611796706668111812
 Loop 1432      3.52369093894958496 0.911629615510908375
 Loop 4123      3.87772417068481445 0.828398533381651703
 Loop 2413      3.40379786491394043 0.943740240560700827
 Loop 4213      3.39431810379028320 0.946375948755907359
 Loop 3412      3.57923412322998047 0.897482786891579454
 Loop 3421      3.32433891296386719 0.966297691046760221
