 TESTING TRANPOSE TYPE 1234
 FOR 4D ARRAY OF RANK 40
 ===================
 The compilation flags were:
 -g
 -i8
 -O3
 -xSSE4.2
 -opt-prefetch
 -funroll-loops
 ===================
              Hirata Ref. #1 =     1.130842
     Algorithm        Jeff        Speedup     Best      Best Speedup
     1 Loop 4321     7.467474    0.151436    7.467474    0.151436
     2 Loop 4312     7.015426    0.161194    7.015426    0.161194
     3 Loop 4231     4.379318    0.258223    4.379318    0.258223
     4 Loop 4132     4.435537    0.254950    4.379318    0.258223
     5 Loop 4213     4.723926    0.239386    4.379318    0.258223
     6 Loop 4123     5.120212    0.220858    4.379318    0.258223
     7 Loop 3421     7.312320    0.154649    4.379318    0.258223
     8 Loop 3412     6.956644    0.162556    4.379318    0.258223
     9 Loop 2431     2.053792    0.550612    2.053792    0.550612
    10 Loop 1432     1.797963    0.628957    1.797963    0.628957
    11 Loop 2413     1.693857    0.667613    1.693857    0.667613
    12 Loop 1423     1.623958    0.696349    1.623958    0.696349
    13 Loop 3241     2.121320    0.533084    1.623958    0.696349
    14 Loop 3142     1.582690    0.714506    1.582690    0.714506
    15 Loop 2341     1.941157    0.582561    1.582690    0.714506
    16 Loop 1342     1.402985    0.806026    1.402985    0.806026
    17 Loop 2143     0.675542    1.673976    0.675542    1.673976
    18 Loop 1243     0.670551    1.686437    0.670551    1.686437
    19 Loop 3214     0.801437    1.411017    0.670551    1.686437
    20 Loop 3124     0.780214    1.449399    0.670551    1.686437
    21 Loop 2314     0.732601    1.543598    0.670551    1.686437
    22 Loop 1324     0.727862    1.553650    0.670551    1.686437
    23 Loop 2134     0.504200    2.242843    0.504200    2.242843
    24 Loop 1234     0.493439    2.291757    0.493439    2.291757
              Hirata Ref. #2 =     1.124994
        The best loop order is:        1234
              The best time is:    0.493439
          Best speedup (#1) is:    2.291757
          Best speedup (#2) is:    2.279905
