 TESTING TRANPOSE TYPE 4321
 FOR 4D ARRAY OF RANK 40
 ===================
 The compilation flags were:
 -g
 -i8
 -O3
 -xSSE4.2
 -opt-prefetch
 -funroll-loops
 ===================
              Hirata Ref. #1 =     5.674749
     Algorithm        Jeff        Speedup     Best      Best Speedup
     1 Loop 4321     3.410100    1.664100    3.410100    1.664100
     2 Loop 4312     3.278436    1.730932    3.278436    1.730932
     3 Loop 4231     1.527265    3.715628    1.527265    3.715628
     4 Loop 4132     1.921858    2.952741    1.527265    3.715628
     5 Loop 4213     1.820046    3.117914    1.527265    3.715628
     6 Loop 4123     2.399875    2.364602    1.527265    3.715628
     7 Loop 3421     3.326872    1.705731    1.527265    3.715628
     8 Loop 3412     3.232947    1.755287    1.527265    3.715628
     9 Loop 2431     1.039886    5.457089    1.039886    5.457089
    10 Loop 1432     2.638266    2.150939    1.039886    5.457089
    11 Loop 2413     1.147662    4.944617    1.039886    5.457089
    12 Loop 1423     2.267504    2.502641    1.039886    5.457089
    13 Loop 3241     1.079517    5.256747    1.039886    5.457089
    14 Loop 3142     1.343053    4.225261    1.039886    5.457089
    15 Loop 2341     1.076381    5.272064    1.039886    5.457089
    16 Loop 1342     2.346111    2.418790    1.039886    5.457089
    17 Loop 2143     3.324436    1.706981    1.039886    5.457089
    18 Loop 1243     3.361477    1.688171    1.039886    5.457089
    19 Loop 3214     1.677734    3.382389    1.039886    5.457089
    20 Loop 3124     1.627102    3.487641    1.039886    5.457089
    21 Loop 2314     1.687183    3.363446    1.039886    5.457089
    22 Loop 1324     2.234847    2.539212    1.039886    5.457089
    23 Loop 2134     3.409418    1.664433    1.039886    5.457089
    24 Loop 1234     3.481391    1.630024    1.039886    5.457089
              Hirata Ref. #2 =     5.674671
        The best loop order is:        2431
              The best time is:    1.039886
          Best speedup (#1) is:    5.457089
          Best speedup (#2) is:    5.457014
