 TESTING TRANPOSE TYPE 4132
 FOR 4D ARRAY OF RANK 40
 ===================
 The compilation flags were:
 -g
 -i8
 -O3
 -xSSE4.2
 -opt-prefetch
 -funroll-loops
 ===================
              Hirata Ref. #1 =     5.637829
     Algorithm        Jeff        Speedup     Best      Best Speedup
     1 Loop 4321     3.497106    1.612141    3.497106    1.612141
     2 Loop 4312     3.369519    1.673185    3.369519    1.673185
     3 Loop 4231     2.142246    2.631737    2.142246    2.631737
     4 Loop 4132     1.394387    4.043232    1.394387    4.043232
     5 Loop 4213     2.237614    2.519572    1.394387    4.043232
     6 Loop 4123     2.428196    2.321818    1.394387    4.043232
     7 Loop 3421     3.480669    1.619755    1.394387    4.043232
     8 Loop 3412     3.370921    1.672489    1.394387    4.043232
     9 Loop 2431     2.367753    2.381088    1.394387    4.043232
    10 Loop 1432     0.880923    6.399915    0.880923    6.399915
    11 Loop 2413     2.706336    2.083196    0.880923    6.399915
    12 Loop 1423     1.003186    5.619923    0.880923    6.399915
    13 Loop 3241     3.528712    1.597702    0.880923    6.399915
    14 Loop 3142     1.017521    5.540748    0.880923    6.399915
    15 Loop 2341     3.475658    1.622090    0.880923    6.399915
    16 Loop 1342     0.954276    5.907966    0.880923    6.399915
    17 Loop 2143     2.306968    2.443826    0.880923    6.399915
    18 Loop 1243     1.214230    4.643133    0.880923    6.399915
    19 Loop 3214     3.606808    1.563107    0.880923    6.399915
    20 Loop 3124     1.696095    3.324005    0.880923    6.399915
    21 Loop 2314     3.672450    1.535169    0.880923    6.399915
    22 Loop 1324     1.657283    3.401850    0.880923    6.399915
    23 Loop 2134     2.320733    2.429331    0.880923    6.399915
    24 Loop 1234     1.541803    3.656646    0.880923    6.399915
              Hirata Ref. #2 =     5.651360
        The best loop order is:        1432
              The best time is:    0.880923
          Best speedup (#1) is:    6.399915
          Best speedup (#2) is:    6.415275
