 TESTING TRANPOSE TYPE 1342
 FOR 4D ARRAY OF RANK 40
 ===================
 The compilation flags were:
 -g
 -i8
 -O3
 -xSSE4.2
 -opt-prefetch
 -funroll-loops
 ===================
              Hirata Ref. #1 =     2.358180
     Algorithm        Jeff        Speedup     Best      Best Speedup
     1 Loop 4321     3.793906    0.621570    3.793906    0.621570
     2 Loop 4312     3.454568    0.682627    3.454568    0.682627
     3 Loop 4231     4.129172    0.571102    3.454568    0.682627
     4 Loop 4132     1.519468    1.551977    1.519468    1.551977
     5 Loop 4213     4.214501    0.559539    1.519468    1.551977
     6 Loop 4123     2.312659    1.019684    1.519468    1.551977
     7 Loop 3421     3.537323    0.666657    1.519468    1.551977
     8 Loop 3412     3.402788    0.693014    1.519468    1.551977
     9 Loop 2431     4.200807    0.561364    1.519468    1.551977
    10 Loop 1432     1.024220    2.302416    1.024220    2.302416
    11 Loop 2413     4.091055    0.576423    1.024220    2.302416
    12 Loop 1423     1.087109    2.169221    1.024220    2.302416
    13 Loop 3241     2.022893    1.165746    1.024220    2.302416
    14 Loop 3142     0.796679    2.960011    0.796679    2.960011
    15 Loop 2341     2.548415    0.925351    0.796679    2.960011
    16 Loop 1342     0.683811    3.448582    0.683811    3.448582
    17 Loop 2143     2.056175    1.146877    0.683811    3.448582
    18 Loop 1243     1.289373    1.828935    0.683811    3.448582
    19 Loop 3214     1.287779    1.831199    0.683811    3.448582
    20 Loop 3124     0.948071    2.487345    0.683811    3.448582
    21 Loop 2314     2.262715    1.042190    0.683811    3.448582
    22 Loop 1324     0.907673    2.598050    0.683811    3.448582
    23 Loop 2134     2.957705    0.797301    0.683811    3.448582
    24 Loop 1234     1.080531    2.182428    0.683811    3.448582
              Hirata Ref. #2 =     2.354155
        The best loop order is:        1342
              The best time is:    0.683811
          Best speedup (#1) is:    3.448582
          Best speedup (#2) is:    3.442696
