 TESTING TRANPOSE TYPE 2134
 FOR 4D ARRAY OF RANK 40
 ===================
 The compilation flags were:
 -g
 -i8
 -O3
 -xSSE4.2
 -opt-prefetch
 -funroll-loops
 ===================
              Hirata Ref. #1 =     1.109364
     Algorithm        Jeff        Speedup     Best      Best Speedup
     1 Loop 4321     7.259368    0.152818    7.259368    0.152818
     2 Loop 4312     7.210510    0.153854    7.210510    0.153854
     3 Loop 4231     4.592310    0.241570    4.592310    0.241570
     4 Loop 4132     4.762840    0.232921    4.592310    0.241570
     5 Loop 4213     4.821109    0.230106    4.592310    0.241570
     6 Loop 4123     4.984337    0.222570    4.592310    0.241570
     7 Loop 3421     7.089543    0.156479    4.592310    0.241570
     8 Loop 3412     7.105269    0.156133    4.592310    0.241570
     9 Loop 2431     1.889869    0.587006    1.889869    0.587006
    10 Loop 1432     2.281374    0.486270    1.889869    0.587006
    11 Loop 2413     1.694078    0.654848    1.694078    0.654848
    12 Loop 1423     1.707431    0.649727    1.694078    0.654848
    13 Loop 3241     1.593759    0.696068    1.593759    0.696068
    14 Loop 3142     2.203178    0.503529    1.593759    0.696068
    15 Loop 2341     1.369361    0.810133    1.369361    0.810133
    16 Loop 1342     2.060836    0.538308    1.369361    0.810133
    17 Loop 2143     0.685890    1.617407    0.685890    1.617407
    18 Loop 1243     0.679909    1.631636    0.679909    1.631636
    19 Loop 3214     0.805371    1.377457    0.679909    1.631636
    20 Loop 3124     0.797606    1.390868    0.679909    1.631636
    21 Loop 2314     0.726506    1.526985    0.679909    1.631636
    22 Loop 1324     0.728479    1.522850    0.679909    1.631636
    23 Loop 2134     0.500576    2.216173    0.500576    2.216173
    24 Loop 1234     0.499960    2.218904    0.499960    2.218904
              Hirata Ref. #2 =     1.094204
        The best loop order is:        1234
              The best time is:    0.499960
          Best speedup (#1) is:    2.218904
          Best speedup (#2) is:    2.188581
