 TESTING TRANPOSE TYPE 4132
 ===================
 The compilation flags were:
 -O3
 ===================
 Hirata Reference =  0.992062 seconds
     Algorithm        Jeff        Speedup     Best      Best Speedup
     1 Loop 4321      1.52410     0.65092     1.52410     0.65092
     2 Loop 4312      1.46409     0.67760     1.46409     0.67760
     3 Loop 4231      1.08007     0.91852     1.08007     0.91852
     4 Loop 4132      0.83205     1.19231     0.83205     1.19231
     5 Loop 4213      1.06007     0.93585     0.83205     1.19231
     6 Loop 4123      0.81205     1.22168     0.81205     1.22168
     7 Loop 3421      1.52010     0.65263     0.81205     1.22168
     8 Loop 3412      1.38809     0.71470     0.81205     1.22168
     9 Loop 2431      1.08007     0.91852     0.81205     1.22168
    10 Loop 1432      0.44003     2.25454     0.44003     2.25454
    11 Loop 2413      1.03606     0.95753     0.44003     2.25454
    12 Loop 1423      0.47603     2.08403     0.44003     2.25454
    13 Loop 3241      1.93212     0.51346     0.44003     2.25454
    14 Loop 3142      0.46803     2.11966     0.44003     2.25454
    15 Loop 2341      1.90412     0.52101     0.44003     2.25454
    16 Loop 1342      0.36002     2.75556     0.36002     2.75556
    17 Loop 2143      0.80405     1.23383     0.36002     2.75556
    18 Loop 1243      0.44403     2.23423     0.36002     2.75556
    19 Loop 3214      1.68811     0.58768     0.36002     2.75556
    20 Loop 3124      0.46403     2.13793     0.36002     2.75556
    21 Loop 2314      1.80811     0.54867     0.36002     2.75556
    22 Loop 1324      0.32802     3.02439     0.32802     3.02439
    23 Loop 2134      0.81205     1.22167     0.32802     3.02439
    24 Loop 1234      0.31602     3.13924     0.31602     3.13924
 The best loop order for 4132 i        1234
              The best time is:     0.31602
           The best speedup is:     3.13924
Application 11765586 resources: utime ~25s, stime ~0s
