 TESTING TRANPOSE TYPE 3421
 ===================
 The compilation flags were:
 -O3
 ===================
 Hirata Reference =  1.084068 seconds
     Algorithm        Jeff        Speedup     Best      Best Speedup
     1 Loop 4321      1.38009     0.78551     1.38009     0.78551
     2 Loop 4312      1.39609     0.77650     1.38009     0.78551
     3 Loop 4231      0.86405     1.25463     0.86405     1.25463
     4 Loop 4132      1.06007     1.02264     0.86405     1.25463
     5 Loop 4213      0.83605     1.29665     0.83605     1.29665
     6 Loop 4123      1.05207     1.03042     0.83605     1.29665
     7 Loop 3421      1.25608     0.86306     0.83605     1.29665
     8 Loop 3412      1.25208     0.86582     0.83605     1.29665
     9 Loop 2431      0.54003     2.00741     0.54003     2.00741
    10 Loop 1432      1.07207     1.01119     0.54003     2.00741
    11 Loop 2413      0.52803     2.05303     0.52803     2.05303
    12 Loop 1423      1.07207     1.01119     0.52803     2.05303
    13 Loop 3241      0.38002     2.85264     0.38002     2.85264
    14 Loop 3142      0.52003     2.08462     0.38002     2.85264
    15 Loop 2341      0.40403     2.68316     0.38002     2.85264
    16 Loop 1342      0.81605     1.32843     0.38002     2.85264
    17 Loop 2143      1.56410     0.69309     0.38002     2.85264
    18 Loop 1243      1.72011     0.63023     0.38002     2.85264
    19 Loop 3214      0.41202     2.63107     0.38002     2.85264
    20 Loop 3124      0.56004     1.93571     0.38002     2.85264
    21 Loop 2314      0.40002     2.71000     0.38002     2.85264
    22 Loop 1324      0.87205     1.24312     0.38002     2.85264
    23 Loop 2134      1.69211     0.64066     0.38002     2.85264
    24 Loop 1234      1.70811     0.63466     0.38002     2.85264
 The best loop order for 3421 i        3241
              The best time is:     0.38002
           The best speedup is:     2.85264
Application 11765603 resources: utime ~25s, stime ~0s
