 TESTING TRANPOSE TYPE 4231
 ===================
 The compilation flags were:
 -O3
 ===================
 Hirata Reference =  1.036065 seconds
 KGlass Reference =  0.82005100000000009 seconds
     Algorithm        Jeff        Speedup     Best      Best Speedup
     1 Loop 4321      1.45609     0.71154     1.45609     0.71154
     2 Loop 4312      1.60410     0.64589     1.45609     0.71154
     3 Loop 4231      0.82005     1.26342     0.82005     1.26342
     4 Loop 4132      1.10407     0.93841     0.82005     1.26342
     5 Loop 4213      0.82005     1.26342     0.82005     1.26342
     6 Loop 4123      1.03607     1.00000     0.82005     1.26342
     7 Loop 3421      1.40809     0.73580     0.82005     1.26342
     8 Loop 3412      1.54810     0.66925     0.82005     1.26342
     9 Loop 2431      0.38402     2.69792     0.38402     2.69792
    10 Loop 1432      1.10807     0.93502     0.38402     2.69792
    11 Loop 2413      0.45603     2.27193     0.38402     2.69792
    12 Loop 1423      1.04406     0.99234     0.38402     2.69792
    13 Loop 3241      0.44003     2.35454     0.38402     2.69792
    14 Loop 3142      1.91612     0.54071     0.38402     2.69792
    15 Loop 2341      0.31602     3.27848     0.31602     3.27848
    16 Loop 1342      1.88012     0.55106     0.31602     3.27848
    17 Loop 2143      0.44803     2.31250     0.31602     3.27848
    18 Loop 1243      0.80405     1.28856     0.31602     3.27848
    19 Loop 3214      0.46003     2.25217     0.31602     3.27848
    20 Loop 3124      1.68411     0.61520     0.31602     3.27848
    21 Loop 2314      0.32002     3.23750     0.31602     3.27848
    22 Loop 1324      1.80011     0.57556     0.31602     3.27848
    23 Loop 2134      0.36802     2.81522     0.31602     3.27848
    24 Loop 1234      0.76405     1.35602     0.31602     3.27848
 The best loop order for 4231 i        2341
              The best time is:     0.31602
           The best speedup is:     3.27848
Application 11765580 resources: utime ~26s, stime ~0s
