 TESTING TRANPOSE TYPE 4123
 ===================
 The compilation flags were:
 -O3
 ===================
 Hirata Reference =  0.85605399999999998 seconds
     Algorithm        Jeff        Speedup     Best      Best Speedup
     1 Loop 4321      1.70011     0.50353     1.70011     0.50353
     2 Loop 4312      1.62010     0.52840     1.62010     0.52840
     3 Loop 4231      0.81605     1.04902     0.81605     1.04902
     4 Loop 4132      0.81605     1.04902     0.81605     1.04902
     5 Loop 4213      0.83605     1.02392     0.81605     1.04902
     6 Loop 4123      0.76405     1.12042     0.76405     1.12042
     7 Loop 3421      1.80811     0.47345     0.76405     1.12042
     8 Loop 3412      1.66010     0.51566     0.76405     1.12042
     9 Loop 2431      0.56003     1.52857     0.56003     1.52857
    10 Loop 1432      0.46803     1.82906     0.46803     1.82906
    11 Loop 2413      0.52803     1.62121     0.46803     1.82906
    12 Loop 1423      0.44803     1.91072     0.44803     1.91072
    13 Loop 3241      1.98412     0.43145     0.44803     1.91072
    14 Loop 3142      0.84405     1.01422     0.44803     1.91072
    15 Loop 2341      1.82811     0.46827     0.44803     1.91072
    16 Loop 1342      0.43203     1.98148     0.43203     1.98148
    17 Loop 2143      0.44403     1.92793     0.43203     1.98148
    18 Loop 1243      0.38802     2.20619     0.38802     2.20619
    19 Loop 3214      1.84412     0.46421     0.38802     2.20619
    20 Loop 3124      0.90406     0.94690     0.38802     2.20619
    21 Loop 2314      1.65210     0.51816     0.38802     2.20619
    22 Loop 1324      0.45203     1.89381     0.38802     2.20619
    23 Loop 2134      0.36002     2.37778     0.36002     2.37778
    24 Loop 1234      0.25602     3.34375     0.25602     3.34375
 The best loop order for 4123 i        1234
              The best time is:     0.25602
           The best speedup is:     3.34375
Application 11765594 resources: utime ~25s, stime ~0s
