 TESTING TRANPOSE TYPE 3214
 ===================
 The compilation flags were:
 -O3
 ===================
 Hirata Reference =  0.84005299999999994 seconds
     Algorithm        Jeff        Speedup     Best      Best Speedup
     1 Loop 4321      1.83612     0.45752     1.83612     0.45752
     2 Loop 4312      1.95212     0.43033     1.83612     0.45752
     3 Loop 4231      1.40809     0.59659     1.40809     0.59659
     4 Loop 4132      2.27214     0.36972     1.40809     0.59659
     5 Loop 4213      1.41209     0.59490     1.40809     0.59659
     6 Loop 4123      2.18814     0.38391     1.40809     0.59659
     7 Loop 3421      1.52009     0.55263     1.40809     0.59659
     8 Loop 3412      1.61210     0.52109     1.40809     0.59659
     9 Loop 2431      0.75205     1.11702     0.75205     1.11702
    10 Loop 1432      2.00813     0.41833     0.75205     1.11702
    11 Loop 2413      0.78005     1.07692     0.75205     1.11702
    12 Loop 1423      1.88012     0.44681     0.75205     1.11702
    13 Loop 3241      0.40403     2.07921     0.40403     2.07921
    14 Loop 3142      0.54804     1.53285     0.40403     2.07921
    15 Loop 2341      0.38402     2.18750     0.38402     2.18750
    16 Loop 1342      0.56404     1.48936     0.38402     2.18750
    17 Loop 2143      0.42803     1.96262     0.38402     2.18750
    18 Loop 1243      0.46403     1.81035     0.38402     2.18750
    19 Loop 3214      0.35602     2.35955     0.35602     2.35955
    20 Loop 3124      0.38802     2.16495     0.35602     2.35955
    21 Loop 2314      0.26402     3.18181     0.26402     3.18181
    22 Loop 1324      0.39202     2.14286     0.26402     3.18181
    23 Loop 2134      0.26402     3.18183     0.26402     3.18183
    24 Loop 1234      0.30402     2.76316     0.26402     3.18183
 The best loop order for 3214 i        2134
              The best time is:     0.26402
           The best speedup is:     3.18183
Application 11765721 resources: utime ~26s, stime ~0s
