 TESTING TRANPOSE TYPE 4312
 FOR 4D ARRAY OF RANK 40
 ===================
 The compilation flags were:
 -g
 -i8
 -O3
 -xSSE4.2
 -opt-prefetch
 -funroll-loops
 ===================
              Hirata Ref. #1 =     5.667617
     Algorithm        Jeff        Speedup     Best      Best Speedup
     1 Loop 4321     3.459790    1.638139    3.459790    1.638139
     2 Loop 4312     3.238142    1.750268    3.238142    1.750268
     3 Loop 4231     2.098202    2.701179    2.098202    2.701179
     4 Loop 4132     1.376261    4.118126    1.376261    4.118126
     5 Loop 4213     2.203797    2.571751    1.376261    4.118126
     6 Loop 4123     2.146009    2.641003    1.376261    4.118126
     7 Loop 3421     3.370049    1.681761    1.376261    4.118126
     8 Loop 3412     3.219515    1.760395    1.376261    4.118126
     9 Loop 2431     2.692055    2.105312    1.376261    4.118126
    10 Loop 1432     1.024051    5.534504    1.024051    5.534504
    11 Loop 2413     2.352369    2.409323    1.024051    5.534504
    12 Loop 1423     1.107706    5.116535    1.024051    5.534504
    13 Loop 3241     1.668795    3.396234    1.024051    5.534504
    14 Loop 3142     0.980061    5.782922    0.980061    5.782922
    15 Loop 2341     2.538562    2.232609    0.980061    5.782922
    16 Loop 1342     0.980767    5.778760    0.980061    5.782922
    17 Loop 2143     3.372502    1.680538    0.980061    5.782922
    18 Loop 1243     3.318923    1.707667    0.980061    5.782922
    19 Loop 3214     1.643852    3.447767    0.980061    5.782922
    20 Loop 3124     1.670961    3.391831    0.980061    5.782922
    21 Loop 2314     2.331943    2.430427    0.980061    5.782922
    22 Loop 1324     1.674619    3.384421    0.980061    5.782922
    23 Loop 2134     3.497960    1.620264    0.980061    5.782922
    24 Loop 1234     3.400191    1.666852    0.980061    5.782922
              Hirata Ref. #2 =     5.668078
        The best loop order is:        3142
              The best time is:    0.980061
          Best speedup (#1) is:    5.782922
          Best speedup (#2) is:    5.783393
