 TESTING TRANPOSE TYPE 4231
 FOR 4D ARRAY OF RANK 40
 ===================
 The compilation flags were:
 -g
 -i8
 -O3
 -xSSE4.2
 -opt-prefetch
 -funroll-loops
 ===================
              Hirata Ref. #1 =     5.649668
     Algorithm        Jeff        Speedup     Best      Best Speedup
     1 Loop 4321     3.522715    1.603782    3.522715    1.603782
     2 Loop 4312     3.326333    1.698467    3.326333    1.698467
     3 Loop 4231     1.597299    3.537013    1.597299    3.537013
     4 Loop 4132     1.998146    2.827455    1.597299    3.537013
     5 Loop 4213     1.798616    3.141120    1.597299    3.537013
     6 Loop 4123     2.539574    2.224652    1.597299    3.537013
     7 Loop 3421     3.477382    1.624690    1.597299    3.537013
     8 Loop 3412     3.368372    1.677270    1.597299    3.537013
     9 Loop 2431     0.962148    5.871934    0.962148    5.871934
    10 Loop 1432     2.288574    2.468642    0.962148    5.871934
    11 Loop 2413     1.066818    5.295811    0.962148    5.871934
    12 Loop 1423     2.705513    2.088206    0.962148    5.871934
    13 Loop 3241     1.099145    5.140057    0.962148    5.871934
    14 Loop 3142     3.436111    1.644204    0.962148    5.871934
    15 Loop 2341     1.045387    5.404382    0.962148    5.871934
    16 Loop 1342     3.397708    1.662788    0.962148    5.871934
    17 Loop 2143     1.220119    4.630425    0.962148    5.871934
    18 Loop 1243     2.293342    2.463509    0.962148    5.871934
    19 Loop 3214     1.700400    3.322553    0.962148    5.871934
    20 Loop 3124     3.578660    1.578711    0.962148    5.871934
    21 Loop 2314     1.659573    3.404290    0.962148    5.871934
    22 Loop 1324     3.636490    1.553605    0.962148    5.871934
    23 Loop 2134     1.555534    3.631980    0.962148    5.871934
    24 Loop 1234     2.225717    2.538359    0.962148    5.871934
              Hirata Ref. #2 =     5.662472
        The best loop order is:        2431
              The best time is:    0.962148
          Best speedup (#1) is:    5.871934
          Best speedup (#2) is:    5.885242
