 TESTING TRANPOSE TYPE 3421
 FOR 4D ARRAY OF RANK 40
 ===================
 The compilation flags were:
 -g
 -i8
 -O3
 -xSSE4.2
 -opt-prefetch
 -funroll-loops
 ===================
              Hirata Ref. #1 =     3.874817
     Algorithm        Jeff        Speedup     Best      Best Speedup
     1 Loop 4321     3.418150    1.133601    3.418150    1.133601
     2 Loop 4312     3.279750    1.181437    3.279750    1.181437
     3 Loop 4231     1.487478    2.604958    1.487478    2.604958
     4 Loop 4132     2.037393    1.901850    1.487478    2.604958
     5 Loop 4213     2.358831    1.642685    1.487478    2.604958
     6 Loop 4123     2.692027    1.439368    1.487478    2.604958
     7 Loop 3421     3.322445    1.166255    1.487478    2.604958
     8 Loop 3412     3.233009    1.198517    1.487478    2.604958
     9 Loop 2431     1.071198    3.617274    1.071198    3.617274
    10 Loop 1432     2.603262    1.488447    1.071198    3.617274
    11 Loop 2413     2.011903    1.925946    1.071198    3.617274
    12 Loop 1423     2.753901    1.407029    1.071198    3.617274
    13 Loop 3241     1.063988    3.641787    1.063988    3.641787
    14 Loop 3142     1.316947    2.942272    1.063988    3.641787
    15 Loop 2341     1.057896    3.662758    1.057896    3.662758
    16 Loop 1342     2.468176    1.569911    1.057896    3.662758
    17 Loop 2143     3.449473    1.123307    1.057896    3.662758
    18 Loop 1243     3.538819    1.094946    1.057896    3.662758
    19 Loop 3214     1.141774    3.393681    1.057896    3.662758
    20 Loop 3124     1.298562    2.983929    1.057896    3.662758
    21 Loop 2314     1.095984    3.535468    1.057896    3.662758
    22 Loop 1324     2.135353    1.814603    1.057896    3.662758
    23 Loop 2134     3.265958    1.186426    1.057896    3.662758
    24 Loop 1234     3.298333    1.174780    1.057896    3.662758
              Hirata Ref. #2 =     3.877062
        The best loop order is:        2341
              The best time is:    1.057896
          Best speedup (#1) is:    3.662758
          Best speedup (#2) is:    3.664879
