 TESTING TRANPOSE TYPE 2314
 FOR 4D ARRAY OF RANK 40
 ===================
 The compilation flags were:
 -g
 -i8
 -O3
 -xSSE4.2
 -opt-prefetch
 -funroll-loops
 ===================
              Hirata Ref. #1 =     2.439303
     Algorithm        Jeff        Speedup     Best      Best Speedup
     1 Loop 4321     5.172283    0.471611    5.172283    0.471611
     2 Loop 4312     4.865543    0.501342    4.865543    0.501342
     3 Loop 4231     4.318206    0.564888    4.318206    0.564888
     4 Loop 4132     4.962002    0.491597    4.318206    0.564888
     5 Loop 4213     4.800956    0.508087    4.318206    0.564888
     6 Loop 4123     5.407666    0.451082    4.318206    0.564888
     7 Loop 3421     4.459662    0.546970    4.318206    0.564888
     8 Loop 3412     3.994248    0.610704    3.994248    0.610704
     9 Loop 2431     1.768055    1.379653    1.768055    1.379653
    10 Loop 1432     3.928889    0.620863    1.768055    1.379653
    11 Loop 2413     1.746426    1.396740    1.746426    1.396740
    12 Loop 1423     3.946185    0.618142    1.746426    1.396740
    13 Loop 3241     1.180173    2.066903    1.180173    2.066903
    14 Loop 3142     1.830063    1.332907    1.180173    2.066903
    15 Loop 2341     1.151321    2.118699    1.151321    2.118699
    16 Loop 1342     1.830095    1.332884    1.151321    2.118699
    17 Loop 2143     0.868118    2.809876    0.868118    2.809876
    18 Loop 1243     0.886739    2.750869    0.868118    2.809876
    19 Loop 3214     0.626595    3.892952    0.626595    3.892952
    20 Loop 3124     0.737769    3.306322    0.626595    3.892952
    21 Loop 2314     0.549474    4.439344    0.549474    4.439344
    22 Loop 1324     0.717776    3.398419    0.549474    4.439344
    23 Loop 2134     0.555412    4.391880    0.549474    4.439344
    24 Loop 1234     0.603022    4.045132    0.549474    4.439344
              Hirata Ref. #2 =     2.443959
        The best loop order is:        2314
              The best time is:    0.549474
          Best speedup (#1) is:    4.439344
          Best speedup (#2) is:    4.447817
