 TESTING TRANPOSE TYPE 3214
 FOR 4D ARRAY OF RANK 40
 ===================
 The compilation flags were:
 -g
 -i8
 -O3
 -xSSE4.2
 -opt-prefetch
 -funroll-loops
 ===================
              Hirata Ref. #1 =     2.787867
     Algorithm        Jeff        Speedup     Best      Best Speedup
     1 Loop 4321     5.145462    0.541811    5.145462    0.541811
     2 Loop 4312     4.815872    0.578891    4.815872    0.578891
     3 Loop 4231     4.295833    0.648970    4.295833    0.648970
     4 Loop 4132     4.930186    0.565469    4.295833    0.648970
     5 Loop 4213     4.888449    0.570297    4.295833    0.648970
     6 Loop 4123     5.334376    0.522623    4.295833    0.648970
     7 Loop 3421     4.125197    0.675814    4.125197    0.675814
     8 Loop 3412     3.807377    0.732228    3.807377    0.732228
     9 Loop 2431     1.753625    1.589774    1.753625    1.589774
    10 Loop 1432     3.793305    0.734944    1.753625    1.589774
    11 Loop 2413     2.077729    1.341785    1.753625    1.589774
    12 Loop 1423     4.115131    0.677467    1.753625    1.589774
    13 Loop 3241     1.171866    2.378999    1.171866    2.378999
    14 Loop 3142     1.036507    2.689674    1.036507    2.689674
    15 Loop 2341     1.145380    2.434011    1.036507    2.689674
    16 Loop 1342     1.036790    2.688942    1.036507    2.689674
    17 Loop 2143     1.755140    1.588401    1.036507    2.689674
    18 Loop 1243     1.769140    1.575832    1.036507    2.689674
    19 Loop 3214     0.622066    4.481629    0.622066    4.481629
    20 Loop 3124     0.733891    3.798749    0.622066    4.481629
    21 Loop 2314     0.557868    4.997360    0.557868    4.997360
    22 Loop 1324     0.712480    3.912904    0.557868    4.997360
    23 Loop 2134     0.555171    5.021639    0.555171    5.021639
    24 Loop 1234     0.607577    4.588501    0.555171    5.021639
              Hirata Ref. #2 =     2.789251
        The best loop order is:        2134
              The best time is:    0.555171
          Best speedup (#1) is:    5.021639
          Best speedup (#2) is:    5.024131
