 TESTING TRANPOSE TYPE 2413
 FOR 4D ARRAY OF RANK 40
 ===================
 The compilation flags were:
 -g
 -i8
 -O3
 -xSSE4.2
 -opt-prefetch
 -funroll-loops
 ===================
              Hirata Ref. #1 =     3.455764
     Algorithm        Jeff        Speedup     Best      Best Speedup
     1 Loop 4321     4.259343    0.811337    4.259343    0.811337
     2 Loop 4312     3.849234    0.897780    3.849234    0.897780
     3 Loop 4231     1.675071    2.063055    1.675071    2.063055
     4 Loop 4132     2.148679    1.608320    1.675071    2.063055
     5 Loop 4213     1.711771    2.018824    1.675071    2.063055
     6 Loop 4123     1.862644    1.855300    1.675071    2.063055
     7 Loop 3421     4.370372    0.790725    1.675071    2.063055
     8 Loop 3412     3.891585    0.888009    1.675071    2.063055
     9 Loop 2431     1.136816    3.039863    1.136816    3.039863
    10 Loop 1432     2.013624    1.716191    1.136816    3.039863
    11 Loop 2413     0.860989    4.013713    0.860989    4.013713
    12 Loop 1423     0.999737    3.456672    0.860989    4.013713
    13 Loop 3241     2.702259    1.278843    0.860989    4.013713
    14 Loop 3142     3.669496    0.941754    0.860989    4.013713
    15 Loop 2341     1.615883    2.138623    0.860989    4.013713
    16 Loop 1342     3.467306    0.996671    0.860989    4.013713
    17 Loop 2143     0.753435    4.586680    0.753435    4.586680
    18 Loop 1243     0.778202    4.440702    0.753435    4.586680
    19 Loop 3214     2.010506    1.718852    0.753435    4.586680
    20 Loop 3124     3.497589    0.988042    0.753435    4.586680
    21 Loop 2314     1.268610    2.724054    0.753435    4.586680
    22 Loop 1324     3.418429    1.010922    0.753435    4.586680
    23 Loop 2134     0.684842    5.046072    0.684842    5.046072
    24 Loop 1234     0.703189    4.914417    0.684842    5.046072
              Hirata Ref. #2 =     3.455383
        The best loop order is:        2134
              The best time is:    0.684842
          Best speedup (#1) is:    5.046072
          Best speedup (#2) is:    5.045516
