 TESTING TRANPOSE TYPE 2143
 FOR 4D ARRAY OF RANK 40
 ===================
 The compilation flags were:
 -g
 -i8
 -O3
 -xSSE4.2
 -opt-prefetch
 -funroll-loops
 ===================
              Hirata Ref. #1 =     1.758718
     Algorithm        Jeff        Speedup     Best      Best Speedup
     1 Loop 4321     7.336858    0.239710    7.336858    0.239710
     2 Loop 4312     7.321430    0.240215    7.321430    0.240215
     3 Loop 4231     1.764409    0.996775    1.764409    0.996775
     4 Loop 4132     2.274531    0.773222    1.764409    0.996775
     5 Loop 4213     1.685297    1.043565    1.685297    1.043565
     6 Loop 4123     1.933362    0.909668    1.685297    1.043565
     7 Loop 3421     7.335835    0.239743    1.685297    1.043565
     8 Loop 3412     7.326385    0.240053    1.685297    1.043565
     9 Loop 2431     1.240199    1.418094    1.240199    1.418094
    10 Loop 1432     1.988223    0.884568    1.240199    1.418094
    11 Loop 2413     1.001144    1.756709    1.001144    1.756709
    12 Loop 1423     0.981163    1.792483    0.981163    1.792483
    13 Loop 3241     2.347129    0.749306    0.981163    1.792483
    14 Loop 3142     2.400558    0.732629    0.981163    1.792483
    15 Loop 2341     1.662365    1.057962    0.981163    1.792483
    16 Loop 1342     1.733641    1.014465    0.981163    1.792483
    17 Loop 2143     0.552841    3.181237    0.552841    3.181237
    18 Loop 1243     0.558306    3.150097    0.552841    3.181237
    19 Loop 3214     2.361825    0.744644    0.552841    3.181237
    20 Loop 3124     2.281384    0.770900    0.552841    3.181237
    21 Loop 2314     1.215782    1.446574    0.552841    3.181237
    22 Loop 1324     1.228627    1.431450    0.552841    3.181237
    23 Loop 2134     0.576919    3.048466    0.552841    3.181237
    24 Loop 1234     0.576225    3.052137    0.552841    3.181237
              Hirata Ref. #2 =     1.755230
        The best loop order is:        2143
              The best time is:    0.552841
          Best speedup (#1) is:    3.181237
          Best speedup (#2) is:    3.174927
