 TESTING TRANPOSE TYPE 3241
 FOR 4D ARRAY OF RANK 40
 ===================
 The compilation flags were:
 -g
 -i8
 -O3
 -xSSE4.2
 -opt-prefetch
 -funroll-loops
 ===================
              Hirata Ref. #1 =     2.421163
     Algorithm        Jeff        Speedup     Best      Best Speedup
     1 Loop 4321     3.550381    0.681944    3.550381    0.681944
     2 Loop 4312     3.423507    0.707217    3.423507    0.707217
     3 Loop 4231     1.531753    1.580648    1.531753    1.580648
     4 Loop 4132     3.850666    0.628765    1.531753    1.580648
     5 Loop 4213     2.373777    1.019962    1.531753    1.580648
     6 Loop 4123     4.422382    0.547479    1.531753    1.580648
     7 Loop 3421     3.456138    0.700540    1.531753    1.580648
     8 Loop 3412     3.261671    0.742308    1.531753    1.580648
     9 Loop 2431     1.048012    2.310243    1.048012    2.310243
    10 Loop 1432     3.708247    0.652913    1.048012    2.310243
    11 Loop 2413     1.925895    1.257162    1.048012    2.310243
    12 Loop 1423     4.210246    0.575065    1.048012    2.310243
    13 Loop 3241     0.966355    2.505460    0.966355    2.505460
    14 Loop 3142     1.405486    1.722652    0.966355    2.505460
    15 Loop 2341     0.940929    2.573163    0.940929    2.573163
    16 Loop 1342     2.069772    1.169773    0.940929    2.573163
    17 Loop 2143     1.643355    1.473305    0.940929    2.573163
    18 Loop 1243     2.323850    1.041876    0.940929    2.573163
    19 Loop 3214     1.021715    2.369705    0.940929    2.573163
    20 Loop 3124     1.241290    1.950522    0.940929    2.573163
    21 Loop 2314     0.896370    2.701076    0.896370    2.701076
    22 Loop 1324     2.316005    1.045405    0.896370    2.701076
    23 Loop 2134     1.104724    2.191645    0.896370    2.701076
    24 Loop 1234     2.336997    1.036015    0.896370    2.701076
              Hirata Ref. #2 =     2.425454
        The best loop order is:        2314
              The best time is:    0.896370
          Best speedup (#1) is:    2.701076
          Best speedup (#2) is:    2.705864
