 TESTING TRANPOSE TYPE 2431
 FOR 4D ARRAY OF RANK 40
 ===================
 The compilation flags were:
 -g
 -i8
 -O3
 -xSSE4.2
 -opt-prefetch
 -funroll-loops
 ===================
              Hirata Ref. #1 =     3.870154
     Algorithm        Jeff        Speedup     Best      Best Speedup
     1 Loop 4321     3.558163    1.087683    3.558163    1.087683
     2 Loop 4312     3.427404    1.129179    3.427404    1.129179
     3 Loop 4231     1.609033    2.405268    1.609033    2.405268
     4 Loop 4132     2.318498    1.669251    1.609033    2.405268
     5 Loop 4213     1.812221    2.135586    1.609033    2.405268
     6 Loop 4123     2.557390    1.513322    1.609033    2.405268
     7 Loop 3421     3.512872    1.101706    1.609033    2.405268
     8 Loop 3412     3.500871    1.105483    1.609033    2.405268
     9 Loop 2431     0.951983    4.065361    0.951983    4.065361
    10 Loop 1432     2.540205    1.523560    0.951983    4.065361
    11 Loop 2413     1.072389    3.608908    0.951983    4.065361
    12 Loop 1423     2.571596    1.504962    0.951983    4.065361
    13 Loop 3241     1.094859    3.534843    0.951983    4.065361
    14 Loop 3142     3.557974    1.087741    0.951983    4.065361
    15 Loop 2341     1.039881    3.721727    0.951983    4.065361
    16 Loop 1342     3.560921    1.086841    0.951983    4.065361
    17 Loop 2143     1.176714    3.288949    0.951983    4.065361
    18 Loop 1243     2.644678    1.463375    0.951983    4.065361
    19 Loop 3214     1.172671    3.300289    0.951983    4.065361
    20 Loop 3124     3.430225    1.128251    0.951983    4.065361
    21 Loop 2314     1.072844    3.607379    0.951983    4.065361
    22 Loop 1324     3.443683    1.123842    0.951983    4.065361
    23 Loop 2134     1.193207    3.243490    0.951983    4.065361
    24 Loop 1234     1.895463    2.041799    0.951983    4.065361
              Hirata Ref. #2 =     3.881448
        The best loop order is:        2431
              The best time is:    0.951983
          Best speedup (#1) is:    4.065361
          Best speedup (#2) is:    4.077225
