 TESTING TRANPOSE TYPE 4123
 FOR 4D ARRAY OF RANK 40
 ===================
 The compilation flags were:
 -g
 -i8
 -O3
 -xSSE4.2
 -opt-prefetch
 -funroll-loops
 ===================
              Hirata Ref. #1 =     5.662385
     Algorithm        Jeff        Speedup     Best      Best Speedup
     1 Loop 4321     3.891449    1.455084    3.891449    1.455084
     2 Loop 4312     3.839345    1.474831    3.839345    1.474831
     3 Loop 4231     1.723409    3.285572    1.723409    3.285572
     4 Loop 4132     1.513865    3.740351    1.513865    3.740351
     5 Loop 4213     1.651374    3.428893    1.513865    3.740351
     6 Loop 4123     2.284926    2.478148    1.513865    3.740351
     7 Loop 3421     4.052625    1.397214    1.513865    3.740351
     8 Loop 3412     4.013617    1.410794    1.513865    3.740351
     9 Loop 2431     1.258372    4.499771    1.258372    4.499771
    10 Loop 1432     1.014585    5.580989    1.014585    5.580989
    11 Loop 2413     1.011895    5.595824    1.011895    5.595824
    12 Loop 1423     0.827115    6.845944    0.827115    6.845944
    13 Loop 3241     3.584796    1.579556    0.827115    6.845944
    14 Loop 3142     2.410491    2.349059    0.827115    6.845944
    15 Loop 2341     3.410631    1.660216    0.827115    6.845944
    16 Loop 1342     1.310239    4.321642    0.827115    6.845944
    17 Loop 2143     0.828482    6.834647    0.827115    6.845944
    18 Loop 1243     0.758602    7.464233    0.758602    7.464233
    19 Loop 3214     3.703434    1.528955    0.758602    7.464233
    20 Loop 3124     2.315379    2.445554    0.758602    7.464233
    21 Loop 2314     3.587778    1.578243    0.758602    7.464233
    22 Loop 1324     1.616857    3.502094    0.758602    7.464233
    23 Loop 2134     1.612975    3.510523    0.758602    7.464233
    24 Loop 1234     1.573898    3.597682    0.758602    7.464233
              Hirata Ref. #2 =     5.674614
        The best loop order is:        1243
              The best time is:    0.758602
          Best speedup (#1) is:    7.464233
          Best speedup (#2) is:    7.480354
