 TESTING TRANPOSE TYPE 3142
 FOR 4D ARRAY OF RANK 40
 ===================
 The compilation flags were:
 -g
 -i8
 -O3
 -xSSE4.2
 -opt-prefetch
 -funroll-loops
 ===================
              Hirata Ref. #1 =     2.421084
     Algorithm        Jeff        Speedup     Best      Best Speedup
     1 Loop 4321     3.600682    0.672396    3.600682    0.672396
     2 Loop 4312     3.403286    0.711396    3.403286    0.711396
     3 Loop 4231     3.913582    0.618636    3.403286    0.711396
     4 Loop 4132     1.433719    1.688673    1.433719    1.688673
     5 Loop 4213     4.421418    0.547581    1.433719    1.688673
     6 Loop 4123     2.506198    0.966038    1.433719    1.688673
     7 Loop 3421     3.385491    0.715135    1.433719    1.688673
     8 Loop 3412     3.354176    0.721812    1.433719    1.688673
     9 Loop 2431     3.906746    0.619719    1.433719    1.688673
    10 Loop 1432     1.023412    2.365697    1.023412    2.365697
    11 Loop 2413     4.394766    0.550902    1.023412    2.365697
    12 Loop 1423     1.919267    1.261463    1.023412    2.365697
    13 Loop 3241     1.711367    1.414708    1.023412    2.365697
    14 Loop 3142     0.722955    3.348874    0.722955    3.348874
    15 Loop 2341     2.247153    1.077401    0.722955    3.348874
    16 Loop 1342     0.696343    3.476856    0.696343    3.476856
    17 Loop 2143     2.341746    1.033880    0.696343    3.476856
    18 Loop 1243     1.654933    1.462950    0.696343    3.476856
    19 Loop 3214     1.285669    1.883132    0.696343    3.476856
    20 Loop 3124     0.962461    2.515514    0.696343    3.476856
    21 Loop 2314     2.323883    1.041827    0.696343    3.476856
    22 Loop 1324     0.893891    2.708479    0.696343    3.476856
    23 Loop 2134     2.324698    1.041462    0.696343    3.476856
    24 Loop 1234     1.103955    2.193100    0.696343    3.476856
              Hirata Ref. #2 =     2.422603
        The best loop order is:        1342
              The best time is:    0.696343
          Best speedup (#1) is:    3.476856
          Best speedup (#2) is:    3.479037
