 TESTING TRANPOSE TYPE 2314
 ===================
 The compilation flags were:
 -O3
 ===================
 Hirata Reference =  0.84005199999999991 seconds
     Algorithm        Jeff        Speedup     Best      Best Speedup
     1 Loop 4321      1.91212     0.43933     1.91212     0.43933
     2 Loop 4312      1.94812     0.43121     1.91212     0.43933
     3 Loop 4231      1.40809     0.59659     1.40809     0.59659
     4 Loop 4132      2.27214     0.36972     1.40809     0.59659
     5 Loop 4213      1.43209     0.58659     1.40809     0.59659
     6 Loop 4123      2.20814     0.38043     1.40809     0.59659
     7 Loop 3421      1.60810     0.52239     1.40809     0.59659
     8 Loop 3412      1.72411     0.48724     1.40809     0.59659
     9 Loop 2431      0.74405     1.12903     0.74405     1.12903
    10 Loop 1432      1.95612     0.42945     0.74405     1.12903
    11 Loop 2413      0.74805     1.12300     0.74405     1.12903
    12 Loop 1423      1.92412     0.43659     0.74405     1.12903
    13 Loop 3241      0.41603     2.01923     0.41603     2.01923
    14 Loop 3142      0.56804     1.47887     0.41603     2.01923
    15 Loop 2341      0.39202     2.14285     0.39202     2.14285
    16 Loop 1342      0.58404     1.43836     0.39202     2.14285
    17 Loop 2143      0.43203     1.94444     0.39202     2.14285
    18 Loop 1243      0.46403     1.81034     0.39202     2.14285
    19 Loop 3214      0.36402     2.30770     0.36402     2.30770
    20 Loop 3124      0.38802     2.16495     0.36402     2.30770
    21 Loop 2314      0.26402     3.18181     0.26402     3.18181
    22 Loop 1324      0.40403     2.07921     0.26402     3.18181
    23 Loop 2134      0.27202     3.08823     0.26402     3.18181
    24 Loop 1234      0.30802     2.72726     0.26402     3.18181
 The best loop order for 2314 i        2314
              The best time is:     0.26402
           The best speedup is:     3.18181
Application 11717231 resources: utime ~26s, stime ~0s
 TESTING TRANPOSE TYPE 1324
 ===================
 The compilation flags were:
 -O3
 ===================
 Hirata Reference =  0.8280519999999999 seconds
 KGlass Reference =  0.3640230000000001 seconds
     Algorithm        Jeff        Speedup     Best      Best Speedup
     1 Loop 4321      1.95212     0.42418     1.95212     0.42418
     2 Loop 4312      1.91612     0.43215     1.91612     0.43215
     3 Loop 4231      2.27214     0.36444     1.91612     0.43215
     4 Loop 4132      1.42009     0.58310     1.42009     0.58310
     5 Loop 4213      2.28014     0.36316     1.42009     0.58310
     6 Loop 4123      1.43209     0.57821     1.42009     0.58310
     7 Loop 3421      1.72811     0.47917     1.42009     0.58310
     8 Loop 3412      1.59210     0.52010     1.42009     0.58310
     9 Loop 2431      2.04813     0.40430     1.42009     0.58310
    10 Loop 1432      0.75605     1.09524     0.75605     1.09524
    11 Loop 2413      1.99212     0.41566     0.75605     1.09524
    12 Loop 1423      0.76405     1.08377     0.75605     1.09524
    13 Loop 3241      0.54403     1.52206     0.54403     1.52206
    14 Loop 3142      0.43203     1.91667     0.43203     1.91667
    15 Loop 2341      0.56003     1.47857     0.43203     1.91667
    16 Loop 1342      0.41203     2.00971     0.41203     2.00971
    17 Loop 2143      0.46003     1.80000     0.41203     2.00971
    18 Loop 1243      0.42403     1.95283     0.41203     2.00971
    19 Loop 3214      0.39203     2.11224     0.39203     2.11224
    20 Loop 3124      0.36402     2.27472     0.36402     2.27472
    21 Loop 2314      0.40002     2.07000     0.36402     2.27472
    22 Loop 1324      0.26802     3.08955     0.26802     3.08955
    23 Loop 2134      0.38002     2.17895     0.26802     3.08955
    24 Loop 1234      0.21601     3.83333     0.21601     3.83333
 The best loop order for 1324 i        1234
              The best time is:     0.21601
           The best speedup is:     3.83333
Application 11717237 resources: utime ~27s, stime ~0s
 TESTING TRANPOSE TYPE 2134
 ===================
 The compilation flags were:
 -O3
 ===================
 Hirata Reference =  0.75604799999999994 seconds
     Algorithm        Jeff        Speedup     Best      Best Speedup
     1 Loop 4321      3.69223     0.20477     3.69223     0.20477
     2 Loop 4312      3.66423     0.20633     3.66423     0.20633
     3 Loop 4231      1.45209     0.52066     1.45209     0.52066
     4 Loop 4132      1.44009     0.52500     1.44009     0.52500
     5 Loop 4213      1.40009     0.54000     1.40009     0.54000
     6 Loop 4123      1.40009     0.54000     1.40009     0.54000
     7 Loop 3421      3.62823     0.20838     1.40009     0.54000
     8 Loop 3412      3.61223     0.20930     1.40009     0.54000
     9 Loop 2431      0.76805     0.98438     0.76805     0.98438
    10 Loop 1432      0.77205     0.97927     0.76805     0.98438
    11 Loop 2413      0.72405     1.04420     0.72405     1.04420
    12 Loop 1423      0.72805     1.03846     0.72405     1.04420
    13 Loop 3241      0.62404     1.21154     0.62404     1.21154
    14 Loop 3142      0.64804     1.16667     0.62404     1.21154
    15 Loop 2341      0.51203     1.47656     0.51203     1.47656
    16 Loop 1342      0.53603     1.41045     0.51203     1.47656
    17 Loop 2143      0.39602     1.90910     0.39602     1.90910
    18 Loop 1243      0.39602     1.90909     0.39602     1.90910
    19 Loop 3214      0.50403     1.50000     0.39602     1.90910
    20 Loop 3124      0.50403     1.50000     0.39602     1.90910
    21 Loop 2314      0.29202     2.58904     0.29202     2.58904
    22 Loop 1324      0.29202     2.58905     0.29202     2.58905
    23 Loop 2134      0.26002     2.90770     0.26002     2.90770
    24 Loop 1234      0.20801     3.63462     0.20801     3.63462
 The best loop order for 2134 i        1234
              The best time is:     0.20801
           The best speedup is:     3.63462
Application 11717242 resources: utime ~30s, stime ~0s
 TESTING TRANPOSE TYPE 1234
 ===================
 The compilation flags were:
 -O3
 ===================
 Hirata Reference =  0.75204699999999991 seconds
 KGlass Reference =  0.26001700000000016 seconds
     Algorithm        Jeff        Speedup     Best      Best Speedup
     1 Loop 4321      3.57222     0.21053     3.57222     0.21053
     2 Loop 4312      3.56422     0.21100     3.56422     0.21100
     3 Loop 4231      1.44809     0.51934     1.44809     0.51934
     4 Loop 4132      1.46409     0.51366     1.44809     0.51934
     5 Loop 4213      1.52009     0.49474     1.44809     0.51934
     6 Loop 4123      1.46809     0.51226     1.44809     0.51934
     7 Loop 3421      3.76423     0.19979     1.44809     0.51934
     8 Loop 3412      3.72823     0.20172     1.44809     0.51934
     9 Loop 2431      0.80005     0.94000     0.80005     0.94000
    10 Loop 1432      0.76405     0.98429     0.76405     0.98429
    11 Loop 2413      0.74005     1.01622     0.74005     1.01622
    12 Loop 1423      0.75205     1.00000     0.74005     1.01622
    13 Loop 3241      0.62404     1.20513     0.62404     1.20513
    14 Loop 3142      0.59604     1.26174     0.59604     1.26174
    15 Loop 2341      0.51203     1.46875     0.51203     1.46875
    16 Loop 1342      0.50003     1.50400     0.50003     1.50400
    17 Loop 2143      0.39202     1.91837     0.39202     1.91837
    18 Loop 1243      0.38802     1.93815     0.38802     1.93815
    19 Loop 3214      0.48803     1.54098     0.38802     1.93815
    20 Loop 3124      0.49203     1.52845     0.38802     1.93815
    21 Loop 2314      0.29602     2.54054     0.29602     2.54054
    22 Loop 1324      0.29602     2.54054     0.29602     2.54054
    23 Loop 2134      0.25202     2.98412     0.25202     2.98412
    24 Loop 1234      0.25602     2.93750     0.25202     2.98412
 The best loop order for 1234 i        2134
              The best time is:     0.25202
           The best speedup is:     2.98412
Application 11717266 resources: utime ~30s, stime ~0s
