 TESTING TRANPOSE TYPE 1234
 ===================
 The compilation flags were:
 -O3
 ===================
 Hirata Reference =  0.74804699999999991 seconds
 KGlass Reference =  0.25601600000000002 seconds
     Algorithm        Jeff        Speedup     Best      Best Speedup
     1 Loop 4321      3.59222     0.20824     3.59222     0.20824
     2 Loop 4312      3.58422     0.20871     3.58422     0.20871
     3 Loop 4231      1.44009     0.51944     1.44009     0.51944
     4 Loop 4132      1.46009     0.51233     1.44009     0.51944
     5 Loop 4213      1.51609     0.49340     1.44009     0.51944
     6 Loop 4123      1.46009     0.51233     1.44009     0.51944
     7 Loop 3421      3.76023     0.19894     1.44009     0.51944
     8 Loop 3412      3.72823     0.20064     1.44009     0.51944
     9 Loop 2431      0.79605     0.93970     0.79605     0.93970
    10 Loop 1432      0.76405     0.97906     0.76405     0.97906
    11 Loop 2413      0.74405     1.00538     0.74405     1.00538
    12 Loop 1423      0.75205     0.99468     0.74405     1.00538
    13 Loop 3241      0.61604     1.21429     0.61604     1.21429
    14 Loop 3142      0.60004     1.24667     0.60004     1.24667
    15 Loop 2341      0.51203     1.46094     0.51203     1.46094
    16 Loop 1342      0.49603     1.50807     0.49603     1.50807
    17 Loop 2143      0.38802     1.92784     0.38802     1.92784
    18 Loop 1243      0.38402     1.94792     0.38402     1.94792
    19 Loop 3214      0.48403     1.54546     0.38402     1.94792
    20 Loop 3124      0.48803     1.53279     0.38402     1.94792
    21 Loop 2314      0.30002     2.49333     0.30002     2.49333
    22 Loop 1324      0.29602     2.52703     0.29602     2.52703
    23 Loop 2134      0.25202     2.96826     0.25202     2.96826
    24 Loop 1234      0.24401     3.06558     0.24401     3.06558
 The best loop order for 1234 i        1234
              The best time is:     0.24401
           The best speedup is:     3.06558
Application 11765449 resources: utime ~30s, stime ~0s
