 TESTING TRANPOSE TYPE 1432
 ===================
 The compilation flags were:
 -O3
 ===================
 Hirata Reference =  0.988062 seconds
     Algorithm        Jeff        Speedup     Best      Best Speedup
     1 Loop 4321      1.59210     0.62060     1.59210     0.62060
     2 Loop 4312      1.47209     0.67120     1.47209     0.67120
     3 Loop 4231      1.13207     0.87279     1.13207     0.87279
     4 Loop 4132      0.84805     1.16509     0.84805     1.16509
     5 Loop 4213      1.06407     0.92857     0.84805     1.16509
     6 Loop 4123      0.82405     1.19903     0.82405     1.19903
     7 Loop 3421      1.57210     0.62850     0.82405     1.19903
     8 Loop 3412      1.39209     0.70977     0.82405     1.19903
     9 Loop 2431      1.12807     0.87589     0.82405     1.19903
    10 Loop 1432      0.44003     2.24545     0.44003     2.24545
    11 Loop 2413      1.06807     0.92509     0.44003     2.24545
    12 Loop 1423      0.48803     2.02459     0.44003     2.24545
    13 Loop 3241      1.82011     0.54286     0.44003     2.24545
    14 Loop 3142      0.47603     2.07563     0.44003     2.24545
    15 Loop 2341      1.87612     0.52665     0.44003     2.24545
    16 Loop 1342      0.36402     2.71429     0.36402     2.71429
    17 Loop 2143      0.81205     1.21675     0.36402     2.71429
    18 Loop 1243      0.47603     2.07563     0.36402     2.71429
    19 Loop 3214      1.82011     0.54286     0.36402     2.71429
    20 Loop 3124      0.48003     2.05833     0.36402     2.71429
    21 Loop 2314      1.82411     0.54167     0.36402     2.71429
    22 Loop 1324      0.36402     2.71428     0.36402     2.71429
    23 Loop 2134      0.83605     1.18182     0.36402     2.71429
    24 Loop 1234      0.37602     2.62766     0.36402     2.71429
 The best loop order for 1432 i        1342
              The best time is:     0.36402
           The best speedup is:     2.71429
Application 11765626 resources: utime ~26s, stime ~0s
