 TESTING TRANPOSE TYPE 1324
 ===================
 The compilation flags were:
 -O3
 ===================
 Hirata Reference =  0.82405099999999987 seconds
 KGlass Reference =  0.35602200000000017 seconds
     Algorithm        Jeff        Speedup     Best      Best Speedup
     1 Loop 4321      1.94012     0.42474     1.94012     0.42474
     2 Loop 4312      1.91212     0.43096     1.91212     0.43096
     3 Loop 4231      2.26414     0.36396     1.91212     0.43096
     4 Loop 4132      1.41209     0.58357     1.41209     0.58357
     5 Loop 4213      2.27214     0.36268     1.41209     0.58357
     6 Loop 4123      1.42409     0.57865     1.41209     0.58357
     7 Loop 3421      1.72411     0.47796     1.41209     0.58357
     8 Loop 3412      1.58810     0.51889     1.41209     0.58357
     9 Loop 2431      2.04813     0.40234     1.41209     0.58357
    10 Loop 1432      0.75605     1.08995     0.75605     1.08995
    11 Loop 2413      1.98812     0.41449     0.75605     1.08995
    12 Loop 1423      0.76805     1.07292     0.75605     1.08995
    13 Loop 3241      0.54803     1.50365     0.54803     1.50365
    14 Loop 3142      0.43603     1.88990     0.43603     1.88990
    15 Loop 2341      0.56404     1.46099     0.43603     1.88990
    16 Loop 1342      0.41603     1.98077     0.41603     1.98077
    17 Loop 2143      0.46403     1.77586     0.41603     1.98077
    18 Loop 1243      0.43203     1.90741     0.41603     1.98077
    19 Loop 3214      0.39202     2.10204     0.39202     2.10204
    20 Loop 3124      0.36402     2.26373     0.36402     2.26373
    21 Loop 2314      0.40003     2.06000     0.36402     2.26373
    22 Loop 1324      0.26802     3.07463     0.26802     3.07463
    23 Loop 2134      0.38002     2.16842     0.26802     3.07463
    24 Loop 1234      0.21201     3.88679     0.21201     3.88679
 The best loop order for 1324 i        1234
              The best time is:     0.21201
           The best speedup is:     3.88679
Application 11766145 resources: utime ~26s, stime ~0s
