 TESTING TRANPOSE TYPE 3124
 ===================
 The compilation flags were:
 -O3
 ===================
 Hirata Reference =  0.8320519999999999 seconds
     Algorithm        Jeff        Speedup     Best      Best Speedup
     1 Loop 4321      1.93612     0.42975     1.93612     0.42975
     2 Loop 4312      1.83612     0.45316     1.83612     0.45316
     3 Loop 4231      2.26014     0.36814     1.83612     0.45316
     4 Loop 4132      1.41209     0.58923     1.41209     0.58923
     5 Loop 4213      2.24814     0.37011     1.41209     0.58923
     6 Loop 4123      1.40009     0.59429     1.40009     0.59429
     7 Loop 3421      1.61610     0.51485     1.40009     0.59429
     8 Loop 3412      1.50809     0.55172     1.40009     0.59429
     9 Loop 2431      2.09213     0.39771     1.40009     0.59429
    10 Loop 1432      0.73605     1.13043     0.73605     1.13043
    11 Loop 2413      1.94812     0.42710     0.73605     1.13043
    12 Loop 1423      0.76805     1.08333     0.73605     1.13043
    13 Loop 3241      0.54003     1.54074     0.54003     1.54074
    14 Loop 3142      0.43203     1.92593     0.43203     1.92593
    15 Loop 2341      0.54803     1.51825     0.43203     1.92593
    16 Loop 1342      0.41603     2.00000     0.41603     2.00000
    17 Loop 2143      0.47603     1.74790     0.41603     2.00000
    18 Loop 1243      0.43603     1.90826     0.41603     2.00000
    19 Loop 3214      0.39602     2.10101     0.39602     2.10101
    20 Loop 3124      0.35602     2.33708     0.35602     2.33708
    21 Loop 2314      0.40002     2.08000     0.35602     2.33708
    22 Loop 1324      0.27602     3.01448     0.27602     3.01448
    23 Loop 2134      0.37602     2.21277     0.27602     3.01448
    24 Loop 1234      0.21201     3.92453     0.21201     3.92453
 The best loop order for 3124 i        1234
              The best time is:     0.21201
           The best speedup is:     3.92453
Application 11766159 resources: utime ~26s, stime ~0s
