 TESTING TRANPOSE TYPE 3412
 ===================
 The compilation flags were:
 -O3
 ===================
 Hirata Reference =  1.0280640000000001 seconds
 KGlass Reference =  1.2440779999999998 seconds
     Algorithm        Jeff        Speedup     Best      Best Speedup
     1 Loop 4321      1.39609     0.73639     1.39609     0.73639
     2 Loop 4312      1.38809     0.74063     1.38809     0.74063
     3 Loop 4231      1.07207     0.95895     1.07207     0.95895
     4 Loop 4132      0.88005     1.16818     0.88005     1.16818
     5 Loop 4213      1.08007     0.95185     0.88005     1.16818
     6 Loop 4123      0.82405     1.24757     0.82405     1.24757
     7 Loop 3421      1.27208     0.80818     0.82405     1.24757
     8 Loop 3412      1.24808     0.82372     0.82405     1.24757
     9 Loop 2431      1.08407     0.94834     0.82405     1.24757
    10 Loop 1432      0.58004     1.77241     0.58004     1.77241
    11 Loop 2413      1.06807     0.96255     0.58004     1.77241
    12 Loop 1423      0.55603     1.84892     0.55603     1.84892
    13 Loop 3241      0.49603     2.07258     0.49603     2.07258
    14 Loop 3142      0.42003     2.44761     0.42003     2.44761
    15 Loop 2341      0.81205     1.26601     0.42003     2.44761
    16 Loop 1342      0.43203     2.37963     0.42003     2.44761
    17 Loop 2143      1.72411     0.59629     0.42003     2.44761
    18 Loop 1243      1.56010     0.65897     0.42003     2.44761
    19 Loop 3214      0.54803     1.87591     0.42003     2.44761
    20 Loop 3124      0.41203     2.49514     0.41203     2.49514
    21 Loop 2314      0.86405     1.18981     0.41203     2.49514
    22 Loop 1324      0.40403     2.54456     0.40403     2.54456
    23 Loop 2134      1.74411     0.58945     0.40403     2.54456
    24 Loop 1234      1.56810     0.65561     0.40403     2.54456
 The best loop order for 3412 i        1324
              The best time is:     0.40403
           The best speedup is:     2.54456
Application 11765612 resources: utime ~26s, stime ~0s
